#
# A fatal error has been detected by the Java Runtime Environment:
#
#  EXCEPTION_ACCESS_VIOLATION (0xc0000005) at pc=0x000002b351dc7ad3, pid=13680, tid=6156
#
# JRE version: OpenJDK Runtime Environment Temurin-17.0.9+9 (17.0.9+9) (build 17.0.9+9)
# Java VM: OpenJDK 64-Bit Server VM Temurin-17.0.9+9 (17.0.9+9, mixed mode, emulated-client, tiered, compressed oops, compressed class ptrs, g1 gc, windows-amd64)
# Problematic frame:
# j  java.lang.invoke.Invokers.invokeBasicMethod(Ljava/lang/invoke/MethodType;)Ljava/lang/invoke/MemberName;+0 java.base@17.0.9
#
# No core dump will be written. Minidumps are not enabled by default on client versions of Windows
#
# If you would like to submit a bug report, please visit:
#   https://github.com/adoptium/adoptium-support/issues
#

---------------  S U M M A R Y ------------

Command Line: -XX:+HeapDumpOnOutOfMemoryError -Xmx1024m -Dsts.lsp.client=vscode -Dsts.log.file=/dev/null -XX:TieredStopAtLevel=1 -Xlog:jni+resolve=off -Dspring.config.location=file:c:\Users\vijay\.vscode\extensions\vmware.vscode-spring-boot-1.51.0\language-server\BOOT-INF\classes\application.properties org.springframework.ide.vscode.boot.app.BootLanguageServerBootApp

Host: Intel(R) Core(TM) i5-8250U CPU @ 1.60GHz, 8 cores, 15G,  Windows 10 , 64 bit Build 19041 (10.0.19041.3636)
Time: Tue Jan 30 15:30:43 2024 India Standard Time elapsed time: 15009.673395 seconds (0d 4h 10m 9s)

---------------  T H R E A D  ---------------

Current thread (0x000002b360416020):  JavaThread "pool-5-thread-46" [_thread_in_Java, id=6156, stack(0x000000ca10500000,0x000000ca10600000)]

Stack: [0x000000ca10500000,0x000000ca10600000],  sp=0x000000ca105fe2d0,  free space=1016k
Native frames: (J=compiled Java code, j=interpreted, Vv=VM code, C=native code)
C  0x000002b351dc7ad3

The last pc belongs to getstatic (printed below).

siginfo: EXCEPTION_ACCESS_VIOLATION (0xc0000005), reading address 0xffffffffffffffff


Registers:
RAX=0x000000008440000e, RBX=0x0080000000000070, RCX=0x000002b35a50bcf8, RDX=0x00000000000000a4
RSP=0x000000ca105fe2d0, RBP=0x000000ca105fe318, RSI=0x0000000000000020, RDI=0x00000000c5a9aff0
R8 =0x000002b3550c702e, R9 =0x004100010005ed40, R10=0x00007ffeddada290, R11=0x000002b352115940
R12=0x0000000000000000, R13=0x000002b35a3ed376, R14=0x000000ca105fe330, R15=0x000002b360416020
RIP=0x000002b351dc7ad3, EFLAGS=0x0000000000010246


Register to memory mapping:

RIP=0x000002b351dc7ad3 is at code_begin+275 in an Interpreter codelet
getstatic  178 getstatic  [0x000002b351dc79c0, 0x000002b351dc7bc0]  512 bytes
RAX=0x000000008440000e is an unknown value
RBX=0x0080000000000070 is an unknown value
RCX=0x000002b35a50bcf8 is pointing into metadata
RDX=0x00000000000000a4 is an unknown value
RSP=0x000000ca105fe2d0 is pointing into the stack for thread: 0x000002b360416020
RBP=0x000000ca105fe318 is pointing into the stack for thread: 0x000002b360416020
RSI=0x0000000000000020 is an unknown value
RDI=0x00000000c5a9aff0 is an oop: java.lang.invoke.LambdaForm$NamedFunction 
{0x00000000c5a9aff0} - klass: 'java/lang/invoke/LambdaForm$NamedFunction'
 - ---- fields (total size 3 words):
 - final 'member' 'Ljava/lang/invoke/MemberName;' @12  NULL (0)
 - private synchronized 'resolvedHandle' 'Ljava/lang/invoke/MethodHandle;' @16  NULL (0)
 - synchronized 'invoker' 'Ljava/lang/invoke/MethodHandle;' @20  NULL (0)
R8 =0x000002b3550c702e points into unknown readable memory: 00 ff
R9 =0x004100010005ed40 is an unknown value
R10=0x00007ffeddada290 jvm.dll
R11=0x000002b352115940 is at entry_point+32 in (nmethod*)0x000002b352115790
Compiled method (c1) 15009705  500       1       java.lang.invoke.MethodType::form (5 bytes)
 total in heap  [0x000002b352115790,0x000002b352115a28] = 664
 relocation     [0x000002b3521158e8,0x000002b352115910] = 40
 main code      [0x000002b352115920,0x000002b3521159c0] = 160
 stub code      [0x000002b3521159c0,0x000002b3521159f8] = 56
 scopes data    [0x000002b3521159f8,0x000002b352115a00] = 8
 scopes pcs     [0x000002b352115a00,0x000002b352115a20] = 32
 dependencies   [0x000002b352115a20,0x000002b352115a28] = 8
R12=0x0 is NULL
R13=0x000002b35a3ed376 is pointing into metadata
R14=0x000000ca105fe330 is pointing into the stack for thread: 0x000002b360416020
R15=0x000002b360416020 is a thread


Top of Stack: (sp=0x000000ca105fe2d0)
0x000000ca105fe2d0:   000000ca105fe2d0 000002b35a3ed360
0x000000ca105fe2e0:   000000ca105fe330 000002b35a50bcf8
0x000000ca105fe2f0:   0000000000000000 00000000c0a82e60
0x000000ca105fe300:   000002b35a3ed3a8 0000000000000000
0x000000ca105fe310:   000000ca105fe330 000000ca105fe380
0x000000ca105fe320:   000002b351db952f 0000000000000000
0x000000ca105fe330:   00000000c0e05d78 000000ca105fe338
0x000000ca105fe340:   000002b35a3ecc47 000000ca105fe3a8
0x000000ca105fe350:   000002b35a50bcf8 0000000000000000
0x000000ca105fe360:   00000000c0a82e60 000002b35a3ecc78
0x000000ca105fe370:   000000ca105fe330 000000ca105fe3a8
0x000000ca105fe380:   000000ca105fe400 000002b351db952f
0x000000ca105fe390:   0000000000000000 00000000c0e05d78
0x000000ca105fe3a0:   0000000000000000 00000000c5a9b008
0x000000ca105fe3b0:   00000000c5a9aff0 000000ca105fe3b8
0x000000ca105fe3c0:   000002b35a3d3082 000000ca105fe418
0x000000ca105fe3d0:   000002b35a3f9b68 0000000000000000
0x000000ca105fe3e0:   00000000c0507a78 000002b35a3d30b8
0x000000ca105fe3f0:   000000ca105fe3a8 000000ca105fe410
0x000000ca105fe400:   000000ca105fe478 000002b351db93d6
0x000000ca105fe410:   00000000c0e05d78 00000000c5a9aff0
0x000000ca105fe420:   00000000c5a9aff0 00000000c5a9afd0
0x000000ca105fe430:   000000ca105fe430 000002b35a3f6f76
0x000000ca105fe440:   000000ca105fe498 000002b35a3f8788
0x000000ca105fe450:   0000000000000000 00000000c05603b8
0x000000ca105fe460:   000002b35a3f6fa8 000000ca105fe410
0x000000ca105fe470:   000000ca105fe4a0 000000ca105fe8d0
0x000000ca105fe480:   000002b35229297c 00000000c5a9afb0
0x000000ca105fe490:   00000000c0e05d78 00000000c5a9afd0
0x000000ca105fe4a0:   00000000c5a9afc0 000002b35228e284
0x000000ca105fe4b0:   000002b35ef8f8a0 00007ffedd69164f
0x000000ca105fe4c0:   000002b35e63c140 000002b35a07d500 

Instructions: (pc=0x000002b351dc7ad3)
0x000002b351dc79d3:   24 eb 14 48 83 ec 10 48 89 04 24 48 c7 44 24 08
0x000002b351dc79e3:   00 00 00 00 eb 01 50 41 0f b7 55 01 48 8b 4d d0
0x000002b351dc79f3:   c1 e2 02 8b 5c d1 20 c1 eb 10 81 e3 ff 00 00 00
0x000002b351dc7a03:   81 fb b2 00 00 00 0f 84 b6 00 00 00 bb b2 00 00
0x000002b351dc7a13:   00 e8 05 00 00 00 e9 9b 00 00 00 48 8b d3 48 8d
0x000002b351dc7a23:   44 24 08 4c 89 6d c0 49 8b cf c5 f8 77 49 89 af
0x000002b351dc7a33:   a8 02 00 00 49 89 87 98 02 00 00 48 83 ec 20 f7
0x000002b351dc7a43:   c4 0f 00 00 00 0f 84 1a 00 00 00 48 83 ec 08 49
0x000002b351dc7a53:   ba b0 64 2b dd fe 7f 00 00 41 ff d2 48 83 c4 08
0x000002b351dc7a63:   e9 0d 00 00 00 49 ba b0 64 2b dd fe 7f 00 00 41
0x000002b351dc7a73:   ff d2 48 83 c4 20 49 c7 87 98 02 00 00 00 00 00
0x000002b351dc7a83:   00 49 c7 87 a8 02 00 00 00 00 00 00 49 c7 87 a0
0x000002b351dc7a93:   02 00 00 00 00 00 00 c5 f8 77 49 81 7f 08 00 00
0x000002b351dc7aa3:   00 00 0f 84 05 00 00 00 e9 50 94 fe ff 4c 8b 6d
0x000002b351dc7ab3:   c0 4c 8b 75 c8 c3 41 0f b7 55 01 48 8b 4d d0 c1
0x000002b351dc7ac3:   e2 02 48 8b 5c d1 30 8b 44 d1 38 4c 8b 4c d1 28
0x000002b351dc7ad3:   4d 8b 49 70 4d 8b 09 c1 e8 1c 83 e0 0f 0f 85 0b
0x000002b351dc7ae3:   00 00 00 41 0f be 04 19 50 e9 b1 00 00 00 83 f8
0x000002b351dc7af3:   01 0f 85 0b 00 00 00 41 0f b6 04 19 50 e9 9d 00
0x000002b351dc7b03:   00 00 83 f8 08 0f 85 0a 00 00 00 41 8b 04 19 50
0x000002b351dc7b13:   e9 8a 00 00 00 83 f8 04 0f 85 0a 00 00 00 41 8b
0x000002b351dc7b23:   04 19 50 e9 77 00 00 00 83 f8 02 0f 85 0b 00 00
0x000002b351dc7b33:   00 41 0f b7 04 19 50 e9 63 00 00 00 83 f8 03 0f
0x000002b351dc7b43:   85 0b 00 00 00 41 0f bf 04 19 50 e9 4f 00 00 00
0x000002b351dc7b53:   83 f8 05 0f 85 1a 00 00 00 49 8b 04 19 48 83 ec
0x000002b351dc7b63:   10 48 89 04 24 48 c7 44 24 08 00 00 00 00 e9 2c
0x000002b351dc7b73:   00 00 00 83 f8 06 0f 85 14 00 00 00 c4 c1 7a 10
0x000002b351dc7b83:   04 19 48 83 ec 08 c5 fa 11 04 24 e9 0f 00 00 00
0x000002b351dc7b93:   c4 c1 7b 10 04 19 48 83 ec 10 c5 fb 11 04 24 41
0x000002b351dc7ba3:   0f b6 5d 03 49 83 c5 03 49 ba 90 a2 ad dd fe 7f
0x000002b351dc7bb3:   00 00 41 ff 24 da 0f 1f 80 00 00 00 00 50 e0 84
0x000002b351dc7bc3:   dd fe 7f 00 00 a0 05 00 00 b3 00 00 00 00 00 00 


Stack slot to memory mapping:
stack at sp + 0 slots: 0x000000ca105fe2d0 is pointing into the stack for thread: 0x000002b360416020
stack at sp + 1 slots: 0x000002b35a3ed360 is pointing into metadata
stack at sp + 2 slots: 0x000000ca105fe330 is pointing into the stack for thread: 0x000002b360416020
stack at sp + 3 slots: 0x000002b35a50bcf8 is pointing into metadata
stack at sp + 4 slots: 0x0 is NULL
stack at sp + 5 slots: 0x00000000c0a82e60 is an oop: java.lang.Class 
{0x00000000c0a82e60} - klass: 'java/lang/Class'
 - ---- fields (total size 20 words):
 - private volatile transient 'classRedefinedCount' 'I' @12  0
 - private volatile transient 'cachedConstructor' 'Ljava/lang/reflect/Constructor;' @40  NULL (0)
 - private transient 'name' 'Ljava/lang/String;' @44  "java.lang.invoke.Invokers"{0x00000000c0e65d08} (c0e65d08)
 - private transient 'module' 'Ljava/lang/Module;' @48  a 'java/lang/Module'{0x00000000c0a749a0} (c0a749a0)
 - private final 'classLoader' 'Ljava/lang/ClassLoader;' @52  NULL (0)
 - private transient 'classData' 'Ljava/lang/Object;' @56  NULL (0)
 - private transient 'packageName' 'Ljava/lang/String;' @60  "java.lang.invoke"{0x00000000c0a7d2b8} (c0a7d2b8)
 - private final 'componentType' 'Ljava/lang/Class;' @64  NULL (0)
 - private volatile transient 'reflectionData' 'Ljava/lang/ref/SoftReference;' @68  NULL (0)
 - private volatile transient 'genericInfo' 'Lsun/reflect/generics/repository/ClassRepository;' @72  NULL (0)
 - private volatile transient 'enumConstants' '[Ljava/lang/Object;' @76  NULL (0)
 - private volatile transient 'enumConstantDirectory' 'Ljava/util/Map;' @80  NULL (0)
 - private volatile transient 'annotationData' 'Ljava/lang/Class$AnnotationData;' @84  NULL (0)
 - private volatile transient 'annotationType' 'Lsun/reflect/annotation/AnnotationType;' @88  NULL (0)
 - transient 'classValueMap' 'Ljava/lang/ClassValue$ClassValueMap;' @92  NULL (0)
 - signature: Ljava/lang/invoke/Invokers;
 - fake entry for mirror: 'java/lang/invoke/Invokers'
 - fake entry for array: NULL
 - fake entry for oop_size: 20
 - fake entry for static_oop_field_count: 1
 - static final 'INV_EXACT' 'I' @116  0
 - static final 'INV_GENERIC' 'I' @120  1
 - static final 'INV_BASIC' 'I' @124  2
 - static final 'VH_INV_EXACT' 'I' @128  3
 - static final 'VH_INV_GENERIC' 'I' @132  34 (22)
 - static final 'INV_LIMIT' 'I' @136  65 (41)
 - private static final 'MH_LINKER_ARG_APPENDED' 'I' @140  1
 - private static final 'NF_checkExactType' 'B' @144  0
 - private static final 'NF_checkGenericType' 'B' @145  1
 - private static final 'NF_getCallSiteTarget' 'B' @146  2
 - private static final 'NF_checkCustomized' 'B' @147  3
 - private static final 'NF_checkVarHandleGenericType' 'B' @148  4
 - private static final 'NF_checkVarHandleExactType' 'B' @149  5
 - private static final 'NF_directVarHandleTarget' 'B' @150  6
 - private static final 'NF_LIMIT' 'B' @151  7
 - private static final synchronized 'NFS' '[Ljava/lang/invoke/LambdaForm$NamedFunction;' @112  a 'java/lang/invoke/LambdaForm$NamedFunction'[7] {0x00000000c0a82f00} (c0a82f00)
 - static final synthetic '$assertionsDisabled' 'Z' @152  true
stack at sp + 6 slots: {method} {0x000002b35a3ed3b0} 'invokeBasicMethod' '(Ljava/lang/invoke/MethodType;)Ljava/lang/invoke/MemberName;' in 'java/lang/invoke/Invokers'
stack at sp + 7 slots: 0x0 is NULL

getstatic  178 getstatic  [0x000002b351dc79c0, 0x000002b351dc7bc0]  512 bytes
[MachCode]
  0x000002b351dc79c0: 4883 ec08 | c5fa 1104 | 24eb 1f48 | 83ec 10c5 | fb11 0424 | eb14 4883 | ec10 4889 | 0424 48c7 
  0x000002b351dc79e0: 4424 0800 | 0000 00eb | 0150 410f | b755 0148 | 8b4d d0c1 | e202 8b5c | d120 c1eb | 1081 e3ff 
  0x000002b351dc7a00: 0000 0081 | fbb2 0000 | 000f 84b6 | 0000 00bb | b200 0000 | e805 0000 | 00e9 9b00 | 0000 488b 
  0x000002b351dc7a20: d348 8d44 | 2408 4c89 | 6dc0 498b | cfc5 f877 | 4989 afa8 | 0200 0049 | 8987 9802 | 0000 4883 
  0x000002b351dc7a40: ec20 f7c4 | 0f00 0000 | 0f84 1a00 | 0000 4883 | ec08 49ba | b064 2bdd | fe7f 0000 | 41ff d248 
  0x000002b351dc7a60: 83c4 08e9 | 0d00 0000 | 49ba b064 | 2bdd fe7f | 0000 41ff | d248 83c4 | 2049 c787 | 9802 0000 
  0x000002b351dc7a80: 0000 0000 | 49c7 87a8 | 0200 0000 | 0000 0049 | c787 a002 | 0000 0000 | 0000 c5f8 | 7749 817f 
  0x000002b351dc7aa0: 0800 0000 | 000f 8405 | 0000 00e9 | 5094 feff | 4c8b 6dc0 | 4c8b 75c8 | c341 0fb7 | 5501 488b 
  0x000002b351dc7ac0: 4dd0 c1e2 | 0248 8b5c | d130 8b44 | d138 4c8b | 4cd1 284d | 8b49 704d | 8b09 c1e8 | 1c83 e00f 
  0x000002b351dc7ae0: 0f85 0b00 | 0000 410f | be04 1950 | e9b1 0000 | 0083 f801 | 0f85 0b00 | 0000 410f | b604 1950 
  0x000002b351dc7b00: e99d 0000 | 0083 f808 | 0f85 0a00 | 0000 418b | 0419 50e9 | 8a00 0000 | 83f8 040f | 850a 0000 
  0x000002b351dc7b20: 0041 8b04 | 1950 e977 | 0000 0083 | f802 0f85 | 0b00 0000 | 410f b704 | 1950 e963 | 0000 0083 
  0x000002b351dc7b40: f803 0f85 | 0b00 0000 | 410f bf04 | 1950 e94f | 0000 0083 | f805 0f85 | 1a00 0000 | 498b 0419 
  0x000002b351dc7b60: 4883 ec10 | 4889 0424 | 48c7 4424 | 0800 0000 | 00e9 2c00 | 0000 83f8 | 060f 8514 | 0000 00c4 
  0x000002b351dc7b80: c17a 1004 | 1948 83ec | 08c5 fa11 | 0424 e90f | 0000 00c4 | c17b 1004 | 1948 83ec | 10c5 fb11 
  0x000002b351dc7ba0: 0424 410f | b65d 0349 | 83c5 0349 | ba90 a2ad | ddfe 7f00 | 0041 ff24 | da0f 1f80 | 0000 0000 
[/MachCode]

---------------  P R O C E S S  ---------------

Threads class SMR info:
_java_thread_list=0x000002b35fb57bc0, length=30, elements={
0x000002b359f870b0, 0x000002b359f886d0, 0x000002b359f8e740, 0x000002b35e045690,
0x000002b35e047470, 0x000002b35e047e30, 0x000002b35e04b8c0, 0x000002b35e04c670,
0x000002b35e264fe0, 0x000002b35e277950, 0x000002b35e172fd0, 0x000002b35e61a0b0,
0x000002b35e17b770, 0x000002b34f118c50, 0x000002b35ef01720, 0x000002b35ef30700,
0x000002b35ef776a0, 0x000002b35ef77b80, 0x000002b35ef87be0, 0x000002b35f6e54b0,
0x000002b35f6e4fa0, 0x000002b35f6e63e0, 0x000002b35f6e4a90, 0x000002b35f6e5ed0,
0x000002b35f6e59c0, 0x000002b35f6e7820, 0x000002b35f6e4580, 0x000002b360416020,
0x000002b360415b10, 0x000002b3604188a0
}

Java Threads: ( => current thread )
  0x000002b359f870b0 JavaThread "Reference Handler" daemon [_thread_blocked, id=14968, stack(0x000000ca10f00000,0x000000ca11000000)]
  0x000002b359f886d0 JavaThread "Finalizer" daemon [_thread_blocked, id=15624, stack(0x000000ca11000000,0x000000ca11100000)]
  0x000002b359f8e740 JavaThread "Signal Dispatcher" daemon [_thread_blocked, id=14812, stack(0x000000ca11100000,0x000000ca11200000)]
  0x000002b35e045690 JavaThread "Attach Listener" daemon [_thread_blocked, id=9248, stack(0x000000ca11200000,0x000000ca11300000)]
  0x000002b35e047470 JavaThread "Service Thread" daemon [_thread_blocked, id=9604, stack(0x000000ca11300000,0x000000ca11400000)]
  0x000002b35e047e30 JavaThread "Monitor Deflation Thread" daemon [_thread_blocked, id=508, stack(0x000000ca11400000,0x000000ca11500000)]
  0x000002b35e04b8c0 JavaThread "C1 CompilerThread0" daemon [_thread_blocked, id=8412, stack(0x000000ca11500000,0x000000ca11600000)]
  0x000002b35e04c670 JavaThread "Sweeper thread" daemon [_thread_blocked, id=10396, stack(0x000000ca11600000,0x000000ca11700000)]
  0x000002b35e264fe0 JavaThread "Notification Thread" daemon [_thread_blocked, id=14092, stack(0x000000ca11a00000,0x000000ca11b00000)]
  0x000002b35e277950 JavaThread "Common-Cleaner" daemon [_thread_blocked, id=2720, stack(0x000000ca11c00000,0x000000ca11d00000)]
  0x000002b35e172fd0 JavaThread "boundedElastic-evictor-1" daemon [_thread_blocked, id=9164, stack(0x000000ca12200000,0x000000ca12300000)]
  0x000002b35e61a0b0 JavaThread "pool-12-thread-1" [_thread_blocked, id=12808, stack(0x000000ca12600000,0x000000ca12700000)]
  0x000002b35e17b770 JavaThread "LanguageServerApp-lifecycle" [_thread_blocked, id=12040, stack(0x000000ca12700000,0x000000ca12800000)]
  0x000002b34f118c50 JavaThread "DestroyJavaVM" [_thread_blocked, id=3964, stack(0x000000ca10800000,0x000000ca10900000)]
  0x000002b35ef01720 JavaThread "pool-13-thread-1" [_thread_in_native, id=6456, stack(0x000000ca12800000,0x000000ca12900000)]
  0x000002b35ef30700 JavaThread "Simple-Language-Server main thread" daemon [_thread_blocked, id=11312, stack(0x000000ca12900000,0x000000ca12a00000)]
  0x000002b35ef776a0 JavaThread "parallel-1" daemon [_thread_blocked, id=9828, stack(0x000000ca12a00000,0x000000ca12b00000)]
  0x000002b35ef77b80 JavaThread "pool-8-thread-1" [_thread_blocked, id=14724, stack(0x000000ca12b00000,0x000000ca12c00000)]
  0x000002b35ef87be0 JavaThread "parallel-2" daemon [_thread_blocked, id=1320, stack(0x000000ca12c00000,0x000000ca12d00000)]
  0x000002b35f6e54b0 JavaThread "parallel-3" daemon [_thread_blocked, id=6256, stack(0x000000ca12d00000,0x000000ca12e00000)]
  0x000002b35f6e4fa0 JavaThread "parallel-4" daemon [_thread_blocked, id=5656, stack(0x000000ca12e00000,0x000000ca12f00000)]
  0x000002b35f6e63e0 JavaThread "parallel-5" daemon [_thread_blocked, id=10060, stack(0x000000ca12f00000,0x000000ca13000000)]
  0x000002b35f6e4a90 JavaThread "parallel-6" daemon [_thread_blocked, id=12060, stack(0x000000ca13000000,0x000000ca13100000)]
  0x000002b35f6e5ed0 JavaThread "parallel-7" daemon [_thread_blocked, id=1608, stack(0x000000ca13100000,0x000000ca13200000)]
  0x000002b35f6e59c0 JavaThread "parallel-8" daemon [_thread_blocked, id=9160, stack(0x000000ca13200000,0x000000ca13300000)]
  0x000002b35f6e7820 JavaThread "pool-6-thread-1" [_thread_blocked, id=1084, stack(0x000000ca13600000,0x000000ca13700000)]
  0x000002b35f6e4580 JavaThread "Reconciler-1" daemon [_thread_blocked, id=12432, stack(0x000000ca13700000,0x000000ca13800000)]
=>0x000002b360416020 JavaThread "pool-5-thread-46" [_thread_in_Java, id=6156, stack(0x000000ca10500000,0x000000ca10600000)]
  0x000002b360415b10 JavaThread "pool-4-thread-45" [_thread_blocked, id=2396, stack(0x000000ca10600000,0x000000ca10700000)]
  0x000002b3604188a0 JavaThread "ForkJoinPool.commonPool-worker-23" daemon [_thread_blocked, id=8512, stack(0x000000ca11700000,0x000000ca11800000)]

Other Threads:
  0x000002b359f83b00 VMThread "VM Thread" [stack: 0x000000ca10e00000,0x000000ca10f00000] [id=6140]
  0x000002b35e2654c0 WatcherThread [stack: 0x000000ca11b00000,0x000000ca11c00000] [id=11748]
  0x000002b34f1564e0 GCTaskThread "GC Thread#0" [stack: 0x000000ca10900000,0x000000ca10a00000] [id=8728]
  0x000002b35ec57640 GCTaskThread "GC Thread#1" [stack: 0x000000ca11d00000,0x000000ca11e00000] [id=8924]
  0x000002b35eff6580 GCTaskThread "GC Thread#2" [stack: 0x000000ca11e00000,0x000000ca11f00000] [id=12484]
  0x000002b35f0013d0 GCTaskThread "GC Thread#3" [stack: 0x000000ca11f00000,0x000000ca12000000] [id=3344]
  0x000002b35f001690 GCTaskThread "GC Thread#4" [stack: 0x000000ca12000000,0x000000ca12100000] [id=9208]
  0x000002b35f001950 GCTaskThread "GC Thread#5" [stack: 0x000000ca12100000,0x000000ca12200000] [id=9564]
  0x000002b35f4a9d50 GCTaskThread "GC Thread#6" [stack: 0x000000ca12300000,0x000000ca12400000] [id=15216]
  0x000002b35f39d770 GCTaskThread "GC Thread#7" [stack: 0x000000ca12400000,0x000000ca12500000] [id=3204]
  0x000002b34f15f430 ConcurrentGCThread "G1 Main Marker" [stack: 0x000000ca10a00000,0x000000ca10b00000] [id=13072]
  0x000002b34f1605f0 ConcurrentGCThread "G1 Conc#0" [stack: 0x000000ca10b00000,0x000000ca10c00000] [id=15520]
  0x000002b35f468060 ConcurrentGCThread "G1 Conc#1" [stack: 0x000000ca12500000,0x000000ca12600000] [id=10872]
  0x000002b34f1cdd90 ConcurrentGCThread "G1 Refine#0" [stack: 0x000000ca10c00000,0x000000ca10d00000] [id=7652]
  0x000002b34f1ce7c0 ConcurrentGCThread "G1 Service" [stack: 0x000000ca10d00000,0x000000ca10e00000] [id=12536]

Threads with active compile tasks:

VM state: not at safepoint (normal execution)

VM Mutex/Monitor currently owned by a thread: None

Heap address: 0x00000000c0000000, size: 1024 MB, Compressed Oops mode: 32-bit

CDS archive(s) not mapped
Compressed class space mapped at: 0x0000000100000000-0x0000000140000000, reserved size: 1073741824
Narrow klass base: 0x0000000000000000, Narrow klass shift: 3, Narrow klass range: 0x140000000

GC Precious Log:
 CPUs: 8 total, 8 available
 Memory: 16238M
 Large Page Support: Disabled
 NUMA Support: Disabled
 Compressed Oops: Enabled (32-bit)
 Heap Region Size: 1M
 Heap Min Capacity: 8M
 Heap Initial Capacity: 254M
 Heap Max Capacity: 1G
 Pre-touch: Disabled
 Parallel Workers: 8
 Concurrent Workers: 2
 Concurrent Refinement Workers: 8
 Periodic GC: Disabled

Heap:
 garbage-first heap   total 102400K, used 63171K [0x00000000c0000000, 0x0000000100000000)
  region size 1024K, 26 young (26624K), 0 survivors (0K)
 Metaspace       used 59771K, committed 60160K, reserved 1114112K
  class space    used 7447K, committed 7616K, reserved 1048576K

Heap Regions: E=young(eden), S=young(survivor), O=old, HS=humongous(starts), HC=humongous(continues), CS=collection set, F=free, OA=open archive, CA=closed archive, TAMS=top-at-mark-start (previous, next)
|   0|0x00000000c0000000, 0x00000000c0100000, 0x00000000c0100000|100%|HS|  |TAMS 0x00000000c0100000, 0x00000000c0000000| Untracked 
|   1|0x00000000c0100000, 0x00000000c0200000, 0x00000000c0200000|100%|HC|  |TAMS 0x00000000c0200000, 0x00000000c0100000| Untracked 
|   2|0x00000000c0200000, 0x00000000c0300000, 0x00000000c0300000|100%|HC|  |TAMS 0x00000000c0300000, 0x00000000c0200000| Untracked 
|   3|0x00000000c0300000, 0x00000000c0400000, 0x00000000c0400000|100%|HC|  |TAMS 0x00000000c0400000, 0x00000000c0300000| Untracked 
|   4|0x00000000c0400000, 0x00000000c0500000, 0x00000000c0500000|100%| O|  |TAMS 0x00000000c0500000, 0x00000000c0400000| Untracked 
|   5|0x00000000c0500000, 0x00000000c0600000, 0x00000000c0600000|100%| O|  |TAMS 0x00000000c0600000, 0x00000000c0500000| Untracked 
|   6|0x00000000c0600000, 0x00000000c0700000, 0x00000000c0700000|100%| O|  |TAMS 0x00000000c0700000, 0x00000000c0600000| Untracked 
|   7|0x00000000c0700000, 0x00000000c0800000, 0x00000000c0800000|100%| O|  |TAMS 0x00000000c0800000, 0x00000000c0700000| Untracked 
|   8|0x00000000c0800000, 0x00000000c0900000, 0x00000000c0900000|100%| O|  |TAMS 0x00000000c0900000, 0x00000000c0800000| Untracked 
|   9|0x00000000c0900000, 0x00000000c0a00000, 0x00000000c0a00000|100%| O|  |TAMS 0x00000000c0a00000, 0x00000000c0900000| Untracked 
|  10|0x00000000c0a00000, 0x00000000c0affff0, 0x00000000c0b00000| 99%| O|  |TAMS 0x00000000c0affff0, 0x00000000c0a00000| Untracked 
|  11|0x00000000c0b00000, 0x00000000c0bffff0, 0x00000000c0c00000| 99%| O|  |TAMS 0x00000000c0bffff0, 0x00000000c0b00000| Untracked 
|  12|0x00000000c0c00000, 0x00000000c0cffff0, 0x00000000c0d00000| 99%| O|  |TAMS 0x00000000c0cffff0, 0x00000000c0c00000| Untracked 
|  13|0x00000000c0d00000, 0x00000000c0dffff0, 0x00000000c0e00000| 99%| O|  |TAMS 0x00000000c0dffff0, 0x00000000c0d00000| Untracked 
|  14|0x00000000c0e00000, 0x00000000c0effff0, 0x00000000c0f00000| 99%| O|  |TAMS 0x00000000c0effff0, 0x00000000c0e00000| Untracked 
|  15|0x00000000c0f00000, 0x00000000c0fffff8, 0x00000000c1000000| 99%| O|  |TAMS 0x00000000c0fffff8, 0x00000000c0f00000| Untracked 
|  16|0x00000000c1000000, 0x00000000c10fffe8, 0x00000000c1100000| 99%| O|  |TAMS 0x00000000c10fffe8, 0x00000000c1000000| Untracked 
|  17|0x00000000c1100000, 0x00000000c1200000, 0x00000000c1200000|100%| O|  |TAMS 0x00000000c1200000, 0x00000000c1100000| Untracked 
|  18|0x00000000c1200000, 0x00000000c1300000, 0x00000000c1300000|100%| O|  |TAMS 0x00000000c1300000, 0x00000000c1200000| Untracked 
|  19|0x00000000c1300000, 0x00000000c13f8560, 0x00000000c1400000| 97%| O|  |TAMS 0x00000000c13f8560, 0x00000000c1300000| Untracked 
|  20|0x00000000c1400000, 0x00000000c14ffff8, 0x00000000c1500000| 99%| O|  |TAMS 0x00000000c14ffff8, 0x00000000c1400000| Untracked 
|  21|0x00000000c1500000, 0x00000000c15fde58, 0x00000000c1600000| 99%| O|  |TAMS 0x00000000c15fde58, 0x00000000c1500000| Untracked 
|  22|0x00000000c1600000, 0x00000000c1700000, 0x00000000c1700000|100%| O|  |TAMS 0x00000000c1700000, 0x00000000c1600000| Untracked 
|  23|0x00000000c1700000, 0x00000000c17fffe8, 0x00000000c1800000| 99%| O|  |TAMS 0x00000000c17fffe8, 0x00000000c1700000| Untracked 
|  24|0x00000000c1800000, 0x00000000c18ff4a0, 0x00000000c1900000| 99%| O|  |TAMS 0x00000000c18ff4a0, 0x00000000c1800000| Untracked 
|  25|0x00000000c1900000, 0x00000000c19f9ab0, 0x00000000c1a00000| 97%| O|  |TAMS 0x00000000c19f9ab0, 0x00000000c1900000| Untracked 
|  26|0x00000000c1a00000, 0x00000000c1affff0, 0x00000000c1b00000| 99%| O|  |TAMS 0x00000000c1affff0, 0x00000000c1a00000| Untracked 
|  27|0x00000000c1b00000, 0x00000000c1c00000, 0x00000000c1c00000|100%| O|  |TAMS 0x00000000c1c00000, 0x00000000c1b00000| Untracked 
|  28|0x00000000c1c00000, 0x00000000c1cffff0, 0x00000000c1d00000| 99%| O|  |TAMS 0x00000000c1cffff0, 0x00000000c1c00000| Untracked 
|  29|0x00000000c1d00000, 0x00000000c1e00000, 0x00000000c1e00000|100%| O|  |TAMS 0x00000000c1e00000, 0x00000000c1d00000| Untracked 
|  30|0x00000000c1e00000, 0x00000000c1ef7188, 0x00000000c1f00000| 96%| O|  |TAMS 0x00000000c1ef7188, 0x00000000c1e00000| Untracked 
|  31|0x00000000c1f00000, 0x00000000c2000000, 0x00000000c2000000|100%|HS|  |TAMS 0x00000000c2000000, 0x00000000c1f00000| Untracked 
|  32|0x00000000c2000000, 0x00000000c20fffc0, 0x00000000c2100000| 99%| O|  |TAMS 0x00000000c20fffc0, 0x00000000c2000000| Untracked 
|  33|0x00000000c2100000, 0x00000000c2200000, 0x00000000c2200000|100%| O|  |TAMS 0x00000000c2200000, 0x00000000c2100000| Untracked 
|  34|0x00000000c2200000, 0x00000000c22fffe8, 0x00000000c2300000| 99%| O|  |TAMS 0x00000000c22fffe8, 0x00000000c2200000| Untracked 
|  35|0x00000000c2300000, 0x00000000c23ffff8, 0x00000000c2400000| 99%| O|  |TAMS 0x00000000c23ffff8, 0x00000000c2300000| Untracked 
|  36|0x00000000c2400000, 0x00000000c24af2d0, 0x00000000c2500000| 68%| O|  |TAMS 0x00000000c2400000, 0x00000000c2400000| Untracked 
|  37|0x00000000c2500000, 0x00000000c2521dc8, 0x00000000c2600000| 13%| O|  |TAMS 0x00000000c2500000, 0x00000000c2500000| Untracked 
|  38|0x00000000c2600000, 0x00000000c2600000, 0x00000000c2700000|  0%| F|  |TAMS 0x00000000c2600000, 0x00000000c2600000| Untracked 
|  39|0x00000000c2700000, 0x00000000c27f9a70, 0x00000000c2800000| 97%| O|  |TAMS 0x00000000c27f9a70, 0x00000000c2700000| Untracked 
|  40|0x00000000c2800000, 0x00000000c2800000, 0x00000000c2900000|  0%| F|  |TAMS 0x00000000c2800000, 0x00000000c2800000| Untracked 
|  41|0x00000000c2900000, 0x00000000c2900000, 0x00000000c2a00000|  0%| F|  |TAMS 0x00000000c2900000, 0x00000000c2900000| Untracked 
|  42|0x00000000c2a00000, 0x00000000c2a00000, 0x00000000c2b00000|  0%| F|  |TAMS 0x00000000c2a00000, 0x00000000c2a00000| Untracked 
|  43|0x00000000c2b00000, 0x00000000c2b00000, 0x00000000c2c00000|  0%| F|  |TAMS 0x00000000c2b00000, 0x00000000c2b00000| Untracked 
|  44|0x00000000c2c00000, 0x00000000c2c00000, 0x00000000c2d00000|  0%| F|  |TAMS 0x00000000c2c00000, 0x00000000c2c00000| Untracked 
|  45|0x00000000c2d00000, 0x00000000c2d00000, 0x00000000c2e00000|  0%| F|  |TAMS 0x00000000c2d00000, 0x00000000c2d00000| Untracked 
|  46|0x00000000c2e00000, 0x00000000c2e00000, 0x00000000c2f00000|  0%| F|  |TAMS 0x00000000c2e00000, 0x00000000c2e00000| Untracked 
|  47|0x00000000c2f00000, 0x00000000c2f00000, 0x00000000c3000000|  0%| F|  |TAMS 0x00000000c2f00000, 0x00000000c2f00000| Untracked 
|  48|0x00000000c3000000, 0x00000000c3000000, 0x00000000c3100000|  0%| F|  |TAMS 0x00000000c3000000, 0x00000000c3000000| Untracked 
|  49|0x00000000c3100000, 0x00000000c3100000, 0x00000000c3200000|  0%| F|  |TAMS 0x00000000c3100000, 0x00000000c3100000| Untracked 
|  50|0x00000000c3200000, 0x00000000c3200000, 0x00000000c3300000|  0%| F|  |TAMS 0x00000000c3200000, 0x00000000c3200000| Untracked 
|  51|0x00000000c3300000, 0x00000000c3300000, 0x00000000c3400000|  0%| F|  |TAMS 0x00000000c3300000, 0x00000000c3300000| Untracked 
|  52|0x00000000c3400000, 0x00000000c3400000, 0x00000000c3500000|  0%| F|  |TAMS 0x00000000c3400000, 0x00000000c3400000| Untracked 
|  53|0x00000000c3500000, 0x00000000c3500000, 0x00000000c3600000|  0%| F|  |TAMS 0x00000000c3500000, 0x00000000c3500000| Untracked 
|  54|0x00000000c3600000, 0x00000000c3600000, 0x00000000c3700000|  0%| F|  |TAMS 0x00000000c3600000, 0x00000000c3600000| Untracked 
|  55|0x00000000c3700000, 0x00000000c3700000, 0x00000000c3800000|  0%| F|  |TAMS 0x00000000c3700000, 0x00000000c3700000| Untracked 
|  56|0x00000000c3800000, 0x00000000c3800000, 0x00000000c3900000|  0%| F|  |TAMS 0x00000000c3800000, 0x00000000c3800000| Untracked 
|  57|0x00000000c3900000, 0x00000000c3900000, 0x00000000c3a00000|  0%| F|  |TAMS 0x00000000c3900000, 0x00000000c3900000| Untracked 
|  58|0x00000000c3a00000, 0x00000000c3a00000, 0x00000000c3b00000|  0%| F|  |TAMS 0x00000000c3a00000, 0x00000000c3a00000| Untracked 
|  59|0x00000000c3b00000, 0x00000000c3b00000, 0x00000000c3c00000|  0%| F|  |TAMS 0x00000000c3b00000, 0x00000000c3b00000| Untracked 
|  60|0x00000000c3c00000, 0x00000000c3c00000, 0x00000000c3d00000|  0%| F|  |TAMS 0x00000000c3c00000, 0x00000000c3c00000| Untracked 
|  61|0x00000000c3d00000, 0x00000000c3d00000, 0x00000000c3e00000|  0%| F|  |TAMS 0x00000000c3d00000, 0x00000000c3d00000| Untracked 
|  62|0x00000000c3e00000, 0x00000000c3e00000, 0x00000000c3f00000|  0%| F|  |TAMS 0x00000000c3e00000, 0x00000000c3e00000| Untracked 
|  63|0x00000000c3f00000, 0x00000000c3f00000, 0x00000000c4000000|  0%| F|  |TAMS 0x00000000c3f00000, 0x00000000c3f00000| Untracked 
|  64|0x00000000c4000000, 0x00000000c4000000, 0x00000000c4100000|  0%| F|  |TAMS 0x00000000c4000000, 0x00000000c4000000| Untracked 
|  65|0x00000000c4100000, 0x00000000c4100000, 0x00000000c4200000|  0%| F|  |TAMS 0x00000000c4100000, 0x00000000c4100000| Untracked 
|  66|0x00000000c4200000, 0x00000000c4200000, 0x00000000c4300000|  0%| F|  |TAMS 0x00000000c4200000, 0x00000000c4200000| Untracked 
|  67|0x00000000c4300000, 0x00000000c4300000, 0x00000000c4400000|  0%| F|  |TAMS 0x00000000c4300000, 0x00000000c4300000| Untracked 
|  68|0x00000000c4400000, 0x00000000c4400000, 0x00000000c4500000|  0%| F|  |TAMS 0x00000000c4400000, 0x00000000c4400000| Untracked 
|  69|0x00000000c4500000, 0x00000000c4500000, 0x00000000c4600000|  0%| F|  |TAMS 0x00000000c4500000, 0x00000000c4500000| Untracked 
|  70|0x00000000c4600000, 0x00000000c4600000, 0x00000000c4700000|  0%| F|  |TAMS 0x00000000c4600000, 0x00000000c4600000| Untracked 
|  71|0x00000000c4700000, 0x00000000c4700000, 0x00000000c4800000|  0%| F|  |TAMS 0x00000000c4700000, 0x00000000c4700000| Untracked 
|  72|0x00000000c4800000, 0x00000000c4800000, 0x00000000c4900000|  0%| F|  |TAMS 0x00000000c4800000, 0x00000000c4800000| Untracked 
|  73|0x00000000c4900000, 0x00000000c4900000, 0x00000000c4a00000|  0%| F|  |TAMS 0x00000000c4900000, 0x00000000c4900000| Untracked 
|  74|0x00000000c4a00000, 0x00000000c4a8d410, 0x00000000c4b00000| 55%| E|  |TAMS 0x00000000c4a00000, 0x00000000c4a00000| Complete 
|  75|0x00000000c4b00000, 0x00000000c4c00000, 0x00000000c4c00000|100%| E|  |TAMS 0x00000000c4b00000, 0x00000000c4b00000| Complete 
|  76|0x00000000c4c00000, 0x00000000c4d00000, 0x00000000c4d00000|100%| E|CS|TAMS 0x00000000c4c00000, 0x00000000c4c00000| Complete 
|  77|0x00000000c4d00000, 0x00000000c4e00000, 0x00000000c4e00000|100%| E|CS|TAMS 0x00000000c4d00000, 0x00000000c4d00000| Complete 
|  78|0x00000000c4e00000, 0x00000000c4f00000, 0x00000000c4f00000|100%| E|CS|TAMS 0x00000000c4e00000, 0x00000000c4e00000| Complete 
|  79|0x00000000c4f00000, 0x00000000c5000000, 0x00000000c5000000|100%| E|CS|TAMS 0x00000000c4f00000, 0x00000000c4f00000| Complete 
|  80|0x00000000c5000000, 0x00000000c5100000, 0x00000000c5100000|100%| E|CS|TAMS 0x00000000c5000000, 0x00000000c5000000| Complete 
|  81|0x00000000c5100000, 0x00000000c5200000, 0x00000000c5200000|100%| E|CS|TAMS 0x00000000c5100000, 0x00000000c5100000| Complete 
|  82|0x00000000c5200000, 0x00000000c5300000, 0x00000000c5300000|100%| E|CS|TAMS 0x00000000c5200000, 0x00000000c5200000| Complete 
|  83|0x00000000c5300000, 0x00000000c5400000, 0x00000000c5400000|100%| E|CS|TAMS 0x00000000c5300000, 0x00000000c5300000| Complete 
|  84|0x00000000c5400000, 0x00000000c5500000, 0x00000000c5500000|100%| E|CS|TAMS 0x00000000c5400000, 0x00000000c5400000| Complete 
|  85|0x00000000c5500000, 0x00000000c5600000, 0x00000000c5600000|100%| E|CS|TAMS 0x00000000c5500000, 0x00000000c5500000| Complete 
|  86|0x00000000c5600000, 0x00000000c5700000, 0x00000000c5700000|100%| E|CS|TAMS 0x00000000c5600000, 0x00000000c5600000| Complete 
|  87|0x00000000c5700000, 0x00000000c5800000, 0x00000000c5800000|100%| E|CS|TAMS 0x00000000c5700000, 0x00000000c5700000| Complete 
|  88|0x00000000c5800000, 0x00000000c5900000, 0x00000000c5900000|100%| E|CS|TAMS 0x00000000c5800000, 0x00000000c5800000| Complete 
|  89|0x00000000c5900000, 0x00000000c5a00000, 0x00000000c5a00000|100%| E|CS|TAMS 0x00000000c5900000, 0x00000000c5900000| Complete 
|  90|0x00000000c5a00000, 0x00000000c5b00000, 0x00000000c5b00000|100%| E|CS|TAMS 0x00000000c5a00000, 0x00000000c5a00000| Complete 
|  91|0x00000000c5b00000, 0x00000000c5c00000, 0x00000000c5c00000|100%| E|CS|TAMS 0x00000000c5b00000, 0x00000000c5b00000| Complete 
|  92|0x00000000c5c00000, 0x00000000c5d00000, 0x00000000c5d00000|100%| E|CS|TAMS 0x00000000c5c00000, 0x00000000c5c00000| Complete 
|  93|0x00000000c5d00000, 0x00000000c5e00000, 0x00000000c5e00000|100%| E|CS|TAMS 0x00000000c5d00000, 0x00000000c5d00000| Complete 
|  94|0x00000000c5e00000, 0x00000000c5f00000, 0x00000000c5f00000|100%| E|CS|TAMS 0x00000000c5e00000, 0x00000000c5e00000| Complete 
|  95|0x00000000c5f00000, 0x00000000c6000000, 0x00000000c6000000|100%| E|CS|TAMS 0x00000000c5f00000, 0x00000000c5f00000| Complete 
|  96|0x00000000c6000000, 0x00000000c6100000, 0x00000000c6100000|100%| E|CS|TAMS 0x00000000c6000000, 0x00000000c6000000| Complete 
|  97|0x00000000c6100000, 0x00000000c6200000, 0x00000000c6200000|100%| E|CS|TAMS 0x00000000c6100000, 0x00000000c6100000| Complete 
|  98|0x00000000c6200000, 0x00000000c6300000, 0x00000000c6300000|100%| E|CS|TAMS 0x00000000c6200000, 0x00000000c6200000| Complete 
|  99|0x00000000c6300000, 0x00000000c6400000, 0x00000000c6400000|100%| E|CS|TAMS 0x00000000c6300000, 0x00000000c6300000| Complete 

Card table byte_map: [0x000002b3550c0000,0x000002b3552c0000] _byte_map_base: 0x000002b354ac0000

Marking Bits (Prev, Next): (CMBitMap*) 0x000002b34f156b00, (CMBitMap*) 0x000002b34f156b40
 Prev Bits: [0x000002b3554c0000, 0x000002b3564c0000)
 Next Bits: [0x000002b3564c0000, 0x000002b3574c0000)

Polling page: 0x000002b34d2a0000

Metaspace:

Usage:
  Non-class:     51.10 MB used.
      Class:      7.27 MB used.
       Both:     58.37 MB used.

Virtual space:
  Non-class space:       64.00 MB reserved,      51.31 MB ( 80%) committed,  1 nodes.
      Class space:        1.00 GB reserved,       7.44 MB ( <1%) committed,  1 nodes.
             Both:        1.06 GB reserved,      58.75 MB (  5%) committed. 

Chunk freelists:
   Non-Class:  11.95 MB
       Class:  8.51 MB
        Both:  20.45 MB

MaxMetaspaceSize: unlimited
CompressedClassSpaceSize: 1.00 GB
Initial GC threshold: 21.00 MB
Current GC threshold: 97.94 MB
CDS: off
MetaspaceReclaimPolicy: balanced
 - commit_granule_bytes: 65536.
 - commit_granule_words: 8192.
 - virtual_space_node_default_size: 8388608.
 - enlarge_chunks_in_place: 1.
 - new_chunks_are_fully_committed: 0.
 - uncommit_free_chunks: 1.
 - use_allocation_guard: 0.
 - handle_deallocations: 1.


Internal statistics:

num_allocs_failed_limit: 6.
num_arena_births: 774.
num_arena_deaths: 280.
num_vsnodes_births: 2.
num_vsnodes_deaths: 0.
num_space_committed: 940.
num_space_uncommitted: 0.
num_chunks_returned_to_freelist: 330.
num_chunks_taken_from_freelist: 2719.
num_chunk_merges: 93.
num_chunk_splits: 1803.
num_chunks_enlarged: 1380.
num_inconsistent_stats: 0.

CodeCache: size=49152Kb used=17381Kb max_used=17835Kb free=31770Kb
 bounds [0x000002b351db0000, 0x000002b352f20000, 0x000002b354db0000]
 total_blobs=9654 nmethods=8975 adapters=601
 compilation: enabled
              stopped_count=0, restarted_count=0
 full_count=0

Compilation events (20 events):
Event: 15009.577 Thread 0x000002b35e04b8c0 8967       1       org.eclipse.jdt.internal.compiler.ast.MessageSend::freshInferenceContext (18 bytes)
Event: 15009.577 Thread 0x000002b35e04b8c0 nmethod 8967 0x000002b352e3ee10 code [0x000002b352e3efa0, 0x000002b352e3f108]
Event: 15009.577 Thread 0x000002b35e04b8c0 8968       1       org.eclipse.jdt.internal.compiler.lookup.InferenceContext18::<init> (80 bytes)
Event: 15009.578 Thread 0x000002b35e04b8c0 nmethod 8968 0x000002b352e3e190 code [0x000002b352e3e3a0, 0x000002b352e3eb18]
Event: 15009.578 Thread 0x000002b35e04b8c0 8969       1       org.eclipse.jdt.internal.compiler.lookup.CompilationUnitScope::registerInferredInvocation (28 bytes)
Event: 15009.578 Thread 0x000002b35e04b8c0 nmethod 8969 0x000002b352e3da90 code [0x000002b352e3dc40, 0x000002b352e3dfa8]
Event: 15009.578 Thread 0x000002b35e04b8c0 8970       1       org.eclipse.jdt.internal.compiler.lookup.InferenceContext18::inferInvocationApplicability (12 bytes)
Event: 15009.578 Thread 0x000002b35e04b8c0 nmethod 8970 0x000002b352e3d790 code [0x000002b352e3d920, 0x000002b352e3da08]
Event: 15009.578 Thread 0x000002b35e04b8c0 8971       1       org.eclipse.jdt.internal.compiler.codegen.ObjectCache::hashCode (14 bytes)
Event: 15009.578 Thread 0x000002b35e04b8c0 nmethod 8971 0x000002b352e3d410 code [0x000002b352e3d5a0, 0x000002b352e3d6c8]
Event: 15009.578 Thread 0x000002b35e04b8c0 8972       1       org.eclipse.jdt.internal.compiler.lookup.SourceTypeBinding::genericTypeSignature (39 bytes)
Event: 15009.578 Thread 0x000002b35e04b8c0 nmethod 8972 0x000002b352e3cf90 code [0x000002b352e3d140, 0x000002b352e3d318]
Event: 15009.592 Thread 0x000002b35e04b8c0 8973       1       sun.reflect.generics.reflectiveObjects.TypeVariableImpl::equals (67 bytes)
Event: 15009.592 Thread 0x000002b35e04b8c0 nmethod 8973 0x000002b352e3c890 code [0x000002b352e3ca60, 0x000002b352e3cde8]
Event: 15009.595 Thread 0x000002b35e04b8c0 8974       1       com.google.gson.internal.$Gson$Types::resolveTypeVariable (53 bytes)
Event: 15009.596 Thread 0x000002b35e04b8c0 nmethod 8974 0x000002b352e3be10 code [0x000002b352e3c040, 0x000002b352e3c588]
Event: 15009.596 Thread 0x000002b35e04b8c0 8975       1       com.google.gson.internal.$Gson$Types::declaringClassOf (23 bytes)
Event: 15009.596 Thread 0x000002b35e04b8c0 nmethod 8975 0x000002b352e3b990 code [0x000002b352e3bb40, 0x000002b352e3bce8]
Event: 15009.668 Thread 0x000002b35e04b8c0 8976       1       java.lang.invoke.LambdaFormBuffer::insertExpression (30 bytes)
Event: 15009.668 Thread 0x000002b35e04b8c0 nmethod 8976 0x000002b352e3b690 code [0x000002b352e3b820, 0x000002b352e3b908]

GC Heap History (20 events):
Event: 14868.105 GC heap before
{Heap before GC invocations=891 (full 862):
 garbage-first heap   total 102400K, used 38591K [0x00000000c0000000, 0x0000000100000000)
  region size 1024K, 1 young (1024K), 0 survivors (0K)
 Metaspace       used 59737K, committed 60160K, reserved 1114112K
  class space    used 7439K, committed 7616K, reserved 1048576K
}
Event: 14868.140 GC heap after
{Heap after GC invocations=892 (full 863):
 garbage-first heap   total 102400K, used 38591K [0x00000000c0000000, 0x0000000100000000)
  region size 1024K, 0 young (0K), 0 survivors (0K)
 Metaspace       used 59737K, committed 60160K, reserved 1114112K
  class space    used 7439K, committed 7616K, reserved 1048576K
}
Event: 14878.243 GC heap before
{Heap before GC invocations=892 (full 863):
 garbage-first heap   total 102400K, used 38591K [0x00000000c0000000, 0x0000000100000000)
  region size 1024K, 1 young (1024K), 0 survivors (0K)
 Metaspace       used 59737K, committed 60160K, reserved 1114112K
  class space    used 7439K, committed 7616K, reserved 1048576K
}
Event: 14878.280 GC heap after
{Heap after GC invocations=893 (full 864):
 garbage-first heap   total 102400K, used 38591K [0x00000000c0000000, 0x0000000100000000)
  region size 1024K, 0 young (0K), 0 survivors (0K)
 Metaspace       used 59737K, committed 60160K, reserved 1114112K
  class space    used 7439K, committed 7616K, reserved 1048576K
}
Event: 14888.382 GC heap before
{Heap before GC invocations=893 (full 864):
 garbage-first heap   total 102400K, used 38591K [0x00000000c0000000, 0x0000000100000000)
  region size 1024K, 1 young (1024K), 0 survivors (0K)
 Metaspace       used 59737K, committed 60160K, reserved 1114112K
  class space    used 7439K, committed 7616K, reserved 1048576K
}
Event: 14888.420 GC heap after
{Heap after GC invocations=894 (full 865):
 garbage-first heap   total 102400K, used 38591K [0x00000000c0000000, 0x0000000100000000)
  region size 1024K, 0 young (0K), 0 survivors (0K)
 Metaspace       used 59737K, committed 60160K, reserved 1114112K
  class space    used 7439K, committed 7616K, reserved 1048576K
}
Event: 14898.530 GC heap before
{Heap before GC invocations=894 (full 865):
 garbage-first heap   total 102400K, used 38591K [0x00000000c0000000, 0x0000000100000000)
  region size 1024K, 1 young (1024K), 0 survivors (0K)
 Metaspace       used 59737K, committed 60160K, reserved 1114112K
  class space    used 7439K, committed 7616K, reserved 1048576K
}
Event: 14898.568 GC heap after
{Heap after GC invocations=895 (full 866):
 garbage-first heap   total 102400K, used 38591K [0x00000000c0000000, 0x0000000100000000)
  region size 1024K, 0 young (0K), 0 survivors (0K)
 Metaspace       used 59737K, committed 60160K, reserved 1114112K
  class space    used 7439K, committed 7616K, reserved 1048576K
}
Event: 14908.670 GC heap before
{Heap before GC invocations=895 (full 866):
 garbage-first heap   total 102400K, used 38591K [0x00000000c0000000, 0x0000000100000000)
  region size 1024K, 1 young (1024K), 0 survivors (0K)
 Metaspace       used 59737K, committed 60160K, reserved 1114112K
  class space    used 7439K, committed 7616K, reserved 1048576K
}
Event: 14908.706 GC heap after
{Heap after GC invocations=896 (full 867):
 garbage-first heap   total 102400K, used 38591K [0x00000000c0000000, 0x0000000100000000)
  region size 1024K, 0 young (0K), 0 survivors (0K)
 Metaspace       used 59737K, committed 60160K, reserved 1114112K
  class space    used 7439K, committed 7616K, reserved 1048576K
}
Event: 14918.816 GC heap before
{Heap before GC invocations=896 (full 867):
 garbage-first heap   total 102400K, used 38591K [0x00000000c0000000, 0x0000000100000000)
  region size 1024K, 1 young (1024K), 0 survivors (0K)
 Metaspace       used 59737K, committed 60160K, reserved 1114112K
  class space    used 7439K, committed 7616K, reserved 1048576K
}
Event: 14918.863 GC heap after
{Heap after GC invocations=897 (full 868):
 garbage-first heap   total 102400K, used 38591K [0x00000000c0000000, 0x0000000100000000)
  region size 1024K, 0 young (0K), 0 survivors (0K)
 Metaspace       used 59737K, committed 60160K, reserved 1114112K
  class space    used 7439K, committed 7616K, reserved 1048576K
}
Event: 14928.970 GC heap before
{Heap before GC invocations=897 (full 868):
 garbage-first heap   total 102400K, used 38591K [0x00000000c0000000, 0x0000000100000000)
  region size 1024K, 1 young (1024K), 0 survivors (0K)
 Metaspace       used 59737K, committed 60160K, reserved 1114112K
  class space    used 7439K, committed 7616K, reserved 1048576K
}
Event: 14929.008 GC heap after
{Heap after GC invocations=898 (full 869):
 garbage-first heap   total 102400K, used 38591K [0x00000000c0000000, 0x0000000100000000)
  region size 1024K, 0 young (0K), 0 survivors (0K)
 Metaspace       used 59737K, committed 60160K, reserved 1114112K
  class space    used 7439K, committed 7616K, reserved 1048576K
}
Event: 14969.145 GC heap before
{Heap before GC invocations=898 (full 869):
 garbage-first heap   total 102400K, used 42687K [0x00000000c0000000, 0x0000000100000000)
  region size 1024K, 5 young (5120K), 0 survivors (0K)
 Metaspace       used 59737K, committed 60160K, reserved 1114112K
  class space    used 7439K, committed 7616K, reserved 1048576K
}
Event: 14969.183 GC heap after
{Heap after GC invocations=899 (full 870):
 garbage-first heap   total 102400K, used 38595K [0x00000000c0000000, 0x0000000100000000)
  region size 1024K, 0 young (0K), 0 survivors (0K)
 Metaspace       used 59737K, committed 60160K, reserved 1114112K
  class space    used 7439K, committed 7616K, reserved 1048576K
}
Event: 14979.289 GC heap before
{Heap before GC invocations=899 (full 870):
 garbage-first heap   total 102400K, used 38595K [0x00000000c0000000, 0x0000000100000000)
  region size 1024K, 1 young (1024K), 0 survivors (0K)
 Metaspace       used 59737K, committed 60160K, reserved 1114112K
  class space    used 7439K, committed 7616K, reserved 1048576K
}
Event: 14979.325 GC heap after
{Heap after GC invocations=900 (full 871):
 garbage-first heap   total 102400K, used 38595K [0x00000000c0000000, 0x0000000100000000)
  region size 1024K, 0 young (0K), 0 survivors (0K)
 Metaspace       used 59737K, committed 60160K, reserved 1114112K
  class space    used 7439K, committed 7616K, reserved 1048576K
}
Event: 14989.454 GC heap before
{Heap before GC invocations=900 (full 871):
 garbage-first heap   total 102400K, used 38595K [0x00000000c0000000, 0x0000000100000000)
  region size 1024K, 1 young (1024K), 0 survivors (0K)
 Metaspace       used 59737K, committed 60160K, reserved 1114112K
  class space    used 7439K, committed 7616K, reserved 1048576K
}
Event: 14989.516 GC heap after
{Heap after GC invocations=901 (full 872):
 garbage-first heap   total 102400K, used 38595K [0x00000000c0000000, 0x0000000100000000)
  region size 1024K, 0 young (0K), 0 survivors (0K)
 Metaspace       used 59737K, committed 60160K, reserved 1114112K
  class space    used 7439K, committed 7616K, reserved 1048576K
}

Dll operation events (9 events):
Event: 0.010 Loaded shared library c:\Users\vijay\.vscode\extensions\redhat.java-1.26.0-win32-x64\jre\17.0.9-win32-x86_64\bin\java.dll
Event: 0.235 Loaded shared library C:\Users\vijay\.vscode\extensions\redhat.java-1.26.0-win32-x64\jre\17.0.9-win32-x86_64\bin\net.dll
Event: 0.237 Loaded shared library C:\Users\vijay\.vscode\extensions\redhat.java-1.26.0-win32-x64\jre\17.0.9-win32-x86_64\bin\nio.dll
Event: 0.252 Loaded shared library C:\Users\vijay\.vscode\extensions\redhat.java-1.26.0-win32-x64\jre\17.0.9-win32-x86_64\bin\zip.dll
Event: 0.737 Loaded shared library C:\Users\vijay\.vscode\extensions\redhat.java-1.26.0-win32-x64\jre\17.0.9-win32-x86_64\bin\jimage.dll
Event: 4.842 Loaded shared library c:\Users\vijay\.vscode\extensions\redhat.java-1.26.0-win32-x64\jre\17.0.9-win32-x86_64\bin\verify.dll
Event: 5.633 Loaded shared library C:\Users\vijay\.vscode\extensions\redhat.java-1.26.0-win32-x64\jre\17.0.9-win32-x86_64\bin\management.dll
Event: 5.636 Loaded shared library C:\Users\vijay\.vscode\extensions\redhat.java-1.26.0-win32-x64\jre\17.0.9-win32-x86_64\bin\management_ext.dll
Event: 6.848 Loaded shared library C:\Users\vijay\.vscode\extensions\redhat.java-1.26.0-win32-x64\jre\17.0.9-win32-x86_64\bin\sunmscapi.dll

Deoptimization events (20 events):
Event: 7.560 Thread 0x000002b36041a700 DEOPT PACKING pc=0x000002b352a09e20 sp=0x000000ca138fd680
Event: 7.560 Thread 0x000002b36041a700 DEOPT UNPACKING pc=0x000002b351e07143 sp=0x000000ca138fcb00 mode 3
Event: 7.686 Thread 0x000002b35f6e7820 DEOPT PACKING pc=0x000002b35289ca8c sp=0x000000ca136fe670
Event: 7.686 Thread 0x000002b35f6e7820 DEOPT UNPACKING pc=0x000002b351e07143 sp=0x000000ca136fdbf0 mode 0
Event: 7.686 Thread 0x000002b35f6e7820 DEOPT PACKING pc=0x000002b35289ca8c sp=0x000000ca136fe8d0
Event: 7.686 Thread 0x000002b35f6e7820 DEOPT UNPACKING pc=0x000002b351e07143 sp=0x000000ca136fde50 mode 0
Event: 7.696 Thread 0x000002b35f6e7820 DEOPT PACKING pc=0x000002b35289ca8c sp=0x000000ca136fed50
Event: 7.696 Thread 0x000002b35f6e7820 DEOPT UNPACKING pc=0x000002b351e07143 sp=0x000000ca136fe2d0 mode 0
Event: 30.095 Thread 0x000002b36041a700 DEOPT PACKING pc=0x000002b351f02f75 sp=0x000000ca138fe3c0
Event: 30.095 Thread 0x000002b36041a700 DEOPT UNPACKING pc=0x000002b351e07143 sp=0x000000ca138fd8e0 mode 3
Event: 200.422 Thread 0x000002b35ef01720 DEOPT PACKING pc=0x000002b35243f4d4 sp=0x000000ca128ff0e0
Event: 200.422 Thread 0x000002b35ef01720 DEOPT UNPACKING pc=0x000002b351e07143 sp=0x000000ca128fe568 mode 0
Event: 304.763 Thread 0x000002b3604197d0 DEOPT PACKING pc=0x000002b3529067a4 sp=0x000000ca118fe450
Event: 304.763 Thread 0x000002b3604197d0 DEOPT UNPACKING pc=0x000002b351e07143 sp=0x000000ca118fd9a0 mode 0
Event: 9175.175 Thread 0x000002b35f6e4580 DEOPT PACKING pc=0x000002b352db147d sp=0x000000ca137fd5c0
Event: 9175.175 Thread 0x000002b35f6e4580 DEOPT UNPACKING pc=0x000002b351e07143 sp=0x000000ca137fcb40 mode 3
Event: 12080.334 Thread 0x000002b360413cb0 DEOPT PACKING pc=0x000002b352ec1d9f sp=0x000000ca118fd710
Event: 12080.334 Thread 0x000002b360413cb0 DEOPT UNPACKING pc=0x000002b351e07143 sp=0x000000ca118fd190 mode 3
Event: 13605.902 Thread 0x000002b3604192c0 DEOPT PACKING pc=0x000002b352bf60c0 sp=0x000000ca106fdba0
Event: 13605.902 Thread 0x000002b3604192c0 DEOPT UNPACKING pc=0x000002b351e07143 sp=0x000000ca106fd1f8 mode 3

Classes unloaded (20 events):
Event: 417.493 Thread 0x000002b359f83b00 Unloading class 0x00000001003b0800 'jdk/internal/reflect/GeneratedConstructorAccessor51'
Event: 417.493 Thread 0x000002b359f83b00 Unloading class 0x0000000100404000 'jdk/internal/reflect/GeneratedMethodAccessor24'
Event: 417.493 Thread 0x000002b359f83b00 Unloading class 0x0000000100404800 'jdk/internal/reflect/GeneratedMethodAccessor23'
Event: 417.493 Thread 0x000002b359f83b00 Unloading class 0x0000000100424400 'jdk/internal/reflect/GeneratedMethodAccessor22'
Event: 9234.023 Thread 0x000002b359f83b00 Unloading class 0x0000000100228800 'java/lang/invoke/LambdaForm$MH+0x0000000100228800'
Event: 9234.023 Thread 0x000002b359f83b00 Unloading class 0x0000000100310400 'java/lang/invoke/LambdaForm$MH+0x0000000100310400'
Event: 9234.023 Thread 0x000002b359f83b00 Unloading class 0x0000000100398000 'java/lang/invoke/LambdaForm$MH+0x0000000100398000'
Event: 9234.023 Thread 0x000002b359f83b00 Unloading class 0x0000000100399400 'java/lang/invoke/LambdaForm$MH+0x0000000100399400'
Event: 9234.023 Thread 0x000002b359f83b00 Unloading class 0x000000010039b400 'java/lang/invoke/LambdaForm$MH+0x000000010039b400'
Event: 9234.023 Thread 0x000002b359f83b00 Unloading class 0x000000010039c400 'java/lang/invoke/LambdaForm$MH+0x000000010039c400'
Event: 9234.023 Thread 0x000002b359f83b00 Unloading class 0x000000010039cc00 'java/lang/invoke/LambdaForm$MH+0x000000010039cc00'
Event: 9234.023 Thread 0x000002b359f83b00 Unloading class 0x000000010039d400 'java/lang/invoke/LambdaForm$MH+0x000000010039d400'
Event: 9234.023 Thread 0x000002b359f83b00 Unloading class 0x00000001003a1c00 'java/lang/invoke/LambdaForm$MH+0x00000001003a1c00'
Event: 9234.023 Thread 0x000002b359f83b00 Unloading class 0x00000001003a2c00 'java/lang/invoke/LambdaForm$MH+0x00000001003a2c00'
Event: 9234.023 Thread 0x000002b359f83b00 Unloading class 0x0000000100404800 'java/lang/invoke/LambdaForm$MH+0x0000000100404800'
Event: 9234.023 Thread 0x000002b359f83b00 Unloading class 0x0000000100404000 'java/lang/invoke/LambdaForm$MH+0x0000000100404000'
Event: 9234.023 Thread 0x000002b359f83b00 Unloading class 0x00000001003b0800 'java/lang/invoke/LambdaForm$MH+0x00000001003b0800'
Event: 9234.023 Thread 0x000002b359f83b00 Unloading class 0x00000001003a9800 'java/lang/invoke/LambdaForm$MH+0x00000001003a9800'
Event: 9234.023 Thread 0x000002b359f83b00 Unloading class 0x00000001003a8800 'java/lang/invoke/LambdaForm$MH+0x00000001003a8800'
Event: 9234.023 Thread 0x000002b359f83b00 Unloading class 0x00000001003a8400 'java/lang/invoke/LambdaForm$MH+0x00000001003a8400'

Classes redefined (0 events):
No events

Internal exceptions (20 events):
Event: 9175.068 Thread 0x000002b35f6e4580 Exception <a 'sun/nio/fs/WindowsException'{0x00000000c5c68d78}> (0x00000000c5c68d78) 
thrown [s\src\hotspot\share\prims\jni.cpp, line 516]
Event: 9175.068 Thread 0x000002b35f6e4580 Exception <a 'sun/nio/fs/WindowsException'{0x00000000c5c69d10}> (0x00000000c5c69d10) 
thrown [s\src\hotspot\share\prims\jni.cpp, line 516]
Event: 9175.068 Thread 0x000002b35f6e4580 Exception <a 'sun/nio/fs/WindowsException'{0x00000000c5c6a140}> (0x00000000c5c6a140) 
thrown [s\src\hotspot\share\prims\jni.cpp, line 516]
Event: 9175.068 Thread 0x000002b35f6e4580 Exception <a 'sun/nio/fs/WindowsException'{0x00000000c5c6aeb0}> (0x00000000c5c6aeb0) 
thrown [s\src\hotspot\share\prims\jni.cpp, line 516]
Event: 9175.068 Thread 0x000002b35f6e4580 Exception <a 'sun/nio/fs/WindowsException'{0x00000000c5c6b720}> (0x00000000c5c6b720) 
thrown [s\src\hotspot\share\prims\jni.cpp, line 516]
Event: 9175.068 Thread 0x000002b35f6e4580 Exception <a 'sun/nio/fs/WindowsException'{0x00000000c5c6bb10}> (0x00000000c5c6bb10) 
thrown [s\src\hotspot\share\prims\jni.cpp, line 516]
Event: 9175.068 Thread 0x000002b35f6e4580 Exception <a 'sun/nio/fs/WindowsException'{0x00000000c5c6caa8}> (0x00000000c5c6caa8) 
thrown [s\src\hotspot\share\prims\jni.cpp, line 516]
Event: 9175.068 Thread 0x000002b35f6e4580 Exception <a 'sun/nio/fs/WindowsException'{0x00000000c5c6ced8}> (0x00000000c5c6ced8) 
thrown [s\src\hotspot\share\prims\jni.cpp, line 516]
Event: 9175.233 Thread 0x000002b35f6e4580 Exception <a 'sun/nio/fs/WindowsException'{0x00000000c51b1508}> (0x00000000c51b1508) 
thrown [s\src\hotspot\share\prims\jni.cpp, line 516]
Event: 9175.233 Thread 0x000002b35f6e4580 Exception <a 'sun/nio/fs/WindowsException'{0x00000000c51b1c88}> (0x00000000c51b1c88) 
thrown [s\src\hotspot\share\prims\jni.cpp, line 516]
Event: 9175.234 Thread 0x000002b35f6e4580 Exception <a 'sun/nio/fs/WindowsException'{0x00000000c51b3798}> (0x00000000c51b3798) 
thrown [s\src\hotspot\share\prims\jni.cpp, line 516]
Event: 9175.234 Thread 0x000002b35f6e4580 Exception <a 'sun/nio/fs/WindowsException'{0x00000000c51b4718}> (0x00000000c51b4718) 
thrown [s\src\hotspot\share\prims\jni.cpp, line 516]
Event: 9175.234 Thread 0x000002b35f6e4580 Exception <a 'sun/nio/fs/WindowsException'{0x00000000c51b4b28}> (0x00000000c51b4b28) 
thrown [s\src\hotspot\share\prims\jni.cpp, line 516]
Event: 9175.234 Thread 0x000002b35f6e4580 Exception <a 'sun/nio/fs/WindowsException'{0x00000000c51b5898}> (0x00000000c51b5898) 
thrown [s\src\hotspot\share\prims\jni.cpp, line 516]
Event: 9175.234 Thread 0x000002b35f6e4580 Exception <a 'sun/nio/fs/WindowsException'{0x00000000c51b6058}> (0x00000000c51b6058) 
thrown [s\src\hotspot\share\prims\jni.cpp, line 516]
Event: 9175.234 Thread 0x000002b35f6e4580 Exception <a 'sun/nio/fs/WindowsException'{0x00000000c51b6448}> (0x00000000c51b6448) 
thrown [s\src\hotspot\share\prims\jni.cpp, line 516]
Event: 9175.234 Thread 0x000002b35f6e4580 Exception <a 'sun/nio/fs/WindowsException'{0x00000000c51b7410}> (0x00000000c51b7410) 
thrown [s\src\hotspot\share\prims\jni.cpp, line 516]
Event: 9175.234 Thread 0x000002b35f6e4580 Exception <a 'sun/nio/fs/WindowsException'{0x00000000c51b7840}> (0x00000000c51b7840) 
thrown [s\src\hotspot\share\prims\jni.cpp, line 516]
Event: 13605.902 Thread 0x000002b3604192c0 Implicit null exception at 0x000002b352bf4f77 to 0x000002b352bf60bb
Event: 15009.670 Thread 0x000002b360416020 Exception <a 'java/lang/NoSuchMethodError'{0x00000000c5a97b68}: 'java.lang.Object java.lang.invoke.DirectMethodHandle$Holder.newInvokeSpecial(java.lang.Object, java.lang.Object, int, java.lang.Object)'> (0x00000000c5a97b68) 
thrown [s\src\hotspot\share\interpreter\linkResolver.cpp, line 759]

VM Operations (20 events):
Event: 14888.382 Executing VM operation: G1CollectFull
Event: 14888.420 Executing VM operation: G1CollectFull done
Event: 14898.530 Executing VM operation: G1CollectFull
Event: 14898.568 Executing VM operation: G1CollectFull done
Event: 14908.670 Executing VM operation: G1CollectFull
Event: 14908.706 Executing VM operation: G1CollectFull done
Event: 14918.816 Executing VM operation: G1CollectFull
Event: 14918.863 Executing VM operation: G1CollectFull done
Event: 14928.970 Executing VM operation: G1CollectFull
Event: 14929.008 Executing VM operation: G1CollectFull done
Event: 14969.145 Executing VM operation: G1CollectFull
Event: 14969.183 Executing VM operation: G1CollectFull done
Event: 14979.289 Executing VM operation: G1CollectFull
Event: 14979.325 Executing VM operation: G1CollectFull done
Event: 14989.454 Executing VM operation: G1CollectFull
Event: 14989.516 Executing VM operation: G1CollectFull done
Event: 14994.529 Executing VM operation: Cleanup
Event: 14994.529 Executing VM operation: Cleanup done
Event: 15009.621 Executing VM operation: Cleanup
Event: 15009.622 Executing VM operation: Cleanup done

Events (20 events):
Event: 14389.958 Thread 0x000002b3604188a0 Thread added: 0x000002b3604188a0
Event: 14451.773 Thread 0x000002b360416020 Thread exited: 0x000002b360416020
Event: 14506.364 Thread 0x000002b3604188a0 Thread exited: 0x000002b3604188a0
Event: 14507.061 Thread 0x000002b360413cb0 Thread exited: 0x000002b360413cb0
Event: 14507.744 Thread 0x000002b3604146d0 Thread exited: 0x000002b3604146d0
Event: 14538.429 Thread 0x000002b360416f50 Thread added: 0x000002b360416f50
Event: 14538.429 Thread 0x000002b360417970 Thread added: 0x000002b360417970
Event: 14538.429 Thread 0x000002b360415b10 Thread added: 0x000002b360415b10
Event: 14538.431 Thread 0x000002b360416020 Thread added: 0x000002b360416020
Event: 14602.059 Thread 0x000002b360415b10 Thread exited: 0x000002b360415b10
Event: 14607.279 Thread 0x000002b360416020 Thread exited: 0x000002b360416020
Event: 14607.967 Thread 0x000002b360416f50 Thread exited: 0x000002b360416f50
Event: 14607.967 Thread 0x000002b360417970 Thread exited: 0x000002b360417970
Event: 14929.792 Thread 0x000002b360416f50 Thread added: 0x000002b360416f50
Event: 14929.793 Thread 0x000002b3604188a0 Thread added: 0x000002b3604188a0
Event: 14989.809 Thread 0x000002b360416f50 Thread exited: 0x000002b360416f50
Event: 14989.809 Thread 0x000002b3604188a0 Thread exited: 0x000002b3604188a0
Event: 14993.674 Thread 0x000002b360416020 Thread added: 0x000002b360416020
Event: 14993.676 Thread 0x000002b360415b10 Thread added: 0x000002b360415b10
Event: 15007.215 Thread 0x000002b3604188a0 Thread added: 0x000002b3604188a0


Dynamic libraries:
0x00007ff7132b0000 - 0x00007ff7132be000 	c:\Users\vijay\.vscode\extensions\redhat.java-1.26.0-win32-x64\jre\17.0.9-win32-x86_64\bin\java.exe
0x00007fff42350000 - 0x00007fff42548000 	C:\Windows\SYSTEM32\ntdll.dll
0x00007fff41090000 - 0x00007fff4114d000 	C:\Windows\System32\KERNEL32.DLL
0x00007fff3fb40000 - 0x00007fff3fe36000 	C:\Windows\System32\KERNELBASE.dll
0x00007fff401e0000 - 0x00007fff402e0000 	C:\Windows\System32\ucrtbase.dll
0x00007fff3ba10000 - 0x00007fff3ba27000 	c:\Users\vijay\.vscode\extensions\redhat.java-1.26.0-win32-x64\jre\17.0.9-win32-x86_64\bin\jli.dll
0x00007fff36f80000 - 0x00007fff36f9b000 	c:\Users\vijay\.vscode\extensions\redhat.java-1.26.0-win32-x64\jre\17.0.9-win32-x86_64\bin\VCRUNTIME140.dll
0x00007fff40a10000 - 0x00007fff40bae000 	C:\Windows\System32\USER32.dll
0x00007fff3ff90000 - 0x00007fff3ffb2000 	C:\Windows\System32\win32u.dll
0x00007fff33490000 - 0x00007fff3372a000 	C:\Windows\WinSxS\amd64_microsoft.windows.common-controls_6595b64144ccf1df_6.0.19041.3636_none_60b6a03d71f818d5\COMCTL32.dll
0x00007fff41060000 - 0x00007fff4108c000 	C:\Windows\System32\GDI32.dll
0x00007fff41530000 - 0x00007fff415ce000 	C:\Windows\System32\msvcrt.dll
0x00007fff3fa20000 - 0x00007fff3fb3a000 	C:\Windows\System32\gdi32full.dll
0x00007fff3fe40000 - 0x00007fff3fedd000 	C:\Windows\System32\msvcp_win.dll
0x00007fff40c30000 - 0x00007fff40c60000 	C:\Windows\System32\IMM32.DLL
0x00007fff36f30000 - 0x00007fff36f3c000 	c:\Users\vijay\.vscode\extensions\redhat.java-1.26.0-win32-x64\jre\17.0.9-win32-x86_64\bin\vcruntime140_1.dll
0x00007fff120d0000 - 0x00007fff1215d000 	c:\Users\vijay\.vscode\extensions\redhat.java-1.26.0-win32-x64\jre\17.0.9-win32-x86_64\bin\msvcp140.dll
0x00007ffedcf30000 - 0x00007ffeddb91000 	c:\Users\vijay\.vscode\extensions\redhat.java-1.26.0-win32-x64\jre\17.0.9-win32-x86_64\bin\server\jvm.dll
0x00007fff418b0000 - 0x00007fff41963000 	C:\Windows\System32\ADVAPI32.dll
0x00007fff40c60000 - 0x00007fff40cff000 	C:\Windows\System32\sechost.dll
0x00007fff421e0000 - 0x00007fff42306000 	C:\Windows\System32\RPCRT4.dll
0x00007fff40370000 - 0x00007fff40397000 	C:\Windows\System32\bcrypt.dll
0x00007fff3ef60000 - 0x00007fff3efab000 	C:\Windows\SYSTEM32\POWRPROF.dll
0x00007fff24090000 - 0x00007fff24099000 	C:\Windows\SYSTEM32\WSOCK32.dll
0x00007fff378d0000 - 0x00007fff378da000 	C:\Windows\SYSTEM32\VERSION.dll
0x00007fff326c0000 - 0x00007fff326e7000 	C:\Windows\SYSTEM32\WINMM.dll
0x00007fff403a0000 - 0x00007fff4040b000 	C:\Windows\System32\WS2_32.dll
0x00007fff3ee30000 - 0x00007fff3ee42000 	C:\Windows\SYSTEM32\UMPDC.dll
0x00007fff3e260000 - 0x00007fff3e272000 	C:\Windows\SYSTEM32\kernel.appcore.dll
0x00007fff36a70000 - 0x00007fff36a7a000 	c:\Users\vijay\.vscode\extensions\redhat.java-1.26.0-win32-x64\jre\17.0.9-win32-x86_64\bin\jimage.dll
0x00007fff3d7e0000 - 0x00007fff3d9c4000 	C:\Windows\SYSTEM32\DBGHELP.DLL
0x00007fff26970000 - 0x00007fff269a4000 	C:\Windows\SYSTEM32\dbgcore.DLL
0x00007fff402e0000 - 0x00007fff40362000 	C:\Windows\System32\bcryptPrimitives.dll
0x00007fff365e0000 - 0x00007fff36605000 	c:\Users\vijay\.vscode\extensions\redhat.java-1.26.0-win32-x64\jre\17.0.9-win32-x86_64\bin\java.dll
0x00007fff368b0000 - 0x00007fff368c8000 	c:\Users\vijay\.vscode\extensions\redhat.java-1.26.0-win32-x64\jre\17.0.9-win32-x86_64\bin\zip.dll
0x00007fff41a90000 - 0x00007fff421d5000 	C:\Windows\System32\SHELL32.dll
0x00007fff3dab0000 - 0x00007fff3e24b000 	C:\Windows\SYSTEM32\windows.storage.dll
0x00007fff40d00000 - 0x00007fff41054000 	C:\Windows\System32\combase.dll
0x00007fff3f450000 - 0x00007fff3f47d000 	C:\Windows\SYSTEM32\Wldp.dll
0x00007fff40410000 - 0x00007fff404bd000 	C:\Windows\System32\SHCORE.dll
0x00007fff41850000 - 0x00007fff418a5000 	C:\Windows\System32\shlwapi.dll
0x00007fff3f950000 - 0x00007fff3f975000 	C:\Windows\SYSTEM32\profapi.dll
0x00007fff365c0000 - 0x00007fff365d9000 	C:\Users\vijay\.vscode\extensions\redhat.java-1.26.0-win32-x64\jre\17.0.9-win32-x86_64\bin\net.dll
0x00007fff3c380000 - 0x00007fff3c48a000 	C:\Windows\SYSTEM32\WINHTTP.dll
0x00007fff3f1b0000 - 0x00007fff3f21a000 	C:\Windows\system32\mswsock.dll
0x00007fff32440000 - 0x00007fff32456000 	C:\Users\vijay\.vscode\extensions\redhat.java-1.26.0-win32-x64\jre\17.0.9-win32-x86_64\bin\nio.dll
0x00007fff3f3a0000 - 0x00007fff3f3b8000 	C:\Windows\SYSTEM32\CRYPTSP.dll
0x00007fff3ea70000 - 0x00007fff3eaa4000 	C:\Windows\system32\rsaenh.dll
0x00007fff3f910000 - 0x00007fff3f93e000 	C:\Windows\SYSTEM32\USERENV.dll
0x00007fff3f3c0000 - 0x00007fff3f3cc000 	C:\Windows\SYSTEM32\CRYPTBASE.dll
0x00007fff3ee50000 - 0x00007fff3ee8b000 	C:\Windows\SYSTEM32\IPHLPAPI.DLL
0x00007fff41330000 - 0x00007fff41338000 	C:\Windows\System32\NSI.dll
0x00007fff35210000 - 0x00007fff35227000 	C:\Windows\SYSTEM32\dhcpcsvc6.DLL
0x00007fff36020000 - 0x00007fff3603d000 	C:\Windows\SYSTEM32\dhcpcsvc.DLL
0x00007fff3ee90000 - 0x00007fff3ef5a000 	C:\Windows\SYSTEM32\DNSAPI.dll
0x00007fff367f0000 - 0x00007fff36800000 	c:\Users\vijay\.vscode\extensions\redhat.java-1.26.0-win32-x64\jre\17.0.9-win32-x86_64\bin\verify.dll
0x00007fff3a020000 - 0x00007fff3a029000 	C:\Users\vijay\.vscode\extensions\redhat.java-1.26.0-win32-x64\jre\17.0.9-win32-x86_64\bin\management.dll
0x00007fff36fd0000 - 0x00007fff36fdb000 	C:\Users\vijay\.vscode\extensions\redhat.java-1.26.0-win32-x64\jre\17.0.9-win32-x86_64\bin\management_ext.dll
0x00007fff41840000 - 0x00007fff41848000 	C:\Windows\System32\PSAPI.DLL
0x00007fff3ba40000 - 0x00007fff3ba4e000 	C:\Users\vijay\.vscode\extensions\redhat.java-1.26.0-win32-x64\jre\17.0.9-win32-x86_64\bin\sunmscapi.dll
0x00007fff40080000 - 0x00007fff401dd000 	C:\Windows\System32\CRYPT32.dll
0x00007fff3f4c0000 - 0x00007fff3f4e8000 	C:\Windows\SYSTEM32\ncrypt.dll
0x00007fff3f480000 - 0x00007fff3f4bb000 	C:\Windows\SYSTEM32\NTASN1.dll
0x00007fff2b2a0000 - 0x00007fff2b2aa000 	C:\Windows\System32\rasadhlp.dll
0x00007fff2b410000 - 0x00007fff2b490000 	C:\Windows\System32\fwpuclnt.dll

dbghelp: loaded successfully - version: 4.0.5 - missing functions: none
symbol engine: initialized successfully - sym options: 0x614 - pdb path: .;c:\Users\vijay\.vscode\extensions\redhat.java-1.26.0-win32-x64\jre\17.0.9-win32-x86_64\bin;C:\Windows\SYSTEM32;C:\Windows\WinSxS\amd64_microsoft.windows.common-controls_6595b64144ccf1df_6.0.19041.3636_none_60b6a03d71f818d5;c:\Users\vijay\.vscode\extensions\redhat.java-1.26.0-win32-x64\jre\17.0.9-win32-x86_64\bin\server

VM Arguments:
jvm_args: -XX:+HeapDumpOnOutOfMemoryError -Xmx1024m -Dsts.lsp.client=vscode -Dsts.log.file=/dev/null -XX:TieredStopAtLevel=1 -Xlog:jni+resolve=off -Dspring.config.location=file:c:\Users\vijay\.vscode\extensions\vmware.vscode-spring-boot-1.51.0\language-server\BOOT-INF\classes\application.properties 
java_command: org.springframework.ide.vscode.boot.app.BootLanguageServerBootApp
java_class_path (initial): c:\Users\vijay\.vscode\extensions\vmware.vscode-spring-boot-1.51.0\language-server\BOOT-INF\classes;c:\Users\vijay\.vscode\extensions\vmware.vscode-spring-boot-1.51.0\language-server\BOOT-INF\lib\annotations-24.1.0.jar;c:\Users\vijay\.vscode\extensions\vmware.vscode-spring-boot-1.51.0\language-server\BOOT-INF\lib\antlr-runtime-3.5.3.jar;c:\Users\vijay\.vscode\extensions\vmware.vscode-spring-boot-1.51.0\language-server\BOOT-INF\lib\antlr4-4.11.1.jar;c:\Users\vijay\.vscode\extensions\vmware.vscode-spring-boot-1.51.0\language-server\BOOT-INF\lib\antlr4-runtime-4.11.1.jar;c:\Users\vijay\.vscode\extensions\vmware.vscode-spring-boot-1.51.0\language-server\BOOT-INF\lib\asm-9.6.jar;c:\Users\vijay\.vscode\extensions\vmware.vscode-spring-boot-1.51.0\language-server\BOOT-INF\lib\asm-analysis-9.6.jar;c:\Users\vijay\.vscode\extensions\vmware.vscode-spring-boot-1.51.0\language-server\BOOT-INF\lib\asm-tree-9.6.jar;c:\Users\vijay\.vscode\extensions\vmware.vscode-spring-boot-1.51.0\language-server\BOOT-INF\lib\asm-util-9.6.jar;c:\Users\vijay\.vscode\extensions\vmware.vscode-spring-boot-1.51.0\language-server\BOOT-INF\lib\bosh-language-server-1.51.0-SNAPSHOT.jar;c:\Users\vijay\.vscode\extensions\vmware.vscode-spring-boot-1.51.0\language-server\BOOT-INF\lib\caffeine-3.1.8.jar;c:\Users\vijay\.vscode\extensions\vmware.vscode-spring-boot-1.51.0\language-server\BOOT-INF\lib\checker-qual-3.12.0.jar;c:\Users\vijay\.vscode\extensions\vmware.vscode-spring-boot-1.51.0\language-server\BOOT-INF\lib\classgraph-4.8.149.jar;c:\Users\vijay\.vscode\extensions\vmware.vscode-spring-boot-1.51.0\language-server\BOOT-INF\lib\commons-codec-1.15.jar;c:\Users\vijay\.vscode\extensions\vmware.vscode-spring-boot-1.51.0\language-server\BOOT-INF\lib\commons-compress-1.25.0.jar;c:\Users\vijay\.vscode\extensions\vmware.vscode-spring-boot-1.51.0\language-server\BOOT-INF\lib\commons-io-2.4.jar;c:\Users\vijay\.vscode\extensions\vmware.vscode-spring-boot-1.51.0\language-server\BOOT-INF\lib\
Launcher Type: SUN_STANDARD

[Global flags]
     intx CICompilerCount                          = 4                                         {product} {ergonomic}
     uint ConcGCThreads                            = 2                                         {product} {ergonomic}
     uint G1ConcRefinementThreads                  = 8                                         {product} {ergonomic}
   size_t G1HeapRegionSize                         = 1048576                                   {product} {ergonomic}
    uintx GCDrainStackTargetSize                   = 64                                        {product} {ergonomic}
     bool HeapDumpOnOutOfMemoryError               = true                                   {manageable} {command line}
   size_t InitialHeapSize                          = 266338304                                 {product} {ergonomic}
   size_t MarkStackSize                            = 4194304                                   {product} {ergonomic}
   size_t MaxHeapSize                              = 1073741824                                {product} {command line}
   size_t MaxNewSize                               = 643825664                                 {product} {ergonomic}
   size_t MinHeapDeltaBytes                        = 1048576                                   {product} {ergonomic}
   size_t MinHeapSize                              = 8388608                                   {product} {ergonomic}
    uintx NonProfiledCodeHeapSize                  = 0                                      {pd product} {ergonomic}
     bool ProfileInterpreter                       = false                                  {pd product} {command line}
    uintx ProfiledCodeHeapSize                     = 0                                      {pd product} {ergonomic}
   size_t SoftMaxHeapSize                          = 1073741824                             {manageable} {ergonomic}
     intx TieredStopAtLevel                        = 1                                         {product} {command line}
     bool UseCompressedClassPointers               = true                           {product lp64_product} {ergonomic}
     bool UseCompressedOops                        = true                           {product lp64_product} {ergonomic}
     bool UseG1GC                                  = true                                      {product} {ergonomic}
     bool UseLargePagesIndividualAllocation        = false                                  {pd product} {ergonomic}

Logging:
Log output configuration:
 #0: stdout all=warning,jni+resolve=off uptime,level,tags
 #1: stderr all=off uptime,level,tags

Environment Variables:
JAVA_HOME=C:\Program Files\Java\jdk-21\bin
PATH=C:\Program Files\Common Files\Oracle\Java\javapath;C:\Program Files (x86)\Common Files\Oracle\Java\javapath;C:\Windows\system32;C:\Windows;C:\Windows\System32\Wbem;C:\Windows\System32\WindowsPowerShell\v1.0\;C:\Windows\System32\OpenSSH\;C:\Program Files\Intel\WiFi\bin\;C:\Program Files\Common Files\Intel\WirelessCommon\;C:\Program Files\Git\cmd;C:\Program Files\nodejs\;C:\Program Files\Java\jdk1.8.0_202\bin;C:\Program Files\MySQL\mysql-connector-j-8.1.0;C:\Program Files\Java\jdk-21;C:\Program Files\MySQL\MySQL Shell 8.0\bin\;C:\Users\vijay\AppData\Local\Microsoft\WindowsApps;C:\Users\vijay\AppData\Local\Programs\Microsoft VS Code\bin;C:\Users\vijay\AppData\Roaming\npm;C:\Program Files\Java\jdk1.8.0_202\bin;C:\Program Files\Java\jdk-21;
USERNAME=vijay
OS=Windows_NT
PROCESSOR_IDENTIFIER=Intel64 Family 6 Model 142 Stepping 10, GenuineIntel
TMP=C:\Users\vijay\AppData\Local\Temp
TEMP=C:\Users\vijay\AppData\Local\Temp



Periodic native trim disabled


---------------  S Y S T E M  ---------------

OS:
 Windows 10 , 64 bit Build 19041 (10.0.19041.3636)
OS uptime: 4 days 21:50 hours

CPU: total 8 (initial active 8) (4 cores per cpu, 2 threads per core) family 6 model 142 stepping 10 microcode 0xf0, cx8, cmov, fxsr, ht, mmx, 3dnowpref, sse, sse2, sse3, ssse3, sse4.1, sse4.2, popcnt, lzcnt, tsc, tscinvbit, avx, avx2, aes, erms, clmul, bmi1, bmi2, adx, fma, vzeroupper, clflush, clflushopt
Processor Information for all 8 processors :
  Max Mhz: 1800, Current Mhz: 1600, Mhz Limit: 1584

Memory: 4k page, system-wide physical 16238M (9115M free)
TotalPageFile size 18670M (AvailPageFile size 9210M)
current process WorkingSet (physical memory assigned to process): 190M, peak: 288M
current process commit charge ("private bytes"): 275M, peak: 366M

vm_info: OpenJDK 64-Bit Server VM (17.0.9+9) for windows-amd64 JRE (17.0.9+9), built on Oct 26 2023 14:01:42 by "admin" with MS VC++ 16.10 / 16.11 (VS2019)

END.
