#
# A fatal error has been detected by the Java Runtime Environment:
#
#  EXCEPTION_ACCESS_VIOLATION (0xc0000005) at pc=0x00007ffedd5dff36, pid=7728, tid=11192
#
# JRE version: OpenJDK Runtime Environment Temurin-17.0.9+9 (17.0.9+9) (build 17.0.9+9)
# Java VM: OpenJDK 64-Bit Server VM Temurin-17.0.9+9 (17.0.9+9, mixed mode, tiered, compressed oops, compressed class ptrs, parallel gc, windows-amd64)
# Problematic frame:
# V  [jvm.dll+0x6aff36]
#
# No core dump will be written. Minidumps are not enabled by default on client versions of Windows
#
# If you would like to submit a bug report, please visit:
#   https://github.com/adoptium/adoptium-support/issues
#

---------------  S U M M A R Y ------------

Command Line: --add-modules=ALL-SYSTEM --add-opens=java.base/java.util=ALL-UNNAMED --add-opens=java.base/java.lang=ALL-UNNAMED --add-opens=java.base/sun.nio.fs=ALL-UNNAMED -Declipse.application=org.eclipse.jdt.ls.core.id1 -Dosgi.bundles.defaultStartLevel=4 -Declipse.product=org.eclipse.jdt.ls.core.product -Djava.import.generatesMetadataFilesAtProjectRoot=false -DDetectVMInstallationsJob.disabled=true -Dfile.encoding=utf8 -XX:+UseParallelGC -XX:GCTimeRatio=4 -XX:AdaptiveSizePolicyWeight=90 -Dsun.zip.disableMemoryMapping=true -Xmx1G -Xms100m -Xlog:disable -javaagent:c:\Users\vijay\.vscode\extensions\redhat.java-1.26.0-win32-x64\lombok\lombok-1.18.31-3454.jar -XX:+HeapDumpOnOutOfMemoryError -XX:HeapDumpPath=c:\Users\vijay\AppData\Roaming\Code\User\workspaceStorage\76c1107fe8591dd7646c0e0b73a37fb0\redhat.java -Daether.dependencyCollector.impl=bf c:\Users\vijay\.vscode\extensions\redhat.java-1.26.0-win32-x64\server\plugins\org.eclipse.equinox.launcher_1.6.700.v20231214-2017.jar -configuration c:\Users\vijay\AppData\Roaming\Code\User\globalStorage\redhat.java\1.26.0\config_win -data c:\Users\vijay\AppData\Roaming\Code\User\workspaceStorage\76c1107fe8591dd7646c0e0b73a37fb0\redhat.java\jdt_ws --stdio

Host: Intel(R) Core(TM) i5-8250U CPU @ 1.60GHz, 8 cores, 15G,  Windows 10 , 64 bit Build 19041 (10.0.19041.3636)
Time: Tue Jan 30 17:27:15 2024 India Standard Time elapsed time: 22979.403315 seconds (0d 6h 22m 59s)

---------------  T H R E A D  ---------------

Current thread (0x000002b477d659e0):  GCTaskThread "GC Thread#0" [stack: 0x000000fb8e800000,0x000000fb8e900000] [id=11192]

Stack: [0x000000fb8e800000,0x000000fb8e900000],  sp=0x000000fb8e8ff450,  free space=1021k
Native frames: (J=compiled Java code, j=interpreted, Vv=VM code, C=native code)
V  [jvm.dll+0x6aff36]
V  [jvm.dll+0x6b0283]
V  [jvm.dll+0x6b4e38]
V  [jvm.dll+0x7e7e98]
V  [jvm.dll+0x6b982d]
V  [jvm.dll+0x861e7b]
V  [jvm.dll+0x861ec6]
V  [jvm.dll+0x7e3c3a]
V  [jvm.dll+0x67be35]
C  [ucrtbase.dll+0x21bb2]
C  [KERNEL32.DLL+0x17344]
C  [ntdll.dll+0x526b1]


siginfo: EXCEPTION_ACCESS_VIOLATION (0xc0000005), reading address 0xffffffffffffffff


Registers:
RAX=0x1fffffffe8008000, RBX=0x0000000000040000, RCX=0x0000000000000000, RDX=0x000002b47c770000
RSP=0x000000fb8e8ff450, RBP=0x000002b47eab8110, RSI=0x0000000000000004, RDI=0x00000000c624fac4
R8 =0x007fffffffa00200, R9 =0x0000000000015a23, R10=0x00000000c6250398, R11=0x00000000000000c4
R12=0x00000000000003d8, R13=0x000000fb8e8ff630, R14=0x00000000c624fb28, R15=0x0000000000000000
RIP=0x00007ffedd5dff36, EFLAGS=0x0000000000010206


Register to memory mapping:

RIP=0x00007ffedd5dff36 jvm.dll
RAX=0x1fffffffe8008000 is an unknown value
RBX=0x0000000000040000 is an unknown value
RCX=0x0 is NULL
RDX=0x000002b47c770000 points into unknown readable memory: 0x0000000000500005 | 05 00 50 00 00 00 00 00
RSP=0x000000fb8e8ff450 points into unknown readable memory: 0x00000000c6250398 | 98 03 25 c6 00 00 00 00
RBP=0x000002b47eab8110 points into unknown readable memory: 0x000002b477c10150 | 50 01 c1 77 b4 02 00 00
RSI=0x0000000000000004 is an unknown value
RDI=0x00000000c624fac4 is pointing into object: [Ljava.util.HashMap$Node; 
{0x00000000c624fa98} - klass: 'java/util/HashMap$Node'[]
 - length: 32
R8 =0x007fffffffa00200 is an unknown value
R9 =0x0000000000015a23 is an unknown value
R10=0x00000000c6250398 is an oop: java.util.HashMap$Node 
{0x00000000c6250398} - klass: 'java/util/HashMap$Node'
 - ---- fields (total size 4 words):
 - final 'hash' 'I' @12  -582830464 (dd42b680)
 - final 'key' 'Ljava/lang/Object;' @16  "java.rmi"{0x00000000c62503b8} (c62503b8)
 - 'value' 'Ljava/lang/Object;' @20  a 'org/eclipse/jdt/core/IPackageFragmentRoot'[1] {0x00000000c62503e8} (c62503e8)
 - 'next' 'Ljava/util/HashMap$Node;' @24  a 'java/util/HashMap$Node'{0x00000000c6250400} (c6250400)
R11=0x00000000000000c4 is an unknown value
R12=0x00000000000003d8 is an unknown value
R13=0x000000fb8e8ff630 points into unknown readable memory: 0x00007ffedd8e1a10 | 10 1a 8e dd fe 7f 00 00
R14=0x00000000c624fb28 is an oop: java.util.HashMap$Node 
{0x00000000c624fb28} - klass: 'java/util/HashMap$Node'
 - ---- fields (total size 4 words):
 - final 'hash' 'I' @12  -888975330 (cb03501e)
 - final 'key' 'Ljava/lang/Object;' @16  "java.base"{0x00000000c624fb48} (c624fb48)
 - 'value' 'Ljava/lang/Object;' @20  a 'org/eclipse/jdt/core/IPackageFragmentRoot'[1] {0x00000000c624fb80} (c624fb80)
 - 'next' 'Ljava/util/HashMap$Node;' @24  NULL (0)
R15=0x0 is NULL


Top of Stack: (sp=0x000000fb8e8ff450)
0x000000fb8e8ff450:   00000000c6250398 00000000c624faa8
0x000000fb8e8ff460:   0000000000000000 00007ffedda5c790
0x000000fb8e8ff470:   00007ffedda5c790 00007ffedd5e0283
0x000000fb8e8ff480:   000002b47eab8110 00007ffedd84bb90
0x000000fb8e8ff490:   00007ffedd8e1018 0000000000015a23
0x000000fb8e8ff4a0:   0000000000000000 0000000000000000
0x000000fb8e8ff4b0:   000002b47eb64300 00007ffedd710001
0x000000fb8e8ff4c0:   0000000000000001 00000000c0358f20
0x000000fb8e8ff4d0:   00007ffedd84bb90 000002b477d5e2f0
0x000000fb8e8ff4e0:   000002b400000003 000002b47eab8110
0x000000fb8e8ff4f0:   0000000000000000 0000000000000000
0x000000fb8e8ff500:   000002b47eb64300 000002b477d5fc88
0x000000fb8e8ff510:   000002b477c48870 000002b477d5f8b0
0x000000fb8e8ff520:   000002b477d5f8a0 00007ffedd5e4e38
0x000000fb8e8ff530:   000002b47eab8110 0004518600014c6e
0x000000fb8e8ff540:   000002b477d5f8b0 000002b47eab8110
0x000000fb8e8ff550:   00007ffedd8e1808 000002b47eab8110
0x000000fb8e8ff560:   00007ffedd884a10 000000fb8e8ff550
0x000000fb8e8ff570:   0000000000000000 00000000000000ad
0x000000fb8e8ff580:   0000000000000003 0000000000000001
0x000000fb8e8ff590:   00007ffedd8e1808 000000fb8e9feb90
0x000000fb8e8ff5a0:   000002b416e97b30 00007ffedd717e98
0x000000fb8e8ff5b0:   0000000000001b6f 000002b416e97c38
0x000000fb8e8ff5c0:   000000fb8e8ff630 000000000000002c
0x000000fb8e8ff5d0:   000000fb8e9fecd0 00007ffedd5e982d
0x000000fb8e8ff5e0:   0000000000000000 000000fb8e8ff660
0x000000fb8e8ff5f0:   000002b477d659e0 000000fb8e9feb90
0x000000fb8e8ff600:   000000fb8e9fef30 000002b477d5f8a0
0x000000fb8e8ff610:   0000000300000002 000000fb8e9feb90
0x000000fb8e8ff620:   0000000600000000 0000003580c810b3
0x000000fb8e8ff630:   00007ffedd8e1a10 0000000000000003
0x000000fb8e8ff640:   0000000000000000 0000000000000000 

Instructions: (pc=0x00007ffedd5dff36)
0x00007ffedd5dfe36:   48 8b 74 24 48 48 83 c4 20 5f c3 cc cc cc cc cc
0x00007ffedd5dfe46:   cc cc cc cc cc cc cc cc cc cc 48 89 5c 24 08 48
0x00007ffedd5dfe56:   89 6c 24 10 48 89 74 24 18 48 89 7c 24 20 41 56
0x00007ffedd5dfe66:   48 83 ec 20 80 3d 72 34 4d 00 00 bb 10 00 00 00
0x00007ffedd5dfe76:   48 8b e9 4d 63 d0 4c 8b da 8b c3 8d 4b fc 0f 84
0x00007ffedd5dfe86:   06 01 00 00 44 0f b6 0d 52 34 4d 00 45 84 c9 0f
0x00007ffedd5dfe96:   45 c1 4c 63 04 10 49 8b d2 49 8b c0 49 2b c2 41
0x00007ffedd5dfea6:   ba 00 08 00 00 49 3b c2 4c 0f 42 d0 b8 18 00 00
0x00007ffedd5dfeb6:   00 4c 03 d2 45 84 c9 0f 45 c3 49 03 c3 48 8d 3c
0x00007ffedd5dfec6:   90 4e 8d 34 90 4d 3b d0 73 0e 4d 8b c2 49 8b d3
0x00007ffedd5dfed6:   48 8b cd e8 82 0b 00 00 49 3b fe 0f 83 90 01 00
0x00007ffedd5dfee6:   00 66 0f 1f 84 00 00 00 00 00 8b 07 85 c0 0f 84
0x00007ffedd5dfef6:   84 00 00 00 8b 0d e8 73 46 00 8b d8 48 8b 15 d7
0x00007ffedd5dff06:   cf 4e 00 48 d3 e3 48 03 1d cd 73 46 00 8b 0d 1f
0x00007ffedd5dff16:   83 46 00 48 8b c3 48 2b 02 48 8b 52 10 48 c1 e8
0x00007ffedd5dff26:   03 48 d3 e8 4c 8b c0 24 3f 49 c1 e8 06 0f b6 c8
0x00007ffedd5dff36:   4a 8b 04 c2 48 0f a3 c8 72 3e 48 8b cb e8 58 cb
0x00007ffedd5dff46:   95 ff 48 63 f0 48 8d 0d 5e d1 4e 00 4c 8b c6 48
0x00007ffedd5dff56:   8b d3 e8 f3 72 fd ff 84 c0 74 1d 4c 8b c6 48 8d
0x00007ffedd5dff66:   0d 85 d1 4e 00 48 8b d3 e8 0d 2f 00 00 48 8b d3
0x00007ffedd5dff76:   48 8b cd e8 42 0a 00 00 48 83 c7 04 49 3b fe 0f
0x00007ffedd5dff86:   82 65 ff ff ff e9 e7 00 00 00 0f b6 15 4d 33 4d
0x00007ffedd5dff96:   00 84 d2 48 0f 45 c1 49 8b ca 4e 63 0c 18 49 8b
0x00007ffedd5dffa6:   c1 49 2b c2 41 ba 00 08 00 00 49 3b c2 4c 0f 42
0x00007ffedd5dffb6:   d0 b8 18 00 00 00 4c 03 d1 84 d2 48 0f 45 c3 49
0x00007ffedd5dffc6:   03 c3 48 8d 3c c8 4e 8d 34 d0 4d 3b d1 73 0e 4d
0x00007ffedd5dffd6:   8b c2 49 8b d3 48 8b cd e8 7d 0a 00 00 49 3b fe
0x00007ffedd5dffe6:   0f 83 8b 00 00 00 0f 1f 40 00 48 8b 1f 48 85 db
0x00007ffedd5dfff6:   74 72 48 8b 15 e1 ce 4e 00 48 8b c3 8b 0d 30 82
0x00007ffedd5e0006:   46 00 48 2b 02 48 8b 52 10 48 c1 e8 03 48 d3 e8
0x00007ffedd5e0016:   4c 8b c0 24 3f 49 c1 e8 06 0f b6 c8 4a 8b 04 c2
0x00007ffedd5e0026:   48 0f a3 c8 72 3e 48 8b cb e8 6c ca 95 ff 48 63 


Stack slot to memory mapping:
stack at sp + 0 slots: 0x00000000c6250398 is an oop: java.util.HashMap$Node 
{0x00000000c6250398} - klass: 'java/util/HashMap$Node'
 - ---- fields (total size 4 words):
 - final 'hash' 'I' @12  -582830464 (dd42b680)
 - final 'key' 'Ljava/lang/Object;' @16  "java.rmi"{0x00000000c62503b8} (c62503b8)
 - 'value' 'Ljava/lang/Object;' @20  a 'org/eclipse/jdt/core/IPackageFragmentRoot'[1] {0x00000000c62503e8} (c62503e8)
 - 'next' 'Ljava/util/HashMap$Node;' @24  a 'java/util/HashMap$Node'{0x00000000c6250400} (c6250400)
stack at sp + 1 slots: 0x00000000c624faa8 is pointing into object: [Ljava.util.HashMap$Node; 
{0x00000000c624fa98} - klass: 'java/util/HashMap$Node'[]
 - length: 32
stack at sp + 2 slots: 0x0 is NULL
stack at sp + 3 slots: 0x00007ffedda5c790 jvm.dll
stack at sp + 4 slots: 0x00007ffedda5c790 jvm.dll
stack at sp + 5 slots: 0x00007ffedd5e0283 jvm.dll
stack at sp + 6 slots: 0x000002b47eab8110 points into unknown readable memory: 0x000002b477c10150 | 50 01 c1 77 b4 02 00 00
stack at sp + 7 slots: 0x00007ffedd84bb90 jvm.dll


---------------  P R O C E S S  ---------------

Threads class SMR info:
_java_thread_list=0x000002b416cf84b0, length=35, elements={
0x000002b477d4f600, 0x000002b47eb62fd0, 0x000002b47eb64300, 0x000002b47eb69230,
0x000002b413055170, 0x000002b413055ff0, 0x000002b41305a060, 0x000002b413060ab0,
0x000002b413061d00, 0x000002b413062ea0, 0x000002b413189f30, 0x000002b4133ba780,
0x000002b41421b950, 0x000002b41421a510, 0x000002b41421cd90, 0x000002b41421b440,
0x000002b41421af30, 0x000002b41421d2a0, 0x000002b414152310, 0x000002b414154170,
0x000002b4141550a0, 0x000002b4141518f0, 0x000002b41414f070, 0x000002b414155ac0,
0x000002b41414f580, 0x000002b418493750, 0x000002b418496f00, 0x000002b418257500,
0x000002b41848fa90, 0x000002b418494170, 0x000002b4184950a0, 0x000002b4184918f0,
0x000002b414219af0, 0x000002b41421c370, 0x000002b41414ffa0
}

Java Threads: ( => current thread )
  0x000002b477d4f600 JavaThread "main" [_thread_blocked, id=3524, stack(0x000000fb8e700000,0x000000fb8e800000)]
  0x000002b47eb62fd0 JavaThread "Reference Handler" daemon [_thread_blocked, id=6012, stack(0x000000fb8ea00000,0x000000fb8eb00000)]
  0x000002b47eb64300 JavaThread "Finalizer" daemon [_thread_blocked, id=4416, stack(0x000000fb8eb00000,0x000000fb8ec00000)]
  0x000002b47eb69230 JavaThread "Signal Dispatcher" daemon [_thread_blocked, id=2716, stack(0x000000fb8ec00000,0x000000fb8ed00000)]
  0x000002b413055170 JavaThread "Attach Listener" daemon [_thread_blocked, id=15928, stack(0x000000fb8ed00000,0x000000fb8ee00000)]
  0x000002b413055ff0 JavaThread "Service Thread" daemon [_thread_blocked, id=14288, stack(0x000000fb8ee00000,0x000000fb8ef00000)]
  0x000002b41305a060 JavaThread "Monitor Deflation Thread" daemon [_thread_blocked, id=10308, stack(0x000000fb8ef00000,0x000000fb8f000000)]
  0x000002b413060ab0 JavaThread "C2 CompilerThread0" daemon [_thread_blocked, id=12296, stack(0x000000fb8f000000,0x000000fb8f100000)]
  0x000002b413061d00 JavaThread "C1 CompilerThread0" daemon [_thread_blocked, id=3356, stack(0x000000fb8f100000,0x000000fb8f200000)]
  0x000002b413062ea0 JavaThread "Sweeper thread" daemon [_thread_blocked, id=6608, stack(0x000000fb8f200000,0x000000fb8f300000)]
  0x000002b413189f30 JavaThread "Common-Cleaner" daemon [_thread_blocked, id=16068, stack(0x000000fb8f300000,0x000000fb8f400000)]
  0x000002b4133ba780 JavaThread "Notification Thread" daemon [_thread_blocked, id=4448, stack(0x000000fb8f500000,0x000000fb8f600000)]
  0x000002b41421b950 JavaThread "Active Thread: Equinox Container: 20d7eff0-4cf5-4f02-b26b-c6db8c46e179" [_thread_blocked, id=8988, stack(0x000000fb8fe00000,0x000000fb8ff00000)]
  0x000002b41421a510 JavaThread "Framework Event Dispatcher: Equinox Container: 20d7eff0-4cf5-4f02-b26b-c6db8c46e179" daemon [_thread_blocked, id=8416, stack(0x000000fb8f700000,0x000000fb8f800000)]
  0x000002b41421cd90 JavaThread "Start Level: Equinox Container: 20d7eff0-4cf5-4f02-b26b-c6db8c46e179" daemon [_thread_blocked, id=1056, stack(0x000000fb8ff00000,0x000000fb90000000)]
  0x000002b41421b440 JavaThread "Bundle File Closer" daemon [_thread_blocked, id=8600, stack(0x000000fb90100000,0x000000fb90200000)]
  0x000002b41421af30 JavaThread "SCR Component Actor" daemon [_thread_blocked, id=1636, stack(0x000000fb8f400000,0x000000fb8f500000)]
  0x000002b41421d2a0 JavaThread "Worker-JM" [_thread_blocked, id=1344, stack(0x000000fb90400000,0x000000fb90500000)]
  0x000002b414152310 JavaThread "Java indexing" daemon [_thread_blocked, id=864, stack(0x000000fb90900000,0x000000fb90a00000)]
  0x000002b414154170 JavaThread "JNA Cleaner" daemon [_thread_blocked, id=11884, stack(0x000000fb90a00000,0x000000fb90b00000)]
  0x000002b4141550a0 JavaThread "pool-2-thread-1" [_thread_blocked, id=3496, stack(0x000000fb90d00000,0x000000fb90e00000)]
  0x000002b4141518f0 JavaThread "WorkspaceEventsHandler" [_thread_blocked, id=2936, stack(0x000000fb90e00000,0x000000fb90f00000)]
  0x000002b41414f070 JavaThread "pool-1-thread-1" [_thread_in_native, id=10220, stack(0x000000fb90f00000,0x000000fb91000000)]
  0x000002b414155ac0 JavaThread "Java Debug Server" daemon [_thread_in_native, id=1844, stack(0x000000fb90c00000,0x000000fb90d00000)]
  0x000002b41414f580 JavaThread "pool-21-thread-1" [_thread_in_native, id=6372, stack(0x000000fb91000000,0x000000fb91100000)]
  0x000002b418493750 JavaThread "RxSchedulerPurge-1" daemon [_thread_blocked, id=9996, stack(0x000000fb91100000,0x000000fb91200000)]
  0x000002b418496f00 JavaThread "RxCachedWorkerPoolEvictor-1" daemon [_thread_blocked, id=12648, stack(0x000000fb91200000,0x000000fb91300000)]
  0x000002b418257500 JavaThread "Worker-34" [_thread_blocked, id=12700, stack(0x000000fb8e600000,0x000000fb8e700000)]
  0x000002b41848fa90 JavaThread "Worker-43" [_thread_blocked, id=9568, stack(0x000000fb91900000,0x000000fb91a00000)]
  0x000002b418494170 JavaThread "RxNewThreadScheduler-3" daemon [_thread_blocked, id=2152, stack(0x000000fb91300000,0x000000fb91400000)]
  0x000002b4184950a0 JavaThread "Packet Receive Manager" daemon [_thread_in_native, id=11320, stack(0x000000fb91500000,0x000000fb91600000)]
  0x000002b4184918f0 JavaThread "Packet Send Manager" daemon [_thread_blocked, id=16036, stack(0x000000fb91d00000,0x000000fb91e00000)]
  0x000002b414219af0 JavaThread "Event Hub" daemon [_thread_blocked, id=8728, stack(0x000000fb91600000,0x000000fb91700000)]
  0x000002b41421c370 JavaThread "ForkJoinPool.commonPool-worker-108" daemon [_thread_blocked, id=15992, stack(0x000000fb8e400000,0x000000fb8e500000)]
  0x000002b41414ffa0 JavaThread "ForkJoinPool.commonPool-worker-109" daemon [_thread_blocked, id=14136, stack(0x000000fb8e500000,0x000000fb8e600000)]

Other Threads:
  0x000002b47eb5fb00 VMThread "VM Thread" [stack: 0x000000fb8e900000,0x000000fb8ea00000] [id=272]
  0x000002b4133b7980 WatcherThread [stack: 0x000000fb8f600000,0x000000fb8f700000] [id=12816]
=>0x000002b477d659e0 GCTaskThread "GC Thread#0" [stack: 0x000000fb8e800000,0x000000fb8e900000] [id=11192]
  0x000002b41440c1f0 GCTaskThread "GC Thread#1" [stack: 0x000000fb8f800000,0x000000fb8f900000] [id=10188]
  0x000002b41440c6c0 GCTaskThread "GC Thread#2" [stack: 0x000000fb8f900000,0x000000fb8fa00000] [id=11104]
  0x000002b41440c980 GCTaskThread "GC Thread#3" [stack: 0x000000fb8fa00000,0x000000fb8fb00000] [id=11172]
  0x000002b4144b8450 GCTaskThread "GC Thread#4" [stack: 0x000000fb8fb00000,0x000000fb8fc00000] [id=6872]
  0x000002b4144b8710 GCTaskThread "GC Thread#5" [stack: 0x000000fb8fc00000,0x000000fb8fd00000] [id=2728]
  0x000002b4144b89d0 GCTaskThread "GC Thread#6" [stack: 0x000000fb8fd00000,0x000000fb8fe00000] [id=15712]
  0x000002b41473ce30 GCTaskThread "GC Thread#7" [stack: 0x000000fb90000000,0x000000fb90100000] [id=7116]

Threads with active compile tasks:

VM state: at safepoint (normal execution)

VM Mutex/Monitor currently owned by a thread:  ([mutex/lock_event])
[0x000002b477d4b330] Threads_lock - owner thread: 0x000002b47eb5fb00
[0x000002b477d4c650] Heap_lock - owner thread: 0x000002b41421c370

Heap address: 0x00000000c0000000, size: 1024 MB, Compressed Oops mode: 32-bit

CDS archive(s) not mapped
Compressed class space mapped at: 0x0000000100000000-0x0000000140000000, reserved size: 1073741824
Narrow klass base: 0x0000000000000000, Narrow klass shift: 3, Narrow klass range: 0x140000000

GC Precious Log:
 CPUs: 8 total, 8 available
 Memory: 16238M
 Large Page Support: Disabled
 NUMA Support: Disabled
 Compressed Oops: Enabled (32-bit)
 Alignments: Space 512K, Generation 512K, Heap 2M
 Heap Min Capacity: 100M
 Heap Initial Capacity: 100M
 Heap Max Capacity: 1G
 Pre-touch: Disabled
 Parallel Workers: 8

Heap:
 PSYoungGen      total 1024K, used 499K [0x00000000eab00000, 0x00000000eb480000, 0x0000000100000000)
  eden space 512K, 0% used [0x00000000eab00000,0x00000000eab00000,0x00000000eab80000)
  from space 512K, 97% used [0x00000000eae80000,0x00000000eaefce20,0x00000000eaf00000)
  to   space 3072K, 0% used [0x00000000eab80000,0x00000000eab80000,0x00000000eae80000)
 ParOldGen       total 152576K, used 152455K [0x00000000c0000000, 0x00000000c9500000, 0x00000000eab00000)
  object space 152576K, 99% used [0x00000000c0000000,0x00000000c94e1c10,0x00000000c9500000)
 Metaspace       used 96361K, committed 97728K, reserved 1179648K
  class space    used 9604K, committed 10240K, reserved 1048576K

Card table byte_map: [0x000002b47c400000,0x000002b47c610000] _byte_map_base: 0x000002b47be00000

Marking Bits: (ParMarkBitMap*) 0x00007ffeddacd0b0
 Begin Bits: [0x000002b47c770000, 0x000002b47d770000)
 End Bits:   [0x000002b47d770000, 0x000002b47e770000)

Polling page: 0x000002b477c00000

Metaspace:

Usage:
  Non-class:     84.72 MB used.
      Class:      9.38 MB used.
       Both:     94.10 MB used.

Virtual space:
  Non-class space:      128.00 MB reserved,      85.44 MB ( 67%) committed,  2 nodes.
      Class space:        1.00 GB reserved,      10.00 MB ( <1%) committed,  1 nodes.
             Both:        1.12 GB reserved,      95.44 MB (  8%) committed. 

Chunk freelists:
   Non-Class:  9.83 MB
       Class:  6.04 MB
        Both:  15.87 MB

MaxMetaspaceSize: unlimited
CompressedClassSpaceSize: 1.00 GB
Initial GC threshold: 21.00 MB
Current GC threshold: 158.75 MB
CDS: off
MetaspaceReclaimPolicy: balanced
 - commit_granule_bytes: 65536.
 - commit_granule_words: 8192.
 - virtual_space_node_default_size: 8388608.
 - enlarge_chunks_in_place: 1.
 - new_chunks_are_fully_committed: 0.
 - uncommit_free_chunks: 1.
 - use_allocation_guard: 0.
 - handle_deallocations: 1.


Internal statistics:

num_allocs_failed_limit: 9.
num_arena_births: 1592.
num_arena_deaths: 770.
num_vsnodes_births: 3.
num_vsnodes_deaths: 0.
num_space_committed: 1550.
num_space_uncommitted: 23.
num_chunks_returned_to_freelist: 1124.
num_chunks_taken_from_freelist: 6474.
num_chunk_merges: 370.
num_chunk_splits: 3617.
num_chunks_enlarged: 1944.
num_inconsistent_stats: 0.

CodeHeap 'non-profiled nmethods': size=120000Kb used=28165Kb max_used=28165Kb free=91834Kb
 bounds [0x000002b407ad0000, 0x000002b409660000, 0x000002b40f000000]
CodeHeap 'profiled nmethods': size=120000Kb used=42793Kb max_used=42793Kb free=77206Kb
 bounds [0x000002b400000000, 0x000002b4029e0000, 0x000002b407530000]
CodeHeap 'non-nmethods': size=5760Kb used=1433Kb max_used=1545Kb free=4326Kb
 bounds [0x000002b407530000, 0x000002b4077a0000, 0x000002b407ad0000]
 total_blobs=21330 nmethods=20547 adapters=690
 compilation: enabled
              stopped_count=0, restarted_count=0
 full_count=0

Compilation events (20 events):
Event: 22078.592 Thread 0x000002b413060ab0 28914       4       java.nio.ByteBuffer::get (54 bytes)
Event: 22078.592 Thread 0x000002b413061d00 28915       3       org.eclipse.jdi.internal.jdwp.JdwpPacket::build (217 bytes)
Event: 22078.592 Thread 0x000002b413061d00 nmethod 28915 0x000002b4029d1d90 code [0x000002b4029d1fa0, 0x000002b4029d2998]
Event: 22078.593 Thread 0x000002b413061d00 28917       3       org.eclipse.jdi.internal.connect.PacketReceiveManager::removeReplyPacket (48 bytes)
Event: 22078.593 Thread 0x000002b413061d00 nmethod 28917 0x000002b4029d2d90 code [0x000002b4029d2fe0, 0x000002b4029d3968]
Event: 22078.601 Thread 0x000002b413060ab0 nmethod 28914 0x000002b40964f490 code [0x000002b40964f640, 0x000002b40964fe98]
Event: 22078.601 Thread 0x000002b413060ab0 28916   !   4       java.nio.ByteBuffer::getArray (121 bytes)
Event: 22078.607 Thread 0x000002b413060ab0 nmethod 28916 0x000002b409650690 code [0x000002b409650820, 0x000002b409650df8]
Event: 22976.465 Thread 0x000002b413061d00 28918       3       com.google.gson.internal.bind.JsonTreeReader::<init> (44 bytes)
Event: 22976.465 Thread 0x000002b413061d00 nmethod 28918 0x000002b4029d3c90 code [0x000002b4029d3e40, 0x000002b4029d41d8]
Event: 22976.901 Thread 0x000002b413061d00 28919       3       org.eclipse.jdt.core.dom.ASTConverter::convert (77 bytes)
Event: 22976.901 Thread 0x000002b413061d00 nmethod 28919 0x000002b4029d4310 code [0x000002b4029d4560, 0x000002b4029d4d88]
Event: 22976.901 Thread 0x000002b413061d00 28920       3       org.eclipse.jdt.internal.compiler.lookup.RawTypeBinding::computeUniqueKey (192 bytes)
Event: 22976.902 Thread 0x000002b413061d00 nmethod 28920 0x000002b4029d5110 code [0x000002b4029d54e0, 0x000002b4029d6ff8]
Event: 22979.337 Thread 0x000002b413061d00 28922       3       org.eclipse.jdt.internal.core.Buffer::notifyChanged (52 bytes)
Event: 22979.338 Thread 0x000002b413061d00 nmethod 28922 0x000002b4029d7810 code [0x000002b4029d7ae0, 0x000002b4029d8ad8]
Event: 22979.338 Thread 0x000002b413061d00 28921       1       org.eclipse.jdt.ls.core.internal.DocumentAdapter::getOwner (5 bytes)
Event: 22979.338 Thread 0x000002b413061d00 nmethod 28921 0x000002b409651290 code [0x000002b409651420, 0x000002b4096514f8]
Event: 22979.377 Thread 0x000002b413061d00 28923       3       org.eclipse.jdt.internal.corext.dom.ScopeAnalyzer$ScopeAnalyzerVisitor::visit (19 bytes)
Event: 22979.377 Thread 0x000002b413061d00 nmethod 28923 0x000002b4029d9110 code [0x000002b4029d92c0, 0x000002b4029d9598]

GC Heap History (20 events):
Event: 19130.927 GC heap after
{Heap after GC invocations=6838 (full 174):
 PSYoungGen      total 3584K, used 416K [0x00000000eab00000, 0x00000000eaf00000, 0x0000000100000000)
  eden space 2560K, 0% used [0x00000000eab00000,0x00000000eab00000,0x00000000ead80000)
  from space 1024K, 40% used [0x00000000ead80000,0x00000000eade8000,0x00000000eae80000)
  to   space 512K, 0% used [0x00000000eae80000,0x00000000eae80000,0x00000000eaf00000)
 ParOldGen       total 152064K, used 147690K [0x00000000c0000000, 0x00000000c9480000, 0x00000000eab00000)
  object space 152064K, 97% used [0x00000000c0000000,0x00000000c903ab50,0x00000000c9480000)
 Metaspace       used 96343K, committed 97728K, reserved 1179648K
  class space    used 9604K, committed 10240K, reserved 1048576K
}
Event: 22976.887 GC heap before
{Heap before GC invocations=6839 (full 174):
 PSYoungGen      total 3584K, used 2972K [0x00000000eab00000, 0x00000000eaf00000, 0x0000000100000000)
  eden space 2560K, 99% used [0x00000000eab00000,0x00000000ead7f2c8,0x00000000ead80000)
  from space 1024K, 40% used [0x00000000ead80000,0x00000000eade8000,0x00000000eae80000)
  to   space 512K, 0% used [0x00000000eae80000,0x00000000eae80000,0x00000000eaf00000)
 ParOldGen       total 152064K, used 147690K [0x00000000c0000000, 0x00000000c9480000, 0x00000000eab00000)
  object space 152064K, 97% used [0x00000000c0000000,0x00000000c903ab50,0x00000000c9480000)
 Metaspace       used 96358K, committed 97728K, reserved 1179648K
  class space    used 9604K, committed 10240K, reserved 1048576K
}
Event: 22976.888 GC heap after
{Heap after GC invocations=6839 (full 174):
 PSYoungGen      total 3072K, used 256K [0x00000000eab00000, 0x00000000eaf00000, 0x0000000100000000)
  eden space 2560K, 0% used [0x00000000eab00000,0x00000000eab00000,0x00000000ead80000)
  from space 512K, 50% used [0x00000000eae80000,0x00000000eaec0000,0x00000000eaf00000)
  to   space 512K, 0% used [0x00000000eae00000,0x00000000eae00000,0x00000000eae80000)
 ParOldGen       total 152064K, used 148033K [0x00000000c0000000, 0x00000000c9480000, 0x00000000eab00000)
  object space 152064K, 97% used [0x00000000c0000000,0x00000000c90905d0,0x00000000c9480000)
 Metaspace       used 96358K, committed 97728K, reserved 1179648K
  class space    used 9604K, committed 10240K, reserved 1048576K
}
Event: 22976.892 GC heap before
{Heap before GC invocations=6840 (full 174):
 PSYoungGen      total 3072K, used 2816K [0x00000000eab00000, 0x00000000eaf00000, 0x0000000100000000)
  eden space 2560K, 100% used [0x00000000eab00000,0x00000000ead80000,0x00000000ead80000)
  from space 512K, 50% used [0x00000000eae80000,0x00000000eaec0000,0x00000000eaf00000)
  to   space 512K, 0% used [0x00000000eae00000,0x00000000eae00000,0x00000000eae80000)
 ParOldGen       total 152064K, used 148033K [0x00000000c0000000, 0x00000000c9480000, 0x00000000eab00000)
  object space 152064K, 97% used [0x00000000c0000000,0x00000000c90905d0,0x00000000c9480000)
 Metaspace       used 96358K, committed 97728K, reserved 1179648K
  class space    used 9604K, committed 10240K, reserved 1048576K
}
Event: 22976.893 GC heap after
{Heap after GC invocations=6840 (full 174):
 PSYoungGen      total 3072K, used 506K [0x00000000eab00000, 0x00000000eaf80000, 0x0000000100000000)
  eden space 2560K, 0% used [0x00000000eab00000,0x00000000eab00000,0x00000000ead80000)
  from space 512K, 98% used [0x00000000eae00000,0x00000000eae7e920,0x00000000eae80000)
  to   space 1024K, 0% used [0x00000000eae80000,0x00000000eae80000,0x00000000eaf80000)
 ParOldGen       total 152064K, used 148201K [0x00000000c0000000, 0x00000000c9480000, 0x00000000eab00000)
  object space 152064K, 97% used [0x00000000c0000000,0x00000000c90ba5d0,0x00000000c9480000)
 Metaspace       used 96358K, committed 97728K, reserved 1179648K
  class space    used 9604K, committed 10240K, reserved 1048576K
}
Event: 22977.802 GC heap before
{Heap before GC invocations=6841 (full 174):
 PSYoungGen      total 3072K, used 3066K [0x00000000eab00000, 0x00000000eaf80000, 0x0000000100000000)
  eden space 2560K, 100% used [0x00000000eab00000,0x00000000ead80000,0x00000000ead80000)
  from space 512K, 98% used [0x00000000eae00000,0x00000000eae7e920,0x00000000eae80000)
  to   space 1024K, 0% used [0x00000000eae80000,0x00000000eae80000,0x00000000eaf80000)
 ParOldGen       total 152064K, used 148201K [0x00000000c0000000, 0x00000000c9480000, 0x00000000eab00000)
  object space 152064K, 97% used [0x00000000c0000000,0x00000000c90ba5d0,0x00000000c9480000)
 Metaspace       used 96360K, committed 97728K, reserved 1179648K
  class space    used 9604K, committed 10240K, reserved 1048576K
}
Event: 22977.803 GC heap after
{Heap after GC invocations=6841 (full 174):
 PSYoungGen      total 3584K, used 544K [0x00000000eab00000, 0x00000000eaf80000, 0x0000000100000000)
  eden space 2560K, 0% used [0x00000000eab00000,0x00000000eab00000,0x00000000ead80000)
  from space 1024K, 53% used [0x00000000eae80000,0x00000000eaf08000,0x00000000eaf80000)
  to   space 1024K, 0% used [0x00000000ead80000,0x00000000ead80000,0x00000000eae80000)
 ParOldGen       total 152064K, used 148710K [0x00000000c0000000, 0x00000000c9480000, 0x00000000eab00000)
  object space 152064K, 97% used [0x00000000c0000000,0x00000000c9139810,0x00000000c9480000)
 Metaspace       used 96360K, committed 97728K, reserved 1179648K
  class space    used 9604K, committed 10240K, reserved 1048576K
}
Event: 22977.806 GC heap before
{Heap before GC invocations=6842 (full 174):
 PSYoungGen      total 3584K, used 3104K [0x00000000eab00000, 0x00000000eaf80000, 0x0000000100000000)
  eden space 2560K, 100% used [0x00000000eab00000,0x00000000ead80000,0x00000000ead80000)
  from space 1024K, 53% used [0x00000000eae80000,0x00000000eaf08000,0x00000000eaf80000)
  to   space 1024K, 0% used [0x00000000ead80000,0x00000000ead80000,0x00000000eae80000)
 ParOldGen       total 152064K, used 148710K [0x00000000c0000000, 0x00000000c9480000, 0x00000000eab00000)
  object space 152064K, 97% used [0x00000000c0000000,0x00000000c9139810,0x00000000c9480000)
 Metaspace       used 96360K, committed 97728K, reserved 1179648K
  class space    used 9604K, committed 10240K, reserved 1048576K
}
Event: 22977.807 GC heap after
{Heap after GC invocations=6842 (full 174):
 PSYoungGen      total 3584K, used 762K [0x00000000eab00000, 0x00000000eaf80000, 0x0000000100000000)
  eden space 2560K, 0% used [0x00000000eab00000,0x00000000eab00000,0x00000000ead80000)
  from space 1024K, 74% used [0x00000000ead80000,0x00000000eae3e920,0x00000000eae80000)
  to   space 1024K, 0% used [0x00000000eae80000,0x00000000eae80000,0x00000000eaf80000)
 ParOldGen       total 152064K, used 149153K [0x00000000c0000000, 0x00000000c9480000, 0x00000000eab00000)
  object space 152064K, 98% used [0x00000000c0000000,0x00000000c91a84d0,0x00000000c9480000)
 Metaspace       used 96360K, committed 97728K, reserved 1179648K
  class space    used 9604K, committed 10240K, reserved 1048576K
}
Event: 22979.317 GC heap before
{Heap before GC invocations=6843 (full 174):
 PSYoungGen      total 3584K, used 3322K [0x00000000eab00000, 0x00000000eaf80000, 0x0000000100000000)
  eden space 2560K, 100% used [0x00000000eab00000,0x00000000ead80000,0x00000000ead80000)
  from space 1024K, 74% used [0x00000000ead80000,0x00000000eae3e920,0x00000000eae80000)
  to   space 1024K, 0% used [0x00000000eae80000,0x00000000eae80000,0x00000000eaf80000)
 ParOldGen       total 152064K, used 149153K [0x00000000c0000000, 0x00000000c9480000, 0x00000000eab00000)
  object space 152064K, 98% used [0x00000000c0000000,0x00000000c91a84d0,0x00000000c9480000)
 Metaspace       used 96360K, committed 97728K, reserved 1179648K
  class space    used 9604K, committed 10240K, reserved 1048576K
}
Event: 22979.318 GC heap after
{Heap after GC invocations=6843 (full 174):
 PSYoungGen      total 3072K, used 224K [0x00000000eab00000, 0x00000000eaf00000, 0x0000000100000000)
  eden space 2560K, 0% used [0x00000000eab00000,0x00000000eab00000,0x00000000ead80000)
  from space 512K, 43% used [0x00000000eae80000,0x00000000eaeb8000,0x00000000eaf00000)
  to   space 512K, 0% used [0x00000000eae00000,0x00000000eae00000,0x00000000eae80000)
 ParOldGen       total 152064K, used 149153K [0x00000000c0000000, 0x00000000c9480000, 0x00000000eab00000)
  object space 152064K, 98% used [0x00000000c0000000,0x00000000c91a84d0,0x00000000c9480000)
 Metaspace       used 96360K, committed 97728K, reserved 1179648K
  class space    used 9604K, committed 10240K, reserved 1048576K
}
Event: 22979.322 GC heap before
{Heap before GC invocations=6844 (full 174):
 PSYoungGen      total 3072K, used 2784K [0x00000000eab00000, 0x00000000eaf00000, 0x0000000100000000)
  eden space 2560K, 100% used [0x00000000eab00000,0x00000000ead80000,0x00000000ead80000)
  from space 512K, 43% used [0x00000000eae80000,0x00000000eaeb8000,0x00000000eaf00000)
  to   space 512K, 0% used [0x00000000eae00000,0x00000000eae00000,0x00000000eae80000)
 ParOldGen       total 152064K, used 149153K [0x00000000c0000000, 0x00000000c9480000, 0x00000000eab00000)
  object space 152064K, 98% used [0x00000000c0000000,0x00000000c91a84d0,0x00000000c9480000)
 Metaspace       used 96360K, committed 97728K, reserved 1179648K
  class space    used 9604K, committed 10240K, reserved 1048576K
}
Event: 22979.323 GC heap after
{Heap after GC invocations=6844 (full 174):
 PSYoungGen      total 3072K, used 490K [0x00000000eab00000, 0x00000000eaf80000, 0x0000000100000000)
  eden space 2560K, 0% used [0x00000000eab00000,0x00000000eab00000,0x00000000ead80000)
  from space 512K, 95% used [0x00000000eae00000,0x00000000eae7a930,0x00000000eae80000)
  to   space 1024K, 0% used [0x00000000eae80000,0x00000000eae80000,0x00000000eaf80000)
 ParOldGen       total 152064K, used 149305K [0x00000000c0000000, 0x00000000c9480000, 0x00000000eab00000)
  object space 152064K, 98% used [0x00000000c0000000,0x00000000c91ce4d0,0x00000000c9480000)
 Metaspace       used 96360K, committed 97728K, reserved 1179648K
  class space    used 9604K, committed 10240K, reserved 1048576K
}
Event: 22979.334 GC heap before
{Heap before GC invocations=6845 (full 174):
 PSYoungGen      total 3072K, used 3050K [0x00000000eab00000, 0x00000000eaf80000, 0x0000000100000000)
  eden space 2560K, 100% used [0x00000000eab00000,0x00000000ead80000,0x00000000ead80000)
  from space 512K, 95% used [0x00000000eae00000,0x00000000eae7a930,0x00000000eae80000)
  to   space 1024K, 0% used [0x00000000eae80000,0x00000000eae80000,0x00000000eaf80000)
 ParOldGen       total 152064K, used 149305K [0x00000000c0000000, 0x00000000c9480000, 0x00000000eab00000)
  object space 152064K, 98% used [0x00000000c0000000,0x00000000c91ce4d0,0x00000000c9480000)
 Metaspace       used 96360K, committed 97728K, reserved 1179648K
  class space    used 9604K, committed 10240K, reserved 1048576K
}
Event: 22979.335 GC heap after
{Heap after GC invocations=6845 (full 174):
 PSYoungGen      total 3584K, used 544K [0x00000000eab00000, 0x00000000eaf80000, 0x0000000100000000)
  eden space 2560K, 0% used [0x00000000eab00000,0x00000000eab00000,0x00000000ead80000)
  from space 1024K, 53% used [0x00000000eae80000,0x00000000eaf08000,0x00000000eaf80000)
  to   space 1024K, 0% used [0x00000000ead80000,0x00000000ead80000,0x00000000eae80000)
 ParOldGen       total 152064K, used 149789K [0x00000000c0000000, 0x00000000c9480000, 0x00000000eab00000)
  object space 152064K, 98% used [0x00000000c0000000,0x00000000c9247710,0x00000000c9480000)
 Metaspace       used 96360K, committed 97728K, reserved 1179648K
  class space    used 9604K, committed 10240K, reserved 1048576K
}
Event: 22979.380 GC heap before
{Heap before GC invocations=6846 (full 174):
 PSYoungGen      total 3584K, used 2806K [0x00000000eab00000, 0x00000000eaf80000, 0x0000000100000000)
  eden space 2560K, 88% used [0x00000000eab00000,0x00000000ead35820,0x00000000ead80000)
  from space 1024K, 53% used [0x00000000eae80000,0x00000000eaf08000,0x00000000eaf80000)
  to   space 1024K, 0% used [0x00000000ead80000,0x00000000ead80000,0x00000000eae80000)
 ParOldGen       total 152064K, used 149789K [0x00000000c0000000, 0x00000000c9480000, 0x00000000eab00000)
  object space 152064K, 98% used [0x00000000c0000000,0x00000000c9247710,0x00000000c9480000)
 Metaspace       used 96361K, committed 97728K, reserved 1179648K
  class space    used 9604K, committed 10240K, reserved 1048576K
}
Event: 22979.381 GC heap after
{Heap after GC invocations=6846 (full 174):
 PSYoungGen      total 3584K, used 308K [0x00000000eab00000, 0x00000000eaf00000, 0x0000000100000000)
  eden space 2560K, 0% used [0x00000000eab00000,0x00000000eab00000,0x00000000ead80000)
  from space 1024K, 30% used [0x00000000ead80000,0x00000000eadcd200,0x00000000eae80000)
  to   space 512K, 0% used [0x00000000eae80000,0x00000000eae80000,0x00000000eaf00000)
 ParOldGen       total 152064K, used 150234K [0x00000000c0000000, 0x00000000c9480000, 0x00000000eab00000)
  object space 152064K, 98% used [0x00000000c0000000,0x00000000c92b6be0,0x00000000c9480000)
 Metaspace       used 96361K, committed 97728K, reserved 1179648K
  class space    used 9604K, committed 10240K, reserved 1048576K
}
Event: 22979.385 GC heap before
{Heap before GC invocations=6847 (full 174):
 PSYoungGen      total 3584K, used 2868K [0x00000000eab00000, 0x00000000eaf00000, 0x0000000100000000)
  eden space 2560K, 100% used [0x00000000eab00000,0x00000000ead80000,0x00000000ead80000)
  from space 1024K, 30% used [0x00000000ead80000,0x00000000eadcd200,0x00000000eae80000)
  to   space 512K, 0% used [0x00000000eae80000,0x00000000eae80000,0x00000000eaf00000)
 ParOldGen       total 152064K, used 150234K [0x00000000c0000000, 0x00000000c9480000, 0x00000000eab00000)
  object space 152064K, 98% used [0x00000000c0000000,0x00000000c92b6be0,0x00000000c9480000)
 Metaspace       used 96361K, committed 97728K, reserved 1179648K
  class space    used 9604K, committed 10240K, reserved 1048576K
}
Event: 22979.386 GC heap after
{Heap after GC invocations=6847 (full 174):
 PSYoungGen      total 1024K, used 499K [0x00000000eab00000, 0x00000000eb480000, 0x0000000100000000)
  eden space 512K, 0% used [0x00000000eab00000,0x00000000eab00000,0x00000000eab80000)
  from space 512K, 97% used [0x00000000eae80000,0x00000000eaefce20,0x00000000eaf00000)
  to   space 3072K, 0% used [0x00000000eab80000,0x00000000eab80000,0x00000000eae80000)
 ParOldGen       total 152576K, used 152455K [0x00000000c0000000, 0x00000000c9500000, 0x00000000eab00000)
  object space 152576K, 99% used [0x00000000c0000000,0x00000000c94e1c10,0x00000000c9500000)
 Metaspace       used 96361K, committed 97728K, reserved 1179648K
  class space    used 9604K, committed 10240K, reserved 1048576K
}
Event: 22979.386 GC heap before
{Heap before GC invocations=6848 (full 175):
 PSYoungGen      total 1024K, used 499K [0x00000000eab00000, 0x00000000eb480000, 0x0000000100000000)
  eden space 512K, 0% used [0x00000000eab00000,0x00000000eab00000,0x00000000eab80000)
  from space 512K, 97% used [0x00000000eae80000,0x00000000eaefce20,0x00000000eaf00000)
  to   space 3072K, 0% used [0x00000000eab80000,0x00000000eab80000,0x00000000eae80000)
 ParOldGen       total 152576K, used 152455K [0x00000000c0000000, 0x00000000c9500000, 0x00000000eab00000)
  object space 152576K, 99% used [0x00000000c0000000,0x00000000c94e1c10,0x00000000c9500000)
 Metaspace       used 96361K, committed 97728K, reserved 1179648K
  class space    used 9604K, committed 10240K, reserved 1048576K
}

Dll operation events (10 events):
Event: 0.016 Loaded shared library c:\Users\vijay\.vscode\extensions\redhat.java-1.26.0-win32-x64\jre\17.0.9-win32-x86_64\bin\java.dll
Event: 0.127 Loaded shared library c:\Users\vijay\.vscode\extensions\redhat.java-1.26.0-win32-x64\jre\17.0.9-win32-x86_64\bin\zip.dll
Event: 0.129 Loaded shared library C:\Users\vijay\.vscode\extensions\redhat.java-1.26.0-win32-x64\jre\17.0.9-win32-x86_64\bin\instrument.dll
Event: 0.140 Loaded shared library C:\Users\vijay\.vscode\extensions\redhat.java-1.26.0-win32-x64\jre\17.0.9-win32-x86_64\bin\net.dll
Event: 0.142 Loaded shared library C:\Users\vijay\.vscode\extensions\redhat.java-1.26.0-win32-x64\jre\17.0.9-win32-x86_64\bin\nio.dll
Event: 0.148 Loaded shared library C:\Users\vijay\.vscode\extensions\redhat.java-1.26.0-win32-x64\jre\17.0.9-win32-x86_64\bin\zip.dll
Event: 0.161 Loaded shared library C:\Users\vijay\.vscode\extensions\redhat.java-1.26.0-win32-x64\jre\17.0.9-win32-x86_64\bin\jimage.dll
Event: 0.202 Loaded shared library c:\Users\vijay\.vscode\extensions\redhat.java-1.26.0-win32-x64\jre\17.0.9-win32-x86_64\bin\verify.dll
Event: 4.857 Loaded shared library C:\Users\vijay\AppData\Roaming\Code\User\globalStorage\redhat.java\1.26.0\config_win\org.eclipse.equinox.launcher\org.eclipse.equinox.launcher.win32.win32.x86_64_1.2.800.v20231003-1442\eclipse_11802.dll
Event: 11.234 Loaded shared library C:\Users\vijay\AppData\Local\Temp\jna-112208527\jna12170021545199435975.dll

Deoptimization events (20 events):
Event: 22032.169 Thread 0x000002b4184950a0 Uncommon trap: trap_request=0xffffffbe fr.pc=0x000002b40964dfd8 relative=0x0000000000000698
Event: 22032.169 Thread 0x000002b4184950a0 Uncommon trap: reason=profile_predicate action=maybe_recompile pc=0x000002b40964dfd8 method=java.nio.ByteBuffer.getArray(I[BII)Ljava/nio/ByteBuffer; @ 97 c2
Event: 22032.169 Thread 0x000002b4184950a0 DEOPT PACKING pc=0x000002b40964dfd8 sp=0x000000fb915fed80
Event: 22032.169 Thread 0x000002b4184950a0 DEOPT UNPACKING pc=0x000002b4075866a3 sp=0x000000fb915fec98 mode 2
Event: 22032.169 Thread 0x000002b4184950a0 Uncommon trap: trap_request=0xffffffbe fr.pc=0x000002b40964dfd8 relative=0x0000000000000698
Event: 22032.169 Thread 0x000002b4184950a0 Uncommon trap: reason=profile_predicate action=maybe_recompile pc=0x000002b40964dfd8 method=java.nio.ByteBuffer.getArray(I[BII)Ljava/nio/ByteBuffer; @ 97 c2
Event: 22032.169 Thread 0x000002b4184950a0 DEOPT PACKING pc=0x000002b40964dfd8 sp=0x000000fb915fed80
Event: 22032.169 Thread 0x000002b4184950a0 DEOPT UNPACKING pc=0x000002b4075866a3 sp=0x000000fb915fec98 mode 2
Event: 22032.169 Thread 0x000002b4184950a0 Uncommon trap: trap_request=0xffffffbe fr.pc=0x000002b40964dfd8 relative=0x0000000000000698
Event: 22032.169 Thread 0x000002b4184950a0 Uncommon trap: reason=profile_predicate action=maybe_recompile pc=0x000002b40964dfd8 method=java.nio.ByteBuffer.getArray(I[BII)Ljava/nio/ByteBuffer; @ 97 c2
Event: 22032.169 Thread 0x000002b4184950a0 DEOPT PACKING pc=0x000002b40964dfd8 sp=0x000000fb915fed80
Event: 22032.169 Thread 0x000002b4184950a0 DEOPT UNPACKING pc=0x000002b4075866a3 sp=0x000000fb915fec98 mode 2
Event: 22032.169 Thread 0x000002b4184950a0 Uncommon trap: trap_request=0xffffffbe fr.pc=0x000002b40964eee0 relative=0x00000000000004c0
Event: 22032.169 Thread 0x000002b4184950a0 Uncommon trap: reason=profile_predicate action=maybe_recompile pc=0x000002b40964eee0 method=java.nio.ByteBuffer.getArray(I[BII)Ljava/nio/ByteBuffer; @ 97 c2
Event: 22032.169 Thread 0x000002b4184950a0 DEOPT PACKING pc=0x000002b40964eee0 sp=0x000000fb915fecd0
Event: 22032.169 Thread 0x000002b4184950a0 DEOPT UNPACKING pc=0x000002b4075866a3 sp=0x000000fb915fec80 mode 2
Event: 22979.357 Thread 0x000002b41421c370 Uncommon trap: trap_request=0xffffff45 fr.pc=0x000002b407f27fb8 relative=0x00000000000001b8
Event: 22979.357 Thread 0x000002b41421c370 Uncommon trap: reason=unstable_if action=reinterpret pc=0x000002b407f27fb8 method=java.util.Arrays.equals([C[C)Z @ 12 c2
Event: 22979.357 Thread 0x000002b41421c370 DEOPT PACKING pc=0x000002b407f27fb8 sp=0x000000fb8e4fdcb0
Event: 22979.357 Thread 0x000002b41421c370 DEOPT UNPACKING pc=0x000002b4075866a3 sp=0x000000fb8e4fdc68 mode 2

Classes unloaded (20 events):
Event: 18363.875 Thread 0x000002b47eb5fb00 Unloading class 0x00000001009f2000 'jdk/internal/reflect/GeneratedSerializationConstructorAccessor43'
Event: 18363.875 Thread 0x000002b47eb5fb00 Unloading class 0x00000001009f1c00 'jdk/internal/reflect/GeneratedSerializationConstructorAccessor42'
Event: 18363.875 Thread 0x000002b47eb5fb00 Unloading class 0x00000001009f1800 'jdk/internal/reflect/GeneratedSerializationConstructorAccessor41'
Event: 18363.875 Thread 0x000002b47eb5fb00 Unloading class 0x00000001009f1400 'jdk/internal/reflect/GeneratedSerializationConstructorAccessor40'
Event: 18363.875 Thread 0x000002b47eb5fb00 Unloading class 0x00000001009f1000 'jdk/internal/reflect/GeneratedSerializationConstructorAccessor39'
Event: 18363.875 Thread 0x000002b47eb5fb00 Unloading class 0x00000001009f0c00 'jdk/internal/reflect/GeneratedSerializationConstructorAccessor38'
Event: 18363.875 Thread 0x000002b47eb5fb00 Unloading class 0x00000001009f0800 'jdk/internal/reflect/GeneratedSerializationConstructorAccessor37'
Event: 18363.875 Thread 0x000002b47eb5fb00 Unloading class 0x00000001009f0400 'jdk/internal/reflect/GeneratedSerializationConstructorAccessor36'
Event: 18363.875 Thread 0x000002b47eb5fb00 Unloading class 0x00000001009f0000 'jdk/internal/reflect/GeneratedMethodAccessor93'
Event: 18363.875 Thread 0x000002b47eb5fb00 Unloading class 0x000000010098c800 'java/lang/invoke/LambdaForm$MH+0x000000010098c800'
Event: 18363.875 Thread 0x000002b47eb5fb00 Unloading class 0x0000000100991c00 'java/lang/invoke/LambdaForm$MH+0x0000000100991c00'
Event: 18363.875 Thread 0x000002b47eb5fb00 Unloading class 0x0000000100991800 'java/lang/invoke/LambdaForm$MH+0x0000000100991800'
Event: 18363.875 Thread 0x000002b47eb5fb00 Unloading class 0x0000000100949400 'java/lang/invoke/LambdaForm$MH+0x0000000100949400'
Event: 18363.876 Thread 0x000002b47eb5fb00 Unloading class 0x000000010083d800 'java/lang/invoke/LambdaForm$MH+0x000000010083d800'
Event: 18363.876 Thread 0x000002b47eb5fb00 Unloading class 0x0000000100840000 'java/lang/invoke/LambdaForm$MH+0x0000000100840000'
Event: 18363.876 Thread 0x000002b47eb5fb00 Unloading class 0x0000000100840c00 'java/lang/invoke/LambdaForm$MH+0x0000000100840c00'
Event: 18363.876 Thread 0x000002b47eb5fb00 Unloading class 0x0000000100843800 'java/lang/invoke/LambdaForm$MH+0x0000000100843800'
Event: 18363.876 Thread 0x000002b47eb5fb00 Unloading class 0x0000000100859400 'java/lang/invoke/LambdaForm$MH+0x0000000100859400'
Event: 18363.876 Thread 0x000002b47eb5fb00 Unloading class 0x00000001009b9000 'java/lang/invoke/LambdaForm$MH+0x00000001009b9000'
Event: 18363.876 Thread 0x000002b47eb5fb00 Unloading class 0x00000001008a8400 'jdk/internal/reflect/GeneratedConstructorAccessor55'

Classes redefined (0 events):
No events

Internal exceptions (20 events):
Event: 16229.072 Thread 0x000002b4141509c0 Exception <a 'java/lang/ClassNotFoundException'{0x00000000eae77080}: sun/net/www/protocol/jdt/Handler> (0x00000000eae77080) 
thrown [s\src\hotspot\share\classfile\systemDictionary.cpp, line 256]
Event: 16229.072 Thread 0x000002b4141509c0 Exception <a 'java/lang/ClassNotFoundException'{0x00000000eae79810}: sun/net/www/protocol/jdt/Handler> (0x00000000eae79810) 
thrown [s\src\hotspot\share\classfile\systemDictionary.cpp, line 256]
Event: 16229.072 Thread 0x000002b4141509c0 Exception <a 'java/lang/ClassNotFoundException'{0x00000000eae7bfe8}: sun/net/www/protocol/jdt/Handler> (0x00000000eae7bfe8) 
thrown [s\src\hotspot\share\classfile\systemDictionary.cpp, line 256]
Event: 16229.072 Thread 0x000002b4141509c0 Exception <a 'java/lang/ClassNotFoundException'{0x00000000eae7e778}: sun/net/www/protocol/jdt/Handler> (0x00000000eae7e778) 
thrown [s\src\hotspot\share\classfile\systemDictionary.cpp, line 256]
Event: 16286.909 Thread 0x000002b414153240 Implicit null exception at 0x000002b40812484f to 0x000002b408124e00
Event: 16286.922 Thread 0x000002b414153240 Exception <a 'java/lang/NoSuchMethodError'{0x00000000eb116350}: static Lorg/eclipse/m2e/core/internal/lifecyclemapping/model/PluginExecutionMetadata;.<clinit>()V> (0x00000000eb116350) 
thrown [s\src\hotspot\share\prims\jni.cpp, line 1107]
Event: 16286.923 Thread 0x000002b414153240 Exception <a 'java/lang/NoSuchMethodError'{0x00000000eb138310}: static Lorg/eclipse/m2e/core/internal/lifecyclemapping/model/PluginExecutionFilter;.<clinit>()V> (0x00000000eb138310) 
thrown [s\src\hotspot\share\prims\jni.cpp, line 1107]
Event: 16286.925 Thread 0x000002b414153240 Exception <a 'java/lang/NoSuchMethodError'{0x00000000eb153670}: static Lorg/eclipse/m2e/core/internal/project/registry/MavenProjectFacade$MavenProjectConfiguration;.<clinit>()V> (0x00000000eb153670) 
thrown [s\src\hotspot\share\prims\jni.cpp, line 1107]
Event: 16286.926 Thread 0x000002b414153240 Exception <a 'java/lang/NoSuchMethodError'{0x00000000eb16dad0}: static [J.<clinit>()V> (0x00000000eb16dad0) 
thrown [s\src\hotspot\share\prims\jni.cpp, line 1107]
Event: 16618.206 Thread 0x000002b414154b90 Exception <a 'java/lang/ClassNotFoundException'{0x00000000ead2a868}: sun/net/www/protocol/jdt/Handler> (0x00000000ead2a868) 
thrown [s\src\hotspot\share\classfile\systemDictionary.cpp, line 256]
Event: 16618.206 Thread 0x000002b414154b90 Exception <a 'java/lang/ClassNotFoundException'{0x00000000ead2e908}: sun/net/www/protocol/jdt/Handler> (0x00000000ead2e908) 
thrown [s\src\hotspot\share\classfile\systemDictionary.cpp, line 256]
Event: 16618.206 Thread 0x000002b414154b90 Exception <a 'java/lang/ClassNotFoundException'{0x00000000ead31860}: sun/net/www/protocol/jdt/Handler> (0x00000000ead31860) 
thrown [s\src\hotspot\share\classfile\systemDictionary.cpp, line 256]
Event: 18374.537 Thread 0x000002b414153c60 Implicit null exception at 0x000002b407d6398f to 0x000002b407d64288
Event: 18383.930 Thread 0x000002b414153c60 Implicit null exception at 0x000002b407d3f995 to 0x000002b407d3fb24
Event: 18498.353 Thread 0x000002b4184964e0 Exception <a 'java/lang/InterruptedException'{0x00000000eae42cf0}> (0x00000000eae42cf0) 
thrown [s\src\hotspot\share\runtime\objectMonitor.cpp, line 1658]
Event: 18499.547 Thread 0x000002b418494170 Exception <a 'sun/nio/fs/WindowsException'{0x00000000eab94cc0}> (0x00000000eab94cc0) 
thrown [s\src\hotspot\share\prims\jni.cpp, line 516]
Event: 18499.547 Thread 0x000002b418494170 Exception <a 'sun/nio/fs/WindowsException'{0x00000000eab94fb0}> (0x00000000eab94fb0) 
thrown [s\src\hotspot\share\prims\jni.cpp, line 516]
Event: 18499.547 Thread 0x000002b418494170 Exception <a 'sun/nio/fs/WindowsException'{0x00000000eab95910}> (0x00000000eab95910) 
thrown [s\src\hotspot\share\prims\jni.cpp, line 516]
Event: 18499.547 Thread 0x000002b418494170 Exception <a 'sun/nio/fs/WindowsException'{0x00000000eab95be0}> (0x00000000eab95be0) 
thrown [s\src\hotspot\share\prims\jni.cpp, line 516]
Event: 22979.357 Thread 0x000002b41421c370 Implicit null exception at 0x000002b407f27e29 to 0x000002b407f27fa8

VM Operations (20 events):
Event: 22083.801 Executing VM operation: Cleanup done
Event: 22119.801 Executing VM operation: HandshakeAllThreads
Event: 22119.801 Executing VM operation: HandshakeAllThreads done
Event: 22976.887 Executing VM operation: ParallelGCFailedAllocation
Event: 22976.888 Executing VM operation: ParallelGCFailedAllocation done
Event: 22976.892 Executing VM operation: ParallelGCFailedAllocation
Event: 22976.893 Executing VM operation: ParallelGCFailedAllocation done
Event: 22977.802 Executing VM operation: ParallelGCFailedAllocation
Event: 22977.803 Executing VM operation: ParallelGCFailedAllocation done
Event: 22977.806 Executing VM operation: ParallelGCFailedAllocation
Event: 22977.807 Executing VM operation: ParallelGCFailedAllocation done
Event: 22979.317 Executing VM operation: ParallelGCFailedAllocation
Event: 22979.318 Executing VM operation: ParallelGCFailedAllocation done
Event: 22979.322 Executing VM operation: ParallelGCFailedAllocation
Event: 22979.323 Executing VM operation: ParallelGCFailedAllocation done
Event: 22979.334 Executing VM operation: ParallelGCFailedAllocation
Event: 22979.335 Executing VM operation: ParallelGCFailedAllocation done
Event: 22979.380 Executing VM operation: ParallelGCFailedAllocation
Event: 22979.381 Executing VM operation: ParallelGCFailedAllocation done
Event: 22979.385 Executing VM operation: ParallelGCFailedAllocation

Events (20 events):
Event: 18500.388 Thread 0x000002b414219af0 Thread added: 0x000002b414219af0
Event: 18500.443 Thread 0x000002b41421c370 Thread exited: 0x000002b41421c370
Event: 18570.463 Thread 0x000002b414152d30 Thread exited: 0x000002b414152d30
Event: 18630.472 Thread 0x000002b418256ff0 Thread exited: 0x000002b418256ff0
Event: 18690.483 Thread 0x000002b4141509c0 Thread exited: 0x000002b4141509c0
Event: 18750.495 Thread 0x000002b418254c80 Thread exited: 0x000002b418254c80
Event: 18810.495 Thread 0x000002b414153750 Thread exited: 0x000002b414153750
Event: 18871.716 Thread 0x000002b41414ffa0 Thread exited: 0x000002b41414ffa0
Event: 18931.718 Thread 0x000002b4182560c0 Thread exited: 0x000002b4182560c0
Event: 18991.725 Thread 0x000002b418256ae0 Thread exited: 0x000002b418256ae0
Event: 19051.735 Thread 0x000002b414154b90 Thread exited: 0x000002b414154b90
Event: 19154.121 Thread 0x000002b4141504b0 Thread exited: 0x000002b4141504b0
Event: 19214.130 Thread 0x000002b414153c60 Thread exited: 0x000002b414153c60
Event: 19274.133 Thread 0x000002b418254260 Thread exited: 0x000002b418254260
Event: 19334.140 Thread 0x000002b418255bb0 Thread exited: 0x000002b418255bb0
Event: 19394.143 Thread 0x000002b418255190 Thread exited: 0x000002b418255190
Event: 22907.612 Thread 0x000002b41421c370 Thread added: 0x000002b41421c370
Event: 22967.614 Thread 0x000002b41421c370 Thread exited: 0x000002b41421c370
Event: 22976.464 Thread 0x000002b41421c370 Thread added: 0x000002b41421c370
Event: 22979.318 Thread 0x000002b41414ffa0 Thread added: 0x000002b41414ffa0


Dynamic libraries:
0x00007ff7132b0000 - 0x00007ff7132be000 	c:\Users\vijay\.vscode\extensions\redhat.java-1.26.0-win32-x64\jre\17.0.9-win32-x86_64\bin\java.exe
0x00007fff42350000 - 0x00007fff42548000 	C:\Windows\SYSTEM32\ntdll.dll
0x00007fff41090000 - 0x00007fff4114d000 	C:\Windows\System32\KERNEL32.DLL
0x00007fff3fb40000 - 0x00007fff3fe36000 	C:\Windows\System32\KERNELBASE.dll
0x00007fff401e0000 - 0x00007fff402e0000 	C:\Windows\System32\ucrtbase.dll
0x00007fff36f80000 - 0x00007fff36f9b000 	c:\Users\vijay\.vscode\extensions\redhat.java-1.26.0-win32-x64\jre\17.0.9-win32-x86_64\bin\VCRUNTIME140.dll
0x00007fff3ba10000 - 0x00007fff3ba27000 	c:\Users\vijay\.vscode\extensions\redhat.java-1.26.0-win32-x64\jre\17.0.9-win32-x86_64\bin\jli.dll
0x00007fff40a10000 - 0x00007fff40bae000 	C:\Windows\System32\USER32.dll
0x00007fff3ff90000 - 0x00007fff3ffb2000 	C:\Windows\System32\win32u.dll
0x00007fff33490000 - 0x00007fff3372a000 	C:\Windows\WinSxS\amd64_microsoft.windows.common-controls_6595b64144ccf1df_6.0.19041.3636_none_60b6a03d71f818d5\COMCTL32.dll
0x00007fff41060000 - 0x00007fff4108c000 	C:\Windows\System32\GDI32.dll
0x00007fff41530000 - 0x00007fff415ce000 	C:\Windows\System32\msvcrt.dll
0x00007fff3fa20000 - 0x00007fff3fb3a000 	C:\Windows\System32\gdi32full.dll
0x00007fff3fe40000 - 0x00007fff3fedd000 	C:\Windows\System32\msvcp_win.dll
0x00007fff40c30000 - 0x00007fff40c60000 	C:\Windows\System32\IMM32.DLL
0x00007fff36f30000 - 0x00007fff36f3c000 	c:\Users\vijay\.vscode\extensions\redhat.java-1.26.0-win32-x64\jre\17.0.9-win32-x86_64\bin\vcruntime140_1.dll
0x00007fff120d0000 - 0x00007fff1215d000 	c:\Users\vijay\.vscode\extensions\redhat.java-1.26.0-win32-x64\jre\17.0.9-win32-x86_64\bin\msvcp140.dll
0x00007ffedcf30000 - 0x00007ffeddb91000 	c:\Users\vijay\.vscode\extensions\redhat.java-1.26.0-win32-x64\jre\17.0.9-win32-x86_64\bin\server\jvm.dll
0x00007fff418b0000 - 0x00007fff41963000 	C:\Windows\System32\ADVAPI32.dll
0x00007fff40c60000 - 0x00007fff40cff000 	C:\Windows\System32\sechost.dll
0x00007fff421e0000 - 0x00007fff42306000 	C:\Windows\System32\RPCRT4.dll
0x00007fff40370000 - 0x00007fff40397000 	C:\Windows\System32\bcrypt.dll
0x00007fff3ef60000 - 0x00007fff3efab000 	C:\Windows\SYSTEM32\POWRPROF.dll
0x00007fff24090000 - 0x00007fff24099000 	C:\Windows\SYSTEM32\WSOCK32.dll
0x00007fff326c0000 - 0x00007fff326e7000 	C:\Windows\SYSTEM32\WINMM.dll
0x00007fff378d0000 - 0x00007fff378da000 	C:\Windows\SYSTEM32\VERSION.dll
0x00007fff403a0000 - 0x00007fff4040b000 	C:\Windows\System32\WS2_32.dll
0x00007fff3ee30000 - 0x00007fff3ee42000 	C:\Windows\SYSTEM32\UMPDC.dll
0x00007fff3e260000 - 0x00007fff3e272000 	C:\Windows\SYSTEM32\kernel.appcore.dll
0x00007fff36a70000 - 0x00007fff36a7a000 	c:\Users\vijay\.vscode\extensions\redhat.java-1.26.0-win32-x64\jre\17.0.9-win32-x86_64\bin\jimage.dll
0x00007fff3d7e0000 - 0x00007fff3d9c4000 	C:\Windows\SYSTEM32\DBGHELP.DLL
0x00007fff26970000 - 0x00007fff269a4000 	C:\Windows\SYSTEM32\dbgcore.DLL
0x00007fff402e0000 - 0x00007fff40362000 	C:\Windows\System32\bcryptPrimitives.dll
0x00007fff36a20000 - 0x00007fff36a2e000 	c:\Users\vijay\.vscode\extensions\redhat.java-1.26.0-win32-x64\jre\17.0.9-win32-x86_64\bin\instrument.dll
0x00007fff365e0000 - 0x00007fff36605000 	c:\Users\vijay\.vscode\extensions\redhat.java-1.26.0-win32-x64\jre\17.0.9-win32-x86_64\bin\java.dll
0x00007fff368b0000 - 0x00007fff368c8000 	c:\Users\vijay\.vscode\extensions\redhat.java-1.26.0-win32-x64\jre\17.0.9-win32-x86_64\bin\zip.dll
0x00007fff41a90000 - 0x00007fff421d5000 	C:\Windows\System32\SHELL32.dll
0x00007fff3dab0000 - 0x00007fff3e24b000 	C:\Windows\SYSTEM32\windows.storage.dll
0x00007fff40d00000 - 0x00007fff41054000 	C:\Windows\System32\combase.dll
0x00007fff3f450000 - 0x00007fff3f47d000 	C:\Windows\SYSTEM32\Wldp.dll
0x00007fff40410000 - 0x00007fff404bd000 	C:\Windows\System32\SHCORE.dll
0x00007fff41850000 - 0x00007fff418a5000 	C:\Windows\System32\shlwapi.dll
0x00007fff3f950000 - 0x00007fff3f975000 	C:\Windows\SYSTEM32\profapi.dll
0x00007fff365c0000 - 0x00007fff365d9000 	C:\Users\vijay\.vscode\extensions\redhat.java-1.26.0-win32-x64\jre\17.0.9-win32-x86_64\bin\net.dll
0x00007fff3c380000 - 0x00007fff3c48a000 	C:\Windows\SYSTEM32\WINHTTP.dll
0x00007fff3f1b0000 - 0x00007fff3f21a000 	C:\Windows\system32\mswsock.dll
0x00007fff32440000 - 0x00007fff32456000 	C:\Users\vijay\.vscode\extensions\redhat.java-1.26.0-win32-x64\jre\17.0.9-win32-x86_64\bin\nio.dll
0x00007fff367f0000 - 0x00007fff36800000 	c:\Users\vijay\.vscode\extensions\redhat.java-1.26.0-win32-x64\jre\17.0.9-win32-x86_64\bin\verify.dll
0x00007fff1cae0000 - 0x00007fff1cb1e000 	C:\Users\vijay\AppData\Roaming\Code\User\globalStorage\redhat.java\1.26.0\config_win\org.eclipse.equinox.launcher\org.eclipse.equinox.launcher.win32.win32.x86_64_1.2.800.v20231003-1442\eclipse_11802.dll
0x00007fff41150000 - 0x00007fff4127b000 	C:\Windows\System32\ole32.dll
0x00007fff3f3a0000 - 0x00007fff3f3b8000 	C:\Windows\SYSTEM32\CRYPTSP.dll
0x00007fff3ea70000 - 0x00007fff3eaa4000 	C:\Windows\system32\rsaenh.dll
0x00007fff3f910000 - 0x00007fff3f93e000 	C:\Windows\SYSTEM32\USERENV.dll
0x00007fff3f3c0000 - 0x00007fff3f3cc000 	C:\Windows\SYSTEM32\CRYPTBASE.dll
0x00007fff3ee50000 - 0x00007fff3ee8b000 	C:\Windows\SYSTEM32\IPHLPAPI.DLL
0x00007fff41330000 - 0x00007fff41338000 	C:\Windows\System32\NSI.dll
0x00007fff35210000 - 0x00007fff35227000 	C:\Windows\SYSTEM32\dhcpcsvc6.DLL
0x00007fff36020000 - 0x00007fff3603d000 	C:\Windows\SYSTEM32\dhcpcsvc.DLL
0x00007fff3ee90000 - 0x00007fff3ef5a000 	C:\Windows\SYSTEM32\DNSAPI.dll
0x00007fff17080000 - 0x00007fff170c5000 	C:\Users\vijay\AppData\Local\Temp\jna-112208527\jna12170021545199435975.dll
0x00007fff41840000 - 0x00007fff41848000 	C:\Windows\System32\PSAPI.DLL

dbghelp: loaded successfully - version: 4.0.5 - missing functions: none
symbol engine: initialized successfully - sym options: 0x614 - pdb path: .;c:\Users\vijay\.vscode\extensions\redhat.java-1.26.0-win32-x64\jre\17.0.9-win32-x86_64\bin;C:\Windows\SYSTEM32;C:\Windows\WinSxS\amd64_microsoft.windows.common-controls_6595b64144ccf1df_6.0.19041.3636_none_60b6a03d71f818d5;c:\Users\vijay\.vscode\extensions\redhat.java-1.26.0-win32-x64\jre\17.0.9-win32-x86_64\bin\server;C:\Users\vijay\AppData\Roaming\Code\User\globalStorage\redhat.java\1.26.0\config_win\org.eclipse.equinox.launcher\org.eclipse.equinox.launcher.win32.win32.x86_64_1.2.800.v20231003-1442;C:\Users\vijay\AppData\Local\Temp\jna-112208527

VM Arguments:
jvm_args: --add-modules=ALL-SYSTEM --add-opens=java.base/java.util=ALL-UNNAMED --add-opens=java.base/java.lang=ALL-UNNAMED --add-opens=java.base/sun.nio.fs=ALL-UNNAMED -Declipse.application=org.eclipse.jdt.ls.core.id1 -Dosgi.bundles.defaultStartLevel=4 -Declipse.product=org.eclipse.jdt.ls.core.product -Djava.import.generatesMetadataFilesAtProjectRoot=false -DDetectVMInstallationsJob.disabled=true -Dfile.encoding=utf8 -XX:+UseParallelGC -XX:GCTimeRatio=4 -XX:AdaptiveSizePolicyWeight=90 -Dsun.zip.disableMemoryMapping=true -Xmx1G -Xms100m -Xlog:disable -javaagent:c:\Users\vijay\.vscode\extensions\redhat.java-1.26.0-win32-x64\lombok\lombok-1.18.31-3454.jar -XX:+HeapDumpOnOutOfMemoryError -XX:HeapDumpPath=c:\Users\vijay\AppData\Roaming\Code\User\workspaceStorage\76c1107fe8591dd7646c0e0b73a37fb0\redhat.java -Daether.dependencyCollector.impl=bf 
java_command: c:\Users\vijay\.vscode\extensions\redhat.java-1.26.0-win32-x64\server\plugins\org.eclipse.equinox.launcher_1.6.700.v20231214-2017.jar -configuration c:\Users\vijay\AppData\Roaming\Code\User\globalStorage\redhat.java\1.26.0\config_win -data c:\Users\vijay\AppData\Roaming\Code\User\workspaceStorage\76c1107fe8591dd7646c0e0b73a37fb0\redhat.java\jdt_ws --stdio
java_class_path (initial): c:\Users\vijay\.vscode\extensions\redhat.java-1.26.0-win32-x64\server\plugins\org.eclipse.equinox.launcher_1.6.700.v20231214-2017.jar
Launcher Type: SUN_STANDARD

[Global flags]
    uintx AdaptiveSizePolicyWeight                 = 90                                        {product} {command line}
     intx CICompilerCount                          = 4                                         {product} {ergonomic}
    uintx GCTimeRatio                              = 4                                         {product} {command line}
     bool HeapDumpOnOutOfMemoryError               = true                                   {manageable} {command line}
    ccstr HeapDumpPath                             = c:\Users\vijay\AppData\Roaming\Code\User\workspaceStorage\76c1107fe8591dd7646c0e0b73a37fb0\redhat.java         {manageable} {command line}
   size_t InitialHeapSize                          = 104857600                                 {product} {command line}
   size_t MaxHeapSize                              = 1073741824                                {product} {command line}
   size_t MaxNewSize                               = 357564416                                 {product} {ergonomic}
   size_t MinHeapDeltaBytes                        = 524288                                    {product} {ergonomic}
   size_t MinHeapSize                              = 104857600                                 {product} {command line}
   size_t NewSize                                  = 34603008                                  {product} {ergonomic}
    uintx NonNMethodCodeHeapSize                   = 5839372                                {pd product} {ergonomic}
    uintx NonProfiledCodeHeapSize                  = 122909434                              {pd product} {ergonomic}
   size_t OldSize                                  = 70254592                                  {product} {ergonomic}
    uintx ProfiledCodeHeapSize                     = 122909434                              {pd product} {ergonomic}
    uintx ReservedCodeCacheSize                    = 251658240                              {pd product} {ergonomic}
     bool SegmentedCodeCache                       = true                                      {product} {ergonomic}
   size_t SoftMaxHeapSize                          = 1073741824                             {manageable} {ergonomic}
     bool UseCompressedClassPointers               = true                           {product lp64_product} {ergonomic}
     bool UseCompressedOops                        = true                           {product lp64_product} {ergonomic}
     bool UseLargePagesIndividualAllocation        = false                                  {pd product} {ergonomic}
     bool UseParallelGC                            = true                                      {product} {command line}

Logging:
Log output configuration:
 #0: stdout all=off uptime,level,tags
 #1: stderr all=off uptime,level,tags

Environment Variables:
JAVA_HOME=C:\Program Files\Java\jdk-21\bin
PATH=C:\Program Files\Common Files\Oracle\Java\javapath;C:\Program Files (x86)\Common Files\Oracle\Java\javapath;C:\Windows\system32;C:\Windows;C:\Windows\System32\Wbem;C:\Windows\System32\WindowsPowerShell\v1.0\;C:\Windows\System32\OpenSSH\;C:\Program Files\Intel\WiFi\bin\;C:\Program Files\Common Files\Intel\WirelessCommon\;C:\Program Files\Git\cmd;C:\Program Files\nodejs\;C:\Program Files\Java\jdk1.8.0_202\bin;C:\Program Files\MySQL\mysql-connector-j-8.1.0;C:\Program Files\Java\jdk-21;C:\Program Files\MySQL\MySQL Shell 8.0\bin\;C:\Users\vijay\AppData\Local\Microsoft\WindowsApps;C:\Users\vijay\AppData\Local\Programs\Microsoft VS Code\bin;C:\Users\vijay\AppData\Roaming\npm;C:\Program Files\Java\jdk1.8.0_202\bin;C:\Program Files\Java\jdk-21;
USERNAME=vijay
OS=Windows_NT
PROCESSOR_IDENTIFIER=Intel64 Family 6 Model 142 Stepping 10, GenuineIntel
TMP=C:\Users\vijay\AppData\Local\Temp
TEMP=C:\Users\vijay\AppData\Local\Temp



Periodic native trim disabled


---------------  S Y S T E M  ---------------

OS:
 Windows 10 , 64 bit Build 19041 (10.0.19041.3636)
OS uptime: 4 days 23:47 hours

CPU: total 8 (initial active 8) (4 cores per cpu, 2 threads per core) family 6 model 142 stepping 10 microcode 0xf0, cx8, cmov, fxsr, ht, mmx, 3dnowpref, sse, sse2, sse3, ssse3, sse4.1, sse4.2, popcnt, lzcnt, tsc, tscinvbit, avx, avx2, aes, erms, clmul, bmi1, bmi2, adx, fma, vzeroupper, clflush, clflushopt
Processor Information for all 8 processors :
  Max Mhz: 1800, Current Mhz: 1600, Mhz Limit: 1584

Memory: 4k page, system-wide physical 16238M (8105M free)
TotalPageFile size 18670M (AvailPageFile size 8187M)
current process WorkingSet (physical memory assigned to process): 449M, peak: 487M
current process commit charge ("private bytes"): 507M, peak: 536M

vm_info: OpenJDK 64-Bit Server VM (17.0.9+9) for windows-amd64 JRE (17.0.9+9), built on Oct 26 2023 14:01:42 by "admin" with MS VC++ 16.10 / 16.11 (VS2019)

END.
