#
# A fatal error has been detected by the Java Runtime Environment:
#
#  EXCEPTION_ACCESS_VIOLATION (0xc0000005) at pc=0x00007ff87568ff36, pid=15268, tid=9284
#
# JRE version: OpenJDK Runtime Environment Temurin-17.0.9+9 (17.0.9+9) (build 17.0.9+9)
# Java VM: OpenJDK 64-Bit Server VM Temurin-17.0.9+9 (17.0.9+9, mixed mode, tiered, compressed oops, compressed class ptrs, parallel gc, windows-amd64)
# Problematic frame:
# V  [jvm.dll+0x6aff36]
#
# No core dump will be written. Minidumps are not enabled by default on client versions of Windows
#
# If you would like to submit a bug report, please visit:
#   https://github.com/adoptium/adoptium-support/issues
#

---------------  S U M M A R Y ------------

Command Line: --add-modules=ALL-SYSTEM --add-opens=java.base/java.util=ALL-UNNAMED --add-opens=java.base/java.lang=ALL-UNNAMED --add-opens=java.base/sun.nio.fs=ALL-UNNAMED -Declipse.application=org.eclipse.jdt.ls.core.id1 -Dosgi.bundles.defaultStartLevel=4 -Declipse.product=org.eclipse.jdt.ls.core.product -Djava.import.generatesMetadataFilesAtProjectRoot=false -DDetectVMInstallationsJob.disabled=true -Dfile.encoding=utf8 -XX:+UseParallelGC -XX:GCTimeRatio=4 -XX:AdaptiveSizePolicyWeight=90 -Dsun.zip.disableMemoryMapping=true -Xmx1G -Xms100m -Xlog:disable -javaagent:c:\Users\vijay\.vscode\extensions\redhat.java-1.26.0-win32-x64\lombok\lombok-1.18.31-3454.jar -XX:+HeapDumpOnOutOfMemoryError -XX:HeapDumpPath=c:\Users\vijay\AppData\Roaming\Code\User\workspaceStorage\76c1107fe8591dd7646c0e0b73a37fb0\redhat.java -Daether.dependencyCollector.impl=bf c:\Users\vijay\.vscode\extensions\redhat.java-1.26.0-win32-x64\server\plugins\org.eclipse.equinox.launcher_1.6.700.v20231214-2017.jar -configuration c:\Users\vijay\AppData\Roaming\Code\User\globalStorage\redhat.java\1.26.0\config_win -data c:\Users\vijay\AppData\Roaming\Code\User\workspaceStorage\76c1107fe8591dd7646c0e0b73a37fb0\redhat.java\jdt_ws --stdio

Host: Intel(R) Core(TM) i5-8250U CPU @ 1.60GHz, 8 cores, 15G,  Windows 10 , 64 bit Build 19041 (10.0.19041.3636)
Time: Fri Jan 19 11:01:29 2024 India Standard Time elapsed time: 1167.078093 seconds (0d 0h 19m 27s)

---------------  T H R E A D  ---------------

Current thread (0x000002e8f4e7d860):  GCTaskThread "GC Thread#7" [stack: 0x000000f053e00000,0x000000f053f00000] [id=9284]

Stack: [0x000000f053e00000,0x000000f053f00000],  sp=0x000000f053eff4d0,  free space=1021k
Native frames: (J=compiled Java code, j=interpreted, Vv=VM code, C=native code)
V  [jvm.dll+0x6aff36]
V  [jvm.dll+0x6b03f6]
V  [jvm.dll+0x6b891c]
V  [jvm.dll+0x6b991a]
V  [jvm.dll+0x861e7b]
V  [jvm.dll+0x861ec6]
V  [jvm.dll+0x7e3c3a]
V  [jvm.dll+0x67be35]
C  [ucrtbase.dll+0x21bb2]
C  [KERNEL32.DLL+0x17344]
C  [ntdll.dll+0x526b1]


siginfo: EXCEPTION_ACCESS_VIOLATION (0xc0000005), reading address 0xffffffffffffffff


Registers:
RAX=0x1fffffffe8008000, RBX=0x0000000000040000, RCX=0x0000000000000000, RDX=0x000002e8f9bf0000
RSP=0x000000f053eff4d0, RBP=0x000002e8fbcf8570, RSI=0x000000000000000e, RDI=0x00000000ec5e3094
R8 =0x007fffffffa00200, R9 =0x000000000000696e, R10=0x00000000cb79fa90, R11=0x000000000000016f
R12=0x000000f0527ff0f8, R13=0x0000000000000010, R14=0x00000000ec5e3230, R15=0x0000000000000000
RIP=0x00007ff87568ff36, EFLAGS=0x0000000000010206


Register to memory mapping:

RIP=0x00007ff87568ff36 jvm.dll
RAX=0x1fffffffe8008000 is an unknown value
RBX=0x0000000000040000 is an unknown value
RCX=0x0 is NULL
RDX=0x000002e8f9bf0000 points into unknown readable memory: 0x0000000000000001 | 01 00 00 00 00 00 00 00
RSP=0x000000f053eff4d0 points into unknown readable memory: 0x00000000cb79fa90 | 90 fa 79 cb 00 00 00 00
RBP=0x000002e8fbcf8570 points into unknown readable memory: 0x000002e8f4d80150 | 50 01 d8 f4 e8 02 00 00
RSI=0x000000000000000e is an unknown value
RDI=0x00000000ec5e3094 points into unknown readable memory: 00 00 04 00
R8 =0x007fffffffa00200 is an unknown value
R9 =0x000000000000696e is an unknown value
R10=0x00000000cb79fa90 is an oop: [C 
{0x00000000cb79fa90} - klass: {type array char}
 - length: 48
R11=0x000000000000016f is an unknown value
R12=0x000000f0527ff0f8 points into unknown readable memory: 0x0000000000000008 | 08 00 00 00 00 00 00 00
R13=0x0000000000000010 is an unknown value
R14=0x00000000ec5e3230 points into unknown readable memory: 0x00000000cb7947f8 | f8 47 79 cb 00 00 00 00
R15=0x0 is NULL


Top of Stack: (sp=0x000000f053eff4d0)
0x000000f053eff4d0:   00000000cb79fa90 00000000ec5e3090
0x000000f053eff4e0:   000000000000651c 00007ff875991018
0x000000f053eff4f0:   00007ff875b0c790 00007ff8756903f6
0x000000f053eff500:   000002e8fbcf8570 00007ff8758fbb90
0x000000f053eff510:   00007ff875991018 00000000000000f2
0x000000f053eff520:   00000000ec5cd220 0000000100005000
0x000000f053eff530:   0000000100041de8 00007ff87568ea0e
0x000000f053eff540:   00000000c03e509c 00007ff87568ff7e
0x000000f053eff550:   00007ff8758fbb90 000002e8f6f5c8a0
0x000000f053eff560:   0000000000000003 000002e8fbcf8570
0x000000f053eff570:   0000000000000000 0000000000000000
0x000000f053eff580:   0000000000000001 00000000ec5d1230
0x000000f053eff590:   00000000ec5d1230 000000000000000c
0x000000f053eff5a0:   000002e8fbcf8570 00007ff87569891c
0x000000f053eff5b0:   00000000cbd1fe58 00009bd10000651c
0x000000f053eff5c0:   0000013a000000f2 00000000cbd1fe58
0x000000f053eff5d0:   00000000ec5cd220 00007ff800000800
0x000000f053eff5e0:   00007ff800000003 000002e8fbcf8570
0x000000f053eff5f0:   0000000000000000 0000000000000000
0x000000f053eff600:   0000000000000020 000002e8942580c0
0x000000f053eff610:   000000f0527ff0b8 000000f0527fefb0
0x000000f053eff620:   0000000000000000 00007ff87569991a
0x000000f053eff630:   0000000000000005 000000f053eff6b0
0x000000f053eff640:   0000000000000000 0000000000000001
0x000000f053eff650:   000000f0527ff350 000002e8945ae620
0x000000f053eff660:   0000000100000003 000002e8fbcf8570
0x000000f053eff670:   00007ff875991808 000002e8fbcf8570
0x000000f053eff680:   00007ff875991a10 0000000000000001
0x000000f053eff690:   0000000000000000 0000000000000001
0x000000f053eff6a0:   0000000000000001 00001f785deebeeb
0x000000f053eff6b0:   0000000000000000 000002e8f4e7d860
0x000000f053eff6c0:   0000000000000000 0000000000000000 

Instructions: (pc=0x00007ff87568ff36)
0x00007ff87568fe36:   48 8b 74 24 48 48 83 c4 20 5f c3 cc cc cc cc cc
0x00007ff87568fe46:   cc cc cc cc cc cc cc cc cc cc 48 89 5c 24 08 48
0x00007ff87568fe56:   89 6c 24 10 48 89 74 24 18 48 89 7c 24 20 41 56
0x00007ff87568fe66:   48 83 ec 20 80 3d 72 34 4d 00 00 bb 10 00 00 00
0x00007ff87568fe76:   48 8b e9 4d 63 d0 4c 8b da 8b c3 8d 4b fc 0f 84
0x00007ff87568fe86:   06 01 00 00 44 0f b6 0d 52 34 4d 00 45 84 c9 0f
0x00007ff87568fe96:   45 c1 4c 63 04 10 49 8b d2 49 8b c0 49 2b c2 41
0x00007ff87568fea6:   ba 00 08 00 00 49 3b c2 4c 0f 42 d0 b8 18 00 00
0x00007ff87568feb6:   00 4c 03 d2 45 84 c9 0f 45 c3 49 03 c3 48 8d 3c
0x00007ff87568fec6:   90 4e 8d 34 90 4d 3b d0 73 0e 4d 8b c2 49 8b d3
0x00007ff87568fed6:   48 8b cd e8 82 0b 00 00 49 3b fe 0f 83 90 01 00
0x00007ff87568fee6:   00 66 0f 1f 84 00 00 00 00 00 8b 07 85 c0 0f 84
0x00007ff87568fef6:   84 00 00 00 8b 0d e8 73 46 00 8b d8 48 8b 15 d7
0x00007ff87568ff06:   cf 4e 00 48 d3 e3 48 03 1d cd 73 46 00 8b 0d 1f
0x00007ff87568ff16:   83 46 00 48 8b c3 48 2b 02 48 8b 52 10 48 c1 e8
0x00007ff87568ff26:   03 48 d3 e8 4c 8b c0 24 3f 49 c1 e8 06 0f b6 c8
0x00007ff87568ff36:   4a 8b 04 c2 48 0f a3 c8 72 3e 48 8b cb e8 58 cb
0x00007ff87568ff46:   95 ff 48 63 f0 48 8d 0d 5e d1 4e 00 4c 8b c6 48
0x00007ff87568ff56:   8b d3 e8 f3 72 fd ff 84 c0 74 1d 4c 8b c6 48 8d
0x00007ff87568ff66:   0d 85 d1 4e 00 48 8b d3 e8 0d 2f 00 00 48 8b d3
0x00007ff87568ff76:   48 8b cd e8 42 0a 00 00 48 83 c7 04 49 3b fe 0f
0x00007ff87568ff86:   82 65 ff ff ff e9 e7 00 00 00 0f b6 15 4d 33 4d
0x00007ff87568ff96:   00 84 d2 48 0f 45 c1 49 8b ca 4e 63 0c 18 49 8b
0x00007ff87568ffa6:   c1 49 2b c2 41 ba 00 08 00 00 49 3b c2 4c 0f 42
0x00007ff87568ffb6:   d0 b8 18 00 00 00 4c 03 d1 84 d2 48 0f 45 c3 49
0x00007ff87568ffc6:   03 c3 48 8d 3c c8 4e 8d 34 d0 4d 3b d1 73 0e 4d
0x00007ff87568ffd6:   8b c2 49 8b d3 48 8b cd e8 7d 0a 00 00 49 3b fe
0x00007ff87568ffe6:   0f 83 8b 00 00 00 0f 1f 40 00 48 8b 1f 48 85 db
0x00007ff87568fff6:   74 72 48 8b 15 e1 ce 4e 00 48 8b c3 8b 0d 30 82
0x00007ff875690006:   46 00 48 2b 02 48 8b 52 10 48 c1 e8 03 48 d3 e8
0x00007ff875690016:   4c 8b c0 24 3f 49 c1 e8 06 0f b6 c8 4a 8b 04 c2
0x00007ff875690026:   48 0f a3 c8 72 3e 48 8b cb e8 6c ca 95 ff 48 63 


Stack slot to memory mapping:
stack at sp + 0 slots: 0x00000000cb79fa90 is an oop: [C 
{0x00000000cb79fa90} - klass: {type array char}
 - length: 48
stack at sp + 1 slots: 0x00000000ec5e3090 points into unknown readable memory: 0x00040000cb79fa90 | 90 fa 79 cb 00 00 04 00
stack at sp + 2 slots: 0x000000000000651c is an unknown value
stack at sp + 3 slots: 0x00007ff875991018 jvm.dll
stack at sp + 4 slots: 0x00007ff875b0c790 jvm.dll
stack at sp + 5 slots: 0x00007ff8756903f6 jvm.dll
stack at sp + 6 slots: 0x000002e8fbcf8570 points into unknown readable memory: 0x000002e8f4d80150 | 50 01 d8 f4 e8 02 00 00
stack at sp + 7 slots: 0x00007ff8758fbb90 jvm.dll


---------------  P R O C E S S  ---------------

Threads class SMR info:
_java_thread_list=0x000002e8983ff240, length=40, elements={
0x000002e8f6f50480, 0x000002e8fbde5e50, 0x000002e8fbde6be0, 0x000002e8942824f0,
0x000002e894283a20, 0x000002e8942847b0, 0x000002e894289a90, 0x000002e89428dc40,
0x000002e8942d8d60, 0x000002e8fbdedb50, 0x000002e894360150, 0x000002e8945cade0,
0x000002e895aae990, 0x000002e895b1e550, 0x000002e895b12020, 0x000002e895724880,
0x000002e895fa2410, 0x000002e895395f90, 0x000002e8953978e0, 0x000002e895398810,
0x000002e8953973d0, 0x000002e895397df0, 0x000002e895398300, 0x000002e8966ca4c0,
0x000002e8966c9080, 0x000002e8966c4eb0, 0x000002e8966caee0, 0x000002e8a2607010,
0x000002e8a2602930, 0x000002e8a26056c0, 0x000002e8a2606b00, 0x000002e8a2602e40,
0x000002e8a2603860, 0x000002e8a2600ad0, 0x000002e8a2607a30, 0x000002e8a2603350,
0x000002e8a26000b0, 0x000002e8a2604790, 0x000002e8a2607520, 0x000002e8a2604ca0
}

Java Threads: ( => current thread )
  0x000002e8f6f50480 JavaThread "main" [_thread_blocked, id=15264, stack(0x000000f052500000,0x000000f052600000)]
  0x000002e8fbde5e50 JavaThread "Reference Handler" daemon [_thread_blocked, id=15240, stack(0x000000f052800000,0x000000f052900000)]
  0x000002e8fbde6be0 JavaThread "Finalizer" daemon [_thread_blocked, id=14532, stack(0x000000f052900000,0x000000f052a00000)]
  0x000002e8942824f0 JavaThread "Signal Dispatcher" daemon [_thread_blocked, id=15248, stack(0x000000f052a00000,0x000000f052b00000)]
  0x000002e894283a20 JavaThread "Attach Listener" daemon [_thread_blocked, id=15220, stack(0x000000f052b00000,0x000000f052c00000)]
  0x000002e8942847b0 JavaThread "Service Thread" daemon [_thread_blocked, id=13580, stack(0x000000f052c00000,0x000000f052d00000)]
  0x000002e894289a90 JavaThread "Monitor Deflation Thread" daemon [_thread_blocked, id=13568, stack(0x000000f052d00000,0x000000f052e00000)]
  0x000002e89428dc40 JavaThread "C2 CompilerThread0" daemon [_thread_blocked, id=14344, stack(0x000000f052e00000,0x000000f052f00000)]
  0x000002e8942d8d60 JavaThread "C1 CompilerThread0" daemon [_thread_blocked, id=14444, stack(0x000000f052f00000,0x000000f053000000)]
  0x000002e8fbdedb50 JavaThread "Sweeper thread" daemon [_thread_blocked, id=15204, stack(0x000000f053000000,0x000000f053100000)]
  0x000002e894360150 JavaThread "Common-Cleaner" daemon [_thread_blocked, id=14472, stack(0x000000f053100000,0x000000f053200000)]
  0x000002e8945cade0 JavaThread "Notification Thread" daemon [_thread_blocked, id=14456, stack(0x000000f053300000,0x000000f053400000)]
  0x000002e895aae990 JavaThread "Active Thread: Equinox Container: 84df76ff-dd1d-4376-909b-6b32561f1e3b" [_thread_blocked, id=14488, stack(0x000000f053b00000,0x000000f053c00000)]
  0x000002e895b1e550 JavaThread "Framework Event Dispatcher: Equinox Container: 84df76ff-dd1d-4376-909b-6b32561f1e3b" daemon [_thread_blocked, id=15080, stack(0x000000f053c00000,0x000000f053d00000)]
  0x000002e895b12020 JavaThread "Start Level: Equinox Container: 84df76ff-dd1d-4376-909b-6b32561f1e3b" daemon [_thread_blocked, id=8392, stack(0x000000f053d00000,0x000000f053e00000)]
  0x000002e895724880 JavaThread "Bundle File Closer" daemon [_thread_blocked, id=11220, stack(0x000000f053f00000,0x000000f054000000)]
  0x000002e895fa2410 JavaThread "SCR Component Actor" daemon [_thread_blocked, id=7668, stack(0x000000f053a00000,0x000000f053b00000)]
  0x000002e895395f90 JavaThread "Worker-JM" [_thread_blocked, id=10440, stack(0x000000f054200000,0x000000f054300000)]
  0x000002e8953978e0 JavaThread "Java indexing" daemon [_thread_blocked, id=6668, stack(0x000000f054600000,0x000000f054700000)]
  0x000002e895398810 JavaThread "JNA Cleaner" daemon [_thread_blocked, id=6328, stack(0x000000f054800000,0x000000f054900000)]
  0x000002e8953973d0 JavaThread "pool-2-thread-1" [_thread_blocked, id=10592, stack(0x000000f054b00000,0x000000f054c00000)]
  0x000002e895397df0 JavaThread "WorkspaceEventsHandler" [_thread_blocked, id=3572, stack(0x000000f054c00000,0x000000f054d00000)]
  0x000002e895398300 JavaThread "pool-1-thread-1" [_thread_in_native, id=12048, stack(0x000000f054d00000,0x000000f054e00000)]
  0x000002e8966ca4c0 JavaThread "ForkJoinPool.commonPool-worker-10" daemon [_thread_blocked, id=15288, stack(0x000000f054400000,0x000000f054500000)]
  0x000002e8966c9080 JavaThread "ForkJoinPool.commonPool-worker-11" daemon [_thread_blocked, id=15224, stack(0x000000f054500000,0x000000f054600000)]
  0x000002e8966c4eb0 JavaThread "ForkJoinPool.commonPool-worker-12" daemon [_thread_blocked, id=6096, stack(0x000000f054700000,0x000000f054800000)]
  0x000002e8966caee0 JavaThread "ForkJoinPool.commonPool-worker-13" daemon [_thread_blocked, id=8264, stack(0x000000f054900000,0x000000f054a00000)]
  0x000002e8a2607010 JavaThread "Java Debug Server" daemon [_thread_in_native, id=5508, stack(0x000000f052200000,0x000000f052300000)]
  0x000002e8a2602930 JavaThread "pool-5-thread-1" [_thread_in_native, id=3856, stack(0x000000f052400000,0x000000f052500000)]
  0x000002e8a26056c0 JavaThread "RxSchedulerPurge-1" daemon [_thread_blocked, id=12116, stack(0x000000f054100000,0x000000f054200000)]
  0x000002e8a2606b00 JavaThread "RxCachedWorkerPoolEvictor-1" daemon [_thread_blocked, id=5344, stack(0x000000f054a00000,0x000000f054b00000)]
  0x000002e8a2602e40 JavaThread "ForkJoinPool.commonPool-worker-14" daemon [_thread_blocked, id=9664, stack(0x000000f052300000,0x000000f052400000)]
  0x000002e8a2603860 JavaThread "ForkJoinPool.commonPool-worker-15" daemon [_thread_blocked, id=7928, stack(0x000000f054300000,0x000000f054400000)]
  0x000002e8a2600ad0 JavaThread "ForkJoinPool.commonPool-worker-16" daemon [_thread_blocked, id=1268, stack(0x000000f054f00000,0x000000f055000000)]
  0x000002e8a2607a30 JavaThread "Worker-12" [_thread_blocked, id=11536, stack(0x000000f054000000,0x000000f054100000)]
  0x000002e8a2603350 JavaThread "Worker-17" [_thread_blocked, id=6712, stack(0x000000f055700000,0x000000f055800000)]
  0x000002e8a26000b0 JavaThread "RxNewThreadScheduler-5" daemon [_thread_blocked, id=15168, stack(0x000000f054e00000,0x000000f054f00000)]
  0x000002e8a2604790 JavaThread "Packet Receive Manager" daemon [_thread_in_native, id=4884, stack(0x000000f055100000,0x000000f055200000)]
  0x000002e8a2607520 JavaThread "Packet Send Manager" daemon [_thread_blocked, id=6020, stack(0x000000f055a00000,0x000000f055b00000)]
  0x000002e8a2604ca0 JavaThread "Event Hub" daemon [_thread_blocked, id=14276, stack(0x000000f055800000,0x000000f055900000)]

Other Threads:
  0x000002e8f700cf70 VMThread "VM Thread" [stack: 0x000000f052700000,0x000000f052800000] [id=13044]
  0x000002e8945ca1c0 WatcherThread [stack: 0x000000f053400000,0x000000f053500000] [id=14484]
  0x000002e8f6f68730 GCTaskThread "GC Thread#0" [stack: 0x000000f052600000,0x000000f052700000] [id=15260]
  0x000002e895a9e530 GCTaskThread "GC Thread#1" [stack: 0x000000f053200000,0x000000f053300000] [id=3384]
  0x000002e894573100 GCTaskThread "GC Thread#2" [stack: 0x000000f053500000,0x000000f053600000] [id=8284]
  0x000002e8945ad3f0 GCTaskThread "GC Thread#3" [stack: 0x000000f053600000,0x000000f053700000] [id=8468]
  0x000002e8958d7480 GCTaskThread "GC Thread#4" [stack: 0x000000f053700000,0x000000f053800000] [id=11688]
  0x000002e8958d7740 GCTaskThread "GC Thread#5" [stack: 0x000000f053800000,0x000000f053900000] [id=11196]
  0x000002e895a40760 GCTaskThread "GC Thread#6" [stack: 0x000000f053900000,0x000000f053a00000] [id=14412]
=>0x000002e8f4e7d860 GCTaskThread "GC Thread#7" [stack: 0x000000f053e00000,0x000000f053f00000] [id=9284]

Threads with active compile tasks:
C2 CompilerThread0  1167203 17338 %s!   4       org.eclipse.jdt.internal.core.index.DiskIndex::readCategoryTable @ 250 (698 bytes)

VM state: at safepoint (normal execution)

VM Mutex/Monitor currently owned by a thread:  ([mutex/lock_event])
[0x000002e8f6f4c480] Threads_lock - owner thread: 0x000002e8f700cf70
[0x000002e8f6f4d0e0] Heap_lock - owner thread: 0x000002e8a2603860

Heap address: 0x00000000c0000000, size: 1024 MB, Compressed Oops mode: 32-bit

CDS archive(s) not mapped
Compressed class space mapped at: 0x0000000100000000-0x0000000140000000, reserved size: 1073741824
Narrow klass base: 0x0000000000000000, Narrow klass shift: 3, Narrow klass range: 0x140000000

GC Precious Log:
 CPUs: 8 total, 8 available
 Memory: 16238M
 Large Page Support: Disabled
 NUMA Support: Disabled
 Compressed Oops: Enabled (32-bit)
 Alignments: Space 512K, Generation 512K, Heap 2M
 Heap Min Capacity: 100M
 Heap Initial Capacity: 100M
 Heap Max Capacity: 1G
 Pre-touch: Disabled
 Parallel Workers: 8

Heap:
 PSYoungGen      total 10240K, used 9706K [0x00000000eab00000, 0x00000000eec80000, 0x0000000100000000)
  eden space 512K, 0% used [0x00000000eab00000,0x00000000eab00000,0x00000000eab80000)
  from space 9728K, 99% used [0x00000000ec400000,0x00000000ecd7aa28,0x00000000ecd80000)
  to   space 25088K, 0% used [0x00000000eab80000,0x00000000eab80000,0x00000000ec400000)
 ParOldGen       total 198144K, used 197857K [0x00000000c0000000, 0x00000000cc180000, 0x00000000eab00000)
  object space 198144K, 99% used [0x00000000c0000000,0x00000000cc1387c8,0x00000000cc180000)
 Metaspace       used 88207K, committed 89664K, reserved 1179648K
  class space    used 9324K, committed 9984K, reserved 1048576K

Card table byte_map: [0x000002e8f68f0000,0x000002e8f6b00000] _byte_map_base: 0x000002e8f62f0000

Marking Bits: (ParMarkBitMap*) 0x00007ff875b7d0b0
 Begin Bits: [0x000002e8f9bf0000, 0x000002e8fabf0000)
 End Bits:   [0x000002e8fabf0000, 0x000002e8fbbf0000)

Polling page: 0x000002e8f4ea0000

Metaspace:

Usage:
  Non-class:     77.03 MB used.
      Class:      9.11 MB used.
       Both:     86.14 MB used.

Virtual space:
  Non-class space:      128.00 MB reserved,      77.81 MB ( 61%) committed,  2 nodes.
      Class space:        1.00 GB reserved,       9.75 MB ( <1%) committed,  1 nodes.
             Both:        1.12 GB reserved,      87.56 MB (  8%) committed. 

Chunk freelists:
   Non-Class:  1.83 MB
       Class:  6.18 MB
        Both:  8.01 MB

MaxMetaspaceSize: unlimited
CompressedClassSpaceSize: 1.00 GB
Initial GC threshold: 21.00 MB
Current GC threshold: 144.62 MB
CDS: off
MetaspaceReclaimPolicy: balanced
 - commit_granule_bytes: 65536.
 - commit_granule_words: 8192.
 - virtual_space_node_default_size: 8388608.
 - enlarge_chunks_in_place: 1.
 - new_chunks_are_fully_committed: 0.
 - uncommit_free_chunks: 1.
 - use_allocation_guard: 0.
 - handle_deallocations: 1.


Internal statistics:

num_allocs_failed_limit: 11.
num_arena_births: 1178.
num_arena_deaths: 180.
num_vsnodes_births: 3.
num_vsnodes_deaths: 0.
num_space_committed: 1401.
num_space_uncommitted: 0.
num_chunks_returned_to_freelist: 234.
num_chunks_taken_from_freelist: 5123.
num_chunk_merges: 77.
num_chunk_splits: 3091.
num_chunks_enlarged: 1723.
num_inconsistent_stats: 0.

CodeHeap 'non-profiled nmethods': size=120000Kb used=13981Kb max_used=13981Kb free=106018Kb
 bounds [0x000002e887ad0000, 0x000002e888880000, 0x000002e88f000000]
CodeHeap 'profiled nmethods': size=120000Kb used=29806Kb max_used=29806Kb free=90193Kb
 bounds [0x000002e880000000, 0x000002e881d30000, 0x000002e887530000]
CodeHeap 'non-nmethods': size=5760Kb used=1423Kb max_used=1520Kb free=4336Kb
 bounds [0x000002e887530000, 0x000002e8877a0000, 0x000002e887ad0000]
 total_blobs=14575 nmethods=13801 adapters=685
 compilation: enabled
              stopped_count=0, restarted_count=0
 full_count=0

Compilation events (20 events):
Event: 1166.950 Thread 0x000002e8942d8d60 17361       3       org.eclipse.jdt.internal.compiler.parser.Parser::consumeClassBodyDeclarationsopt (11 bytes)
Event: 1166.950 Thread 0x000002e8942d8d60 nmethod 17361 0x000002e881d11b10 code [0x000002e881d11ca0, 0x000002e881d11db8]
Event: 1166.951 Thread 0x000002e8942d8d60 17362       3       org.eclipse.jdt.internal.compiler.env.IModuleAwareNameEnvironment$LookupStrategy$1::matchesWithName (44 bytes)
Event: 1166.951 Thread 0x000002e8942d8d60 nmethod 17362 0x000002e881d11e90 code [0x000002e881d12060, 0x000002e881d123b8]
Event: 1166.951 Thread 0x000002e8942d8d60 17363       3       org.eclipse.jdt.internal.core.search.matching.JavaSearchNameEnvironment$$Lambda$545/0x000000010077b850::test (8 bytes)
Event: 1166.951 Thread 0x000002e8942d8d60 nmethod 17363 0x000002e881d12510 code [0x000002e881d126c0, 0x000002e881d12968]
Event: 1166.961 Thread 0x000002e8942d8d60 17364   !   3       org.eclipse.jdt.internal.compiler.parser.Scanner::jumpOverBody (1538 bytes)
Event: 1166.969 Thread 0x000002e8942d8d60 nmethod 17364 0x000002e881d12a90 code [0x000002e881d13120, 0x000002e881d176f8]
Event: 1166.973 Thread 0x000002e8942d8d60 17365       3       org.eclipse.jdt.core.compiler.CharOperation::equals (55 bytes)
Event: 1166.973 Thread 0x000002e8942d8d60 nmethod 17365 0x000002e881d19790 code [0x000002e881d19980, 0x000002e881d19e08]
Event: 1166.986 Thread 0x000002e8942d8d60 17366       3       org.eclipse.jdt.internal.compiler.lookup.BoundSet::copy (186 bytes)
Event: 1166.987 Thread 0x000002e8942d8d60 nmethod 17366 0x000002e881d19f90 code [0x000002e881d1a260, 0x000002e881d1b448]
Event: 1166.987 Thread 0x000002e8942d8d60 17367       3       org.eclipse.jdt.internal.compiler.lookup.BoundSet$ThreeSets::copy (106 bytes)
Event: 1166.988 Thread 0x000002e8942d8d60 nmethod 17367 0x000002e881d1b910 code [0x000002e881d1bc00, 0x000002e881d1ccf8]
Event: 1166.994 Thread 0x000002e8942d8d60 17368       3       org.eclipse.jdt.internal.core.ModuleUpdater::addReadUnnamedForNonEmptyClasspath (55 bytes)
Event: 1166.994 Thread 0x000002e8942d8d60 nmethod 17368 0x000002e881d1d190 code [0x000002e881d1d3a0, 0x000002e881d1d9b8]
Event: 1167.021 Thread 0x000002e8942d8d60 17369       3       java.util.concurrent.ForkJoinPool::helpJoin (449 bytes)
Event: 1167.025 Thread 0x000002e8942d8d60 nmethod 17369 0x000002e881d1db90 code [0x000002e881d1dee0, 0x000002e881d1fb48]
Event: 1167.025 Thread 0x000002e8942d8d60 17370       3       java.util.concurrent.ForkJoinPool::compareAndSetCtl (10 bytes)
Event: 1167.026 Thread 0x000002e8942d8d60 nmethod 17370 0x000002e881d20810 code [0x000002e881d20a40, 0x000002e881d21278]

GC Heap History (20 events):
Event: 1165.191 GC heap after
{Heap after GC invocations=844 (full 20):
 PSYoungGen      total 15872K, used 2016K [0x00000000eab00000, 0x00000000ec580000, 0x0000000100000000)
  eden space 13824K, 0% used [0x00000000eab00000,0x00000000eab00000,0x00000000eb880000)
  from space 2048K, 98% used [0x00000000eb880000,0x00000000eba78278,0x00000000eba80000)
  to   space 6656K, 0% used [0x00000000ebf00000,0x00000000ebf00000,0x00000000ec580000)
 ParOldGen       total 197120K, used 172480K [0x00000000c0000000, 0x00000000cc080000, 0x00000000eab00000)
  object space 197120K, 87% used [0x00000000c0000000,0x00000000ca8702f8,0x00000000cc080000)
 Metaspace       used 87879K, committed 89280K, reserved 1179648K
  class space    used 9290K, committed 9920K, reserved 1048576K
}
Event: 1165.250 GC heap before
{Heap before GC invocations=845 (full 20):
 PSYoungGen      total 15872K, used 15840K [0x00000000eab00000, 0x00000000ec580000, 0x0000000100000000)
  eden space 13824K, 100% used [0x00000000eab00000,0x00000000eb880000,0x00000000eb880000)
  from space 2048K, 98% used [0x00000000eb880000,0x00000000eba78278,0x00000000eba80000)
  to   space 6656K, 0% used [0x00000000ebf00000,0x00000000ebf00000,0x00000000ec580000)
 ParOldGen       total 197120K, used 172480K [0x00000000c0000000, 0x00000000cc080000, 0x00000000eab00000)
  object space 197120K, 87% used [0x00000000c0000000,0x00000000ca8702f8,0x00000000cc080000)
 Metaspace       used 88057K, committed 89536K, reserved 1179648K
  class space    used 9314K, committed 9984K, reserved 1048576K
}
Event: 1165.253 GC heap after
{Heap after GC invocations=845 (full 20):
 PSYoungGen      total 14848K, used 761K [0x00000000eab00000, 0x00000000ec000000, 0x0000000100000000)
  eden space 13824K, 0% used [0x00000000eab00000,0x00000000eab00000,0x00000000eb880000)
  from space 1024K, 74% used [0x00000000ebf00000,0x00000000ebfbe430,0x00000000ec000000)
  to   space 3072K, 0% used [0x00000000eba00000,0x00000000eba00000,0x00000000ebd00000)
 ParOldGen       total 197120K, used 173423K [0x00000000c0000000, 0x00000000cc080000, 0x00000000eab00000)
  object space 197120K, 87% used [0x00000000c0000000,0x00000000ca95bc08,0x00000000cc080000)
 Metaspace       used 88057K, committed 89536K, reserved 1179648K
  class space    used 9314K, committed 9984K, reserved 1048576K
}
Event: 1165.289 GC heap before
{Heap before GC invocations=846 (full 20):
 PSYoungGen      total 14848K, used 14585K [0x00000000eab00000, 0x00000000ec000000, 0x0000000100000000)
  eden space 13824K, 100% used [0x00000000eab00000,0x00000000eb880000,0x00000000eb880000)
  from space 1024K, 74% used [0x00000000ebf00000,0x00000000ebfbe430,0x00000000ec000000)
  to   space 3072K, 0% used [0x00000000eba00000,0x00000000eba00000,0x00000000ebd00000)
 ParOldGen       total 197120K, used 173423K [0x00000000c0000000, 0x00000000cc080000, 0x00000000eab00000)
  object space 197120K, 87% used [0x00000000c0000000,0x00000000ca95bc08,0x00000000cc080000)
 Metaspace       used 88059K, committed 89536K, reserved 1179648K
  class space    used 9314K, committed 9984K, reserved 1048576K
}
Event: 1165.291 GC heap after
{Heap after GC invocations=846 (full 20):
 PSYoungGen      total 16896K, used 1209K [0x00000000eab00000, 0x00000000ebf80000, 0x0000000100000000)
  eden space 13824K, 0% used [0x00000000eab00000,0x00000000eab00000,0x00000000eb880000)
  from space 3072K, 39% used [0x00000000eba00000,0x00000000ebb2e430,0x00000000ebd00000)
  to   space 1536K, 0% used [0x00000000ebe00000,0x00000000ebe00000,0x00000000ebf80000)
 ParOldGen       total 197120K, used 173423K [0x00000000c0000000, 0x00000000cc080000, 0x00000000eab00000)
  object space 197120K, 87% used [0x00000000c0000000,0x00000000ca95bc08,0x00000000cc080000)
 Metaspace       used 88059K, committed 89536K, reserved 1179648K
  class space    used 9314K, committed 9984K, reserved 1048576K
}
Event: 1166.289 GC heap before
{Heap before GC invocations=847 (full 20):
 PSYoungGen      total 16896K, used 15033K [0x00000000eab00000, 0x00000000ebf80000, 0x0000000100000000)
  eden space 13824K, 100% used [0x00000000eab00000,0x00000000eb880000,0x00000000eb880000)
  from space 3072K, 39% used [0x00000000eba00000,0x00000000ebb2e430,0x00000000ebd00000)
  to   space 1536K, 0% used [0x00000000ebe00000,0x00000000ebe00000,0x00000000ebf80000)
 ParOldGen       total 197120K, used 173423K [0x00000000c0000000, 0x00000000cc080000, 0x00000000eab00000)
  object space 197120K, 87% used [0x00000000c0000000,0x00000000ca95bc08,0x00000000cc080000)
 Metaspace       used 88094K, committed 89600K, reserved 1179648K
  class space    used 9315K, committed 9984K, reserved 1048576K
}
Event: 1166.291 GC heap after
{Heap after GC invocations=847 (full 20):
 PSYoungGen      total 14848K, used 958K [0x00000000eab00000, 0x00000000ebf00000, 0x0000000100000000)
  eden space 13824K, 0% used [0x00000000eab00000,0x00000000eab00000,0x00000000eb880000)
  from space 1024K, 93% used [0x00000000ebe00000,0x00000000ebeefb50,0x00000000ebf00000)
  to   space 1536K, 0% used [0x00000000ebc00000,0x00000000ebc00000,0x00000000ebd80000)
 ParOldGen       total 197120K, used 173431K [0x00000000c0000000, 0x00000000cc080000, 0x00000000eab00000)
  object space 197120K, 87% used [0x00000000c0000000,0x00000000ca95dc08,0x00000000cc080000)
 Metaspace       used 88094K, committed 89600K, reserved 1179648K
  class space    used 9315K, committed 9984K, reserved 1048576K
}
Event: 1166.598 GC heap before
{Heap before GC invocations=848 (full 20):
 PSYoungGen      total 14848K, used 14782K [0x00000000eab00000, 0x00000000ebf00000, 0x0000000100000000)
  eden space 13824K, 100% used [0x00000000eab00000,0x00000000eb880000,0x00000000eb880000)
  from space 1024K, 93% used [0x00000000ebe00000,0x00000000ebeefb50,0x00000000ebf00000)
  to   space 1536K, 0% used [0x00000000ebc00000,0x00000000ebc00000,0x00000000ebd80000)
 ParOldGen       total 197120K, used 173431K [0x00000000c0000000, 0x00000000cc080000, 0x00000000eab00000)
  object space 197120K, 87% used [0x00000000c0000000,0x00000000ca95dc08,0x00000000cc080000)
 Metaspace       used 88111K, committed 89600K, reserved 1179648K
  class space    used 9315K, committed 9984K, reserved 1048576K
}
Event: 1166.601 GC heap after
{Heap after GC invocations=848 (full 20):
 PSYoungGen      total 15360K, used 1529K [0x00000000eab00000, 0x00000000ebe80000, 0x0000000100000000)
  eden space 13824K, 0% used [0x00000000eab00000,0x00000000eab00000,0x00000000eb880000)
  from space 1536K, 99% used [0x00000000ebc00000,0x00000000ebd7e470,0x00000000ebd80000)
  to   space 1024K, 0% used [0x00000000ebd80000,0x00000000ebd80000,0x00000000ebe80000)
 ParOldGen       total 197120K, used 173607K [0x00000000c0000000, 0x00000000cc080000, 0x00000000eab00000)
  object space 197120K, 88% used [0x00000000c0000000,0x00000000ca989c08,0x00000000cc080000)
 Metaspace       used 88111K, committed 89600K, reserved 1179648K
  class space    used 9315K, committed 9984K, reserved 1048576K
}
Event: 1166.816 GC heap before
{Heap before GC invocations=849 (full 20):
 PSYoungGen      total 15360K, used 15353K [0x00000000eab00000, 0x00000000ebe80000, 0x0000000100000000)
  eden space 13824K, 100% used [0x00000000eab00000,0x00000000eb880000,0x00000000eb880000)
  from space 1536K, 99% used [0x00000000ebc00000,0x00000000ebd7e470,0x00000000ebd80000)
  to   space 1024K, 0% used [0x00000000ebd80000,0x00000000ebd80000,0x00000000ebe80000)
 ParOldGen       total 197120K, used 173607K [0x00000000c0000000, 0x00000000cc080000, 0x00000000eab00000)
  object space 197120K, 88% used [0x00000000c0000000,0x00000000ca989c08,0x00000000cc080000)
 Metaspace       used 88165K, committed 89664K, reserved 1179648K
  class space    used 9319K, committed 9984K, reserved 1048576K
}
Event: 1166.820 GC heap after
{Heap after GC invocations=849 (full 20):
 PSYoungGen      total 14848K, used 1016K [0x00000000eab00000, 0x00000000ec280000, 0x0000000100000000)
  eden space 13824K, 0% used [0x00000000eab00000,0x00000000eab00000,0x00000000eb880000)
  from space 1024K, 99% used [0x00000000ebd80000,0x00000000ebe7e1e8,0x00000000ebe80000)
  to   space 5120K, 0% used [0x00000000eb880000,0x00000000eb880000,0x00000000ebd80000)
 ParOldGen       total 197120K, used 176938K [0x00000000c0000000, 0x00000000cc080000, 0x00000000eab00000)
  object space 197120K, 89% used [0x00000000c0000000,0x00000000cacca8b8,0x00000000cc080000)
 Metaspace       used 88165K, committed 89664K, reserved 1179648K
  class space    used 9319K, committed 9984K, reserved 1048576K
}
Event: 1166.871 GC heap before
{Heap before GC invocations=850 (full 20):
 PSYoungGen      total 14848K, used 14840K [0x00000000eab00000, 0x00000000ec280000, 0x0000000100000000)
  eden space 13824K, 100% used [0x00000000eab00000,0x00000000eb880000,0x00000000eb880000)
  from space 1024K, 99% used [0x00000000ebd80000,0x00000000ebe7e1e8,0x00000000ebe80000)
  to   space 5120K, 0% used [0x00000000eb880000,0x00000000eb880000,0x00000000ebd80000)
 ParOldGen       total 197120K, used 176938K [0x00000000c0000000, 0x00000000cc080000, 0x00000000eab00000)
  object space 197120K, 89% used [0x00000000c0000000,0x00000000cacca8b8,0x00000000cc080000)
 Metaspace       used 88166K, committed 89664K, reserved 1179648K
  class space    used 9319K, committed 9984K, reserved 1048576K
}
Event: 1166.879 GC heap after
{Heap after GC invocations=850 (full 20):
 PSYoungGen      total 18944K, used 5102K [0x00000000eab00000, 0x00000000ed480000, 0x0000000100000000)
  eden space 13824K, 0% used [0x00000000eab00000,0x00000000eab00000,0x00000000eb880000)
  from space 5120K, 99% used [0x00000000eb880000,0x00000000ebd7ba50,0x00000000ebd80000)
  to   space 14336K, 0% used [0x00000000ec680000,0x00000000ec680000,0x00000000ed480000)
 ParOldGen       total 197120K, used 184382K [0x00000000c0000000, 0x00000000cc080000, 0x00000000eab00000)
  object space 197120K, 93% used [0x00000000c0000000,0x00000000cb40fb90,0x00000000cc080000)
 Metaspace       used 88166K, committed 89664K, reserved 1179648K
  class space    used 9319K, committed 9984K, reserved 1048576K
}
Event: 1166.932 GC heap before
{Heap before GC invocations=851 (full 20):
 PSYoungGen      total 18944K, used 18926K [0x00000000eab00000, 0x00000000ed480000, 0x0000000100000000)
  eden space 13824K, 100% used [0x00000000eab00000,0x00000000eb880000,0x00000000eb880000)
  from space 5120K, 99% used [0x00000000eb880000,0x00000000ebd7ba50,0x00000000ebd80000)
  to   space 14336K, 0% used [0x00000000ec680000,0x00000000ec680000,0x00000000ed480000)
 ParOldGen       total 197120K, used 184382K [0x00000000c0000000, 0x00000000cc080000, 0x00000000eab00000)
  object space 197120K, 93% used [0x00000000c0000000,0x00000000cb40fb90,0x00000000cc080000)
 Metaspace       used 88192K, committed 89664K, reserved 1179648K
  class space    used 9324K, committed 9984K, reserved 1048576K
}
Event: 1166.939 GC heap after
{Heap after GC invocations=851 (full 20):
 PSYoungGen      total 24576K, used 10688K [0x00000000eab00000, 0x00000000ed100000, 0x0000000100000000)
  eden space 13824K, 0% used [0x00000000eab00000,0x00000000eab00000,0x00000000eb880000)
  from space 10752K, 99% used [0x00000000ec680000,0x00000000ed0f03c8,0x00000000ed100000)
  to   space 11776K, 0% used [0x00000000eba00000,0x00000000eba00000,0x00000000ec580000)
 ParOldGen       total 197120K, used 184422K [0x00000000c0000000, 0x00000000cc080000, 0x00000000eab00000)
  object space 197120K, 93% used [0x00000000c0000000,0x00000000cb419b90,0x00000000cc080000)
 Metaspace       used 88192K, committed 89664K, reserved 1179648K
  class space    used 9324K, committed 9984K, reserved 1048576K
}
Event: 1167.009 GC heap before
{Heap before GC invocations=852 (full 20):
 PSYoungGen      total 24576K, used 24512K [0x00000000eab00000, 0x00000000ed100000, 0x0000000100000000)
  eden space 13824K, 100% used [0x00000000eab00000,0x00000000eb880000,0x00000000eb880000)
  from space 10752K, 99% used [0x00000000ec680000,0x00000000ed0f03c8,0x00000000ed100000)
  to   space 11776K, 0% used [0x00000000eba00000,0x00000000eba00000,0x00000000ec580000)
 ParOldGen       total 197120K, used 184422K [0x00000000c0000000, 0x00000000cc080000, 0x00000000eab00000)
  object space 197120K, 93% used [0x00000000c0000000,0x00000000cb419b90,0x00000000cc080000)
 Metaspace       used 88204K, committed 89664K, reserved 1179648K
  class space    used 9324K, committed 9984K, reserved 1048576K
}
Event: 1167.016 GC heap after
{Heap after GC invocations=852 (full 20):
 PSYoungGen      total 24064K, used 10125K [0x00000000eab00000, 0x00000000ecd80000, 0x0000000100000000)
  eden space 13824K, 0% used [0x00000000eab00000,0x00000000eab00000,0x00000000eb880000)
  from space 10240K, 98% used [0x00000000eba00000,0x00000000ec3e34e0,0x00000000ec400000)
  to   space 9728K, 0% used [0x00000000ec400000,0x00000000ec400000,0x00000000ecd80000)
 ParOldGen       total 197120K, used 184422K [0x00000000c0000000, 0x00000000cc080000, 0x00000000eab00000)
  object space 197120K, 93% used [0x00000000c0000000,0x00000000cb419b90,0x00000000cc080000)
 Metaspace       used 88204K, committed 89664K, reserved 1179648K
  class space    used 9324K, committed 9984K, reserved 1048576K
}
Event: 1167.043 GC heap before
{Heap before GC invocations=853 (full 20):
 PSYoungGen      total 24064K, used 23949K [0x00000000eab00000, 0x00000000ecd80000, 0x0000000100000000)
  eden space 13824K, 99% used [0x00000000eab00000,0x00000000eb87ffd0,0x00000000eb880000)
  from space 10240K, 98% used [0x00000000eba00000,0x00000000ec3e34e0,0x00000000ec400000)
  to   space 9728K, 0% used [0x00000000ec400000,0x00000000ec400000,0x00000000ecd80000)
 ParOldGen       total 197120K, used 184422K [0x00000000c0000000, 0x00000000cc080000, 0x00000000eab00000)
  object space 197120K, 93% used [0x00000000c0000000,0x00000000cb419b90,0x00000000cc080000)
 Metaspace       used 88207K, committed 89664K, reserved 1179648K
  class space    used 9324K, committed 9984K, reserved 1048576K
}
Event: 1167.055 GC heap after
{Heap after GC invocations=853 (full 20):
 PSYoungGen      total 10240K, used 9706K [0x00000000eab00000, 0x00000000eec80000, 0x0000000100000000)
  eden space 512K, 0% used [0x00000000eab00000,0x00000000eab00000,0x00000000eab80000)
  from space 9728K, 99% used [0x00000000ec400000,0x00000000ecd7aa28,0x00000000ecd80000)
  to   space 25088K, 0% used [0x00000000eab80000,0x00000000eab80000,0x00000000ec400000)
 ParOldGen       total 198144K, used 197857K [0x00000000c0000000, 0x00000000cc180000, 0x00000000eab00000)
  object space 198144K, 99% used [0x00000000c0000000,0x00000000cc1387c8,0x00000000cc180000)
 Metaspace       used 88207K, committed 89664K, reserved 1179648K
  class space    used 9324K, committed 9984K, reserved 1048576K
}
Event: 1167.055 GC heap before
{Heap before GC invocations=854 (full 21):
 PSYoungGen      total 10240K, used 9706K [0x00000000eab00000, 0x00000000eec80000, 0x0000000100000000)
  eden space 512K, 0% used [0x00000000eab00000,0x00000000eab00000,0x00000000eab80000)
  from space 9728K, 99% used [0x00000000ec400000,0x00000000ecd7aa28,0x00000000ecd80000)
  to   space 25088K, 0% used [0x00000000eab80000,0x00000000eab80000,0x00000000ec400000)
 ParOldGen       total 198144K, used 197857K [0x00000000c0000000, 0x00000000cc180000, 0x00000000eab00000)
  object space 198144K, 99% used [0x00000000c0000000,0x00000000cc1387c8,0x00000000cc180000)
 Metaspace       used 88207K, committed 89664K, reserved 1179648K
  class space    used 9324K, committed 9984K, reserved 1048576K
}

Dll operation events (10 events):
Event: 0.019 Loaded shared library c:\Users\vijay\.vscode\extensions\redhat.java-1.26.0-win32-x64\jre\17.0.9-win32-x86_64\bin\java.dll
Event: 0.326 Loaded shared library c:\Users\vijay\.vscode\extensions\redhat.java-1.26.0-win32-x64\jre\17.0.9-win32-x86_64\bin\zip.dll
Event: 0.337 Loaded shared library C:\Users\vijay\.vscode\extensions\redhat.java-1.26.0-win32-x64\jre\17.0.9-win32-x86_64\bin\instrument.dll
Event: 0.361 Loaded shared library C:\Users\vijay\.vscode\extensions\redhat.java-1.26.0-win32-x64\jre\17.0.9-win32-x86_64\bin\net.dll
Event: 0.365 Loaded shared library C:\Users\vijay\.vscode\extensions\redhat.java-1.26.0-win32-x64\jre\17.0.9-win32-x86_64\bin\nio.dll
Event: 0.397 Loaded shared library C:\Users\vijay\.vscode\extensions\redhat.java-1.26.0-win32-x64\jre\17.0.9-win32-x86_64\bin\zip.dll
Event: 0.455 Loaded shared library C:\Users\vijay\.vscode\extensions\redhat.java-1.26.0-win32-x64\jre\17.0.9-win32-x86_64\bin\jimage.dll
Event: 0.594 Loaded shared library c:\Users\vijay\.vscode\extensions\redhat.java-1.26.0-win32-x64\jre\17.0.9-win32-x86_64\bin\verify.dll
Event: 7.103 Loaded shared library C:\Users\vijay\AppData\Roaming\Code\User\globalStorage\redhat.java\1.26.0\config_win\org.eclipse.equinox.launcher\org.eclipse.equinox.launcher.win32.win32.x86_64_1.2.800.v20231003-1442\eclipse_11802.dll
Event: 21.837 Loaded shared library C:\Users\vijay\AppData\Local\Temp\jna-112208527\jna1611470546561133757.dll

Deoptimization events (20 events):
Event: 1166.829 Thread 0x000002e8966c4eb0 DEOPT PACKING pc=0x000002e8881bede4 sp=0x000000f0547fe810
Event: 1166.829 Thread 0x000002e8966c4eb0 DEOPT UNPACKING pc=0x000002e8875866a3 sp=0x000000f0547fe7d0 mode 2
Event: 1166.837 Thread 0x000002e8a2602e40 DEOPT PACKING pc=0x000002e881cfd47c sp=0x000000f0523fe9a0
Event: 1166.837 Thread 0x000002e8a2602e40 DEOPT UNPACKING pc=0x000002e887586e43 sp=0x000000f0523fdee0 mode 0
Event: 1166.844 Thread 0x000002e8966c4eb0 Uncommon trap: trap_request=0xffffff45 fr.pc=0x000002e8881710d4 relative=0x0000000000001c54
Event: 1166.844 Thread 0x000002e8966c4eb0 Uncommon trap: reason=unstable_if action=reinterpret pc=0x000002e8881710d4 method=org.eclipse.jdt.internal.core.index.DiskIndex.readCategoryTable([CZ)Lorg/eclipse/jdt/internal/compiler/util/HashtableOfObject; @ 294 c2
Event: 1166.844 Thread 0x000002e8966c4eb0 DEOPT PACKING pc=0x000002e8881710d4 sp=0x000000f0547fe830
Event: 1166.844 Thread 0x000002e8966c4eb0 DEOPT UNPACKING pc=0x000002e8875866a3 sp=0x000000f0547fe7d0 mode 2
Event: 1166.931 Thread 0x000002e8966c9080 Uncommon trap: trap_request=0xffffff45 fr.pc=0x000002e887f9494c relative=0x00000000000001cc
Event: 1166.931 Thread 0x000002e8966c9080 Uncommon trap: reason=unstable_if action=reinterpret pc=0x000002e887f9494c method=org.eclipse.jdt.core.compiler.CharOperation.equals([[C[[C)Z @ 8 c2
Event: 1166.931 Thread 0x000002e8966c9080 DEOPT PACKING pc=0x000002e887f9494c sp=0x000000f0545fe3a0
Event: 1166.931 Thread 0x000002e8966c9080 DEOPT UNPACKING pc=0x000002e8875866a3 sp=0x000000f0545fe338 mode 2
Event: 1166.947 Thread 0x000002e8966c9080 Uncommon trap: trap_request=0xffffffcc fr.pc=0x000002e88886a714 relative=0x0000000000000934
Event: 1166.947 Thread 0x000002e8966c9080 Uncommon trap: reason=intrinsic_or_type_checked_inlining action=make_not_entrant pc=0x000002e88886a714 method=org.eclipse.jdt.internal.compiler.parser.Parser.consumeMethodHeaderName(Z)V @ 221 c2
Event: 1166.947 Thread 0x000002e8966c9080 DEOPT PACKING pc=0x000002e88886a714 sp=0x000000f0545fe0f0
Event: 1166.947 Thread 0x000002e8966c9080 DEOPT UNPACKING pc=0x000002e8875866a3 sp=0x000000f0545fe0a0 mode 2
Event: 1166.947 Thread 0x000002e8966c9080 Uncommon trap: trap_request=0xffffff45 fr.pc=0x000002e88868d220 relative=0x0000000000000660
Event: 1166.947 Thread 0x000002e8966c9080 Uncommon trap: reason=unstable_if action=reinterpret pc=0x000002e88868d220 method=org.eclipse.jdt.internal.compiler.parser.Scanner.jumpOverBody()V @ 622 c2
Event: 1166.947 Thread 0x000002e8966c9080 DEOPT PACKING pc=0x000002e88868d220 sp=0x000000f0545fe050
Event: 1166.948 Thread 0x000002e8966c9080 DEOPT UNPACKING pc=0x000002e8875866a3 sp=0x000000f0545fe000 mode 2

Classes unloaded (20 events):
Event: 1079.207 Thread 0x000002e8f700cf70 Unloading class 0x00000001002a7c00 'java/lang/invoke/LambdaForm$MH+0x00000001002a7c00'
Event: 1079.207 Thread 0x000002e8f700cf70 Unloading class 0x00000001002a7800 'java/lang/invoke/LambdaForm$MH+0x00000001002a7800'
Event: 1079.207 Thread 0x000002e8f700cf70 Unloading class 0x00000001002a7400 'java/lang/invoke/LambdaForm$MH+0x00000001002a7400'
Event: 1079.207 Thread 0x000002e8f700cf70 Unloading class 0x00000001002a7000 'java/lang/invoke/LambdaForm$MH+0x00000001002a7000'
Event: 1079.207 Thread 0x000002e8f700cf70 Unloading class 0x00000001002a6c00 'java/lang/invoke/LambdaForm$MH+0x00000001002a6c00'
Event: 1079.207 Thread 0x000002e8f700cf70 Unloading class 0x00000001002a6800 'java/lang/invoke/LambdaForm$MH+0x00000001002a6800'
Event: 1079.207 Thread 0x000002e8f700cf70 Unloading class 0x00000001002a6400 'java/lang/invoke/LambdaForm$MH+0x00000001002a6400'
Event: 1079.207 Thread 0x000002e8f700cf70 Unloading class 0x00000001002a6000 'java/lang/invoke/LambdaForm$MH+0x00000001002a6000'
Event: 1079.207 Thread 0x000002e8f700cf70 Unloading class 0x0000000100249c00 'java/lang/invoke/LambdaForm$MH+0x0000000100249c00'
Event: 1079.207 Thread 0x000002e8f700cf70 Unloading class 0x000000010022d400 'java/lang/invoke/LambdaForm$MH+0x000000010022d400'
Event: 1079.207 Thread 0x000002e8f700cf70 Unloading class 0x000000010022d000 'java/lang/invoke/LambdaForm$MH+0x000000010022d000'
Event: 1079.207 Thread 0x000002e8f700cf70 Unloading class 0x000000010022cc00 'java/lang/invoke/LambdaForm$MH+0x000000010022cc00'
Event: 1079.207 Thread 0x000002e8f700cf70 Unloading class 0x000000010022c800 'java/lang/invoke/LambdaForm$MH+0x000000010022c800'
Event: 1079.207 Thread 0x000002e8f700cf70 Unloading class 0x000000010022c400 'java/lang/invoke/LambdaForm$MH+0x000000010022c400'
Event: 1079.207 Thread 0x000002e8f700cf70 Unloading class 0x000000010022c000 'java/lang/invoke/LambdaForm$MH+0x000000010022c000'
Event: 1079.207 Thread 0x000002e8f700cf70 Unloading class 0x0000000100129000 'jdk/internal/reflect/GeneratedMethodAccessor5'
Event: 1079.207 Thread 0x000002e8f700cf70 Unloading class 0x0000000100128c00 'jdk/internal/reflect/GeneratedMethodAccessor4'
Event: 1079.207 Thread 0x000002e8f700cf70 Unloading class 0x0000000100128800 'jdk/internal/reflect/GeneratedMethodAccessor3'
Event: 1079.207 Thread 0x000002e8f700cf70 Unloading class 0x0000000100128400 'jdk/internal/reflect/GeneratedMethodAccessor2'
Event: 1079.207 Thread 0x000002e8f700cf70 Unloading class 0x0000000100128000 'jdk/internal/reflect/GeneratedMethodAccessor1'

Classes redefined (0 events):
No events

Internal exceptions (20 events):
Event: 1079.412 Thread 0x000002e895398300 Implicit null exception at 0x000002e8886c3fe4 to 0x000002e8886c533c
Event: 1079.499 Thread 0x000002e8953978e0 Exception <a 'sun/nio/fs/WindowsException'{0x00000000ead11f00}> (0x00000000ead11f00) 
thrown [s\src\hotspot\share\prims\jni.cpp, line 516]
Event: 1080.799 Thread 0x000002e8953978e0 Exception <a 'sun/nio/fs/WindowsException'{0x00000000eae4c080}> (0x00000000eae4c080) 
thrown [s\src\hotspot\share\prims\jni.cpp, line 516]
Event: 1080.907 Thread 0x000002e8953978e0 Exception <a 'sun/nio/fs/WindowsException'{0x00000000eaec7df8}> (0x00000000eaec7df8) 
thrown [s\src\hotspot\share\prims\jni.cpp, line 516]
Event: 1081.330 Thread 0x000002e8966ca4c0 Exception <a 'java/lang/ArrayIndexOutOfBoundsException'{0x00000000eb1e2ff8}> (0x00000000eb1e2ff8) 
thrown [s\src\hotspot\share\runtime\sharedRuntime.cpp, line 631]
Event: 1082.068 Thread 0x000002e8953978e0 Exception <a 'sun/nio/fs/WindowsException'{0x00000000eab01008}> (0x00000000eab01008) 
thrown [s\src\hotspot\share\prims\jni.cpp, line 516]
Event: 1082.199 Thread 0x000002e8953978e0 Exception <a 'sun/nio/fs/WindowsException'{0x00000000eb69a088}> (0x00000000eb69a088) 
thrown [s\src\hotspot\share\prims\jni.cpp, line 516]
Event: 1094.192 Thread 0x000002e8a2607520 Exception <a 'java/lang/InterruptedException'{0x00000000eb2cb870}> (0x00000000eb2cb870) 
thrown [s\src\hotspot\share\runtime\objectMonitor.cpp, line 1658]
Event: 1094.213 Thread 0x000002e8a2602930 Implicit null exception at 0x000002e8881d74af to 0x000002e8881d79f4
Event: 1094.550 Thread 0x000002e8a26000b0 Exception <a 'sun/nio/fs/WindowsException'{0x00000000eb36f6f0}> (0x00000000eb36f6f0) 
thrown [s\src\hotspot\share\prims\jni.cpp, line 516]
Event: 1094.551 Thread 0x000002e8a26000b0 Exception <a 'sun/nio/fs/WindowsException'{0x00000000eb36f9e0}> (0x00000000eb36f9e0) 
thrown [s\src\hotspot\share\prims\jni.cpp, line 516]
Event: 1094.551 Thread 0x000002e8a26000b0 Exception <a 'sun/nio/fs/WindowsException'{0x00000000eb370340}> (0x00000000eb370340) 
thrown [s\src\hotspot\share\prims\jni.cpp, line 516]
Event: 1094.551 Thread 0x000002e8a26000b0 Exception <a 'sun/nio/fs/WindowsException'{0x00000000eb370850}> (0x00000000eb370850) 
thrown [s\src\hotspot\share\prims\jni.cpp, line 516]
Event: 1106.708 Thread 0x000002e8a2604790 Exception <a 'sun/net/ConnectionResetException'{0x00000000eac998c0}: Connection reset> (0x00000000eac998c0) 
thrown [s\src\hotspot\share\prims\jni.cpp, line 535]
Event: 1106.708 Thread 0x000002e8a2605bd0 Exception <a 'java/lang/InterruptedException'{0x00000000eabab9f8}> (0x00000000eabab9f8) 
thrown [s\src\hotspot\share\runtime\objectMonitor.cpp, line 1658]
Event: 1124.485 Thread 0x000002e8a26000b0 Exception <a 'sun/nio/fs/WindowsException'{0x00000000eae24280}> (0x00000000eae24280) 
thrown [s\src\hotspot\share\prims\jni.cpp, line 516]
Event: 1124.485 Thread 0x000002e8a26000b0 Exception <a 'sun/nio/fs/WindowsException'{0x00000000eae24570}> (0x00000000eae24570) 
thrown [s\src\hotspot\share\prims\jni.cpp, line 516]
Event: 1124.485 Thread 0x000002e8a26000b0 Exception <a 'sun/nio/fs/WindowsException'{0x00000000eae24ed0}> (0x00000000eae24ed0) 
thrown [s\src\hotspot\share\prims\jni.cpp, line 516]
Event: 1124.485 Thread 0x000002e8a26000b0 Exception <a 'sun/nio/fs/WindowsException'{0x00000000eae251a0}> (0x00000000eae251a0) 
thrown [s\src\hotspot\share\prims\jni.cpp, line 516]
Event: 1166.931 Thread 0x000002e8966c9080 Implicit null exception at 0x000002e887f947a0 to 0x000002e887f94934

VM Operations (20 events):
Event: 1162.529 Executing VM operation: ParallelGCFailedAllocation done
Event: 1165.187 Executing VM operation: ParallelGCFailedAllocation
Event: 1165.191 Executing VM operation: ParallelGCFailedAllocation done
Event: 1165.250 Executing VM operation: ParallelGCFailedAllocation
Event: 1165.253 Executing VM operation: ParallelGCFailedAllocation done
Event: 1165.289 Executing VM operation: ParallelGCFailedAllocation
Event: 1165.291 Executing VM operation: ParallelGCFailedAllocation done
Event: 1166.288 Executing VM operation: ParallelGCFailedAllocation
Event: 1166.291 Executing VM operation: ParallelGCFailedAllocation done
Event: 1166.598 Executing VM operation: ParallelGCFailedAllocation
Event: 1166.601 Executing VM operation: ParallelGCFailedAllocation done
Event: 1166.816 Executing VM operation: ParallelGCFailedAllocation
Event: 1166.821 Executing VM operation: ParallelGCFailedAllocation done
Event: 1166.871 Executing VM operation: ParallelGCFailedAllocation
Event: 1166.879 Executing VM operation: ParallelGCFailedAllocation done
Event: 1166.932 Executing VM operation: ParallelGCFailedAllocation
Event: 1166.939 Executing VM operation: ParallelGCFailedAllocation done
Event: 1167.009 Executing VM operation: ParallelGCFailedAllocation
Event: 1167.016 Executing VM operation: ParallelGCFailedAllocation done
Event: 1167.043 Executing VM operation: ParallelGCFailedAllocation

Events (20 events):
Event: 1106.724 Thread 0x000002e8a26000b0 Thread exited: 0x000002e8a26000b0
Event: 1124.476 Thread 0x000002e8a26000b0 Thread added: 0x000002e8a26000b0
Event: 1124.488 Thread 0x000002e8a2604790 Thread added: 0x000002e8a2604790
Event: 1125.831 Thread 0x000002e8a2604ca0 Thread added: 0x000002e8a2604ca0
Event: 1125.831 Thread 0x000002e8a2604790 Thread exited: 0x000002e8a2604790
Event: 1128.703 Thread 0x000002e8a2604790 Thread added: 0x000002e8a2604790
Event: 1128.703 Thread 0x000002e8a2604790 Thread exited: 0x000002e8a2604790
Event: 1128.704 Thread 0x000002e8a2604790 Thread added: 0x000002e8a2604790
Event: 1128.704 Thread 0x000002e8a2607520 Thread added: 0x000002e8a2607520
Event: 1128.717 Thread 0x000002e8a2605bd0 Thread added: 0x000002e8a2605bd0
Event: 1128.718 Thread 0x000002e8a2604ca0 Thread exited: 0x000002e8a2604ca0
Event: 1128.782 Thread 0x000002e8a2604ca0 Thread added: 0x000002e8a2604ca0
Event: 1128.810 Thread 0x000002e8a2605bd0 Thread exited: 0x000002e8a2605bd0
Event: 1142.890 Thread 0x000002e8a26014f0 Thread exited: 0x000002e8a26014f0
Event: 1142.935 Thread 0x000002e8a26005c0 Thread exited: 0x000002e8a26005c0
Event: 1143.010 Thread 0x000002e895395570 Thread exited: 0x000002e895395570
Event: 1153.993 Thread 0x000002e8a2601a00 Thread exited: 0x000002e8a2601a00
Event: 1153.993 Thread 0x000002e8a26065f0 Thread exited: 0x000002e8a26065f0
Event: 1166.451 Thread 0x000002e899b3dae0 Thread added: 0x000002e899b3dae0
Event: 1166.828 Thread 0x000002e899b3dae0 Thread exited: 0x000002e899b3dae0


Dynamic libraries:
0x00007ff67ef30000 - 0x00007ff67ef3e000 	c:\Users\vijay\.vscode\extensions\redhat.java-1.26.0-win32-x64\jre\17.0.9-win32-x86_64\bin\java.exe
0x00007ff8f93d0000 - 0x00007ff8f95c8000 	C:\Windows\SYSTEM32\ntdll.dll
0x00007ff8f7bb0000 - 0x00007ff8f7c6d000 	C:\Windows\System32\KERNEL32.DLL
0x00007ff8f6e00000 - 0x00007ff8f70f6000 	C:\Windows\System32\KERNELBASE.dll
0x00007ff8f7320000 - 0x00007ff8f7420000 	C:\Windows\System32\ucrtbase.dll
0x00007ff8c3b10000 - 0x00007ff8c3b2b000 	c:\Users\vijay\.vscode\extensions\redhat.java-1.26.0-win32-x64\jre\17.0.9-win32-x86_64\bin\VCRUNTIME140.dll
0x00007ff8dbe20000 - 0x00007ff8dbe37000 	c:\Users\vijay\.vscode\extensions\redhat.java-1.26.0-win32-x64\jre\17.0.9-win32-x86_64\bin\jli.dll
0x00007ff8f7c70000 - 0x00007ff8f7e0e000 	C:\Windows\System32\USER32.dll
0x00007ff8e9110000 - 0x00007ff8e93aa000 	C:\Windows\WinSxS\amd64_microsoft.windows.common-controls_6595b64144ccf1df_6.0.19041.3636_none_60b6a03d71f818d5\COMCTL32.dll
0x00007ff8f6aa0000 - 0x00007ff8f6ac2000 	C:\Windows\System32\win32u.dll
0x00007ff8f8ed0000 - 0x00007ff8f8f6e000 	C:\Windows\System32\msvcrt.dll
0x00007ff8f8750000 - 0x00007ff8f877c000 	C:\Windows\System32\GDI32.dll
0x00007ff8f6c30000 - 0x00007ff8f6d4a000 	C:\Windows\System32\gdi32full.dll
0x00007ff8f7100000 - 0x00007ff8f719d000 	C:\Windows\System32\msvcp_win.dll
0x00007ff8f7a50000 - 0x00007ff8f7a80000 	C:\Windows\System32\IMM32.DLL
0x00007ff8f24e0000 - 0x00007ff8f24ec000 	c:\Users\vijay\.vscode\extensions\redhat.java-1.26.0-win32-x64\jre\17.0.9-win32-x86_64\bin\vcruntime140_1.dll
0x00007ff8c0990000 - 0x00007ff8c0a1d000 	c:\Users\vijay\.vscode\extensions\redhat.java-1.26.0-win32-x64\jre\17.0.9-win32-x86_64\bin\msvcp140.dll
0x00007ff874fe0000 - 0x00007ff875c41000 	c:\Users\vijay\.vscode\extensions\redhat.java-1.26.0-win32-x64\jre\17.0.9-win32-x86_64\bin\server\jvm.dll
0x00007ff8f9240000 - 0x00007ff8f92f3000 	C:\Windows\System32\ADVAPI32.dll
0x00007ff8f7e70000 - 0x00007ff8f7f0f000 	C:\Windows\System32\sechost.dll
0x00007ff8f7fd0000 - 0x00007ff8f80f6000 	C:\Windows\System32\RPCRT4.dll
0x00007ff8f72a0000 - 0x00007ff8f72c7000 	C:\Windows\System32\bcrypt.dll
0x00007ff8f5fe0000 - 0x00007ff8f602b000 	C:\Windows\SYSTEM32\POWRPROF.dll
0x00007ff8db3b0000 - 0x00007ff8db3b9000 	C:\Windows\SYSTEM32\WSOCK32.dll
0x00007ff8f81c0000 - 0x00007ff8f822b000 	C:\Windows\System32\WS2_32.dll
0x00007ff8e1530000 - 0x00007ff8e1557000 	C:\Windows\SYSTEM32\WINMM.dll
0x00007ff8f0a00000 - 0x00007ff8f0a0a000 	C:\Windows\SYSTEM32\VERSION.dll
0x00007ff8f5eb0000 - 0x00007ff8f5ec2000 	C:\Windows\SYSTEM32\UMPDC.dll
0x00007ff8f4950000 - 0x00007ff8f4962000 	C:\Windows\SYSTEM32\kernel.appcore.dll
0x00007ff8c3f70000 - 0x00007ff8c3f7a000 	c:\Users\vijay\.vscode\extensions\redhat.java-1.26.0-win32-x64\jre\17.0.9-win32-x86_64\bin\jimage.dll
0x00007ff8f4220000 - 0x00007ff8f4404000 	C:\Windows\SYSTEM32\DBGHELP.DLL
0x00007ff8ebc70000 - 0x00007ff8ebca4000 	C:\Windows\SYSTEM32\dbgcore.DLL
0x00007ff8f7210000 - 0x00007ff8f7292000 	C:\Windows\System32\bcryptPrimitives.dll
0x00007ff8c3ba0000 - 0x00007ff8c3bae000 	c:\Users\vijay\.vscode\extensions\redhat.java-1.26.0-win32-x64\jre\17.0.9-win32-x86_64\bin\instrument.dll
0x00007ff8c0960000 - 0x00007ff8c0985000 	c:\Users\vijay\.vscode\extensions\redhat.java-1.26.0-win32-x64\jre\17.0.9-win32-x86_64\bin\java.dll
0x00007ff8c3690000 - 0x00007ff8c36a8000 	c:\Users\vijay\.vscode\extensions\redhat.java-1.26.0-win32-x64\jre\17.0.9-win32-x86_64\bin\zip.dll
0x00007ff8f8780000 - 0x00007ff8f8ec5000 	C:\Windows\System32\SHELL32.dll
0x00007ff8f4b50000 - 0x00007ff8f52eb000 	C:\Windows\SYSTEM32\windows.storage.dll
0x00007ff8f83f0000 - 0x00007ff8f8744000 	C:\Windows\System32\combase.dll
0x00007ff8f64d0000 - 0x00007ff8f64fd000 	C:\Windows\SYSTEM32\Wldp.dll
0x00007ff8f7b00000 - 0x00007ff8f7bad000 	C:\Windows\System32\SHCORE.dll
0x00007ff8f8160000 - 0x00007ff8f81b5000 	C:\Windows\System32\shlwapi.dll
0x00007ff8f69d0000 - 0x00007ff8f69f5000 	C:\Windows\SYSTEM32\profapi.dll
0x00007ff8c0940000 - 0x00007ff8c0959000 	C:\Users\vijay\.vscode\extensions\redhat.java-1.26.0-win32-x64\jre\17.0.9-win32-x86_64\bin\net.dll
0x00007ff8ee4b0000 - 0x00007ff8ee5ba000 	C:\Windows\SYSTEM32\WINHTTP.dll
0x00007ff8f6230000 - 0x00007ff8f629a000 	C:\Windows\system32\mswsock.dll
0x00007ff8b9560000 - 0x00007ff8b9576000 	C:\Users\vijay\.vscode\extensions\redhat.java-1.26.0-win32-x64\jre\17.0.9-win32-x86_64\bin\nio.dll
0x00007ff8c0930000 - 0x00007ff8c0940000 	c:\Users\vijay\.vscode\extensions\redhat.java-1.26.0-win32-x64\jre\17.0.9-win32-x86_64\bin\verify.dll
0x00007ff8cb710000 - 0x00007ff8cb74e000 	C:\Users\vijay\AppData\Roaming\Code\User\globalStorage\redhat.java\1.26.0\config_win\org.eclipse.equinox.launcher\org.eclipse.equinox.launcher.win32.win32.x86_64_1.2.800.v20231003-1442\eclipse_11802.dll
0x00007ff8f8230000 - 0x00007ff8f835b000 	C:\Windows\System32\ole32.dll
0x00007ff8f6420000 - 0x00007ff8f6438000 	C:\Windows\SYSTEM32\CRYPTSP.dll
0x00007ff8f5af0000 - 0x00007ff8f5b24000 	C:\Windows\system32\rsaenh.dll
0x00007ff8f6990000 - 0x00007ff8f69be000 	C:\Windows\SYSTEM32\USERENV.dll
0x00007ff8f6440000 - 0x00007ff8f644c000 	C:\Windows\SYSTEM32\CRYPTBASE.dll
0x00007ff8f5ed0000 - 0x00007ff8f5f0b000 	C:\Windows\SYSTEM32\IPHLPAPI.DLL
0x00007ff8f7a40000 - 0x00007ff8f7a48000 	C:\Windows\System32\NSI.dll
0x00007ff8ecb00000 - 0x00007ff8ecb17000 	C:\Windows\SYSTEM32\dhcpcsvc6.DLL
0x00007ff8ecf10000 - 0x00007ff8ecf2d000 	C:\Windows\SYSTEM32\dhcpcsvc.DLL
0x00007ff8f5f10000 - 0x00007ff8f5fda000 	C:\Windows\SYSTEM32\DNSAPI.dll
0x00007ff8e1730000 - 0x00007ff8e1775000 	C:\Users\vijay\AppData\Local\Temp\jna-112208527\jna1611470546561133757.dll
0x00007ff8f7f10000 - 0x00007ff8f7f18000 	C:\Windows\System32\PSAPI.DLL

dbghelp: loaded successfully - version: 4.0.5 - missing functions: none
symbol engine: initialized successfully - sym options: 0x614 - pdb path: .;c:\Users\vijay\.vscode\extensions\redhat.java-1.26.0-win32-x64\jre\17.0.9-win32-x86_64\bin;C:\Windows\SYSTEM32;C:\Windows\WinSxS\amd64_microsoft.windows.common-controls_6595b64144ccf1df_6.0.19041.3636_none_60b6a03d71f818d5;c:\Users\vijay\.vscode\extensions\redhat.java-1.26.0-win32-x64\jre\17.0.9-win32-x86_64\bin\server;C:\Users\vijay\AppData\Roaming\Code\User\globalStorage\redhat.java\1.26.0\config_win\org.eclipse.equinox.launcher\org.eclipse.equinox.launcher.win32.win32.x86_64_1.2.800.v20231003-1442;C:\Users\vijay\AppData\Local\Temp\jna-112208527

VM Arguments:
jvm_args: --add-modules=ALL-SYSTEM --add-opens=java.base/java.util=ALL-UNNAMED --add-opens=java.base/java.lang=ALL-UNNAMED --add-opens=java.base/sun.nio.fs=ALL-UNNAMED -Declipse.application=org.eclipse.jdt.ls.core.id1 -Dosgi.bundles.defaultStartLevel=4 -Declipse.product=org.eclipse.jdt.ls.core.product -Djava.import.generatesMetadataFilesAtProjectRoot=false -DDetectVMInstallationsJob.disabled=true -Dfile.encoding=utf8 -XX:+UseParallelGC -XX:GCTimeRatio=4 -XX:AdaptiveSizePolicyWeight=90 -Dsun.zip.disableMemoryMapping=true -Xmx1G -Xms100m -Xlog:disable -javaagent:c:\Users\vijay\.vscode\extensions\redhat.java-1.26.0-win32-x64\lombok\lombok-1.18.31-3454.jar -XX:+HeapDumpOnOutOfMemoryError -XX:HeapDumpPath=c:\Users\vijay\AppData\Roaming\Code\User\workspaceStorage\76c1107fe8591dd7646c0e0b73a37fb0\redhat.java -Daether.dependencyCollector.impl=bf 
java_command: c:\Users\vijay\.vscode\extensions\redhat.java-1.26.0-win32-x64\server\plugins\org.eclipse.equinox.launcher_1.6.700.v20231214-2017.jar -configuration c:\Users\vijay\AppData\Roaming\Code\User\globalStorage\redhat.java\1.26.0\config_win -data c:\Users\vijay\AppData\Roaming\Code\User\workspaceStorage\76c1107fe8591dd7646c0e0b73a37fb0\redhat.java\jdt_ws --stdio
java_class_path (initial): c:\Users\vijay\.vscode\extensions\redhat.java-1.26.0-win32-x64\server\plugins\org.eclipse.equinox.launcher_1.6.700.v20231214-2017.jar
Launcher Type: SUN_STANDARD

[Global flags]
    uintx AdaptiveSizePolicyWeight                 = 90                                        {product} {command line}
     intx CICompilerCount                          = 4                                         {product} {ergonomic}
    uintx GCTimeRatio                              = 4                                         {product} {command line}
     bool HeapDumpOnOutOfMemoryError               = true                                   {manageable} {command line}
    ccstr HeapDumpPath                             = c:\Users\vijay\AppData\Roaming\Code\User\workspaceStorage\76c1107fe8591dd7646c0e0b73a37fb0\redhat.java         {manageable} {command line}
   size_t InitialHeapSize                          = 104857600                                 {product} {command line}
   size_t MaxHeapSize                              = 1073741824                                {product} {command line}
   size_t MaxNewSize                               = 357564416                                 {product} {ergonomic}
   size_t MinHeapDeltaBytes                        = 524288                                    {product} {ergonomic}
   size_t MinHeapSize                              = 104857600                                 {product} {command line}
   size_t NewSize                                  = 34603008                                  {product} {ergonomic}
    uintx NonNMethodCodeHeapSize                   = 5839372                                {pd product} {ergonomic}
    uintx NonProfiledCodeHeapSize                  = 122909434                              {pd product} {ergonomic}
   size_t OldSize                                  = 70254592                                  {product} {ergonomic}
    uintx ProfiledCodeHeapSize                     = 122909434                              {pd product} {ergonomic}
    uintx ReservedCodeCacheSize                    = 251658240                              {pd product} {ergonomic}
     bool SegmentedCodeCache                       = true                                      {product} {ergonomic}
   size_t SoftMaxHeapSize                          = 1073741824                             {manageable} {ergonomic}
     bool UseCompressedClassPointers               = true                           {product lp64_product} {ergonomic}
     bool UseCompressedOops                        = true                           {product lp64_product} {ergonomic}
     bool UseLargePagesIndividualAllocation        = false                                  {pd product} {ergonomic}
     bool UseParallelGC                            = true                                      {product} {command line}

Logging:
Log output configuration:
 #0: stdout all=off uptime,level,tags
 #1: stderr all=off uptime,level,tags

Environment Variables:
JAVA_HOME=C:\Program Files\Java\jdk1.8.0_202\bin
PATH=C:\Program Files\Common Files\Oracle\Java\javapath;C:\Program Files (x86)\Common Files\Oracle\Java\javapath;C:\Windows\system32;C:\Windows;C:\Windows\System32\Wbem;C:\Windows\System32\WindowsPowerShell\v1.0\;C:\Windows\System32\OpenSSH\;C:\Program Files\Intel\WiFi\bin\;C:\Program Files\Common Files\Intel\WirelessCommon\;C:\Program Files\Git\cmd;C:\Program Files\nodejs\;C:\Program Files\Java\jdk1.8.0_202\bin;C:\Program Files\MySQL\mysql-connector-j-8.1.0;C:\Program Files\Java\jdk-21;C:\Program Files\MySQL\MySQL Shell 8.0\bin\;C:\Users\vijay\AppData\Local\Microsoft\WindowsApps;C:\Users\vijay\AppData\Local\Programs\Microsoft VS Code\bin;C:\Users\vijay\AppData\Roaming\npm;C:\Program Files\Java\jdk1.8.0_202\bin;C:\Program Files\Java\jdk-21;
USERNAME=vijay
OS=Windows_NT
PROCESSOR_IDENTIFIER=Intel64 Family 6 Model 142 Stepping 10, GenuineIntel
TMP=C:\Users\vijay\AppData\Local\Temp
TEMP=C:\Users\vijay\AppData\Local\Temp



Periodic native trim disabled


---------------  S Y S T E M  ---------------

OS:
 Windows 10 , 64 bit Build 19041 (10.0.19041.3636)
OS uptime: 0 days 0:20 hours

CPU: total 8 (initial active 8) (4 cores per cpu, 2 threads per core) family 6 model 142 stepping 10 microcode 0xf0, cx8, cmov, fxsr, ht, mmx, 3dnowpref, sse, sse2, sse3, ssse3, sse4.1, sse4.2, popcnt, lzcnt, tsc, tscinvbit, avx, avx2, aes, erms, clmul, bmi1, bmi2, adx, fma, vzeroupper, clflush, clflushopt
Processor Information for processor 0
  Max Mhz: 1800, Current Mhz: 1600, Mhz Limit: 1584
Processor Information for processor 1
  Max Mhz: 1800, Current Mhz: 1600, Mhz Limit: 1584
Processor Information for processor 2
  Max Mhz: 1800, Current Mhz: 1600, Mhz Limit: 1584
Processor Information for processor 3
  Max Mhz: 1800, Current Mhz: 1600, Mhz Limit: 1584
Processor Information for processor 4
  Max Mhz: 1800, Current Mhz: 1600, Mhz Limit: 1584
Processor Information for processor 5
  Max Mhz: 1800, Current Mhz: 1600, Mhz Limit: 1584
Processor Information for processor 6
  Max Mhz: 1800, Current Mhz: 1400, Mhz Limit: 1584
Processor Information for processor 7
  Max Mhz: 1800, Current Mhz: 1400, Mhz Limit: 1584

Memory: 4k page, system-wide physical 16238M (9934M free)
TotalPageFile size 18670M (AvailPageFile size 11926M)
current process WorkingSet (physical memory assigned to process): 521M, peak: 521M
current process commit charge ("private bytes"): 570M, peak: 570M

vm_info: OpenJDK 64-Bit Server VM (17.0.9+9) for windows-amd64 JRE (17.0.9+9), built on Oct 26 2023 14:01:42 by "admin" with MS VC++ 16.10 / 16.11 (VS2019)

END.
