#
# A fatal error has been detected by the Java Runtime Environment:
#
#  EXCEPTION_ACCESS_VIOLATION (0xc0000005) at pc=0x00007ffb871dcac8, pid=15560, tid=15492
#
# JRE version: OpenJDK Runtime Environment Temurin-17.0.9+9 (17.0.9+9) (build 17.0.9+9)
# Java VM: OpenJDK 64-Bit Server VM Temurin-17.0.9+9 (17.0.9+9, mixed mode, tiered, compressed oops, compressed class ptrs, parallel gc, windows-amd64)
# Problematic frame:
# V  [jvm.dll+0xcac8]
#
# No core dump will be written. Minidumps are not enabled by default on client versions of Windows
#
# If you would like to submit a bug report, please visit:
#   https://github.com/adoptium/adoptium-support/issues
#

---------------  S U M M A R Y ------------

Command Line: --add-modules=ALL-SYSTEM --add-opens=java.base/java.util=ALL-UNNAMED --add-opens=java.base/java.lang=ALL-UNNAMED --add-opens=java.base/sun.nio.fs=ALL-UNNAMED -Declipse.application=org.eclipse.jdt.ls.core.id1 -Dosgi.bundles.defaultStartLevel=4 -Declipse.product=org.eclipse.jdt.ls.core.product -Djava.import.generatesMetadataFilesAtProjectRoot=false -DDetectVMInstallationsJob.disabled=true -Dfile.encoding=utf8 -XX:+UseParallelGC -XX:GCTimeRatio=4 -XX:AdaptiveSizePolicyWeight=90 -Dsun.zip.disableMemoryMapping=true -Xmx1G -Xms100m -Xlog:disable -javaagent:c:\Users\vijay\.vscode\extensions\redhat.java-1.25.1-win32-x64\lombok\lombok-1.18.30.jar -XX:+HeapDumpOnOutOfMemoryError -XX:HeapDumpPath=c:\Users\vijay\AppData\Roaming\Code\User\workspaceStorage\76c1107fe8591dd7646c0e0b73a37fb0\redhat.java -Daether.dependencyCollector.impl=bf c:\Users\vijay\.vscode\extensions\redhat.java-1.25.1-win32-x64\server\plugins\org.eclipse.equinox.launcher_1.6.600.v20231106-1826.jar -configuration c:\Users\vijay\AppData\Roaming\Code\User\globalStorage\redhat.java\1.25.1\config_win -data c:\Users\vijay\AppData\Roaming\Code\User\workspaceStorage\76c1107fe8591dd7646c0e0b73a37fb0\redhat.java\jdt_ws --stdio

Host: Intel(R) Core(TM) i5-8250U CPU @ 1.60GHz, 8 cores, 15G,  Windows 10 , 64 bit Build 19041 (10.0.19041.3636)
Time: Mon Jan  8 17:27:23 2024 India Standard Time elapsed time: 1062.587055 seconds (0d 0h 17m 42s)

---------------  T H R E A D  ---------------

Current thread (0x000001d9728fce20):  GCTaskThread "GC Thread#6" [stack: 0x000000d1bec00000,0x000000d1bed00000] [id=15492]

Stack: [0x000000d1bec00000,0x000000d1bed00000],  sp=0x000000d1becff5d8,  free space=1021k
Native frames: (J=compiled Java code, j=interpreted, Vv=VM code, C=native code)
V  [jvm.dll+0xcac8]


siginfo: EXCEPTION_ACCESS_VIOLATION (0xc0000005), reading address 0x0000000000000008


Registers:
RAX=0x0000000000000001, RBX=0x0000000000000000, RCX=0x0000000000000003, RDX=0x00000000eaec2658
RSP=0x000000d1becff5d8, RBP=0x0000000000000000, RSI=0x00000000c96e864c, RDI=0x000001d96c186a80
R8 =0x0000000000000000, R9 =0x00007ffb87cfc730, R10=0x0000000000000000, R11=0x000001d96c186a80
R12=0x0000000000000000, R13=0x0000000000000010, R14=0x00000000eaec2658, R15=0x000001d96c186a80
RIP=0x00007ffb871dcac8, EFLAGS=0x0000000000010246


Register to memory mapping:

RIP=0x00007ffb871dcac8 jvm.dll
RAX=0x0000000000000001 is an unknown value
RBX=0x0 is NULL
RCX=0x0000000000000003 is an unknown value
RDX=0x00000000eaec2658 points into unknown readable memory: 0x0000000000000000 | 00 00 00 00 00 00 00 00
RSP=0x000000d1becff5d8 points into unknown readable memory: 0x00007ffb8788a201 | 01 a2 88 87 fb 7f 00 00
RBP=0x0 is NULL
RSI=0x00000000c96e864c is pointing into object: org.eclipse.jdt.internal.compiler.util.HashtableOfPackage 
{0x00000000c96e8640} - klass: 'org/eclipse/jdt/internal/compiler/util/HashtableOfPackage'
 - ---- fields (total size 3 words):
 - 'smallDelegate' 'Lorg/eclipse/jdt/internal/compiler/util/CharArrayMap;' @12  
[error occurred during error reporting (printing register info), id 0xc0000005, EXCEPTION_ACCESS_VIOLATION (0xc0000005) at pc=0x00007ffb87839513]

Top of Stack: (sp=0x000000d1becff5d8)
0x000000d1becff5d8:   00007ffb8788a201 0000000000000001
0x000000d1becff5e8:   000000000000000b 00007ffb87b80e70
0x000000d1becff5f8:   000001d958308260 000001d96c186a80
0x000000d1becff608:   00007ffb879b0001 00000000eb008000
0x000000d1becff618:   00007ffb8788a72f 00000000c96e77b0
0x000000d1becff628:   0000000000000400 0000000000000010
0x000000d1becff638:   0000000000000000 000000000000000c
0x000000d1becff648:   0000000000000020 00000000c96e864c
0x000000d1becff658:   0000000000000000 0000000000000000
0x000000d1becff668:   00007ffb8788b120 000001d96c186a80
0x000000d1becff678:   0000000000000005 0000000000000000
0x000000d1becff688:   0000000000000020 00000000c0000000
0x000000d1becff698:   000000d1bdaff408 0000000000000020
0x000000d1becff6a8:   000001d972754380 0000000000000005
0x000000d1becff6b8:   0000000000000007 000000d1bdaff460
0x000000d1becff6c8:   0000000000000000 000001d96c186a80
0x000000d1becff6d8:   00007ffb8788ddb9 000001d96c186a80
0x000000d1becff6e8:   000001d96c186a01 000224e60001669e
0x000000d1becff6f8:   000000d1bdaff460 000000d1bdaff300
0x000000d1becff708:   00007ffb8788e1ef 0000000000000000
0x000000d1becff718:   000000d1becff7a9 00000000c9602979
0x000000d1becff728:   0000000000000001 000001d96c186a80
0x000000d1becff738:   0000000000000007 0000000000000008
0x000000d1becff748:   000000d1bdafee68 0000000700000002
0x000000d1becff758:   000001d96c186a80 00007ffb87b81dc8
0x000000d1becff768:   000001d96c186a80 000000d1bdaff300
0x000000d1becff778:   000001d9714e9c50 00000000000003d8
0x000000d1becff788:   000001d9714e9c60 000001d9714ea038
0x000000d1becff798:   00007ffb87b81f18 0000000000000007
0x000000d1becff7a8:   0000000000000000 0000000000000000
0x000000d1becff7b8:   0000000000000000 0000000000000000
0x000000d1becff7c8:   0000dcb668f8e4f3 0000000000000000 

Instructions: (pc=0x00007ffb871dcac8)
0x00007ffb871dc9c8:   48 83 c4 20 5e c3 cc cc 48 8b 01 c3 cc cc cc cc
0x00007ffb871dc9d8:   cc cc cc cc cc cc cc cc 4c 8b 01 4c 8b c9 48 8b
0x00007ffb871dc9e8:   0d a3 60 b6 00 ba 44 60 08 00 e9 d9 f1 ff ff cc
0x00007ffb871dc9f8:   cc cc cc cc cc cc cc cc 48 89 5c 24 08 57 48 83
0x00007ffb871dca08:   ec 20 48 8b 39 48 8b d9 48 85 3d 01 43 bb 00 75
0x00007ffb871dca18:   0e 48 8b c7 48 8b 5c 24 30 48 83 c4 20 5f c3 48
0x00007ffb871dca28:   8b cf e8 51 94 85 00 48 8b d0 48 85 c0 74 20 48
0x00007ffb871dca38:   8b c7 f0 48 0f b1 13 74 16 48 85 05 d0 42 bb 00
0x00007ffb871dca48:   74 0d 48 8b c8 f0 48 0f b1 13 48 3b c1 75 ea 48
0x00007ffb871dca58:   8b 5c 24 30 48 8b c2 48 83 c4 20 5f c3 cc cc cc
0x00007ffb871dca68:   cc cc cc cc cc cc cc cc 4c 8b 01 4c 8b c9 48 8b
0x00007ffb871dca78:   0d 13 60 b6 00 ba 64 60 08 00 e9 49 f1 ff ff cc
0x00007ffb871dca88:   cc cc cc cc cc cc cc cc 8b 05 62 a8 b0 00 c3 cc
0x00007ffb871dca98:   cc cc cc cc cc cc cc cc 0f b6 05 3d 68 b7 00 48
0x00007ffb871dcaa8:   8b d1 84 c0 74 16 44 8b 41 08 8b 0d 40 a8 b0 00
0x00007ffb871dcab8:   49 d3 e0 4c 03 05 2e a8 b0 00 eb 04 4c 8b 41 08
0x00007ffb871dcac8:   45 8b 50 08 45 85 d2 7e 0e 41 f6 c2 01 75 53 41
0x00007ffb871dcad8:   c1 fa 03 41 8b c2 c3 79 49 84 c0 b9 10 00 00 00
0x00007ffb871dcae8:   8b 05 46 b7 b0 00 41 b8 0c 00 00 00 41 0f 45 c8
0x00007ffb871dcaf8:   ff c8 4c 63 c8 48 63 14 11 41 8b ca 83 e1 3f 48
0x00007ffb871dcb08:   d3 e2 41 8b ca 48 c1 f9 10 0f b6 c1 49 8d 0c 11
0x00007ffb871dcb18:   49 f7 d1 48 03 c1 49 c1 e9 03 48 c1 e8 03 41 23
0x00007ffb871dcb28:   c1 c3 49 8b 00 49 8b c8 48 ff a0 00 01 00 00 cc
0x00007ffb871dcb38:   cc cc cc cc cc cc cc cc 8b 44 24 30 45 03 c9 44
0x00007ffb871dcb48:   2b 4c 24 28 83 c0 0b 44 03 ca 45 03 c8 41 03 c1
0x00007ffb871dcb58:   c3 cc cc cc cc cc cc cc 4c 8b ca 48 8b d1 45 8b
0x00007ffb871dcb68:   41 08 45 85 c0 7e 0e 41 f6 c0 01 75 56 41 c1 f8
0x00007ffb871dcb78:   03 41 8b c0 c3 79 4c 80 3d 5e 67 b7 00 00 b8 0c
0x00007ffb871dcb88:   00 00 00 b9 10 00 00 00 0f 45 c8 8b 05 9b b6 b0
0x00007ffb871dcb98:   00 ff c8 4c 63 c8 48 63 14 11 41 8b c8 83 e1 3f
0x00007ffb871dcba8:   48 d3 e2 41 8b c8 48 c1 f9 10 0f b6 c1 49 8d 0c
0x00007ffb871dcbb8:   11 49 f7 d1 48 03 c1 49 c1 e9 03 48 c1 e8 03 41 


Stack slot to memory mapping:
stack at sp + 0 slots: 0x00007ffb8788a201 jvm.dll
stack at sp + 1 slots: 0x0000000000000001 is an unknown value
stack at sp + 2 slots: 0x000000000000000b is an unknown value
stack at sp + 3 slots: 0x00007ffb87b80e70 jvm.dll
stack at sp + 4 slots: 0x000001d958308260 points into unknown readable memory: 0x00007ffb87b829e0 | e0 29 b8 87 fb 7f 00 00
stack at sp + 5 slots: 0x000001d96c186a80 points into unknown readable memory: 0x00007ffb87b81c78 | 78 1c b8 87 fb 7f 00 00
stack at sp + 6 slots: 0x00007ffb879b0001 jvm.dll
stack at sp + 7 slots: 0x00000000eb008000 is an oop: java.lang.String 
{0x00000000eb008000} - klass: 'java/lang/String'
 - string: "C:\Users\vijay\Desktop\bookmanagement\bookmanagement\src\main\java\com\zerp\bookmanagement\Service\UserService.java"


---------------  P R O C E S S  ---------------

Threads class SMR info:
_java_thread_list=0x000001d975d0be10, length=43, elements={
0x000001d9582fcd80, 0x000001d97147d130, 0x000001d96c18ed80, 0x000001d9714a0130,
0x000001d96c19b170, 0x000001d96c19c5a0, 0x000001d96c19e860, 0x000001d9714a1d10,
0x000001d9714a3850, 0x000001d9714a8520, 0x000001d971616210, 0x000001d97244ffa0,
0x000001d972d041f0, 0x000001d972d99d60, 0x000001d972d9a510, 0x000001d973489b20,
0x000001d972dcfce0, 0x000001d972d85060, 0x000001d972d864a0, 0x000001d972d873d0,
0x000001d972d878e0, 0x000001d972d88810, 0x000001d9760ec290, 0x000001d9760eccb0,
0x000001d9760e85d0, 0x000001d9760e76a0, 0x000001d9760e80c0, 0x000001d9760e8ae0,
0x000001d97289fa00, 0x000001d97f044810, 0x000001d97f0438e0, 0x000001d972d85a80,
0x000001d97f0429b0, 0x000001d97f042ec0, 0x000001d97f041570, 0x000001d9760ee600,
0x000001d974684630, 0x000001d974685a70, 0x000001d974685f80, 0x000001d974684b40,
0x000001d974686490, 0x000001d974686eb0, 0x000001d974683700
}

Java Threads: ( => current thread )
  0x000001d9582fcd80 JavaThread "main" [_thread_blocked, id=8944, stack(0x000000d1bd800000,0x000000d1bd900000)]
  0x000001d97147d130 JavaThread "Reference Handler" daemon [_thread_blocked, id=4244, stack(0x000000d1bdb00000,0x000000d1bdc00000)]
  0x000001d96c18ed80 JavaThread "Finalizer" daemon [_thread_blocked, id=11528, stack(0x000000d1bdc00000,0x000000d1bdd00000)]
  0x000001d9714a0130 JavaThread "Signal Dispatcher" daemon [_thread_blocked, id=14124, stack(0x000000d1bdd00000,0x000000d1bde00000)]
  0x000001d96c19b170 JavaThread "Attach Listener" daemon [_thread_blocked, id=1272, stack(0x000000d1bde00000,0x000000d1bdf00000)]
  0x000001d96c19c5a0 JavaThread "Service Thread" daemon [_thread_blocked, id=8956, stack(0x000000d1bdf00000,0x000000d1be000000)]
  0x000001d96c19e860 JavaThread "Monitor Deflation Thread" daemon [_thread_blocked, id=13176, stack(0x000000d1be000000,0x000000d1be100000)]
  0x000001d9714a1d10 JavaThread "C2 CompilerThread0" daemon [_thread_blocked, id=9804, stack(0x000000d1be100000,0x000000d1be200000)]
  0x000001d9714a3850 JavaThread "C1 CompilerThread0" daemon [_thread_blocked, id=14548, stack(0x000000d1be200000,0x000000d1be300000)]
  0x000001d9714a8520 JavaThread "Sweeper thread" daemon [_thread_blocked, id=13360, stack(0x000000d1be300000,0x000000d1be400000)]
  0x000001d971616210 JavaThread "Common-Cleaner" daemon [_thread_blocked, id=7132, stack(0x000000d1be400000,0x000000d1be500000)]
  0x000001d97244ffa0 JavaThread "Notification Thread" daemon [_thread_blocked, id=11448, stack(0x000000d1be600000,0x000000d1be700000)]
  0x000001d972d041f0 JavaThread "Active Thread: Equinox Container: 61097e14-9523-4c86-8830-a33b6ab8b0fe" [_thread_blocked, id=16256, stack(0x000000d1bee00000,0x000000d1bef00000)]
  0x000001d972d99d60 JavaThread "Framework Event Dispatcher: Equinox Container: 61097e14-9523-4c86-8830-a33b6ab8b0fe" daemon [_thread_blocked, id=14380, stack(0x000000d1bf000000,0x000000d1bf100000)]
  0x000001d972d9a510 JavaThread "Start Level: Equinox Container: 61097e14-9523-4c86-8830-a33b6ab8b0fe" daemon [_thread_blocked, id=6844, stack(0x000000d1bf100000,0x000000d1bf200000)]
  0x000001d973489b20 JavaThread "Bundle File Closer" daemon [_thread_blocked, id=10572, stack(0x000000d1bf300000,0x000000d1bf400000)]
  0x000001d972dcfce0 JavaThread "SCR Component Actor" daemon [_thread_blocked, id=10552, stack(0x000000d1bf400000,0x000000d1bf500000)]
  0x000001d972d85060 JavaThread "Worker-JM" [_thread_blocked, id=13524, stack(0x000000d1bef00000,0x000000d1bf000000)]
  0x000001d972d864a0 JavaThread "Java indexing" daemon [_thread_blocked, id=1156, stack(0x000000d1bf900000,0x000000d1bfa00000)]
  0x000001d972d873d0 JavaThread "JNA Cleaner" daemon [_thread_blocked, id=12844, stack(0x000000d1bfb00000,0x000000d1bfc00000)]
  0x000001d972d878e0 JavaThread "pool-2-thread-1" [_thread_blocked, id=14884, stack(0x000000d1bfe00000,0x000000d1bff00000)]
  0x000001d972d88810 JavaThread "WorkspaceEventsHandler" [_thread_blocked, id=4036, stack(0x000000d1bff00000,0x000000d1c0000000)]
  0x000001d9760ec290 JavaThread "pool-1-thread-1" [_thread_blocked, id=10520, stack(0x000000d1c0000000,0x000000d1c0100000)]
  0x000001d9760eccb0 JavaThread "ForkJoinPool.commonPool-worker-1" daemon [_thread_blocked, id=15588, stack(0x000000d1bf500000,0x000000d1bf600000)]
  0x000001d9760e85d0 JavaThread "ForkJoinPool.commonPool-worker-5" daemon [_thread_blocked, id=12556, stack(0x000000d1c0600000,0x000000d1c0700000)]
  0x000001d9760e76a0 JavaThread "Java Debug Server" daemon [_thread_in_native, id=3940, stack(0x000000d1c0900000,0x000000d1c0a00000)]
  0x000001d9760e80c0 JavaThread "RxSchedulerPurge-1" daemon [_thread_blocked, id=2584, stack(0x000000d1bd500000,0x000000d1bd600000)]
  0x000001d9760e8ae0 JavaThread "RxCachedWorkerPoolEvictor-1" daemon [_thread_blocked, id=2212, stack(0x000000d1c0b00000,0x000000d1c0c00000)]
  0x000001d97289fa00 JavaThread "pool-4-thread-3" [_thread_in_native, id=5108, stack(0x000000d1bfc00000,0x000000d1bfd00000)]
  0x000001d97f044810 JavaThread "ForkJoinPool.commonPool-worker-8" daemon [_thread_blocked, id=9988, stack(0x000000d1bd700000,0x000000d1bd800000)]
  0x000001d97f0438e0 JavaThread "ForkJoinPool.commonPool-worker-9" daemon [_thread_blocked, id=4728, stack(0x000000d1bf600000,0x000000d1bf700000)]
  0x000001d972d85a80 JavaThread "ForkJoinPool.commonPool-worker-11" daemon [_thread_blocked, id=8872, stack(0x000000d1bf800000,0x000000d1bf900000)]
  0x000001d97f0429b0 JavaThread "ForkJoinPool.commonPool-worker-12" daemon [_thread_blocked, id=10692, stack(0x000000d1bd600000,0x000000d1bd700000)]
  0x000001d97f042ec0 JavaThread "ForkJoinPool.commonPool-worker-13" daemon [_thread_blocked, id=2096, stack(0x000000d1bed00000,0x000000d1bee00000)]
  0x000001d97f041570 JavaThread "Worker-16" [_thread_blocked, id=2260, stack(0x000000d1c0500000,0x000000d1c0600000)]
  0x000001d9760ee600 JavaThread "Worker-20" [_thread_blocked, id=16180, stack(0x000000d1c0a00000,0x000000d1c0b00000)]
  0x000001d974684630 JavaThread "RxNewThreadScheduler-9" daemon [_thread_blocked, id=12104, stack(0x000000d1bfa00000,0x000000d1bfb00000)]
  0x000001d974685a70 JavaThread "Packet Receive Manager" daemon [_thread_in_native, id=13016, stack(0x000000d1bfd00000,0x000000d1bfe00000)]
  0x000001d974685f80 JavaThread "Packet Send Manager" daemon [_thread_blocked, id=14996, stack(0x000000d1c0200000,0x000000d1c0300000)]
  0x000001d974684b40 JavaThread "Event Hub" daemon [_thread_blocked, id=12168, stack(0x000000d1c0100000,0x000000d1c0200000)]
  0x000001d974686490 JavaThread "Worker-21" [_thread_blocked, id=4384, stack(0x000000d1c0400000,0x000000d1c0500000)]
  0x000001d974686eb0 JavaThread "Worker-22" [_thread_blocked, id=10316, stack(0x000000d1c0700000,0x000000d1c0800000)]
  0x000001d974683700 JavaThread "Worker-23" [_thread_blocked, id=9380, stack(0x000000d1c0800000,0x000000d1c0900000)]

Other Threads:
  0x000001d971461c40 VMThread "VM Thread" [stack: 0x000000d1bda00000,0x000000d1bdb00000] [id=10700]
  0x000001d97175c410 WatcherThread [stack: 0x000000d1be700000,0x000000d1be800000] [id=13060]
  0x000001d95830e4b0 GCTaskThread "GC Thread#0" [stack: 0x000000d1bd900000,0x000000d1bda00000] [id=11032]
  0x000001d97175bae0 GCTaskThread "GC Thread#1" [stack: 0x000000d1be500000,0x000000d1be600000] [id=12388]
  0x000001d9728fbf10 GCTaskThread "GC Thread#2" [stack: 0x000000d1be800000,0x000000d1be900000] [id=13544]
  0x000001d9728fc1d0 GCTaskThread "GC Thread#3" [stack: 0x000000d1be900000,0x000000d1bea00000] [id=3144]
  0x000001d9728fc8a0 GCTaskThread "GC Thread#4" [stack: 0x000000d1bea00000,0x000000d1beb00000] [id=12252]
  0x000001d9728fcb60 GCTaskThread "GC Thread#5" [stack: 0x000000d1beb00000,0x000000d1bec00000] [id=11320]
=>0x000001d9728fce20 GCTaskThread "GC Thread#6" [stack: 0x000000d1bec00000,0x000000d1bed00000] [id=15492]
  0x000001d972d61020 GCTaskThread "GC Thread#7" [stack: 0x000000d1bf200000,0x000000d1bf300000] [id=15900]

Threads with active compile tasks:

VM state: at safepoint (normal execution)

VM Mutex/Monitor currently owned by a thread:  ([mutex/lock_event])
[0x000001d9582f92b0] Threads_lock - owner thread: 0x000001d971461c40
[0x000001d9582f8c80] Heap_lock - owner thread: 0x000001d9760ec290

Heap address: 0x00000000c0000000, size: 1024 MB, Compressed Oops mode: 32-bit

CDS archive(s) not mapped
Compressed class space mapped at: 0x0000000100000000-0x0000000140000000, reserved size: 1073741824
Narrow klass base: 0x0000000000000000, Narrow klass shift: 3, Narrow klass range: 0x140000000

GC Precious Log:
 CPUs: 8 total, 8 available
 Memory: 16238M
 Large Page Support: Disabled
 NUMA Support: Disabled
 Compressed Oops: Enabled (32-bit)
 Alignments: Space 512K, Generation 512K, Heap 2M
 Heap Min Capacity: 100M
 Heap Initial Capacity: 100M
 Heap Max Capacity: 1G
 Pre-touch: Disabled
 Parallel Workers: 8

Heap:
 PSYoungGen      total 4096K, used 3924K [0x00000000eab00000, 0x00000000eb080000, 0x0000000100000000)
  eden space 3072K, 99% used [0x00000000eab00000,0x00000000eadfff88,0x00000000eae00000)
  from space 1024K, 83% used [0x00000000eaf00000,0x00000000eafd5200,0x00000000eb000000)
  to   space 512K, 31% used [0x00000000eb000000,0x00000000eb028000,0x00000000eb080000)
 ParOldGen       total 179200K, used 154749K [0x00000000c0000000, 0x00000000caf00000, 0x00000000eab00000)
  object space 179200K, 86% used [0x00000000c0000000,0x00000000c971f7b0,0x00000000caf00000)
 Metaspace       used 90656K, committed 92096K, reserved 1179648K
  class space    used 9308K, committed 9984K, reserved 1048576K

Card table byte_map: [0x000001d957ca0000,0x000001d957eb0000] _byte_map_base: 0x000001d9576a0000

Marking Bits: (ParMarkBitMap*) 0x00007ffb87d6d0b0
 Begin Bits: [0x000001d969fa0000, 0x000001d96afa0000)
 End Bits:   [0x000001d96afa0000, 0x000001d96bfa0000)

Polling page: 0x000001d956150000

Metaspace:

Usage:
  Non-class:     79.44 MB used.
      Class:      9.09 MB used.
       Both:     88.53 MB used.

Virtual space:
  Non-class space:      128.00 MB reserved,      80.19 MB ( 63%) committed,  2 nodes.
      Class space:        1.00 GB reserved,       9.75 MB ( <1%) committed,  1 nodes.
             Both:        1.12 GB reserved,      89.94 MB (  8%) committed. 

Chunk freelists:
   Non-Class:  15.65 MB
       Class:  6.17 MB
        Both:  21.82 MB

MaxMetaspaceSize: unlimited
CompressedClassSpaceSize: 1.00 GB
Initial GC threshold: 21.00 MB
Current GC threshold: 149.69 MB
CDS: off
MetaspaceReclaimPolicy: balanced
 - commit_granule_bytes: 65536.
 - commit_granule_words: 8192.
 - virtual_space_node_default_size: 8388608.
 - enlarge_chunks_in_place: 1.
 - new_chunks_are_fully_committed: 0.
 - uncommit_free_chunks: 1.
 - use_allocation_guard: 0.
 - handle_deallocations: 1.


Internal statistics:

num_allocs_failed_limit: 9.
num_arena_births: 1252.
num_arena_deaths: 336.
num_vsnodes_births: 3.
num_vsnodes_deaths: 0.
num_space_committed: 1439.
num_space_uncommitted: 0.
num_chunks_returned_to_freelist: 403.
num_chunks_taken_from_freelist: 5459.
num_chunk_merges: 140.
num_chunk_splits: 3187.
num_chunks_enlarged: 1656.
num_inconsistent_stats: 0.

CodeHeap 'non-profiled nmethods': size=120000Kb used=17128Kb max_used=17128Kb free=102871Kb
 bounds [0x000001d962a70000, 0x000001d963b30000, 0x000001d969fa0000]
CodeHeap 'profiled nmethods': size=120000Kb used=35390Kb max_used=35390Kb free=84609Kb
 bounds [0x000001d95afa0000, 0x000001d95d240000, 0x000001d9624d0000]
CodeHeap 'non-nmethods': size=5760Kb used=1420Kb max_used=1534Kb free=4340Kb
 bounds [0x000001d9624d0000, 0x000001d962740000, 0x000001d962a70000]
 total_blobs=17018 nmethods=16243 adapters=683
 compilation: enabled
              stopped_count=0, restarted_count=0
 full_count=0

Compilation events (20 events):
Event: 1062.324 Thread 0x000001d9714a1d10 22052       4       java.security.DrbgParameters::nextBytes (11 bytes)
Event: 1062.325 Thread 0x000001d9714a1d10 nmethod 22052 0x000001d963b28910 code [0x000001d963b28aa0, 0x000001d963b28bb8]
Event: 1062.342 Thread 0x000001d9714a1d10 22053       4       lombok.launch.PatchFixesHider$ExtensionMethod::resolveType (23 bytes)
Event: 1062.343 Thread 0x000001d9714a3850 22055       3       org.eclipse.jdt.internal.compiler.codegen.CodeStream::astore_3 (78 bytes)
Event: 1062.344 Thread 0x000001d9714a3850 nmethod 22055 0x000001d95ca66890 code [0x000001d95ca66a80, 0x000001d95ca66f78]
Event: 1062.344 Thread 0x000001d9714a3850 22056       3       org.eclipse.jdt.core.dom.ASTRecoveryPropagator::endVisit (127 bytes)
Event: 1062.345 Thread 0x000001d9714a3850 nmethod 22056 0x000001d95ca64f90 code [0x000001d95ca65240, 0x000001d95ca66268]
Event: 1062.346 Thread 0x000001d9714a3850 22057       3       org.eclipse.core.runtime.NullProgressMonitor::setTaskName (1 bytes)
Event: 1062.346 Thread 0x000001d9714a3850 nmethod 22057 0x000001d95ca64c10 code [0x000001d95ca64da0, 0x000001d95ca64eb8]
Event: 1062.347 Thread 0x000001d9714a1d10 nmethod 22053 0x000001d963b28d10 code [0x000001d963b28f00, 0x000001d963b292a0]
Event: 1062.347 Thread 0x000001d9714a1d10 22054       4       org.eclipse.jdt.internal.compiler.codegen.CodeStream::pushTypeBinding (93 bytes)
Event: 1062.348 Thread 0x000001d9714a1d10 nmethod 22054 0x000001d963b29710 code [0x000001d963b29880, 0x000001d963b29918]
Event: 1062.402 Thread 0x000001d9714a3850 22058       3       org.eclipse.jdt.internal.core.SourceTypeElementInfo::addCategories (37 bytes)
Event: 1062.403 Thread 0x000001d9714a3850 nmethod 22058 0x000001d95ca64410 code [0x000001d95ca645e0, 0x000001d95ca64a58]
Event: 1062.520 Thread 0x000001d9714a3850 22059       3       org.eclipse.jdt.ls.core.internal.contentassist.SignatureHelpRequestor::isIgnored (33 bytes)
Event: 1062.520 Thread 0x000001d9714a3850 nmethod 22059 0x000001d95ca63f10 code [0x000001d95ca640c0, 0x000001d95ca64358]
Event: 1062.520 Thread 0x000001d9714a3850 22060       1       org.eclipse.jdt.internal.compiler.lookup.BaseTypeBinding::qualifiedSourceName (5 bytes)
Event: 1062.520 Thread 0x000001d9714a3850 nmethod 22060 0x000001d963b29a10 code [0x000001d963b29ba0, 0x000001d963b29c78]
Event: 1062.521 Thread 0x000001d9714a1d10 22061       4       java.util.AbstractSequentialList::iterator (5 bytes)
Event: 1062.523 Thread 0x000001d9714a1d10 nmethod 22061 0x000001d963b29d10 code [0x000001d963b29ea0, 0x000001d963b2a058]

GC Heap History (20 events):
Event: 1062.297 GC heap after
{Heap after GC invocations=1881 (full 44):
 PSYoungGen      total 2048K, used 608K [0x00000000eab00000, 0x00000000eb080000, 0x0000000100000000)
  eden space 1024K, 0% used [0x00000000eab00000,0x00000000eab00000,0x00000000eac00000)
  from space 1024K, 59% used [0x00000000eaf80000,0x00000000eb018000,0x00000000eb080000)
  to   space 1024K, 0% used [0x00000000eae80000,0x00000000eae80000,0x00000000eaf80000)
 ParOldGen       total 179200K, used 147654K [0x00000000c0000000, 0x00000000caf00000, 0x00000000eab00000)
  object space 179200K, 82% used [0x00000000c0000000,0x00000000c9031ae0,0x00000000caf00000)
 Metaspace       used 90654K, committed 92096K, reserved 1179648K
  class space    used 9308K, committed 9984K, reserved 1048576K
}
Event: 1062.299 GC heap before
{Heap before GC invocations=1882 (full 44):
 PSYoungGen      total 2048K, used 1632K [0x00000000eab00000, 0x00000000eb080000, 0x0000000100000000)
  eden space 1024K, 100% used [0x00000000eab00000,0x00000000eac00000,0x00000000eac00000)
  from space 1024K, 59% used [0x00000000eaf80000,0x00000000eb018000,0x00000000eb080000)
  to   space 1024K, 0% used [0x00000000eae80000,0x00000000eae80000,0x00000000eaf80000)
 ParOldGen       total 179200K, used 147654K [0x00000000c0000000, 0x00000000caf00000, 0x00000000eab00000)
  object space 179200K, 82% used [0x00000000c0000000,0x00000000c9031ae0,0x00000000caf00000)
 Metaspace       used 90654K, committed 92096K, reserved 1179648K
  class space    used 9308K, committed 9984K, reserved 1048576K
}
Event: 1062.300 GC heap after
{Heap after GC invocations=1882 (full 44):
 PSYoungGen      total 2560K, used 1024K [0x00000000eab00000, 0x00000000eb080000, 0x0000000100000000)
  eden space 1536K, 0% used [0x00000000eab00000,0x00000000eab00000,0x00000000eac80000)
  from space 1024K, 100% used [0x00000000eae80000,0x00000000eaf80000,0x00000000eaf80000)
  to   space 1024K, 0% used [0x00000000eaf80000,0x00000000eaf80000,0x00000000eb080000)
 ParOldGen       total 179200K, used 148142K [0x00000000c0000000, 0x00000000caf00000, 0x00000000eab00000)
  object space 179200K, 82% used [0x00000000c0000000,0x00000000c90abae0,0x00000000caf00000)
 Metaspace       used 90654K, committed 92096K, reserved 1179648K
  class space    used 9308K, committed 9984K, reserved 1048576K
}
Event: 1062.303 GC heap before
{Heap before GC invocations=1883 (full 44):
 PSYoungGen      total 2560K, used 2560K [0x00000000eab00000, 0x00000000eb080000, 0x0000000100000000)
  eden space 1536K, 100% used [0x00000000eab00000,0x00000000eac80000,0x00000000eac80000)
  from space 1024K, 100% used [0x00000000eae80000,0x00000000eaf80000,0x00000000eaf80000)
  to   space 1024K, 0% used [0x00000000eaf80000,0x00000000eaf80000,0x00000000eb080000)
 ParOldGen       total 179200K, used 148142K [0x00000000c0000000, 0x00000000caf00000, 0x00000000eab00000)
  object space 179200K, 82% used [0x00000000c0000000,0x00000000c90abae0,0x00000000caf00000)
 Metaspace       used 90654K, committed 92096K, reserved 1179648K
  class space    used 9308K, committed 9984K, reserved 1048576K
}
Event: 1062.306 GC heap after
{Heap after GC invocations=1883 (full 44):
 PSYoungGen      total 2560K, used 1024K [0x00000000eab00000, 0x00000000eb300000, 0x0000000100000000)
  eden space 1536K, 0% used [0x00000000eab00000,0x00000000eab00000,0x00000000eac80000)
  from space 1024K, 100% used [0x00000000eaf80000,0x00000000eb080000,0x00000000eb080000)
  to   space 3072K, 0% used [0x00000000eac80000,0x00000000eac80000,0x00000000eaf80000)
 ParOldGen       total 179200K, used 149614K [0x00000000c0000000, 0x00000000caf00000, 0x00000000eab00000)
  object space 179200K, 83% used [0x00000000c0000000,0x00000000c921bae0,0x00000000caf00000)
 Metaspace       used 90654K, committed 92096K, reserved 1179648K
  class space    used 9308K, committed 9984K, reserved 1048576K
}
Event: 1062.309 GC heap before
{Heap before GC invocations=1884 (full 44):
 PSYoungGen      total 2560K, used 2560K [0x00000000eab00000, 0x00000000eb300000, 0x0000000100000000)
  eden space 1536K, 100% used [0x00000000eab00000,0x00000000eac80000,0x00000000eac80000)
  from space 1024K, 100% used [0x00000000eaf80000,0x00000000eb080000,0x00000000eb080000)
  to   space 3072K, 0% used [0x00000000eac80000,0x00000000eac80000,0x00000000eaf80000)
 ParOldGen       total 179200K, used 149614K [0x00000000c0000000, 0x00000000caf00000, 0x00000000eab00000)
  object space 179200K, 83% used [0x00000000c0000000,0x00000000c921bae0,0x00000000caf00000)
 Metaspace       used 90654K, committed 92096K, reserved 1179648K
  class space    used 9308K, committed 9984K, reserved 1048576K
}
Event: 1062.311 GC heap after
{Heap after GC invocations=1884 (full 44):
 PSYoungGen      total 3072K, used 1120K [0x00000000eab00000, 0x00000000eb100000, 0x0000000100000000)
  eden space 1536K, 0% used [0x00000000eab00000,0x00000000eab00000,0x00000000eac80000)
  from space 1536K, 72% used [0x00000000eac80000,0x00000000ead98000,0x00000000eae00000)
  to   space 2048K, 0% used [0x00000000eaf00000,0x00000000eaf00000,0x00000000eb100000)
 ParOldGen       total 179200K, used 150678K [0x00000000c0000000, 0x00000000caf00000, 0x00000000eab00000)
  object space 179200K, 84% used [0x00000000c0000000,0x00000000c9325ae0,0x00000000caf00000)
 Metaspace       used 90654K, committed 92096K, reserved 1179648K
  class space    used 9308K, committed 9984K, reserved 1048576K
}
Event: 1062.313 GC heap before
{Heap before GC invocations=1885 (full 44):
 PSYoungGen      total 3072K, used 2656K [0x00000000eab00000, 0x00000000eb100000, 0x0000000100000000)
  eden space 1536K, 100% used [0x00000000eab00000,0x00000000eac80000,0x00000000eac80000)
  from space 1536K, 72% used [0x00000000eac80000,0x00000000ead98000,0x00000000eae00000)
  to   space 2048K, 0% used [0x00000000eaf00000,0x00000000eaf00000,0x00000000eb100000)
 ParOldGen       total 179200K, used 150678K [0x00000000c0000000, 0x00000000caf00000, 0x00000000eab00000)
  object space 179200K, 84% used [0x00000000c0000000,0x00000000c9325ae0,0x00000000caf00000)
 Metaspace       used 90654K, committed 92096K, reserved 1179648K
  class space    used 9308K, committed 9984K, reserved 1048576K
}
Event: 1062.314 GC heap after
{Heap after GC invocations=1885 (full 44):
 PSYoungGen      total 2560K, used 480K [0x00000000eab00000, 0x00000000eaf80000, 0x0000000100000000)
  eden space 2048K, 0% used [0x00000000eab00000,0x00000000eab00000,0x00000000ead00000)
  from space 512K, 93% used [0x00000000eaf00000,0x00000000eaf78000,0x00000000eaf80000)
  to   space 1024K, 0% used [0x00000000ead80000,0x00000000ead80000,0x00000000eae80000)
 ParOldGen       total 179200K, used 151691K [0x00000000c0000000, 0x00000000caf00000, 0x00000000eab00000)
  object space 179200K, 84% used [0x00000000c0000000,0x00000000c9422ce0,0x00000000caf00000)
 Metaspace       used 90654K, committed 92096K, reserved 1179648K
  class space    used 9308K, committed 9984K, reserved 1048576K
}
Event: 1062.322 GC heap before
{Heap before GC invocations=1886 (full 44):
 PSYoungGen      total 2560K, used 2528K [0x00000000eab00000, 0x00000000eaf80000, 0x0000000100000000)
  eden space 2048K, 100% used [0x00000000eab00000,0x00000000ead00000,0x00000000ead00000)
  from space 512K, 93% used [0x00000000eaf00000,0x00000000eaf78000,0x00000000eaf80000)
  to   space 1024K, 0% used [0x00000000ead80000,0x00000000ead80000,0x00000000eae80000)
 ParOldGen       total 179200K, used 151691K [0x00000000c0000000, 0x00000000caf00000, 0x00000000eab00000)
  object space 179200K, 84% used [0x00000000c0000000,0x00000000c9422ce0,0x00000000caf00000)
 Metaspace       used 90654K, committed 92096K, reserved 1179648K
  class space    used 9308K, committed 9984K, reserved 1048576K
}
Event: 1062.323 GC heap after
{Heap after GC invocations=1886 (full 44):
 PSYoungGen      total 3584K, used 512K [0x00000000eab00000, 0x00000000eaf80000, 0x0000000100000000)
  eden space 2560K, 0% used [0x00000000eab00000,0x00000000eab00000,0x00000000ead80000)
  from space 1024K, 50% used [0x00000000ead80000,0x00000000eae00000,0x00000000eae80000)
  to   space 1024K, 0% used [0x00000000eae80000,0x00000000eae80000,0x00000000eaf80000)
 ParOldGen       total 179200K, used 152123K [0x00000000c0000000, 0x00000000caf00000, 0x00000000eab00000)
  object space 179200K, 84% used [0x00000000c0000000,0x00000000c948ece0,0x00000000caf00000)
 Metaspace       used 90654K, committed 92096K, reserved 1179648K
  class space    used 9308K, committed 9984K, reserved 1048576K
}
Event: 1062.328 GC heap before
{Heap before GC invocations=1887 (full 44):
 PSYoungGen      total 3584K, used 3072K [0x00000000eab00000, 0x00000000eaf80000, 0x0000000100000000)
  eden space 2560K, 100% used [0x00000000eab00000,0x00000000ead80000,0x00000000ead80000)
  from space 1024K, 50% used [0x00000000ead80000,0x00000000eae00000,0x00000000eae80000)
  to   space 1024K, 0% used [0x00000000eae80000,0x00000000eae80000,0x00000000eaf80000)
 ParOldGen       total 179200K, used 152123K [0x00000000c0000000, 0x00000000caf00000, 0x00000000eab00000)
  object space 179200K, 84% used [0x00000000c0000000,0x00000000c948ece0,0x00000000caf00000)
 Metaspace       used 90654K, committed 92096K, reserved 1179648K
  class space    used 9308K, committed 9984K, reserved 1048576K
}
Event: 1062.329 GC heap after
{Heap after GC invocations=1887 (full 44):
 PSYoungGen      total 3584K, used 442K [0x00000000eab00000, 0x00000000eaf00000, 0x0000000100000000)
  eden space 3072K, 0% used [0x00000000eab00000,0x00000000eab00000,0x00000000eae00000)
  from space 512K, 86% used [0x00000000eae80000,0x00000000eaeee900,0x00000000eaf00000)
  to   space 512K, 0% used [0x00000000eae00000,0x00000000eae00000,0x00000000eae80000)
 ParOldGen       total 179200K, used 152515K [0x00000000c0000000, 0x00000000caf00000, 0x00000000eab00000)
  object space 179200K, 85% used [0x00000000c0000000,0x00000000c94f0ce0,0x00000000caf00000)
 Metaspace       used 90654K, committed 92096K, reserved 1179648K
  class space    used 9308K, committed 9984K, reserved 1048576K
}
Event: 1062.336 GC heap before
{Heap before GC invocations=1888 (full 44):
 PSYoungGen      total 3584K, used 3514K [0x00000000eab00000, 0x00000000eaf00000, 0x0000000100000000)
  eden space 3072K, 100% used [0x00000000eab00000,0x00000000eae00000,0x00000000eae00000)
  from space 512K, 86% used [0x00000000eae80000,0x00000000eaeee900,0x00000000eaf00000)
  to   space 512K, 0% used [0x00000000eae00000,0x00000000eae00000,0x00000000eae80000)
 ParOldGen       total 179200K, used 152515K [0x00000000c0000000, 0x00000000caf00000, 0x00000000eab00000)
  object space 179200K, 85% used [0x00000000c0000000,0x00000000c94f0ce0,0x00000000caf00000)
 Metaspace       used 90654K, committed 92096K, reserved 1179648K
  class space    used 9308K, committed 9984K, reserved 1048576K
}
Event: 1062.338 GC heap after
{Heap after GC invocations=1888 (full 44):
 PSYoungGen      total 3584K, used 500K [0x00000000eab00000, 0x00000000eb100000, 0x0000000100000000)
  eden space 3072K, 0% used [0x00000000eab00000,0x00000000eab00000,0x00000000eae00000)
  from space 512K, 97% used [0x00000000eae00000,0x00000000eae7d200,0x00000000eae80000)
  to   space 1024K, 0% used [0x00000000eb000000,0x00000000eb000000,0x00000000eb100000)
 ParOldGen       total 179200K, used 152899K [0x00000000c0000000, 0x00000000caf00000, 0x00000000eab00000)
  object space 179200K, 85% used [0x00000000c0000000,0x00000000c9550ce0,0x00000000caf00000)
 Metaspace       used 90654K, committed 92096K, reserved 1179648K
  class space    used 9308K, committed 9984K, reserved 1048576K
}
Event: 1062.483 GC heap before
{Heap before GC invocations=1889 (full 44):
 PSYoungGen      total 3584K, used 3572K [0x00000000eab00000, 0x00000000eb100000, 0x0000000100000000)
  eden space 3072K, 100% used [0x00000000eab00000,0x00000000eae00000,0x00000000eae00000)
  from space 512K, 97% used [0x00000000eae00000,0x00000000eae7d200,0x00000000eae80000)
  to   space 1024K, 0% used [0x00000000eb000000,0x00000000eb000000,0x00000000eb100000)
 ParOldGen       total 179200K, used 152899K [0x00000000c0000000, 0x00000000caf00000, 0x00000000eab00000)
  object space 179200K, 85% used [0x00000000c0000000,0x00000000c9550ce0,0x00000000caf00000)
 Metaspace       used 90656K, committed 92096K, reserved 1179648K
  class space    used 9308K, committed 9984K, reserved 1048576K
}
Event: 1062.486 GC heap after
{Heap after GC invocations=1889 (full 44):
 PSYoungGen      total 4096K, used 794K [0x00000000eab00000, 0x00000000eb100000, 0x0000000100000000)
  eden space 3072K, 0% used [0x00000000eab00000,0x00000000eab00000,0x00000000eae00000)
  from space 1024K, 77% used [0x00000000eb000000,0x00000000eb0c6900,0x00000000eb100000)
  to   space 1024K, 0% used [0x00000000eaf00000,0x00000000eaf00000,0x00000000eb000000)
 ParOldGen       total 179200K, used 153372K [0x00000000c0000000, 0x00000000caf00000, 0x00000000eab00000)
  object space 179200K, 85% used [0x00000000c0000000,0x00000000c95c7248,0x00000000caf00000)
 Metaspace       used 90656K, committed 92096K, reserved 1179648K
  class space    used 9308K, committed 9984K, reserved 1048576K
}
Event: 1062.508 GC heap before
{Heap before GC invocations=1890 (full 44):
 PSYoungGen      total 4096K, used 3866K [0x00000000eab00000, 0x00000000eb100000, 0x0000000100000000)
  eden space 3072K, 100% used [0x00000000eab00000,0x00000000eae00000,0x00000000eae00000)
  from space 1024K, 77% used [0x00000000eb000000,0x00000000eb0c6900,0x00000000eb100000)
  to   space 1024K, 0% used [0x00000000eaf00000,0x00000000eaf00000,0x00000000eb000000)
 ParOldGen       total 179200K, used 153372K [0x00000000c0000000, 0x00000000caf00000, 0x00000000eab00000)
  object space 179200K, 85% used [0x00000000c0000000,0x00000000c95c7248,0x00000000caf00000)
 Metaspace       used 90656K, committed 92096K, reserved 1179648K
  class space    used 9308K, committed 9984K, reserved 1048576K
}
Event: 1062.510 GC heap after
{Heap after GC invocations=1890 (full 44):
 PSYoungGen      total 4096K, used 852K [0x00000000eab00000, 0x00000000eb080000, 0x0000000100000000)
  eden space 3072K, 0% used [0x00000000eab00000,0x00000000eab00000,0x00000000eae00000)
  from space 1024K, 83% used [0x00000000eaf00000,0x00000000eafd5200,0x00000000eb000000)
  to   space 512K, 0% used [0x00000000eb000000,0x00000000eb000000,0x00000000eb080000)
 ParOldGen       total 179200K, used 154069K [0x00000000c0000000, 0x00000000caf00000, 0x00000000eab00000)
  object space 179200K, 85% used [0x00000000c0000000,0x00000000c96757b0,0x00000000caf00000)
 Metaspace       used 90656K, committed 92096K, reserved 1179648K
  class space    used 9308K, committed 9984K, reserved 1048576K
}
Event: 1062.561 GC heap before
{Heap before GC invocations=1891 (full 44):
 PSYoungGen      total 4096K, used 3924K [0x00000000eab00000, 0x00000000eb080000, 0x0000000100000000)
  eden space 3072K, 99% used [0x00000000eab00000,0x00000000eadfff88,0x00000000eae00000)
  from space 1024K, 83% used [0x00000000eaf00000,0x00000000eafd5200,0x00000000eb000000)
  to   space 512K, 0% used [0x00000000eb000000,0x00000000eb000000,0x00000000eb080000)
 ParOldGen       total 179200K, used 154069K [0x00000000c0000000, 0x00000000caf00000, 0x00000000eab00000)
  object space 179200K, 85% used [0x00000000c0000000,0x00000000c96757b0,0x00000000caf00000)
 Metaspace       used 90656K, committed 92096K, reserved 1179648K
  class space    used 9308K, committed 9984K, reserved 1048576K
}

Dll operation events (10 events):
Event: 0.016 Loaded shared library c:\Users\vijay\.vscode\extensions\redhat.java-1.25.1-win32-x64\jre\17.0.9-win32-x86_64\bin\java.dll
Event: 0.382 Loaded shared library c:\Users\vijay\.vscode\extensions\redhat.java-1.25.1-win32-x64\jre\17.0.9-win32-x86_64\bin\zip.dll
Event: 0.391 Loaded shared library C:\Users\vijay\.vscode\extensions\redhat.java-1.25.1-win32-x64\jre\17.0.9-win32-x86_64\bin\instrument.dll
Event: 0.448 Loaded shared library C:\Users\vijay\.vscode\extensions\redhat.java-1.25.1-win32-x64\jre\17.0.9-win32-x86_64\bin\net.dll
Event: 0.450 Loaded shared library C:\Users\vijay\.vscode\extensions\redhat.java-1.25.1-win32-x64\jre\17.0.9-win32-x86_64\bin\nio.dll
Event: 0.483 Loaded shared library C:\Users\vijay\.vscode\extensions\redhat.java-1.25.1-win32-x64\jre\17.0.9-win32-x86_64\bin\zip.dll
Event: 0.528 Loaded shared library C:\Users\vijay\.vscode\extensions\redhat.java-1.25.1-win32-x64\jre\17.0.9-win32-x86_64\bin\jimage.dll
Event: 0.752 Loaded shared library c:\Users\vijay\.vscode\extensions\redhat.java-1.25.1-win32-x64\jre\17.0.9-win32-x86_64\bin\verify.dll
Event: 2.369 Loaded shared library C:\Users\vijay\AppData\Roaming\Code\User\globalStorage\redhat.java\1.25.1\config_win\org.eclipse.equinox.launcher\org.eclipse.equinox.launcher.win32.win32.x86_64_1.2.800.v20231003-1442\eclipse_11802.dll
Event: 6.176 Loaded shared library C:\Users\vijay\AppData\Local\Temp\jna-112208527\jna11502855255808311747.dll

Deoptimization events (20 events):
Event: 1061.442 Thread 0x000001d9760ec290 Uncommon trap: trap_request=0xffffffde fr.pc=0x000001d96375f278 relative=0x0000000000002818
Event: 1061.442 Thread 0x000001d9760ec290 Uncommon trap: reason=class_check action=maybe_recompile pc=0x000001d96375f278 method=org.eclipse.jdt.internal.compiler.ast.MessageSend.resolveType(Lorg/eclipse/jdt/internal/compiler/lookup/BlockScope;)Lorg/eclipse/jdt/internal/compiler/lookup/TypeBinding
Event: 1061.442 Thread 0x000001d9760ec290 DEOPT PACKING pc=0x000001d96375f278 sp=0x000000d1c00fd540
Event: 1061.442 Thread 0x000001d9760ec290 DEOPT UNPACKING pc=0x000001d9625266a3 sp=0x000000d1c00fd4f0 mode 2
Event: 1061.481 Thread 0x000001d97f0438e0 Uncommon trap: trap_request=0xffffff45 fr.pc=0x000001d9639b6428 relative=0x0000000000002e28
Event: 1061.481 Thread 0x000001d97f0438e0 Uncommon trap: reason=unstable_if action=reinterpret pc=0x000001d9639b6428 method=org.eclipse.jdt.core.dom.TypeBinding.getName()Ljava/lang/String; @ 7 c2
Event: 1061.481 Thread 0x000001d97f0438e0 DEOPT PACKING pc=0x000001d9639b6428 sp=0x000000d1bf6fe810
Event: 1061.481 Thread 0x000001d97f0438e0 DEOPT UNPACKING pc=0x000001d9625266a3 sp=0x000000d1bf6fe7e0 mode 2
Event: 1061.814 Thread 0x000001d9760eccb0 Uncommon trap: trap_request=0xffffffde fr.pc=0x000001d96375f278 relative=0x0000000000002818
Event: 1061.814 Thread 0x000001d9760eccb0 Uncommon trap: reason=class_check action=maybe_recompile pc=0x000001d96375f278 method=org.eclipse.jdt.internal.compiler.ast.MessageSend.resolveType(Lorg/eclipse/jdt/internal/compiler/lookup/BlockScope;)Lorg/eclipse/jdt/internal/compiler/lookup/TypeBinding
Event: 1061.814 Thread 0x000001d9760eccb0 DEOPT PACKING pc=0x000001d96375f278 sp=0x000000d1bf5fdcb0
Event: 1061.814 Thread 0x000001d9760eccb0 DEOPT UNPACKING pc=0x000001d9625266a3 sp=0x000000d1bf5fdc60 mode 2
Event: 1061.836 Thread 0x000001d97f0438e0 Uncommon trap: trap_request=0xffffffde fr.pc=0x000001d96375f278 relative=0x0000000000002818
Event: 1061.836 Thread 0x000001d97f0438e0 Uncommon trap: reason=class_check action=maybe_recompile pc=0x000001d96375f278 method=org.eclipse.jdt.internal.compiler.ast.MessageSend.resolveType(Lorg/eclipse/jdt/internal/compiler/lookup/BlockScope;)Lorg/eclipse/jdt/internal/compiler/lookup/TypeBinding
Event: 1061.836 Thread 0x000001d97f0438e0 DEOPT PACKING pc=0x000001d96375f278 sp=0x000000d1bf6fde00
Event: 1061.836 Thread 0x000001d97f0438e0 DEOPT UNPACKING pc=0x000001d9625266a3 sp=0x000000d1bf6fddb0 mode 2
Event: 1062.184 Thread 0x000001d97f0438e0 Uncommon trap: trap_request=0xffffffde fr.pc=0x000001d96375f278 relative=0x0000000000002818
Event: 1062.184 Thread 0x000001d97f0438e0 Uncommon trap: reason=class_check action=maybe_recompile pc=0x000001d96375f278 method=org.eclipse.jdt.internal.compiler.ast.MessageSend.resolveType(Lorg/eclipse/jdt/internal/compiler/lookup/BlockScope;)Lorg/eclipse/jdt/internal/compiler/lookup/TypeBinding
Event: 1062.184 Thread 0x000001d97f0438e0 DEOPT PACKING pc=0x000001d96375f278 sp=0x000000d1bf6fdeb0
Event: 1062.184 Thread 0x000001d97f0438e0 DEOPT UNPACKING pc=0x000001d9625266a3 sp=0x000000d1bf6fde60 mode 2

Classes unloaded (20 events):
Event: 1040.074 Thread 0x000001d971461c40 Unloading class 0x0000000100859000 'java/lang/invoke/LambdaForm$MH+0x0000000100859000'
Event: 1040.074 Thread 0x000001d971461c40 Unloading class 0x0000000100858c00 'java/lang/invoke/LambdaForm$MH+0x0000000100858c00'
Event: 1040.074 Thread 0x000001d971461c40 Unloading class 0x0000000100858800 'java/lang/invoke/LambdaForm$MH+0x0000000100858800'
Event: 1040.074 Thread 0x000001d971461c40 Unloading class 0x00000001007c8000 'jdk/internal/reflect/GeneratedMethodAccessor34'
Event: 1040.074 Thread 0x000001d971461c40 Unloading class 0x00000001007c0400 'jdk/internal/reflect/GeneratedMethodAccessor33'
Event: 1040.074 Thread 0x000001d971461c40 Unloading class 0x00000001007a5400 'jdk/internal/reflect/GeneratedMethodAccessor32'
Event: 1040.074 Thread 0x000001d971461c40 Unloading class 0x00000001007a5000 'jdk/internal/reflect/GeneratedMethodAccessor31'
Event: 1040.074 Thread 0x000001d971461c40 Unloading class 0x00000001007a4400 'jdk/internal/reflect/GeneratedMethodAccessor30'
Event: 1040.074 Thread 0x000001d971461c40 Unloading class 0x00000001007a5800 'jdk/internal/reflect/GeneratedMethodAccessor28'
Event: 1040.074 Thread 0x000001d971461c40 Unloading class 0x0000000100789400 'java/lang/invoke/LambdaForm$MH+0x0000000100789400'
Event: 1040.074 Thread 0x000001d971461c40 Unloading class 0x0000000100789000 'java/lang/invoke/LambdaForm$MH+0x0000000100789000'
Event: 1040.074 Thread 0x000001d971461c40 Unloading class 0x0000000100788c00 'java/lang/invoke/LambdaForm$MH+0x0000000100788c00'
Event: 1040.074 Thread 0x000001d971461c40 Unloading class 0x0000000100788800 'java/lang/invoke/LambdaForm$MH+0x0000000100788800'
Event: 1040.074 Thread 0x000001d971461c40 Unloading class 0x0000000100788400 'java/lang/invoke/LambdaForm$MH+0x0000000100788400'
Event: 1040.074 Thread 0x000001d971461c40 Unloading class 0x0000000100788000 'java/lang/invoke/LambdaForm$MH+0x0000000100788000'
Event: 1040.074 Thread 0x000001d971461c40 Unloading class 0x0000000100760800 'jdk/internal/reflect/GeneratedMethodAccessor22'
Event: 1040.074 Thread 0x000001d971461c40 Unloading class 0x0000000100734400 'jdk/internal/reflect/GeneratedMethodAccessor18'
Event: 1040.074 Thread 0x000001d971461c40 Unloading class 0x0000000100734000 'jdk/internal/reflect/GeneratedMethodAccessor17'
Event: 1040.074 Thread 0x000001d971461c40 Unloading class 0x000000010072c000 'jdk/internal/reflect/GeneratedMethodAccessor15'
Event: 1040.074 Thread 0x000001d971461c40 Unloading class 0x0000000100225800 'jdk/internal/reflect/GeneratedConstructorAccessor3'

Classes redefined (0 events):
No events

Internal exceptions (20 events):
Event: 941.730 Thread 0x000001d97f0429b0 Exception <a 'java/lang/ArrayIndexOutOfBoundsException'{0x00000000ead82900}> (0x00000000ead82900) 
thrown [s\src\hotspot\share\runtime\sharedRuntime.cpp, line 631]
Event: 942.402 Thread 0x000001d97f0438e0 Exception <a 'java/lang/ArrayIndexOutOfBoundsException'{0x00000000eac67fd0}> (0x00000000eac67fd0) 
thrown [s\src\hotspot\share\runtime\sharedRuntime.cpp, line 631]
Event: 942.839 Thread 0x000001d97f0438e0 Exception <a 'java/lang/ArrayIndexOutOfBoundsException'{0x00000000eabe6840}> (0x00000000eabe6840) 
thrown [s\src\hotspot\share\runtime\sharedRuntime.cpp, line 631]
Event: 943.007 Thread 0x000001d97f0438e0 Exception <a 'java/lang/ArrayIndexOutOfBoundsException'{0x00000000eace46b0}> (0x00000000eace46b0) 
thrown [s\src\hotspot\share\runtime\sharedRuntime.cpp, line 631]
Event: 945.129 Thread 0x000001d972d864a0 Exception <a 'sun/nio/fs/WindowsException'{0x00000000eb23b950}> (0x00000000eb23b950) 
thrown [s\src\hotspot\share\prims\jni.cpp, line 516]
Event: 945.215 Thread 0x000001d972d864a0 Exception <a 'sun/nio/fs/WindowsException'{0x00000000eb1bd800}> (0x00000000eb1bd800) 
thrown [s\src\hotspot\share\prims\jni.cpp, line 516]
Event: 945.230 Thread 0x000001d97f043df0 Exception <a 'java/lang/ClassNotFoundException'{0x00000000eac542d8}: sun/net/www/protocol/jdt/Handler> (0x00000000eac542d8) 
thrown [s\src\hotspot\share\classfile\systemDictionary.cpp, line 256]
Event: 945.231 Thread 0x000001d97f043df0 Exception <a 'java/lang/ClassNotFoundException'{0x00000000eac57cd0}: sun/net/www/protocol/jdt/Handler> (0x00000000eac57cd0) 
thrown [s\src\hotspot\share\classfile\systemDictionary.cpp, line 256]
Event: 945.231 Thread 0x000001d97f043df0 Exception <a 'java/lang/ClassNotFoundException'{0x00000000ead3df58}: sun/net/www/protocol/jdt/Handler> (0x00000000ead3df58) 
thrown [s\src\hotspot\share\classfile\systemDictionary.cpp, line 256]
Event: 946.771 Thread 0x000001d972d864a0 Exception <a 'sun/nio/fs/WindowsException'{0x00000000eac3a898}> (0x00000000eac3a898) 
thrown [s\src\hotspot\share\prims\jni.cpp, line 516]
Event: 946.843 Thread 0x000001d972d864a0 Exception <a 'sun/nio/fs/WindowsException'{0x00000000eac06af8}> (0x00000000eac06af8) 
thrown [s\src\hotspot\share\prims\jni.cpp, line 516]
Event: 951.539 Thread 0x000001d972d864a0 Exception <a 'sun/nio/fs/WindowsException'{0x00000000eadea380}> (0x00000000eadea380) 
thrown [s\src\hotspot\share\prims\jni.cpp, line 516]
Event: 951.629 Thread 0x000001d972d864a0 Exception <a 'sun/nio/fs/WindowsException'{0x00000000eadfd820}> (0x00000000eadfd820) 
thrown [s\src\hotspot\share\prims\jni.cpp, line 516]
Event: 997.741 Thread 0x000001d972d86ec0 Exception <a 'java/lang/InterruptedException'{0x00000000eae261a0}> (0x00000000eae261a0) 
thrown [s\src\hotspot\share\runtime\objectMonitor.cpp, line 1658]
Event: 998.827 Thread 0x000001d974684630 Exception <a 'sun/nio/fs/WindowsException'{0x00000000eae59c50}> (0x00000000eae59c50) 
thrown [s\src\hotspot\share\prims\jni.cpp, line 516]
Event: 998.827 Thread 0x000001d974684630 Exception <a 'sun/nio/fs/WindowsException'{0x00000000eae59f40}> (0x00000000eae59f40) 
thrown [s\src\hotspot\share\prims\jni.cpp, line 516]
Event: 998.827 Thread 0x000001d974684630 Exception <a 'sun/nio/fs/WindowsException'{0x00000000eae5a8a0}> (0x00000000eae5a8a0) 
thrown [s\src\hotspot\share\prims\jni.cpp, line 516]
Event: 998.827 Thread 0x000001d974684630 Exception <a 'sun/nio/fs/WindowsException'{0x00000000eae5ab70}> (0x00000000eae5ab70) 
thrown [s\src\hotspot\share\prims\jni.cpp, line 516]
Event: 1056.025 Thread 0x000001d972d864a0 Exception <a 'sun/nio/fs/WindowsException'{0x00000000eacb37a0}> (0x00000000eacb37a0) 
thrown [s\src\hotspot\share\prims\jni.cpp, line 516]
Event: 1056.101 Thread 0x000001d972d864a0 Exception <a 'sun/nio/fs/WindowsException'{0x00000000eab90cc8}> (0x00000000eab90cc8) 
thrown [s\src\hotspot\share\prims\jni.cpp, line 516]

VM Operations (20 events):
Event: 1062.297 Executing VM operation: ParallelGCFailedAllocation done
Event: 1062.299 Executing VM operation: ParallelGCFailedAllocation
Event: 1062.300 Executing VM operation: ParallelGCFailedAllocation done
Event: 1062.303 Executing VM operation: ParallelGCFailedAllocation
Event: 1062.306 Executing VM operation: ParallelGCFailedAllocation done
Event: 1062.309 Executing VM operation: ParallelGCFailedAllocation
Event: 1062.311 Executing VM operation: ParallelGCFailedAllocation done
Event: 1062.313 Executing VM operation: ParallelGCFailedAllocation
Event: 1062.314 Executing VM operation: ParallelGCFailedAllocation done
Event: 1062.322 Executing VM operation: ParallelGCFailedAllocation
Event: 1062.323 Executing VM operation: ParallelGCFailedAllocation done
Event: 1062.328 Executing VM operation: ParallelGCFailedAllocation
Event: 1062.329 Executing VM operation: ParallelGCFailedAllocation done
Event: 1062.336 Executing VM operation: ParallelGCFailedAllocation
Event: 1062.338 Executing VM operation: ParallelGCFailedAllocation done
Event: 1062.483 Executing VM operation: ParallelGCFailedAllocation
Event: 1062.486 Executing VM operation: ParallelGCFailedAllocation done
Event: 1062.508 Executing VM operation: ParallelGCFailedAllocation
Event: 1062.510 Executing VM operation: ParallelGCFailedAllocation done
Event: 1062.561 Executing VM operation: ParallelGCFailedAllocation

Events (20 events):
Event: 999.094 Thread 0x000001d974685a70 Thread exited: 0x000001d974685a70
Event: 999.094 Thread 0x000001d974685a70 Thread added: 0x000001d974685a70
Event: 999.094 Thread 0x000001d974685f80 Thread added: 0x000001d974685f80
Event: 999.106 Thread 0x000001d974686490 Thread added: 0x000001d974686490
Event: 999.107 Thread 0x000001d974684b40 Thread exited: 0x000001d974684b40
Event: 999.166 Thread 0x000001d974684b40 Thread added: 0x000001d974684b40
Event: 999.188 Thread 0x000001d974686490 Thread exited: 0x000001d974686490
Event: 1005.236 Thread 0x000001d97f043df0 Thread exited: 0x000001d97f043df0
Event: 1011.842 Thread 0x000001d9728a1860 Thread exited: 0x000001d9728a1860
Event: 1011.842 Thread 0x000001d97f041a80 Thread exited: 0x000001d97f041a80
Event: 1012.250 Thread 0x000001d9760e9500 Thread exited: 0x000001d9760e9500
Event: 1012.250 Thread 0x000001d9760ed1c0 Thread exited: 0x000001d9760ed1c0
Event: 1040.012 Thread 0x000001d9760ea430 Thread exited: 0x000001d9760ea430
Event: 1040.226 Thread 0x000001d974d83e70 Thread added: 0x000001d974d83e70
Event: 1044.045 Thread 0x000001d974d83e70 Thread exited: 0x000001d974d83e70
Event: 1055.751 Thread 0x000001d974686490 Thread added: 0x000001d974686490
Event: 1056.012 Thread 0x000001d974686eb0 Thread added: 0x000001d974686eb0
Event: 1056.141 Thread 0x000001d974683700 Thread added: 0x000001d974683700
Event: 1056.157 Thread 0x000001d974683700 Thread exited: 0x000001d974683700
Event: 1056.260 Thread 0x000001d974683700 Thread added: 0x000001d974683700


Dynamic libraries:
0x00007ff7ea230000 - 0x00007ff7ea23e000 	c:\Users\vijay\.vscode\extensions\redhat.java-1.25.1-win32-x64\jre\17.0.9-win32-x86_64\bin\java.exe
0x00007ffbd8bb0000 - 0x00007ffbd8da8000 	C:\Windows\SYSTEM32\ntdll.dll
0x00007ffbd8830000 - 0x00007ffbd88ed000 	C:\Windows\System32\KERNEL32.DLL
0x00007ffbd62c0000 - 0x00007ffbd65b6000 	C:\Windows\System32\KERNELBASE.dll
0x00007ffbd6650000 - 0x00007ffbd6750000 	C:\Windows\System32\ucrtbase.dll
0x00007ffbd4270000 - 0x00007ffbd4287000 	c:\Users\vijay\.vscode\extensions\redhat.java-1.25.1-win32-x64\jre\17.0.9-win32-x86_64\bin\jli.dll
0x00007ffbd5890000 - 0x00007ffbd58ab000 	c:\Users\vijay\.vscode\extensions\redhat.java-1.25.1-win32-x64\jre\17.0.9-win32-x86_64\bin\VCRUNTIME140.dll
0x00007ffbd88f0000 - 0x00007ffbd8a8e000 	C:\Windows\System32\USER32.dll
0x00007ffbd6a30000 - 0x00007ffbd6a52000 	C:\Windows\System32\win32u.dll
0x00007ffbd7170000 - 0x00007ffbd719c000 	C:\Windows\System32\GDI32.dll
0x00007ffbc3070000 - 0x00007ffbc330a000 	C:\Windows\WinSxS\amd64_microsoft.windows.common-controls_6595b64144ccf1df_6.0.19041.3636_none_60b6a03d71f818d5\COMCTL32.dll
0x00007ffbd6750000 - 0x00007ffbd686a000 	C:\Windows\System32\gdi32full.dll
0x00007ffbd8790000 - 0x00007ffbd882e000 	C:\Windows\System32\msvcrt.dll
0x00007ffbd6990000 - 0x00007ffbd6a2d000 	C:\Windows\System32\msvcp_win.dll
0x00007ffbd6c10000 - 0x00007ffbd6c40000 	C:\Windows\System32\IMM32.DLL
0x00007ffbd58c0000 - 0x00007ffbd58cc000 	c:\Users\vijay\.vscode\extensions\redhat.java-1.25.1-win32-x64\jre\17.0.9-win32-x86_64\bin\vcruntime140_1.dll
0x00007ffbcd7c0000 - 0x00007ffbcd84d000 	c:\Users\vijay\.vscode\extensions\redhat.java-1.25.1-win32-x64\jre\17.0.9-win32-x86_64\bin\msvcp140.dll
0x00007ffb871d0000 - 0x00007ffb87e31000 	c:\Users\vijay\.vscode\extensions\redhat.java-1.25.1-win32-x64\jre\17.0.9-win32-x86_64\bin\server\jvm.dll
0x00007ffbd80a0000 - 0x00007ffbd814f000 	C:\Windows\System32\ADVAPI32.dll
0x00007ffbd71a0000 - 0x00007ffbd723c000 	C:\Windows\System32\sechost.dll
0x00007ffbd8150000 - 0x00007ffbd8276000 	C:\Windows\System32\RPCRT4.dll
0x00007ffbd5e90000 - 0x00007ffbd5edb000 	C:\Windows\SYSTEM32\POWRPROF.dll
0x00007ffbd3dd0000 - 0x00007ffbd3df7000 	C:\Windows\SYSTEM32\WINMM.dll
0x00007ffbd2fc0000 - 0x00007ffbd2fca000 	C:\Windows\SYSTEM32\VERSION.dll
0x00007ffbb9030000 - 0x00007ffbb9039000 	C:\Windows\SYSTEM32\WSOCK32.dll
0x00007ffbd8280000 - 0x00007ffbd82eb000 	C:\Windows\System32\WS2_32.dll
0x00007ffbd5910000 - 0x00007ffbd5922000 	C:\Windows\SYSTEM32\UMPDC.dll
0x00007ffbd3350000 - 0x00007ffbd3362000 	C:\Windows\SYSTEM32\kernel.appcore.dll
0x00007ffbd57d0000 - 0x00007ffbd57da000 	c:\Users\vijay\.vscode\extensions\redhat.java-1.25.1-win32-x64\jre\17.0.9-win32-x86_64\bin\jimage.dll
0x00007ffbd5ca0000 - 0x00007ffbd5e84000 	C:\Windows\SYSTEM32\DBGHELP.DLL
0x00007ffbd5a40000 - 0x00007ffbd5a74000 	C:\Windows\SYSTEM32\dbgcore.DLL
0x00007ffbd65c0000 - 0x00007ffbd6642000 	C:\Windows\System32\bcryptPrimitives.dll
0x00007ffbd3d30000 - 0x00007ffbd3d3e000 	c:\Users\vijay\.vscode\extensions\redhat.java-1.25.1-win32-x64\jre\17.0.9-win32-x86_64\bin\instrument.dll
0x00007ffbcd9d0000 - 0x00007ffbcd9f5000 	c:\Users\vijay\.vscode\extensions\redhat.java-1.25.1-win32-x64\jre\17.0.9-win32-x86_64\bin\java.dll
0x00007ffbd1800000 - 0x00007ffbd1818000 	c:\Users\vijay\.vscode\extensions\redhat.java-1.25.1-win32-x64\jre\17.0.9-win32-x86_64\bin\zip.dll
0x00007ffbd7450000 - 0x00007ffbd7b95000 	C:\Windows\System32\SHELL32.dll
0x00007ffbd3550000 - 0x00007ffbd3ceb000 	C:\Windows\SYSTEM32\windows.storage.dll
0x00007ffbd82f0000 - 0x00007ffbd8644000 	C:\Windows\System32\combase.dll
0x00007ffbd55d0000 - 0x00007ffbd55fd000 	C:\Windows\SYSTEM32\Wldp.dll
0x00007ffbd6fa0000 - 0x00007ffbd704d000 	C:\Windows\System32\SHCORE.dll
0x00007ffbd8650000 - 0x00007ffbd86a5000 	C:\Windows\System32\shlwapi.dll
0x00007ffbd61c0000 - 0x00007ffbd61e5000 	C:\Windows\SYSTEM32\profapi.dll
0x00007ffbce9b0000 - 0x00007ffbce9c9000 	C:\Users\vijay\.vscode\extensions\redhat.java-1.25.1-win32-x64\jre\17.0.9-win32-x86_64\bin\net.dll
0x00007ffbcc6f0000 - 0x00007ffbcc7fa000 	C:\Windows\SYSTEM32\WINHTTP.dll
0x00007ffbd54d0000 - 0x00007ffbd553a000 	C:\Windows\system32\mswsock.dll
0x00007ffbcdca0000 - 0x00007ffbcdcb6000 	C:\Users\vijay\.vscode\extensions\redhat.java-1.25.1-win32-x64\jre\17.0.9-win32-x86_64\bin\nio.dll
0x00007ffbd06a0000 - 0x00007ffbd06b0000 	c:\Users\vijay\.vscode\extensions\redhat.java-1.25.1-win32-x64\jre\17.0.9-win32-x86_64\bin\verify.dll
0x00007ffbcd110000 - 0x00007ffbcd14e000 	C:\Users\vijay\AppData\Roaming\Code\User\globalStorage\redhat.java\1.25.1\config_win\org.eclipse.equinox.launcher\org.eclipse.equinox.launcher.win32.win32.x86_64_1.2.800.v20231003-1442\eclipse_11802.dll
0x00007ffbd7310000 - 0x00007ffbd743b000 	C:\Windows\System32\ole32.dll
0x00007ffbd6000000 - 0x00007ffbd6018000 	C:\Windows\SYSTEM32\CRYPTSP.dll
0x00007ffbd4cc0000 - 0x00007ffbd4cf4000 	C:\Windows\system32\rsaenh.dll
0x00007ffbd6290000 - 0x00007ffbd62b7000 	C:\Windows\System32\bcrypt.dll
0x00007ffbd6180000 - 0x00007ffbd61ae000 	C:\Windows\SYSTEM32\USERENV.dll
0x00007ffbd55c0000 - 0x00007ffbd55cc000 	C:\Windows\SYSTEM32\CRYPTBASE.dll
0x00007ffbd5020000 - 0x00007ffbd505b000 	C:\Windows\SYSTEM32\IPHLPAPI.DLL
0x00007ffbd6cb0000 - 0x00007ffbd6cb8000 	C:\Windows\System32\NSI.dll
0x00007ffbcb490000 - 0x00007ffbcb4a7000 	C:\Windows\SYSTEM32\dhcpcsvc6.DLL
0x00007ffbce030000 - 0x00007ffbce04d000 	C:\Windows\SYSTEM32\dhcpcsvc.DLL
0x00007ffbd5060000 - 0x00007ffbd512a000 	C:\Windows\SYSTEM32\DNSAPI.dll
0x00007ffbc9230000 - 0x00007ffbc9275000 	C:\Users\vijay\AppData\Local\Temp\jna-112208527\jna11502855255808311747.dll
0x00007ffbd7440000 - 0x00007ffbd7448000 	C:\Windows\System32\PSAPI.DLL

dbghelp: loaded successfully - version: 4.0.5 - missing functions: none
symbol engine: initialized successfully - sym options: 0x614 - pdb path: .;c:\Users\vijay\.vscode\extensions\redhat.java-1.25.1-win32-x64\jre\17.0.9-win32-x86_64\bin;C:\Windows\SYSTEM32;C:\Windows\WinSxS\amd64_microsoft.windows.common-controls_6595b64144ccf1df_6.0.19041.3636_none_60b6a03d71f818d5;c:\Users\vijay\.vscode\extensions\redhat.java-1.25.1-win32-x64\jre\17.0.9-win32-x86_64\bin\server;C:\Users\vijay\AppData\Roaming\Code\User\globalStorage\redhat.java\1.25.1\config_win\org.eclipse.equinox.launcher\org.eclipse.equinox.launcher.win32.win32.x86_64_1.2.800.v20231003-1442;C:\Users\vijay\AppData\Local\Temp\jna-112208527

VM Arguments:
jvm_args: --add-modules=ALL-SYSTEM --add-opens=java.base/java.util=ALL-UNNAMED --add-opens=java.base/java.lang=ALL-UNNAMED --add-opens=java.base/sun.nio.fs=ALL-UNNAMED -Declipse.application=org.eclipse.jdt.ls.core.id1 -Dosgi.bundles.defaultStartLevel=4 -Declipse.product=org.eclipse.jdt.ls.core.product -Djava.import.generatesMetadataFilesAtProjectRoot=false -DDetectVMInstallationsJob.disabled=true -Dfile.encoding=utf8 -XX:+UseParallelGC -XX:GCTimeRatio=4 -XX:AdaptiveSizePolicyWeight=90 -Dsun.zip.disableMemoryMapping=true -Xmx1G -Xms100m -Xlog:disable -javaagent:c:\Users\vijay\.vscode\extensions\redhat.java-1.25.1-win32-x64\lombok\lombok-1.18.30.jar -XX:+HeapDumpOnOutOfMemoryError -XX:HeapDumpPath=c:\Users\vijay\AppData\Roaming\Code\User\workspaceStorage\76c1107fe8591dd7646c0e0b73a37fb0\redhat.java -Daether.dependencyCollector.impl=bf 
java_command: c:\Users\vijay\.vscode\extensions\redhat.java-1.25.1-win32-x64\server\plugins\org.eclipse.equinox.launcher_1.6.600.v20231106-1826.jar -configuration c:\Users\vijay\AppData\Roaming\Code\User\globalStorage\redhat.java\1.25.1\config_win -data c:\Users\vijay\AppData\Roaming\Code\User\workspaceStorage\76c1107fe8591dd7646c0e0b73a37fb0\redhat.java\jdt_ws --stdio
java_class_path (initial): c:\Users\vijay\.vscode\extensions\redhat.java-1.25.1-win32-x64\server\plugins\org.eclipse.equinox.launcher_1.6.600.v20231106-1826.jar
Launcher Type: SUN_STANDARD

[Global flags]
    uintx AdaptiveSizePolicyWeight                 = 90                                        {product} {command line}
     intx CICompilerCount                          = 4                                         {product} {ergonomic}
    uintx GCTimeRatio                              = 4                                         {product} {command line}
     bool HeapDumpOnOutOfMemoryError               = true                                   {manageable} {command line}
    ccstr HeapDumpPath                             = c:\Users\vijay\AppData\Roaming\Code\User\workspaceStorage\76c1107fe8591dd7646c0e0b73a37fb0\redhat.java         {manageable} {command line}
   size_t InitialHeapSize                          = 104857600                                 {product} {command line}
   size_t MaxHeapSize                              = 1073741824                                {product} {command line}
   size_t MaxNewSize                               = 357564416                                 {product} {ergonomic}
   size_t MinHeapDeltaBytes                        = 524288                                    {product} {ergonomic}
   size_t MinHeapSize                              = 104857600                                 {product} {command line}
   size_t NewSize                                  = 34603008                                  {product} {ergonomic}
    uintx NonNMethodCodeHeapSize                   = 5839372                                {pd product} {ergonomic}
    uintx NonProfiledCodeHeapSize                  = 122909434                              {pd product} {ergonomic}
   size_t OldSize                                  = 70254592                                  {product} {ergonomic}
    uintx ProfiledCodeHeapSize                     = 122909434                              {pd product} {ergonomic}
    uintx ReservedCodeCacheSize                    = 251658240                              {pd product} {ergonomic}
     bool SegmentedCodeCache                       = true                                      {product} {ergonomic}
   size_t SoftMaxHeapSize                          = 1073741824                             {manageable} {ergonomic}
     bool UseCompressedClassPointers               = true                           {product lp64_product} {ergonomic}
     bool UseCompressedOops                        = true                           {product lp64_product} {ergonomic}
     bool UseLargePagesIndividualAllocation        = false                                  {pd product} {ergonomic}
     bool UseParallelGC                            = true                                      {product} {command line}

Logging:
Log output configuration:
 #0: stdout all=off uptime,level,tags
 #1: stderr all=off uptime,level,tags

Environment Variables:
JAVA_HOME=C:\Program Files\Java\jdk1.8.0_202\bin
PATH=C:\Program Files\Common Files\Oracle\Java\javapath;C:\Program Files (x86)\Common Files\Oracle\Java\javapath;C:\Windows\system32;C:\Windows;C:\Windows\System32\Wbem;C:\Windows\System32\WindowsPowerShell\v1.0\;C:\Windows\System32\OpenSSH\;C:\Program Files\Intel\WiFi\bin\;C:\Program Files\Common Files\Intel\WirelessCommon\;C:\Program Files\Git\cmd;C:\Program Files\nodejs\;C:\Program Files\Java\jdk1.8.0_202\bin;C:\Program Files\MySQL\mysql-connector-j-8.1.0;C:\Program Files\Java\jdk-21;C:\Program Files\MySQL\MySQL Shell 8.0\bin\;C:\Users\vijay\AppData\Local\Microsoft\WindowsApps;C:\Users\vijay\AppData\Local\Programs\Microsoft VS Code\bin;C:\Users\vijay\AppData\Roaming\npm;C:\Program Files\Java\jdk1.8.0_202\bin;C:\Program Files\Java\jdk-21;
USERNAME=vijay
OS=Windows_NT
PROCESSOR_IDENTIFIER=Intel64 Family 6 Model 142 Stepping 10, GenuineIntel
TMP=C:\Users\vijay\AppData\Local\Temp
TEMP=C:\Users\vijay\AppData\Local\Temp



Periodic native trim disabled


---------------  S Y S T E M  ---------------

OS:
 Windows 10 , 64 bit Build 19041 (10.0.19041.3636)
OS uptime: 3 days 3:23 hours

CPU: total 8 (initial active 8) (4 cores per cpu, 2 threads per core) family 6 model 142 stepping 10 microcode 0xf0, cx8, cmov, fxsr, ht, mmx, 3dnowpref, sse, sse2, sse3, ssse3, sse4.1, sse4.2, popcnt, lzcnt, tsc, tscinvbit, avx, avx2, aes, erms, clmul, bmi1, bmi2, adx, fma, vzeroupper, clflush, clflushopt
Processor Information for all 8 processors :
  Max Mhz: 1800, Current Mhz: 1600, Mhz Limit: 1584

Memory: 4k page, system-wide physical 16238M (8542M free)
TotalPageFile size 18670M (AvailPageFile size 9702M)
current process WorkingSet (physical memory assigned to process): 480M, peak: 535M
current process commit charge ("private bytes"): 502M, peak: 565M

vm_info: OpenJDK 64-Bit Server VM (17.0.9+9) for windows-amd64 JRE (17.0.9+9), built on Oct 26 2023 14:01:42 by "admin" with MS VC++ 16.10 / 16.11 (VS2019)

END.
