#
# A fatal error has been detected by the Java Runtime Environment:
#
#  EXCEPTION_ACCESS_VIOLATION (0xc0000005) at pc=0x00007ff875cbcac8, pid=14664, tid=10680
#
# JRE version: OpenJDK Runtime Environment Temurin-17.0.9+9 (17.0.9+9) (build 17.0.9+9)
# Java VM: OpenJDK 64-Bit Server VM Temurin-17.0.9+9 (17.0.9+9, mixed mode, tiered, compressed oops, compressed class ptrs, parallel gc, windows-amd64)
# Problematic frame:
# V  [jvm.dll+0xcac8]
#
# No core dump will be written. Minidumps are not enabled by default on client versions of Windows
#
# If you would like to submit a bug report, please visit:
#   https://github.com/adoptium/adoptium-support/issues
#

---------------  S U M M A R Y ------------

Command Line: --add-modules=ALL-SYSTEM --add-opens=java.base/java.util=ALL-UNNAMED --add-opens=java.base/java.lang=ALL-UNNAMED --add-opens=java.base/sun.nio.fs=ALL-UNNAMED -Declipse.application=org.eclipse.jdt.ls.core.id1 -Dosgi.bundles.defaultStartLevel=4 -Declipse.product=org.eclipse.jdt.ls.core.product -Djava.import.generatesMetadataFilesAtProjectRoot=false -DDetectVMInstallationsJob.disabled=true -Dfile.encoding=utf8 -XX:+UseParallelGC -XX:GCTimeRatio=4 -XX:AdaptiveSizePolicyWeight=90 -Dsun.zip.disableMemoryMapping=true -Xmx1G -Xms100m -Xlog:disable -javaagent:c:\Users\vijay\.vscode\extensions\redhat.java-1.25.1-win32-x64\lombok\lombok-1.18.30.jar -XX:+HeapDumpOnOutOfMemoryError -XX:HeapDumpPath=c:\Users\vijay\AppData\Roaming\Code\User\workspaceStorage\76c1107fe8591dd7646c0e0b73a37fb0\redhat.java -Daether.dependencyCollector.impl=bf c:\Users\vijay\.vscode\extensions\redhat.java-1.25.1-win32-x64\server\plugins\org.eclipse.equinox.launcher_1.6.600.v20231106-1826.jar -configuration c:\Users\vijay\AppData\Roaming\Code\User\globalStorage\redhat.java\1.25.1\config_win -data c:\Users\vijay\AppData\Roaming\Code\User\workspaceStorage\76c1107fe8591dd7646c0e0b73a37fb0\redhat.java\jdt_ws --stdio

Host: Intel(R) Core(TM) i5-8250U CPU @ 1.60GHz, 8 cores, 15G,  Windows 10 , 64 bit Build 19041 (10.0.19041.3636)
Time: Thu Jan  4 11:36:04 2024 India Standard Time elapsed time: 5.695984 seconds (0d 0h 0m 5s)

---------------  T H R E A D  ---------------

Current thread (0x000001b029650940):  GCTaskThread "GC Thread#3" [stack: 0x00000087b1a00000,0x00000087b1b00000] [id=10680]

Stack: [0x00000087b1a00000,0x00000087b1b00000],  sp=0x00000087b1aff488,  free space=1021k
Native frames: (J=compiled Java code, j=interpreted, Vv=VM code, C=native code)
V  [jvm.dll+0xcac8]


siginfo: EXCEPTION_ACCESS_VIOLATION (0xc0000005), reading address 0x0000000761be3bc8


Registers:
RAX=0x0000000000000001, RBX=0xec3b74f8200c06ec, RCX=0x0000000000000003, RDX=0x00000000ec3b7718
RSP=0x00000087b1aff488, RBP=0x0000000000000100, RSI=0x00000000c1b09734, RDI=0x000001b02317c700
R8 =0x0000000761be3bc0, R9 =0x00007ff8767dc730, R10=0x0000000000000000, R11=0x000001b02317c700
R12=0x0000000000000000, R13=0x0000000000000010, R14=0x00000000ec3b7718, R15=0x000001b02317c700
RIP=0x00007ff875cbcac8, EFLAGS=0x0000000000010206


Register to memory mapping:

RIP=0x00007ff875cbcac8 jvm.dll
RAX=0x0000000000000001 is an unknown value
RBX=0xec3b74f8200c06ec is an unknown value
RCX=0x0000000000000003 is an unknown value
RDX=0x00000000ec3b7718 points into unknown readable memory: 0xec3b74f8200c06ec | ec 06 0c 20 f8 74 3b ec
RSP=0x00000087b1aff488 points into unknown readable memory: 0x00007ff87636a201 | 01 a2 36 76 f8 7f 00 00
RBP=0x0000000000000100 is an unknown value
RSI=0x00000000c1b09734 is pointing into object: com.google.inject.Key 
{0x00000000c1b09720} - klass: 'com/google/inject/Key'
 - ---- fields (total size 4 words):
 - private final 'hashCode' 'I' @12  110805060 (69ac044)
 - private final 'annotationStrategy' 'Lcom/google/inject/Key$AnnotationStrategy;' @16  a 'com/google/inject/Key$NullAnnotationStrategy'{0x00000000c11a6530} (c11a6530)
 - private final 'typeLiteral' 'Lcom/google/inject/TypeLiteral;' @20  
[error occurred during error reporting (printing register info), id 0xc0000005, EXCEPTION_ACCESS_VIOLATION (0xc0000005) at pc=0x00007ff876319513]

Top of Stack: (sp=0x00000087b1aff488)
0x00000087b1aff488:   00007ff87636a201 0000000000000001
0x00000087b1aff498:   0000000000000002 00000000c1a4657c
0x00000087b1aff4a8:   00007ff876370d5f 000001b02317da80
0x00000087b1aff4b8:   00000000ec1bac48 00000000ec0b8000
0x00000087b1aff4c8:   0000000000001000 00000000c1b08410
0x00000087b1aff4d8:   0000000000000400 0000000000000010
0x00000087b1aff4e8:   0000000000000000 000000000000000c
0x00000087b1aff4f8:   000000000000016a 00000000c1b09734
0x00000087b1aff508:   0000000000000138 ec3b74f8200c06ec
0x00000087b1aff518:   00007ff87636b4a0 000001b02317c700
0x00000087b1aff528:   000000000000019e ec3b74f8200c06ec
0x00000087b1aff538:   0000000000000009 00000000c1a32c8c
0x00000087b1aff548:   00000000c1a32e00 0000000000000000
0x00000087b1aff558:   000001b00eccd196 00000000c1a40120
0x00000087b1aff568:   00000000c1a32e00 000001b00eccd197
0x00000087b1aff578:   000001b00f303000 000001b02317c700
0x00000087b1aff588:   00007ff87635dc9f 000001b02317c700
0x00000087b1aff598:   00000000c1a32e00 000000000000000c
0x00000087b1aff5a8:   00007ff876660e70 000001b00eccd197
0x00000087b1aff5b8:   00000000c1a40120 000001b00eccd180
0x00000087b1aff5c8:   000001b00eccd000 000001b00eccd2d7
0x00000087b1aff5d8:   00007ff876660e70 000001b00f2f8010
0x00000087b1aff5e8:   000001b02317c700 0000000000000400
0x00000087b1aff5f8:   0000000000000180 000001b0298dfba0
0x00000087b1aff608:   0000000000000003 0000000000000000
0x00000087b1aff618:   00000087b09ff480 000001b029650940
0x00000087b1aff628:   000001b02317c700 0000000000000000
0x00000087b1aff638:   000001b0298dfba0 00000087b1aff6e9
0x00000087b1aff648:   00007ff87636dff3 000001b00f2f69c0
0x00000087b1aff658:   000001b00f303000 000001b00eccd201
0x00000087b1aff668:   00000000c1a5ad20 000001b02317c700
0x00000087b1aff678:   0000000000000003 0000000000000008 

Instructions: (pc=0x00007ff875cbcac8)
0x00007ff875cbc9c8:   48 83 c4 20 5e c3 cc cc 48 8b 01 c3 cc cc cc cc
0x00007ff875cbc9d8:   cc cc cc cc cc cc cc cc 4c 8b 01 4c 8b c9 48 8b
0x00007ff875cbc9e8:   0d a3 60 b6 00 ba 44 60 08 00 e9 d9 f1 ff ff cc
0x00007ff875cbc9f8:   cc cc cc cc cc cc cc cc 48 89 5c 24 08 57 48 83
0x00007ff875cbca08:   ec 20 48 8b 39 48 8b d9 48 85 3d 01 43 bb 00 75
0x00007ff875cbca18:   0e 48 8b c7 48 8b 5c 24 30 48 83 c4 20 5f c3 48
0x00007ff875cbca28:   8b cf e8 51 94 85 00 48 8b d0 48 85 c0 74 20 48
0x00007ff875cbca38:   8b c7 f0 48 0f b1 13 74 16 48 85 05 d0 42 bb 00
0x00007ff875cbca48:   74 0d 48 8b c8 f0 48 0f b1 13 48 3b c1 75 ea 48
0x00007ff875cbca58:   8b 5c 24 30 48 8b c2 48 83 c4 20 5f c3 cc cc cc
0x00007ff875cbca68:   cc cc cc cc cc cc cc cc 4c 8b 01 4c 8b c9 48 8b
0x00007ff875cbca78:   0d 13 60 b6 00 ba 64 60 08 00 e9 49 f1 ff ff cc
0x00007ff875cbca88:   cc cc cc cc cc cc cc cc 8b 05 62 a8 b0 00 c3 cc
0x00007ff875cbca98:   cc cc cc cc cc cc cc cc 0f b6 05 3d 68 b7 00 48
0x00007ff875cbcaa8:   8b d1 84 c0 74 16 44 8b 41 08 8b 0d 40 a8 b0 00
0x00007ff875cbcab8:   49 d3 e0 4c 03 05 2e a8 b0 00 eb 04 4c 8b 41 08
0x00007ff875cbcac8:   45 8b 50 08 45 85 d2 7e 0e 41 f6 c2 01 75 53 41
0x00007ff875cbcad8:   c1 fa 03 41 8b c2 c3 79 49 84 c0 b9 10 00 00 00
0x00007ff875cbcae8:   8b 05 46 b7 b0 00 41 b8 0c 00 00 00 41 0f 45 c8
0x00007ff875cbcaf8:   ff c8 4c 63 c8 48 63 14 11 41 8b ca 83 e1 3f 48
0x00007ff875cbcb08:   d3 e2 41 8b ca 48 c1 f9 10 0f b6 c1 49 8d 0c 11
0x00007ff875cbcb18:   49 f7 d1 48 03 c1 49 c1 e9 03 48 c1 e8 03 41 23
0x00007ff875cbcb28:   c1 c3 49 8b 00 49 8b c8 48 ff a0 00 01 00 00 cc
0x00007ff875cbcb38:   cc cc cc cc cc cc cc cc 8b 44 24 30 45 03 c9 44
0x00007ff875cbcb48:   2b 4c 24 28 83 c0 0b 44 03 ca 45 03 c8 41 03 c1
0x00007ff875cbcb58:   c3 cc cc cc cc cc cc cc 4c 8b ca 48 8b d1 45 8b
0x00007ff875cbcb68:   41 08 45 85 c0 7e 0e 41 f6 c0 01 75 56 41 c1 f8
0x00007ff875cbcb78:   03 41 8b c0 c3 79 4c 80 3d 5e 67 b7 00 00 b8 0c
0x00007ff875cbcb88:   00 00 00 b9 10 00 00 00 0f 45 c8 8b 05 9b b6 b0
0x00007ff875cbcb98:   00 ff c8 4c 63 c8 48 63 14 11 41 8b c8 83 e1 3f
0x00007ff875cbcba8:   48 d3 e2 41 8b c8 48 c1 f9 10 0f b6 c1 49 8d 0c
0x00007ff875cbcbb8:   11 49 f7 d1 48 03 c1 49 c1 e9 03 48 c1 e8 03 41 


Stack slot to memory mapping:
stack at sp + 0 slots: 0x00007ff87636a201 jvm.dll
stack at sp + 1 slots: 0x0000000000000001 is an unknown value
stack at sp + 2 slots: 0x0000000000000002 is an unknown value
stack at sp + 3 slots: 0x00000000c1a4657c is pointing into object: [Ljava.lang.Object; 
{0x00000000c1a46558} - klass: 'java/lang/Object'[]
 - length: 10
stack at sp + 4 slots: 0x00007ff876370d5f jvm.dll
stack at sp + 5 slots: 0x000001b02317da80 points into unknown readable memory: 0x00007ff876661c78 | 78 1c 66 76 f8 7f 00 00
stack at sp + 6 slots: 0x00000000ec1bac48 points into unknown readable memory: 0xec136b78ec136b98 | 98 6b 13 ec 78 6b 13 ec
stack at sp + 7 slots: 0x00000000ec0b8000 is an oop: java.util.HashMap 
{0x00000000ec0b8000} - klass: 'java/util/HashMap'
 - ---- fields (total size 6 words):
 - transient 'keySet' 'Ljava/util/Set;' @12  NULL (0)
 - transient 'values' 'Ljava/util/Collection;' @16  NULL (0)
 - transient 'size' 'I' @20  1
 - transient 'modCount' 'I' @24  1
 - 'threshold' 'I' @28  12 (c)
 - final 'loadFactor' 'F' @32  0.750000 (3f400000)
 - transient 'table' '[Ljava/util/HashMap$Node;' @36  a 'java/util/HashMap$Node'[16] {0x00000000ec0b8030} (ec0b8030)
 - transient 'entrySet' 'Ljava/util/Set;' @40  NULL (0)


---------------  P R O C E S S  ---------------

Threads class SMR info:
_java_thread_list=0x000001b02c71c190, length=34, elements={
0x000001b00f2e9ee0, 0x000001b00f3ad2c0, 0x000001b028474140, 0x000001b02849dcb0,
0x000001b02849e940, 0x000001b0284a6490, 0x000001b0284a7d70, 0x000001b0284ae990,
0x000001b0284afec0, 0x000001b0284b47e0, 0x000001b00f34eaf0, 0x000001b0287bf960,
0x000001b0287c7d10, 0x000001b029b6b870, 0x000001b029c8ef30, 0x000001b029d7cc20,
0x000001b02a414b40, 0x000001b02a40fde0, 0x000001b02a5b0620, 0x000001b02a6bdfb0,
0x000001b02a6bfe10, 0x000001b02a6c0830, 0x000001b02a4c3f00, 0x000001b02a6be4c0,
0x000001b02a6bf900, 0x000001b02a6be9d0, 0x000001b02a6beee0, 0x000001b02a6c0320,
0x000001b02a6c0d40, 0x000001b02c7c9280, 0x000001b02c7cabd0, 0x000001b02c7c8860,
0x000001b02c7cb0e0, 0x000001b02c7c5ad0
}

Java Threads: ( => current thread )
  0x000001b00f2e9ee0 JavaThread "main" [_thread_blocked, id=14516, stack(0x00000087b0700000,0x00000087b0800000)]
  0x000001b00f3ad2c0 JavaThread "Reference Handler" daemon [_thread_blocked, id=8920, stack(0x00000087b0a00000,0x00000087b0b00000)]
  0x000001b028474140 JavaThread "Finalizer" daemon [_thread_blocked, id=6840, stack(0x00000087b0b00000,0x00000087b0c00000)]
  0x000001b02849dcb0 JavaThread "Signal Dispatcher" daemon [_thread_blocked, id=3096, stack(0x00000087b0c00000,0x00000087b0d00000)]
  0x000001b02849e940 JavaThread "Attach Listener" daemon [_thread_blocked, id=1488, stack(0x00000087b0d00000,0x00000087b0e00000)]
  0x000001b0284a6490 JavaThread "Service Thread" daemon [_thread_blocked, id=8476, stack(0x00000087b0e00000,0x00000087b0f00000)]
  0x000001b0284a7d70 JavaThread "Monitor Deflation Thread" daemon [_thread_blocked, id=13452, stack(0x00000087b0f00000,0x00000087b1000000)]
  0x000001b0284ae990 JavaThread "C2 CompilerThread0" daemon [_thread_in_native, id=11872, stack(0x00000087b1000000,0x00000087b1100000)]
  0x000001b0284afec0 JavaThread "C1 CompilerThread0" daemon [_thread_blocked, id=12636, stack(0x00000087b1100000,0x00000087b1200000)]
  0x000001b0284b47e0 JavaThread "Sweeper thread" daemon [_thread_blocked, id=8964, stack(0x00000087b1200000,0x00000087b1300000)]
  0x000001b00f34eaf0 JavaThread "Common-Cleaner" daemon [_thread_blocked, id=13388, stack(0x00000087b1300000,0x00000087b1400000)]
  0x000001b0287bf960 JavaThread "C2 CompilerThread1" daemon [_thread_blocked, id=752, stack(0x00000087b1400000,0x00000087b1500000)]
  0x000001b0287c7d10 JavaThread "Notification Thread" daemon [_thread_blocked, id=9876, stack(0x00000087b1500000,0x00000087b1600000)]
  0x000001b029b6b870 JavaThread "Active Thread: Equinox Container: 878676d9-815e-419a-b0c2-3e6507ba2030" [_thread_blocked, id=1752, stack(0x00000087b1e00000,0x00000087b1f00000)]
  0x000001b029c8ef30 JavaThread "Framework Event Dispatcher: Equinox Container: 878676d9-815e-419a-b0c2-3e6507ba2030" daemon [_thread_blocked, id=1640, stack(0x00000087b1f00000,0x00000087b2000000)]
  0x000001b029d7cc20 JavaThread "Start Level: Equinox Container: 878676d9-815e-419a-b0c2-3e6507ba2030" daemon [_thread_blocked, id=1036, stack(0x00000087b2000000,0x00000087b2100000)]
  0x000001b02a414b40 JavaThread "Bundle File Closer" daemon [_thread_blocked, id=12268, stack(0x00000087b2200000,0x00000087b2300000)]
  0x000001b02a40fde0 JavaThread "SCR Component Actor" daemon [_thread_blocked, id=9368, stack(0x00000087b2300000,0x00000087b2400000)]
  0x000001b02a5b0620 JavaThread "SCR Component Registry" daemon [_thread_blocked, id=9084, stack(0x00000087b2400000,0x00000087b2500000)]
  0x000001b02a6bdfb0 JavaThread "Worker-JM" [_thread_blocked, id=7292, stack(0x00000087b1700000,0x00000087b1800000)]
  0x000001b02a6bfe10 JavaThread "Worker-0: Refreshing workspace" [_thread_blocked, id=1480, stack(0x00000087b2500000,0x00000087b2600000)]
  0x000001b02a6c0830 JavaThread "Worker-1" [_thread_blocked, id=10788, stack(0x00000087b2600000,0x00000087b2700000)]
  0x000001b02a4c3f00 JavaThread "C2 CompilerThread2" daemon [_thread_in_native, id=9632, stack(0x00000087b2700000,0x00000087b2800000)]
  0x000001b02a6be4c0 JavaThread "Worker-2: Initialize workspace" [_thread_blocked, id=8472, stack(0x00000087b2800000,0x00000087b2900000)]
  0x000001b02a6bf900 JavaThread "Java indexing" daemon [_thread_blocked, id=9684, stack(0x00000087b2900000,0x00000087b2a00000)]
  0x000001b02a6be9d0 JavaThread "JNA Cleaner" daemon [_thread_blocked, id=13792, stack(0x00000087b2a00000,0x00000087b2b00000)]
  0x000001b02a6beee0 JavaThread "pool-2-thread-1" [_thread_blocked, id=12528, stack(0x00000087b2d00000,0x00000087b2e00000)]
  0x000001b02a6c0320 JavaThread "WorkspaceEventsHandler" [_thread_blocked, id=10460, stack(0x00000087b2e00000,0x00000087b2f00000)]
  0x000001b02a6c0d40 JavaThread "pool-1-thread-1" [_thread_blocked, id=5412, stack(0x00000087b2f00000,0x00000087b3000000)]
  0x000001b02c7c9280 JavaThread "Worker-3: Initialize Workspace" [_thread_blocked, id=5600, stack(0x00000087b3000000,0x00000087b3100000)]
  0x000001b02c7cabd0 JavaThread "Keep-Alive-Timer" daemon [_thread_blocked, id=11016, stack(0x00000087b3200000,0x00000087b3300000)]
  0x000001b02c7c8860 JavaThread "Worker-4" [_thread_blocked, id=14228, stack(0x00000087b3300000,0x00000087b3400000)]
  0x000001b02c7cb0e0 JavaThread "ForkJoinPool.commonPool-worker-1" daemon [_thread_blocked, id=6784, stack(0x00000087b3400000,0x00000087b3500000)]
  0x000001b02c7c5ad0 JavaThread "ForkJoinPool.commonPool-worker-2" daemon [_thread_blocked, id=12252, stack(0x00000087b3500000,0x00000087b3600000)]

Other Threads:
  0x000001b02317f9f0 VMThread "VM Thread" [stack: 0x00000087b0900000,0x00000087b0a00000] [id=13308]
  0x000001b0287c81f0 WatcherThread [stack: 0x00000087b1600000,0x00000087b1700000] [id=13060]
  0x000001b00f301310 GCTaskThread "GC Thread#0" [stack: 0x00000087b0800000,0x00000087b0900000] [id=10176]
  0x000001b029657b30 GCTaskThread "GC Thread#1" [stack: 0x00000087b1800000,0x00000087b1900000] [id=6156]
  0x000001b0294fd370 GCTaskThread "GC Thread#2" [stack: 0x00000087b1900000,0x00000087b1a00000] [id=7008]
=>0x000001b029650940 GCTaskThread "GC Thread#3" [stack: 0x00000087b1a00000,0x00000087b1b00000] [id=10680]
  0x000001b029650c00 GCTaskThread "GC Thread#4" [stack: 0x00000087b1b00000,0x00000087b1c00000] [id=11012]
  0x000001b029650ec0 GCTaskThread "GC Thread#5" [stack: 0x00000087b1c00000,0x00000087b1d00000] [id=10832]
  0x000001b0299ab840 GCTaskThread "GC Thread#6" [stack: 0x00000087b1d00000,0x00000087b1e00000] [id=1992]
  0x000001b02a2c93a0 GCTaskThread "GC Thread#7" [stack: 0x00000087b2100000,0x00000087b2200000] [id=7760]

Threads with active compile tasks:
C2 CompilerThread0     5752 6479   !   4       org.eclipse.osgi.internal.loader.classpath.ClasspathManager::defineClass (636 bytes)
C1 CompilerThread0     5752 6939       3       org.eclipse.jdt.ls.core.internal.filesystem.JLSFsUtils::isProjectMetadataFile (71 bytes)
C2 CompilerThread1     5752 6927       4       jdk.internal.jrtfs.JrtPath::initOffsets (146 bytes)
C2 CompilerThread2     5752 6404   !   4       com.google.inject.spi.InjectionPoint::getInjectionPoints (491 bytes)

VM state: at safepoint (normal execution)

VM Mutex/Monitor currently owned by a thread:  ([mutex/lock_event])
[0x000001b00f2e6870] Threads_lock - owner thread: 0x000001b02317f9f0
[0x000001b00f2e6240] Heap_lock - owner thread: 0x000001b02c7cb0e0

Heap address: 0x00000000c0000000, size: 1024 MB, Compressed Oops mode: 32-bit

CDS archive(s) not mapped
Compressed class space mapped at: 0x0000000100000000-0x0000000140000000, reserved size: 1073741824
Narrow klass base: 0x0000000000000000, Narrow klass shift: 3, Narrow klass range: 0x140000000

GC Precious Log:
 CPUs: 8 total, 8 available
 Memory: 16238M
 Large Page Support: Disabled
 NUMA Support: Disabled
 Compressed Oops: Enabled (32-bit)
 Alignments: Space 512K, Generation 512K, Heap 2M
 Heap Min Capacity: 100M
 Heap Initial Capacity: 100M
 Heap Max Capacity: 1G
 Pre-touch: Disabled
 Parallel Workers: 8

Heap:
 PSYoungGen      total 23040K, used 22829K [0x00000000eab00000, 0x00000000ec480000, 0x0000000100000000)
  eden space 21504K, 100% used [0x00000000eab00000,0x00000000ec000000,0x00000000ec000000)
  from space 1536K, 86% used [0x00000000ec300000,0x00000000ec44b778,0x00000000ec480000)
  to   space 2048K, 68% used [0x00000000ec080000,0x00000000ec1e0020,0x00000000ec280000)
 ParOldGen       total 68608K, used 28065K [0x00000000c0000000, 0x00000000c4300000, 0x00000000eab00000)
  object space 68608K, 40% used [0x00000000c0000000,0x00000000c1b68410,0x00000000c4300000)
 Metaspace       used 57988K, committed 59136K, reserved 1114112K
  class space    used 6377K, committed 6848K, reserved 1048576K

Card table byte_map: [0x000001b00ecc0000,0x000001b00eed0000] _byte_map_base: 0x000001b00e6c0000

Marking Bits: (ParMarkBitMap*) 0x00007ff87684d0b0
 Begin Bits: [0x000001b020f90000, 0x000001b021f90000)
 End Bits:   [0x000001b021f90000, 0x000001b022f90000)

Polling page: 0x000001b00eab0000

Metaspace:

Usage:
  Non-class:     50.40 MB used.
      Class:      6.23 MB used.
       Both:     56.63 MB used.

Virtual space:
  Non-class space:       64.00 MB reserved,      51.06 MB ( 80%) committed,  1 nodes.
      Class space:        1.00 GB reserved,       6.69 MB ( <1%) committed,  1 nodes.
             Both:        1.06 GB reserved,      57.75 MB (  5%) committed. 

Chunk freelists:
   Non-Class:  12.09 MB
       Class:  9.33 MB
        Both:  21.41 MB

MaxMetaspaceSize: unlimited
CompressedClassSpaceSize: 1.00 GB
Initial GC threshold: 21.00 MB
Current GC threshold: 58.38 MB
CDS: off
MetaspaceReclaimPolicy: balanced
 - commit_granule_bytes: 65536.
 - commit_granule_words: 8192.
 - virtual_space_node_default_size: 8388608.
 - enlarge_chunks_in_place: 1.
 - new_chunks_are_fully_committed: 0.
 - uncommit_free_chunks: 1.
 - use_allocation_guard: 0.
 - handle_deallocations: 1.


Internal statistics:

num_allocs_failed_limit: 6.
num_arena_births: 728.
num_arena_deaths: 14.
num_vsnodes_births: 2.
num_vsnodes_deaths: 0.
num_space_committed: 924.
num_space_uncommitted: 0.
num_chunks_returned_to_freelist: 20.
num_chunks_taken_from_freelist: 2855.
num_chunk_merges: 10.
num_chunk_splits: 1769.
num_chunks_enlarged: 1018.
num_inconsistent_stats: 0.

CodeHeap 'non-profiled nmethods': size=120000Kb used=3117Kb max_used=3117Kb free=116882Kb
 bounds [0x000001b019a60000, 0x000001b019d70000, 0x000001b020f90000]
CodeHeap 'profiled nmethods': size=120000Kb used=12273Kb max_used=12273Kb free=107726Kb
 bounds [0x000001b011f90000, 0x000001b012b90000, 0x000001b0194c0000]
CodeHeap 'non-nmethods': size=5760Kb used=1332Kb max_used=1430Kb free=4428Kb
 bounds [0x000001b0194c0000, 0x000001b019730000, 0x000001b019a60000]
 total_blobs=6750 nmethods=6085 adapters=577
 compilation: enabled
              stopped_count=0, restarted_count=0
 full_count=0

Compilation events (20 events):
Event: 5.667 Thread 0x000001b0284afec0 nmethod 6923 0x000001b012b81f10 code [0x000001b012b820c0, 0x000001b012b82308]
Event: 5.667 Thread 0x000001b0284afec0 6918       3       org.eclipse.core.internal.resources.ProjectDescription::getNatureIds (33 bytes)
Event: 5.667 Thread 0x000001b0284afec0 nmethod 6918 0x000001b012b82410 code [0x000001b012b825e0, 0x000001b012b82988]
Event: 5.667 Thread 0x000001b0284afec0 6921       3       org.eclipse.core.internal.resources.Project::hasNature (36 bytes)
Event: 5.668 Thread 0x000001b0284afec0 nmethod 6921 0x000001b012b82a90 code [0x000001b012b82cc0, 0x000001b012b83668]
Event: 5.668 Thread 0x000001b0284afec0 6934       3       jdk.internal.jimage.ImageLocation::buildName (128 bytes)
Event: 5.669 Thread 0x000001b0284afec0 nmethod 6934 0x000001b012b83990 code [0x000001b012b83ce0, 0x000001b012b84c58]
Event: 5.669 Thread 0x000001b0284afec0 6935       3       jdk.internal.jimage.ImageReader$Resource::<init> (16 bytes)
Event: 5.669 Thread 0x000001b0284afec0 nmethod 6935 0x000001b012b85190 code [0x000001b012b85380, 0x000001b012b859a8]
Event: 5.669 Thread 0x000001b0284afec0 6936       3       jdk.internal.jimage.ImageReader$Resource::create (17 bytes)
Event: 5.669 Thread 0x000001b0284afec0 nmethod 6936 0x000001b012b85c10 code [0x000001b012b85e20, 0x000001b012b86558]
Event: 5.669 Thread 0x000001b0284afec0 6933  s    3       org.eclipse.core.internal.registry.RegistryObjectManager::getContributor (39 bytes)
Event: 5.670 Thread 0x000001b0284afec0 nmethod 6933 0x000001b012b86890 code [0x000001b012b86a80, 0x000001b012b87108]
Event: 5.671 Thread 0x000001b0284afec0 6937   !   3       org.eclipse.osgi.util.NLS::internalBind (412 bytes)
Event: 5.674 Thread 0x000001b0287bf960 nmethod 6931 0x000001b019d6a990 code [0x000001b019d6ab40, 0x000001b019d6b178]
Event: 5.674 Thread 0x000001b0287bf960 6927       4       jdk.internal.jrtfs.JrtPath::initOffsets (146 bytes)
Event: 5.675 Thread 0x000001b0284afec0 nmethod 6937 0x000001b012b87290 code [0x000001b012b877a0, 0x000001b012b89f58]
Event: 5.675 Thread 0x000001b0284afec0 6938       3       org.eclipse.osgi.container.ModuleRevision::getWiring (12 bytes)
Event: 5.675 Thread 0x000001b0284afec0 nmethod 6938 0x000001b012b8af90 code [0x000001b012b8b200, 0x000001b012b8bdf8]
Event: 5.676 Thread 0x000001b0284afec0 6939       3       org.eclipse.jdt.ls.core.internal.filesystem.JLSFsUtils::isProjectMetadataFile (71 bytes)

GC Heap History (20 events):
Event: 3.373 GC heap after
{Heap after GC invocations=13 (full 2):
 PSYoungGen      total 24576K, used 1401K [0x00000000eab00000, 0x00000000ec700000, 0x0000000100000000)
  eden space 23040K, 0% used [0x00000000eab00000,0x00000000eab00000,0x00000000ec180000)
  from space 1536K, 91% used [0x00000000ec400000,0x00000000ec55e528,0x00000000ec580000)
  to   space 1536K, 0% used [0x00000000ec580000,0x00000000ec580000,0x00000000ec700000)
 ParOldGen       total 68608K, used 14001K [0x00000000c0000000, 0x00000000c4300000, 0x00000000eab00000)
  object space 68608K, 20% used [0x00000000c0000000,0x00000000c0dac688,0x00000000c4300000)
 Metaspace       used 38511K, committed 39488K, reserved 1114112K
  class space    used 3905K, committed 4352K, reserved 1048576K
}
Event: 3.585 GC heap before
{Heap before GC invocations=14 (full 2):
 PSYoungGen      total 24576K, used 24441K [0x00000000eab00000, 0x00000000ec700000, 0x0000000100000000)
  eden space 23040K, 100% used [0x00000000eab00000,0x00000000ec180000,0x00000000ec180000)
  from space 1536K, 91% used [0x00000000ec400000,0x00000000ec55e528,0x00000000ec580000)
  to   space 1536K, 0% used [0x00000000ec580000,0x00000000ec580000,0x00000000ec700000)
 ParOldGen       total 68608K, used 14001K [0x00000000c0000000, 0x00000000c4300000, 0x00000000eab00000)
  object space 68608K, 20% used [0x00000000c0000000,0x00000000c0dac688,0x00000000c4300000)
 Metaspace       used 41717K, committed 42688K, reserved 1114112K
  class space    used 4328K, committed 4800K, reserved 1048576K
}
Event: 3.588 GC heap after
{Heap after GC invocations=14 (full 2):
 PSYoungGen      total 24064K, used 1508K [0x00000000eab00000, 0x00000000ec700000, 0x0000000100000000)
  eden space 22528K, 0% used [0x00000000eab00000,0x00000000eab00000,0x00000000ec100000)
  from space 1536K, 98% used [0x00000000ec580000,0x00000000ec6f9140,0x00000000ec700000)
  to   space 1536K, 0% used [0x00000000ec400000,0x00000000ec400000,0x00000000ec580000)
 ParOldGen       total 68608K, used 15252K [0x00000000c0000000, 0x00000000c4300000, 0x00000000eab00000)
  object space 68608K, 22% used [0x00000000c0000000,0x00000000c0ee5148,0x00000000c4300000)
 Metaspace       used 41717K, committed 42688K, reserved 1114112K
  class space    used 4328K, committed 4800K, reserved 1048576K
}
Event: 3.768 GC heap before
{Heap before GC invocations=15 (full 2):
 PSYoungGen      total 24064K, used 24036K [0x00000000eab00000, 0x00000000ec700000, 0x0000000100000000)
  eden space 22528K, 100% used [0x00000000eab00000,0x00000000ec100000,0x00000000ec100000)
  from space 1536K, 98% used [0x00000000ec580000,0x00000000ec6f9140,0x00000000ec700000)
  to   space 1536K, 0% used [0x00000000ec400000,0x00000000ec400000,0x00000000ec580000)
 ParOldGen       total 68608K, used 15252K [0x00000000c0000000, 0x00000000c4300000, 0x00000000eab00000)
  object space 68608K, 22% used [0x00000000c0000000,0x00000000c0ee5148,0x00000000c4300000)
 Metaspace       used 44907K, committed 45888K, reserved 1114112K
  class space    used 4730K, committed 5184K, reserved 1048576K
}
Event: 3.772 GC heap after
{Heap after GC invocations=15 (full 2):
 PSYoungGen      total 23552K, used 1520K [0x00000000eab00000, 0x00000000ec780000, 0x0000000100000000)
  eden space 22016K, 0% used [0x00000000eab00000,0x00000000eab00000,0x00000000ec080000)
  from space 1536K, 98% used [0x00000000ec400000,0x00000000ec57c010,0x00000000ec580000)
  to   space 2048K, 0% used [0x00000000ec580000,0x00000000ec580000,0x00000000ec780000)
 ParOldGen       total 68608K, used 16919K [0x00000000c0000000, 0x00000000c4300000, 0x00000000eab00000)
  object space 68608K, 24% used [0x00000000c0000000,0x00000000c1085dd0,0x00000000c4300000)
 Metaspace       used 44907K, committed 45888K, reserved 1114112K
  class space    used 4730K, committed 5184K, reserved 1048576K
}
Event: 3.928 GC heap before
{Heap before GC invocations=16 (full 2):
 PSYoungGen      total 23552K, used 23536K [0x00000000eab00000, 0x00000000ec780000, 0x0000000100000000)
  eden space 22016K, 100% used [0x00000000eab00000,0x00000000ec080000,0x00000000ec080000)
  from space 1536K, 98% used [0x00000000ec400000,0x00000000ec57c010,0x00000000ec580000)
  to   space 2048K, 0% used [0x00000000ec580000,0x00000000ec580000,0x00000000ec780000)
 ParOldGen       total 68608K, used 16919K [0x00000000c0000000, 0x00000000c4300000, 0x00000000eab00000)
  object space 68608K, 24% used [0x00000000c0000000,0x00000000c1085dd0,0x00000000c4300000)
 Metaspace       used 46727K, committed 47680K, reserved 1114112K
  class space    used 5006K, committed 5440K, reserved 1048576K
}
Event: 3.930 GC heap after
{Heap after GC invocations=16 (full 2):
 PSYoungGen      total 23040K, used 779K [0x00000000eab00000, 0x00000000ec680000, 0x0000000100000000)
  eden space 22016K, 0% used [0x00000000eab00000,0x00000000eab00000,0x00000000ec080000)
  from space 1024K, 76% used [0x00000000ec580000,0x00000000ec642c90,0x00000000ec680000)
  to   space 2048K, 0% used [0x00000000ec280000,0x00000000ec280000,0x00000000ec480000)
 ParOldGen       total 68608K, used 18419K [0x00000000c0000000, 0x00000000c4300000, 0x00000000eab00000)
  object space 68608K, 26% used [0x00000000c0000000,0x00000000c11fcfe0,0x00000000c4300000)
 Metaspace       used 46727K, committed 47680K, reserved 1114112K
  class space    used 5006K, committed 5440K, reserved 1048576K
}
Event: 4.134 GC heap before
{Heap before GC invocations=17 (full 2):
 PSYoungGen      total 23040K, used 22795K [0x00000000eab00000, 0x00000000ec680000, 0x0000000100000000)
  eden space 22016K, 100% used [0x00000000eab00000,0x00000000ec080000,0x00000000ec080000)
  from space 1024K, 76% used [0x00000000ec580000,0x00000000ec642c90,0x00000000ec680000)
  to   space 2048K, 0% used [0x00000000ec280000,0x00000000ec280000,0x00000000ec480000)
 ParOldGen       total 68608K, used 18419K [0x00000000c0000000, 0x00000000c4300000, 0x00000000eab00000)
  object space 68608K, 26% used [0x00000000c0000000,0x00000000c11fcfe0,0x00000000c4300000)
 Metaspace       used 49535K, committed 50496K, reserved 1114112K
  class space    used 5355K, committed 5824K, reserved 1048576K
}
Event: 4.136 GC heap after
{Heap after GC invocations=17 (full 2):
 PSYoungGen      total 24064K, used 928K [0x00000000eab00000, 0x00000000ec600000, 0x0000000100000000)
  eden space 22016K, 0% used [0x00000000eab00000,0x00000000eab00000,0x00000000ec080000)
  from space 2048K, 45% used [0x00000000ec280000,0x00000000ec368000,0x00000000ec480000)
  to   space 1024K, 0% used [0x00000000ec500000,0x00000000ec500000,0x00000000ec600000)
 ParOldGen       total 68608K, used 18993K [0x00000000c0000000, 0x00000000c4300000, 0x00000000eab00000)
  object space 68608K, 27% used [0x00000000c0000000,0x00000000c128c648,0x00000000c4300000)
 Metaspace       used 49535K, committed 50496K, reserved 1114112K
  class space    used 5355K, committed 5824K, reserved 1048576K
}
Event: 4.416 GC heap before
{Heap before GC invocations=18 (full 2):
 PSYoungGen      total 24064K, used 22944K [0x00000000eab00000, 0x00000000ec600000, 0x0000000100000000)
  eden space 22016K, 100% used [0x00000000eab00000,0x00000000ec080000,0x00000000ec080000)
  from space 2048K, 45% used [0x00000000ec280000,0x00000000ec368000,0x00000000ec480000)
  to   space 1024K, 0% used [0x00000000ec500000,0x00000000ec500000,0x00000000ec600000)
 ParOldGen       total 68608K, used 18993K [0x00000000c0000000, 0x00000000c4300000, 0x00000000eab00000)
  object space 68608K, 27% used [0x00000000c0000000,0x00000000c128c648,0x00000000c4300000)
 Metaspace       used 51959K, committed 52992K, reserved 1114112K
  class space    used 5681K, committed 6208K, reserved 1048576K
}
Event: 4.418 GC heap after
{Heap after GC invocations=18 (full 2):
 PSYoungGen      total 23040K, used 1024K [0x00000000eab00000, 0x00000000ec680000, 0x0000000100000000)
  eden space 22016K, 0% used [0x00000000eab00000,0x00000000eab00000,0x00000000ec080000)
  from space 1024K, 100% used [0x00000000ec500000,0x00000000ec600000,0x00000000ec600000)
  to   space 3072K, 0% used [0x00000000ec080000,0x00000000ec080000,0x00000000ec380000)
 ParOldGen       total 68608K, used 20561K [0x00000000c0000000, 0x00000000c4300000, 0x00000000eab00000)
  object space 68608K, 29% used [0x00000000c0000000,0x00000000c1414698,0x00000000c4300000)
 Metaspace       used 51959K, committed 52992K, reserved 1114112K
  class space    used 5681K, committed 6208K, reserved 1048576K
}
Event: 4.775 GC heap before
{Heap before GC invocations=19 (full 2):
 PSYoungGen      total 23040K, used 23032K [0x00000000eab00000, 0x00000000ec680000, 0x0000000100000000)
  eden space 22016K, 99% used [0x00000000eab00000,0x00000000ec07e3f0,0x00000000ec080000)
  from space 1024K, 100% used [0x00000000ec500000,0x00000000ec600000,0x00000000ec600000)
  to   space 3072K, 0% used [0x00000000ec080000,0x00000000ec080000,0x00000000ec380000)
 ParOldGen       total 68608K, used 20561K [0x00000000c0000000, 0x00000000c4300000, 0x00000000eab00000)
  object space 68608K, 29% used [0x00000000c0000000,0x00000000c1414698,0x00000000c4300000)
 Metaspace       used 54556K, committed 55680K, reserved 1114112K
  class space    used 6014K, committed 6528K, reserved 1048576K
}
Event: 4.777 GC heap after
{Heap after GC invocations=19 (full 2):
 PSYoungGen      total 25088K, used 1208K [0x00000000eab00000, 0x00000000ec580000, 0x0000000100000000)
  eden space 22016K, 0% used [0x00000000eab00000,0x00000000eab00000,0x00000000ec080000)
  from space 3072K, 39% used [0x00000000ec080000,0x00000000ec1ae340,0x00000000ec380000)
  to   space 2048K, 0% used [0x00000000ec380000,0x00000000ec380000,0x00000000ec580000)
 ParOldGen       total 68608K, used 21618K [0x00000000c0000000, 0x00000000c4300000, 0x00000000eab00000)
  object space 68608K, 31% used [0x00000000c0000000,0x00000000c151c810,0x00000000c4300000)
 Metaspace       used 54556K, committed 55680K, reserved 1114112K
  class space    used 6014K, committed 6528K, reserved 1048576K
}
Event: 4.928 GC heap before
{Heap before GC invocations=20 (full 2):
 PSYoungGen      total 25088K, used 22698K [0x00000000eab00000, 0x00000000ec580000, 0x0000000100000000)
  eden space 22016K, 97% used [0x00000000eab00000,0x00000000ebffc598,0x00000000ec080000)
  from space 3072K, 39% used [0x00000000ec080000,0x00000000ec1ae340,0x00000000ec380000)
  to   space 2048K, 0% used [0x00000000ec380000,0x00000000ec380000,0x00000000ec580000)
 ParOldGen       total 68608K, used 21618K [0x00000000c0000000, 0x00000000c4300000, 0x00000000eab00000)
  object space 68608K, 31% used [0x00000000c0000000,0x00000000c151c810,0x00000000c4300000)
 Metaspace       used 55268K, committed 56384K, reserved 1114112K
  class space    used 6080K, committed 6592K, reserved 1048576K
}
Event: 4.931 GC heap after
{Heap after GC invocations=20 (full 2):
 PSYoungGen      total 23552K, used 2048K [0x00000000eab00000, 0x00000000ec780000, 0x0000000100000000)
  eden space 21504K, 0% used [0x00000000eab00000,0x00000000eab00000,0x00000000ec000000)
  from space 2048K, 100% used [0x00000000ec380000,0x00000000ec580000,0x00000000ec580000)
  to   space 3584K, 0% used [0x00000000ec000000,0x00000000ec000000,0x00000000ec380000)
 ParOldGen       total 68608K, used 22706K [0x00000000c0000000, 0x00000000c4300000, 0x00000000eab00000)
  object space 68608K, 33% used [0x00000000c0000000,0x00000000c162cb50,0x00000000c4300000)
 Metaspace       used 55268K, committed 56384K, reserved 1114112K
  class space    used 6080K, committed 6592K, reserved 1048576K
}
Event: 5.163 GC heap before
{Heap before GC invocations=21 (full 2):
 PSYoungGen      total 23552K, used 23552K [0x00000000eab00000, 0x00000000ec780000, 0x0000000100000000)
  eden space 21504K, 100% used [0x00000000eab00000,0x00000000ec000000,0x00000000ec000000)
  from space 2048K, 100% used [0x00000000ec380000,0x00000000ec580000,0x00000000ec580000)
  to   space 3584K, 0% used [0x00000000ec000000,0x00000000ec000000,0x00000000ec380000)
 ParOldGen       total 68608K, used 22706K [0x00000000c0000000, 0x00000000c4300000, 0x00000000eab00000)
  object space 68608K, 33% used [0x00000000c0000000,0x00000000c162cb50,0x00000000c4300000)
 Metaspace       used 55832K, committed 56960K, reserved 1114112K
  class space    used 6133K, committed 6592K, reserved 1048576K
}
Event: 5.165 GC heap after
{Heap after GC invocations=21 (full 2):
 PSYoungGen      total 24064K, used 2477K [0x00000000eab00000, 0x00000000ec600000, 0x0000000100000000)
  eden space 21504K, 0% used [0x00000000eab00000,0x00000000eab00000,0x00000000ec000000)
  from space 2560K, 96% used [0x00000000ec000000,0x00000000ec26b668,0x00000000ec280000)
  to   space 3072K, 0% used [0x00000000ec300000,0x00000000ec300000,0x00000000ec600000)
 ParOldGen       total 68608K, used 24763K [0x00000000c0000000, 0x00000000c4300000, 0x00000000eab00000)
  object space 68608K, 36% used [0x00000000c0000000,0x00000000c182ed10,0x00000000c4300000)
 Metaspace       used 55832K, committed 56960K, reserved 1114112K
  class space    used 6133K, committed 6592K, reserved 1048576K
}
Event: 5.479 GC heap before
{Heap before GC invocations=22 (full 2):
 PSYoungGen      total 24064K, used 23975K [0x00000000eab00000, 0x00000000ec600000, 0x0000000100000000)
  eden space 21504K, 99% used [0x00000000eab00000,0x00000000ebffe7f8,0x00000000ec000000)
  from space 2560K, 96% used [0x00000000ec000000,0x00000000ec26b668,0x00000000ec280000)
  to   space 3072K, 0% used [0x00000000ec300000,0x00000000ec300000,0x00000000ec600000)
 ParOldGen       total 68608K, used 24763K [0x00000000c0000000, 0x00000000c4300000, 0x00000000eab00000)
  object space 68608K, 36% used [0x00000000c0000000,0x00000000c182ed10,0x00000000c4300000)
 Metaspace       used 57172K, committed 58304K, reserved 1114112K
  class space    used 6294K, committed 6784K, reserved 1048576K
}
Event: 5.483 GC heap after
{Heap after GC invocations=22 (full 2):
 PSYoungGen      total 23040K, used 1325K [0x00000000eab00000, 0x00000000ec480000, 0x0000000100000000)
  eden space 21504K, 0% used [0x00000000eab00000,0x00000000eab00000,0x00000000ec000000)
  from space 1536K, 86% used [0x00000000ec300000,0x00000000ec44b778,0x00000000ec480000)
  to   space 2048K, 0% used [0x00000000ec080000,0x00000000ec080000,0x00000000ec280000)
 ParOldGen       total 68608K, used 26987K [0x00000000c0000000, 0x00000000c4300000, 0x00000000eab00000)
  object space 68608K, 39% used [0x00000000c0000000,0x00000000c1a5ad20,0x00000000c4300000)
 Metaspace       used 57172K, committed 58304K, reserved 1114112K
  class space    used 6294K, committed 6784K, reserved 1048576K
}
Event: 5.676 GC heap before
{Heap before GC invocations=23 (full 2):
 PSYoungGen      total 23040K, used 22829K [0x00000000eab00000, 0x00000000ec480000, 0x0000000100000000)
  eden space 21504K, 100% used [0x00000000eab00000,0x00000000ec000000,0x00000000ec000000)
  from space 1536K, 86% used [0x00000000ec300000,0x00000000ec44b778,0x00000000ec480000)
  to   space 2048K, 0% used [0x00000000ec080000,0x00000000ec080000,0x00000000ec280000)
 ParOldGen       total 68608K, used 26987K [0x00000000c0000000, 0x00000000c4300000, 0x00000000eab00000)
  object space 68608K, 39% used [0x00000000c0000000,0x00000000c1a5ad20,0x00000000c4300000)
 Metaspace       used 57988K, committed 59136K, reserved 1114112K
  class space    used 6377K, committed 6848K, reserved 1048576K
}

Dll operation events (11 events):
Event: 0.006 Loaded shared library c:\Users\vijay\.vscode\extensions\redhat.java-1.25.1-win32-x64\jre\17.0.9-win32-x86_64\bin\java.dll
Event: 0.109 Loaded shared library c:\Users\vijay\.vscode\extensions\redhat.java-1.25.1-win32-x64\jre\17.0.9-win32-x86_64\bin\zip.dll
Event: 0.111 Loaded shared library C:\Users\vijay\.vscode\extensions\redhat.java-1.25.1-win32-x64\jre\17.0.9-win32-x86_64\bin\instrument.dll
Event: 0.120 Loaded shared library C:\Users\vijay\.vscode\extensions\redhat.java-1.25.1-win32-x64\jre\17.0.9-win32-x86_64\bin\net.dll
Event: 0.122 Loaded shared library C:\Users\vijay\.vscode\extensions\redhat.java-1.25.1-win32-x64\jre\17.0.9-win32-x86_64\bin\nio.dll
Event: 0.127 Loaded shared library C:\Users\vijay\.vscode\extensions\redhat.java-1.25.1-win32-x64\jre\17.0.9-win32-x86_64\bin\zip.dll
Event: 0.140 Loaded shared library C:\Users\vijay\.vscode\extensions\redhat.java-1.25.1-win32-x64\jre\17.0.9-win32-x86_64\bin\jimage.dll
Event: 0.187 Loaded shared library c:\Users\vijay\.vscode\extensions\redhat.java-1.25.1-win32-x64\jre\17.0.9-win32-x86_64\bin\verify.dll
Event: 0.957 Loaded shared library C:\Users\vijay\AppData\Roaming\Code\User\globalStorage\redhat.java\1.25.1\config_win\org.eclipse.equinox.launcher\org.eclipse.equinox.launcher.win32.win32.x86_64_1.2.800.v20231003-1442\eclipse_11802.dll
Event: 3.117 Loaded shared library C:\Users\vijay\AppData\Local\Temp\jna-112208527\jna10263314138735694173.dll
Event: 3.537 Loaded shared library C:\Users\vijay\.vscode\extensions\redhat.java-1.25.1-win32-x64\jre\17.0.9-win32-x86_64\bin\sunmscapi.dll

Deoptimization events (20 events):
Event: 5.663 Thread 0x000001b02c7cb0e0 DEOPT PACKING pc=0x000001b012b68a10 sp=0x00000087b34fd550
Event: 5.663 Thread 0x000001b02c7cb0e0 DEOPT UNPACKING pc=0x000001b019516e43 sp=0x00000087b34fca60 mode 0
Event: 5.665 Thread 0x000001b02a6c0d40 DEOPT PACKING pc=0x000001b012b68a10 sp=0x00000087b2ffc730
Event: 5.665 Thread 0x000001b02a6c0d40 DEOPT UNPACKING pc=0x000001b019516e43 sp=0x00000087b2ffbc40 mode 0
Event: 5.665 Thread 0x000001b02a6c0d40 DEOPT PACKING pc=0x000001b012b68a10 sp=0x00000087b2ffc730
Event: 5.665 Thread 0x000001b02a6c0d40 DEOPT UNPACKING pc=0x000001b019516e43 sp=0x00000087b2ffbc40 mode 0
Event: 5.667 Thread 0x000001b02c7c5ad0 DEOPT PACKING pc=0x000001b012b68a10 sp=0x00000087b35fd190
Event: 5.667 Thread 0x000001b02c7c5ad0 DEOPT UNPACKING pc=0x000001b019516e43 sp=0x00000087b35fc6a0 mode 0
Event: 5.670 Thread 0x000001b02c7cb0e0 DEOPT PACKING pc=0x000001b012b68a10 sp=0x00000087b34fd2e0
Event: 5.670 Thread 0x000001b02c7cb0e0 DEOPT UNPACKING pc=0x000001b019516e43 sp=0x00000087b34fc7f0 mode 0
Event: 5.671 Thread 0x000001b02c7cb0e0 DEOPT PACKING pc=0x000001b012b68a10 sp=0x00000087b34fd550
Event: 5.671 Thread 0x000001b02c7cb0e0 DEOPT UNPACKING pc=0x000001b019516e43 sp=0x00000087b34fca60 mode 0
Event: 5.672 Thread 0x000001b02c7cb0e0 DEOPT PACKING pc=0x000001b012b68a10 sp=0x00000087b34fd2e0
Event: 5.672 Thread 0x000001b02c7cb0e0 DEOPT UNPACKING pc=0x000001b019516e43 sp=0x00000087b34fc7f0 mode 0
Event: 5.672 Thread 0x000001b02c7c5ad0 DEOPT PACKING pc=0x000001b012b68a10 sp=0x00000087b35fd190
Event: 5.672 Thread 0x000001b02c7c5ad0 DEOPT UNPACKING pc=0x000001b019516e43 sp=0x00000087b35fc6a0 mode 0
Event: 5.673 Thread 0x000001b02c7cb0e0 DEOPT PACKING pc=0x000001b012b68a10 sp=0x00000087b34fd550
Event: 5.673 Thread 0x000001b02c7cb0e0 DEOPT UNPACKING pc=0x000001b019516e43 sp=0x00000087b34fca60 mode 0
Event: 5.674 Thread 0x000001b02a6c0d40 DEOPT PACKING pc=0x000001b012b68a10 sp=0x00000087b2ffc730
Event: 5.674 Thread 0x000001b02a6c0d40 DEOPT UNPACKING pc=0x000001b019516e43 sp=0x00000087b2ffbc40 mode 0

Classes unloaded (7 events):
Event: 1.816 Thread 0x000001b02317f9f0 Unloading class 0x0000000100250000 'java/lang/invoke/LambdaForm$MH+0x0000000100250000'
Event: 1.816 Thread 0x000001b02317f9f0 Unloading class 0x000000010024fc00 'java/lang/invoke/LambdaForm$MH+0x000000010024fc00'
Event: 1.816 Thread 0x000001b02317f9f0 Unloading class 0x000000010024f800 'java/lang/invoke/LambdaForm$MH+0x000000010024f800'
Event: 1.816 Thread 0x000001b02317f9f0 Unloading class 0x000000010024f400 'java/lang/invoke/LambdaForm$MH+0x000000010024f400'
Event: 1.816 Thread 0x000001b02317f9f0 Unloading class 0x000000010024f000 'java/lang/invoke/LambdaForm$BMH+0x000000010024f000'
Event: 1.816 Thread 0x000001b02317f9f0 Unloading class 0x000000010024ec00 'java/lang/invoke/LambdaForm$DMH+0x000000010024ec00'
Event: 1.816 Thread 0x000001b02317f9f0 Unloading class 0x000000010024c000 'java/lang/invoke/LambdaForm$DMH+0x000000010024c000'

Classes redefined (0 events):
No events

Internal exceptions (20 events):
Event: 5.372 Thread 0x000001b02c7c9280 Exception <a 'sun/nio/fs/WindowsException'{0x00000000eb8d9ce8}> (0x00000000eb8d9ce8) 
thrown [s\src\hotspot\share\prims\jni.cpp, line 516]
Event: 5.372 Thread 0x000001b02c7c9280 Exception <a 'sun/nio/fs/WindowsException'{0x00000000eb8dd7a0}> (0x00000000eb8dd7a0) 
thrown [s\src\hotspot\share\prims\jni.cpp, line 516]
Event: 5.372 Thread 0x000001b02c7c9280 Exception <a 'sun/nio/fs/WindowsException'{0x00000000eb8e1258}> (0x00000000eb8e1258) 
thrown [s\src\hotspot\share\prims\jni.cpp, line 516]
Event: 5.373 Thread 0x000001b02c7c9280 Exception <a 'sun/nio/fs/WindowsException'{0x00000000eb8e4d10}> (0x00000000eb8e4d10) 
thrown [s\src\hotspot\share\prims\jni.cpp, line 516]
Event: 5.373 Thread 0x000001b02c7c9280 Exception <a 'sun/nio/fs/WindowsException'{0x00000000eb8e8a18}> (0x00000000eb8e8a18) 
thrown [s\src\hotspot\share\prims\jni.cpp, line 516]
Event: 5.373 Thread 0x000001b02c7c9280 Exception <a 'sun/nio/fs/WindowsException'{0x00000000eb8ec4d0}> (0x00000000eb8ec4d0) 
thrown [s\src\hotspot\share\prims\jni.cpp, line 516]
Event: 5.374 Thread 0x000001b02c7c9280 Exception <a 'sun/nio/fs/WindowsException'{0x00000000eb8eff98}> (0x00000000eb8eff98) 
thrown [s\src\hotspot\share\prims\jni.cpp, line 516]
Event: 5.374 Thread 0x000001b02c7c9280 Exception <a 'sun/nio/fs/WindowsException'{0x00000000eb8f3790}> (0x00000000eb8f3790) 
thrown [s\src\hotspot\share\prims\jni.cpp, line 516]
Event: 5.374 Thread 0x000001b02c7c9280 Exception <a 'sun/nio/fs/WindowsException'{0x00000000eb8f6fe0}> (0x00000000eb8f6fe0) 
thrown [s\src\hotspot\share\prims\jni.cpp, line 516]
Event: 5.375 Thread 0x000001b02c7c9280 Exception <a 'sun/nio/fs/WindowsException'{0x00000000eb8fa800}> (0x00000000eb8fa800) 
thrown [s\src\hotspot\share\prims\jni.cpp, line 516]
Event: 5.375 Thread 0x000001b02c7c9280 Exception <a 'sun/nio/fs/WindowsException'{0x00000000eb8fe278}> (0x00000000eb8fe278) 
thrown [s\src\hotspot\share\prims\jni.cpp, line 516]
Event: 5.376 Thread 0x000001b02c7c9280 Exception <a 'sun/nio/fs/WindowsException'{0x00000000eb901dd0}> (0x00000000eb901dd0) 
thrown [s\src\hotspot\share\prims\jni.cpp, line 516]
Event: 5.376 Thread 0x000001b02c7c9280 Exception <a 'sun/nio/fs/WindowsException'{0x00000000eb905880}> (0x00000000eb905880) 
thrown [s\src\hotspot\share\prims\jni.cpp, line 516]
Event: 5.377 Thread 0x000001b02c7c9280 Exception <a 'sun/nio/fs/WindowsException'{0x00000000eb908d08}> (0x00000000eb908d08) 
thrown [s\src\hotspot\share\prims\jni.cpp, line 516]
Event: 5.387 Thread 0x000001b02c7c9280 Exception <a 'sun/nio/fs/WindowsException'{0x00000000eb95b980}> (0x00000000eb95b980) 
thrown [s\src\hotspot\share\prims\jni.cpp, line 516]
Event: 5.391 Thread 0x000001b02c7c9280 Exception <a 'sun/nio/fs/WindowsException'{0x00000000eb97d4e0}> (0x00000000eb97d4e0) 
thrown [s\src\hotspot\share\prims\jni.cpp, line 516]
Event: 5.438 Thread 0x000001b02a6bfe10 Exception <a 'java/io/FileNotFoundException'{0x00000000ebc22ed8}> (0x00000000ebc22ed8) 
thrown [s\src\hotspot\share\prims\jni.cpp, line 516]
Event: 5.438 Thread 0x000001b02a6bfe10 Exception <a 'java/io/FileNotFoundException'{0x00000000ebc23ef0}> (0x00000000ebc23ef0) 
thrown [s\src\hotspot\share\prims\jni.cpp, line 516]
Event: 5.447 Thread 0x000001b02c7c5ad0 Exception <a 'java/lang/NoSuchMethodError'{0x00000000ebcb5910}: 'java.lang.Object java.lang.invoke.DirectMethodHandle$Holder.invokeInterface(java.lang.Object, java.lang.Object, java.lang.Object)'> (0x00000000ebcb5910) 
thrown [s\src\hotspot\share\interpreter\linkResolver.cpp, line 759]
Event: 5.512 Thread 0x000001b02c7cb0e0 Exception <a 'java/lang/NoSuchMethodError'{0x00000000eac8e820}: 'java.lang.Object java.lang.invoke.Invokers$Holder.invoke_MT(java.lang.Object, java.lang.Object, java.lang.Object)'> (0x00000000eac8e820) 
thrown [s\src\hotspot\share\interpreter\linkResolver.cpp, line 759]

VM Operations (20 events):
Event: 5.476 Executing VM operation: HandshakeAllThreads done
Event: 5.477 Executing VM operation: HandshakeAllThreads
Event: 5.477 Executing VM operation: HandshakeAllThreads done
Event: 5.479 Executing VM operation: ParallelGCFailedAllocation
Event: 5.483 Executing VM operation: ParallelGCFailedAllocation done
Event: 5.495 Executing VM operation: HandshakeAllThreads
Event: 5.495 Executing VM operation: HandshakeAllThreads done
Event: 5.498 Executing VM operation: HandshakeAllThreads
Event: 5.498 Executing VM operation: HandshakeAllThreads done
Event: 5.516 Executing VM operation: HandshakeAllThreads
Event: 5.516 Executing VM operation: HandshakeAllThreads done
Event: 5.522 Executing VM operation: HandshakeAllThreads
Event: 5.522 Executing VM operation: HandshakeAllThreads done
Event: 5.523 Executing VM operation: HandshakeAllThreads
Event: 5.523 Executing VM operation: HandshakeAllThreads done
Event: 5.551 Executing VM operation: HandshakeAllThreads
Event: 5.551 Executing VM operation: HandshakeAllThreads done
Event: 5.638 Executing VM operation: HandshakeAllThreads
Event: 5.638 Executing VM operation: HandshakeAllThreads done
Event: 5.676 Executing VM operation: ParallelGCFailedAllocation

Events (20 events):
Event: 5.512 loading class sun/nio/ch/Util$4
Event: 5.512 loading class sun/nio/ch/Util$4 done
Event: 5.514 loading class java/io/UTFDataFormatException
Event: 5.514 loading class java/io/UTFDataFormatException done
Event: 5.516 loading class java/nio/file/ClosedDirectoryStreamException
Event: 5.516 loading class java/nio/file/ClosedDirectoryStreamException done
Event: 5.516 loading class jdk/internal/jrtfs/JrtFileSystem
Event: 5.517 loading class jdk/internal/jrtfs/JrtFileSystem done
Event: 5.517 loading class jdk/internal/jrtfs/JrtPath
Event: 5.517 loading class jdk/internal/jrtfs/JrtPath done
Event: 5.517 loading class jdk/internal/jimage/ImageReader$Node
Event: 5.518 loading class jdk/internal/jimage/ImageReader$Node done
Event: 5.521 loading class java/nio/ByteBufferAsIntBufferL
Event: 5.522 loading class java/nio/ByteBufferAsIntBufferL done
Event: 5.523 loading class jdk/internal/jimage/ImageReader$Directory
Event: 5.523 loading class jdk/internal/jimage/ImageReader$Directory done
Event: 5.653 loading class java/nio/channels/Channels$ReadableByteChannelImpl
Event: 5.654 loading class java/nio/channels/Channels$ReadableByteChannelImpl done
Event: 5.654 loading class java/nio/channels/NonWritableChannelException
Event: 5.654 loading class java/nio/channels/NonWritableChannelException done


Dynamic libraries:
0x00007ff681850000 - 0x00007ff68185e000 	c:\Users\vijay\.vscode\extensions\redhat.java-1.25.1-win32-x64\jre\17.0.9-win32-x86_64\bin\java.exe
0x00007ff8ed570000 - 0x00007ff8ed768000 	C:\Windows\SYSTEM32\ntdll.dll
0x00007ff8ebe60000 - 0x00007ff8ebf1d000 	C:\Windows\System32\KERNEL32.DLL
0x00007ff8eb020000 - 0x00007ff8eb316000 	C:\Windows\System32\KERNELBASE.dll
0x00007ff8eb320000 - 0x00007ff8eb420000 	C:\Windows\System32\ucrtbase.dll
0x00007ff8848d0000 - 0x00007ff8848e7000 	c:\Users\vijay\.vscode\extensions\redhat.java-1.25.1-win32-x64\jre\17.0.9-win32-x86_64\bin\jli.dll
0x00007ff8848b0000 - 0x00007ff8848cb000 	c:\Users\vijay\.vscode\extensions\redhat.java-1.25.1-win32-x64\jre\17.0.9-win32-x86_64\bin\VCRUNTIME140.dll
0x00007ff8ec2c0000 - 0x00007ff8ec45e000 	C:\Windows\System32\USER32.dll
0x00007ff8eaff0000 - 0x00007ff8eb012000 	C:\Windows\System32\win32u.dll
0x00007ff8cd6d0000 - 0x00007ff8cd96a000 	C:\Windows\WinSxS\amd64_microsoft.windows.common-controls_6595b64144ccf1df_6.0.19041.3636_none_60b6a03d71f818d5\COMCTL32.dll
0x00007ff8ec600000 - 0x00007ff8ec62c000 	C:\Windows\System32\GDI32.dll
0x00007ff8ebf20000 - 0x00007ff8ebfbe000 	C:\Windows\System32\msvcrt.dll
0x00007ff8eace0000 - 0x00007ff8eadfa000 	C:\Windows\System32\gdi32full.dll
0x00007ff8eaeb0000 - 0x00007ff8eaf4d000 	C:\Windows\System32\msvcp_win.dll
0x00007ff8ec5c0000 - 0x00007ff8ec5f0000 	C:\Windows\System32\IMM32.DLL
0x00007ff8de8f0000 - 0x00007ff8de8fc000 	c:\Users\vijay\.vscode\extensions\redhat.java-1.25.1-win32-x64\jre\17.0.9-win32-x86_64\bin\vcruntime140_1.dll
0x00007ff876920000 - 0x00007ff8769ad000 	c:\Users\vijay\.vscode\extensions\redhat.java-1.25.1-win32-x64\jre\17.0.9-win32-x86_64\bin\msvcp140.dll
0x00007ff875cb0000 - 0x00007ff876911000 	c:\Users\vijay\.vscode\extensions\redhat.java-1.25.1-win32-x64\jre\17.0.9-win32-x86_64\bin\server\jvm.dll
0x00007ff8ece70000 - 0x00007ff8ecf1f000 	C:\Windows\System32\ADVAPI32.dll
0x00007ff8ec220000 - 0x00007ff8ec2bc000 	C:\Windows\System32\sechost.dll
0x00007ff8ec7e0000 - 0x00007ff8ec906000 	C:\Windows\System32\RPCRT4.dll
0x00007ff8ea6b0000 - 0x00007ff8ea6fb000 	C:\Windows\SYSTEM32\POWRPROF.dll
0x00007ff8d0dc0000 - 0x00007ff8d0dc9000 	C:\Windows\SYSTEM32\WSOCK32.dll
0x00007ff8e3c80000 - 0x00007ff8e3ca7000 	C:\Windows\SYSTEM32\WINMM.dll
0x00007ff8e3070000 - 0x00007ff8e307a000 	C:\Windows\SYSTEM32\VERSION.dll
0x00007ff8ec460000 - 0x00007ff8ec4cb000 	C:\Windows\System32\WS2_32.dll
0x00007ff8ea2d0000 - 0x00007ff8ea2e2000 	C:\Windows\SYSTEM32\UMPDC.dll
0x00007ff8e8e30000 - 0x00007ff8e8e42000 	C:\Windows\SYSTEM32\kernel.appcore.dll
0x00007ff8c4b50000 - 0x00007ff8c4b5a000 	c:\Users\vijay\.vscode\extensions\redhat.java-1.25.1-win32-x64\jre\17.0.9-win32-x86_64\bin\jimage.dll
0x00007ff8ea4c0000 - 0x00007ff8ea6a4000 	C:\Windows\SYSTEM32\DBGHELP.DLL
0x00007ff8ea3e0000 - 0x00007ff8ea414000 	C:\Windows\SYSTEM32\dbgcore.DLL
0x00007ff8eac50000 - 0x00007ff8eacd2000 	C:\Windows\System32\bcryptPrimitives.dll
0x00007ff8ea270000 - 0x00007ff8ea27e000 	c:\Users\vijay\.vscode\extensions\redhat.java-1.25.1-win32-x64\jre\17.0.9-win32-x86_64\bin\instrument.dll
0x00007ff87eaa0000 - 0x00007ff87eac5000 	c:\Users\vijay\.vscode\extensions\redhat.java-1.25.1-win32-x64\jre\17.0.9-win32-x86_64\bin\java.dll
0x00007ff87f4f0000 - 0x00007ff87f508000 	c:\Users\vijay\.vscode\extensions\redhat.java-1.25.1-win32-x64\jre\17.0.9-win32-x86_64\bin\zip.dll
0x00007ff8eb6b0000 - 0x00007ff8ebdf5000 	C:\Windows\System32\SHELL32.dll
0x00007ff8e7ef0000 - 0x00007ff8e868b000 	C:\Windows\SYSTEM32\windows.storage.dll
0x00007ff8eca30000 - 0x00007ff8ecd84000 	C:\Windows\System32\combase.dll
0x00007ff8e9f90000 - 0x00007ff8e9fbd000 	C:\Windows\SYSTEM32\Wldp.dll
0x00007ff8ec0f0000 - 0x00007ff8ec19d000 	C:\Windows\System32\SHCORE.dll
0x00007ff8ebe00000 - 0x00007ff8ebe55000 	C:\Windows\System32\shlwapi.dll
0x00007ff8eab80000 - 0x00007ff8eaba5000 	C:\Windows\SYSTEM32\profapi.dll
0x00007ff87d910000 - 0x00007ff87d929000 	C:\Users\vijay\.vscode\extensions\redhat.java-1.25.1-win32-x64\jre\17.0.9-win32-x86_64\bin\net.dll
0x00007ff8e6ab0000 - 0x00007ff8e6bba000 	C:\Windows\SYSTEM32\WINHTTP.dll
0x00007ff8e9e60000 - 0x00007ff8e9eca000 	C:\Windows\system32\mswsock.dll
0x00007ff87d8f0000 - 0x00007ff87d906000 	C:\Users\vijay\.vscode\extensions\redhat.java-1.25.1-win32-x64\jre\17.0.9-win32-x86_64\bin\nio.dll
0x00007ff8c3740000 - 0x00007ff8c3750000 	c:\Users\vijay\.vscode\extensions\redhat.java-1.25.1-win32-x64\jre\17.0.9-win32-x86_64\bin\verify.dll
0x00007ff8e2980000 - 0x00007ff8e29be000 	C:\Users\vijay\AppData\Roaming\Code\User\globalStorage\redhat.java\1.25.1\config_win\org.eclipse.equinox.launcher\org.eclipse.equinox.launcher.win32.win32.x86_64_1.2.800.v20231003-1442\eclipse_11802.dll
0x00007ff8ebfc0000 - 0x00007ff8ec0eb000 	C:\Windows\System32\ole32.dll
0x00007ff8ea9c0000 - 0x00007ff8ea9d8000 	C:\Windows\SYSTEM32\CRYPTSP.dll
0x00007ff8e9620000 - 0x00007ff8e9654000 	C:\Windows\system32\rsaenh.dll
0x00007ff8eaf50000 - 0x00007ff8eaf77000 	C:\Windows\System32\bcrypt.dll
0x00007ff8eab00000 - 0x00007ff8eab2e000 	C:\Windows\SYSTEM32\USERENV.dll
0x00007ff8e9f50000 - 0x00007ff8e9f5c000 	C:\Windows\SYSTEM32\CRYPTBASE.dll
0x00007ff8e9980000 - 0x00007ff8e99bb000 	C:\Windows\SYSTEM32\IPHLPAPI.DLL
0x00007ff8eb6a0000 - 0x00007ff8eb6a8000 	C:\Windows\System32\NSI.dll
0x00007ff8e0ac0000 - 0x00007ff8e0ad7000 	C:\Windows\SYSTEM32\dhcpcsvc6.DLL
0x00007ff8e1460000 - 0x00007ff8e147d000 	C:\Windows\SYSTEM32\dhcpcsvc.DLL
0x00007ff8e99c0000 - 0x00007ff8e9a8a000 	C:\Windows\SYSTEM32\DNSAPI.dll
0x00007ff8c3ef0000 - 0x00007ff8c3f35000 	C:\Users\vijay\AppData\Local\Temp\jna-112208527\jna10263314138735694173.dll
0x00007ff8ec4d0000 - 0x00007ff8ec4d8000 	C:\Windows\System32\PSAPI.DLL
0x00007ff8e8730000 - 0x00007ff8e873e000 	C:\Users\vijay\.vscode\extensions\redhat.java-1.25.1-win32-x64\jre\17.0.9-win32-x86_64\bin\sunmscapi.dll
0x00007ff8eb420000 - 0x00007ff8eb57d000 	C:\Windows\System32\CRYPT32.dll
0x00007ff8ea2a0000 - 0x00007ff8ea2c7000 	C:\Windows\SYSTEM32\ncrypt.dll
0x00007ff8e9fc0000 - 0x00007ff8e9ffb000 	C:\Windows\SYSTEM32\NTASN1.dll
0x00007ff8dc030000 - 0x00007ff8dc03a000 	C:\Windows\System32\rasadhlp.dll
0x00007ff8dcf20000 - 0x00007ff8dcfa0000 	C:\Windows\System32\fwpuclnt.dll

dbghelp: loaded successfully - version: 4.0.5 - missing functions: none
symbol engine: initialized successfully - sym options: 0x614 - pdb path: .;c:\Users\vijay\.vscode\extensions\redhat.java-1.25.1-win32-x64\jre\17.0.9-win32-x86_64\bin;C:\Windows\SYSTEM32;C:\Windows\WinSxS\amd64_microsoft.windows.common-controls_6595b64144ccf1df_6.0.19041.3636_none_60b6a03d71f818d5;c:\Users\vijay\.vscode\extensions\redhat.java-1.25.1-win32-x64\jre\17.0.9-win32-x86_64\bin\server;C:\Users\vijay\AppData\Roaming\Code\User\globalStorage\redhat.java\1.25.1\config_win\org.eclipse.equinox.launcher\org.eclipse.equinox.launcher.win32.win32.x86_64_1.2.800.v20231003-1442;C:\Users\vijay\AppData\Local\Temp\jna-112208527

VM Arguments:
jvm_args: --add-modules=ALL-SYSTEM --add-opens=java.base/java.util=ALL-UNNAMED --add-opens=java.base/java.lang=ALL-UNNAMED --add-opens=java.base/sun.nio.fs=ALL-UNNAMED -Declipse.application=org.eclipse.jdt.ls.core.id1 -Dosgi.bundles.defaultStartLevel=4 -Declipse.product=org.eclipse.jdt.ls.core.product -Djava.import.generatesMetadataFilesAtProjectRoot=false -DDetectVMInstallationsJob.disabled=true -Dfile.encoding=utf8 -XX:+UseParallelGC -XX:GCTimeRatio=4 -XX:AdaptiveSizePolicyWeight=90 -Dsun.zip.disableMemoryMapping=true -Xmx1G -Xms100m -Xlog:disable -javaagent:c:\Users\vijay\.vscode\extensions\redhat.java-1.25.1-win32-x64\lombok\lombok-1.18.30.jar -XX:+HeapDumpOnOutOfMemoryError -XX:HeapDumpPath=c:\Users\vijay\AppData\Roaming\Code\User\workspaceStorage\76c1107fe8591dd7646c0e0b73a37fb0\redhat.java -Daether.dependencyCollector.impl=bf 
java_command: c:\Users\vijay\.vscode\extensions\redhat.java-1.25.1-win32-x64\server\plugins\org.eclipse.equinox.launcher_1.6.600.v20231106-1826.jar -configuration c:\Users\vijay\AppData\Roaming\Code\User\globalStorage\redhat.java\1.25.1\config_win -data c:\Users\vijay\AppData\Roaming\Code\User\workspaceStorage\76c1107fe8591dd7646c0e0b73a37fb0\redhat.java\jdt_ws --stdio
java_class_path (initial): c:\Users\vijay\.vscode\extensions\redhat.java-1.25.1-win32-x64\server\plugins\org.eclipse.equinox.launcher_1.6.600.v20231106-1826.jar
Launcher Type: SUN_STANDARD

[Global flags]
    uintx AdaptiveSizePolicyWeight                 = 90                                        {product} {command line}
     intx CICompilerCount                          = 4                                         {product} {ergonomic}
    uintx GCTimeRatio                              = 4                                         {product} {command line}
     bool HeapDumpOnOutOfMemoryError               = true                                   {manageable} {command line}
    ccstr HeapDumpPath                             = c:\Users\vijay\AppData\Roaming\Code\User\workspaceStorage\76c1107fe8591dd7646c0e0b73a37fb0\redhat.java         {manageable} {command line}
   size_t InitialHeapSize                          = 104857600                                 {product} {command line}
   size_t MaxHeapSize                              = 1073741824                                {product} {command line}
   size_t MaxNewSize                               = 357564416                                 {product} {ergonomic}
   size_t MinHeapDeltaBytes                        = 524288                                    {product} {ergonomic}
   size_t MinHeapSize                              = 104857600                                 {product} {command line}
   size_t NewSize                                  = 34603008                                  {product} {ergonomic}
    uintx NonNMethodCodeHeapSize                   = 5839372                                {pd product} {ergonomic}
    uintx NonProfiledCodeHeapSize                  = 122909434                              {pd product} {ergonomic}
   size_t OldSize                                  = 70254592                                  {product} {ergonomic}
    uintx ProfiledCodeHeapSize                     = 122909434                              {pd product} {ergonomic}
    uintx ReservedCodeCacheSize                    = 251658240                              {pd product} {ergonomic}
     bool SegmentedCodeCache                       = true                                      {product} {ergonomic}
   size_t SoftMaxHeapSize                          = 1073741824                             {manageable} {ergonomic}
     bool UseCompressedClassPointers               = true                           {product lp64_product} {ergonomic}
     bool UseCompressedOops                        = true                           {product lp64_product} {ergonomic}
     bool UseLargePagesIndividualAllocation        = false                                  {pd product} {ergonomic}
     bool UseParallelGC                            = true                                      {product} {command line}

Logging:
Log output configuration:
 #0: stdout all=off uptime,level,tags
 #1: stderr all=off uptime,level,tags

Environment Variables:
JAVA_HOME=C:\Program Files\Java\jdk1.8.0_202\bin
PATH=C:\Program Files\Common Files\Oracle\Java\javapath;C:\Program Files (x86)\Common Files\Oracle\Java\javapath;C:\Windows\system32;C:\Windows;C:\Windows\System32\Wbem;C:\Windows\System32\WindowsPowerShell\v1.0\;C:\Windows\System32\OpenSSH\;C:\Program Files\Intel\WiFi\bin\;C:\Program Files\Common Files\Intel\WirelessCommon\;C:\Program Files\Git\cmd;C:\Program Files\nodejs\;C:\Program Files\Java\jdk1.8.0_202\bin;C:\Program Files\MySQL\mysql-connector-j-8.1.0;C:\Program Files\Java\jdk-21;C:\Program Files\MySQL\MySQL Shell 8.0\bin\;C:\Users\vijay\AppData\Local\Microsoft\WindowsApps;C:\Users\vijay\AppData\Local\Programs\Microsoft VS Code\bin;C:\Users\vijay\AppData\Roaming\npm;C:\Program Files\Java\jdk1.8.0_202\bin;C:\Program Files\Java\jdk-21;
USERNAME=vijay
OS=Windows_NT
PROCESSOR_IDENTIFIER=Intel64 Family 6 Model 142 Stepping 10, GenuineIntel
TMP=C:\Users\vijay\AppData\Local\Temp
TEMP=C:\Users\vijay\AppData\Local\Temp



Periodic native trim disabled


---------------  S Y S T E M  ---------------

OS:
 Windows 10 , 64 bit Build 19041 (10.0.19041.3636)
OS uptime: 13 days 23:29 hours

CPU: total 8 (initial active 8) (4 cores per cpu, 2 threads per core) family 6 model 142 stepping 10 microcode 0xf0, cx8, cmov, fxsr, ht, mmx, 3dnowpref, sse, sse2, sse3, ssse3, sse4.1, sse4.2, popcnt, lzcnt, tsc, tscinvbit, avx, avx2, aes, erms, clmul, bmi1, bmi2, adx, fma, vzeroupper, clflush, clflushopt
Processor Information for all 8 processors :
  Max Mhz: 1800, Current Mhz: 1600, Mhz Limit: 1584

Memory: 4k page, system-wide physical 16238M (9366M free)
TotalPageFile size 18670M (AvailPageFile size 10826M)
current process WorkingSet (physical memory assigned to process): 238M, peak: 241M
current process commit charge ("private bytes"): 320M, peak: 323M

vm_info: OpenJDK 64-Bit Server VM (17.0.9+9) for windows-amd64 JRE (17.0.9+9), built on Oct 26 2023 14:01:42 by "admin" with MS VC++ 16.10 / 16.11 (VS2019)

END.
