#
# A fatal error has been detected by the Java Runtime Environment:
#
#  EXCEPTION_ACCESS_VIOLATION (0xc0000005) at pc=0x00007ff875e5b498, pid=5556, tid=14672
#
# JRE version: OpenJDK Runtime Environment Temurin-17.0.9+9 (17.0.9+9) (build 17.0.9+9)
# Java VM: OpenJDK 64-Bit Server VM Temurin-17.0.9+9 (17.0.9+9, mixed mode, tiered, compressed oops, compressed class ptrs, parallel gc, windows-amd64)
# Problematic frame:
# V  [jvm.dll+0x1ab498]
#
# No core dump will be written. Minidumps are not enabled by default on client versions of Windows
#
# If you would like to submit a bug report, please visit:
#   https://github.com/adoptium/adoptium-support/issues
#

---------------  S U M M A R Y ------------

Command Line: --add-modules=ALL-SYSTEM --add-opens=java.base/java.util=ALL-UNNAMED --add-opens=java.base/java.lang=ALL-UNNAMED --add-opens=java.base/sun.nio.fs=ALL-UNNAMED -Declipse.application=org.eclipse.jdt.ls.core.id1 -Dosgi.bundles.defaultStartLevel=4 -Declipse.product=org.eclipse.jdt.ls.core.product -Djava.import.generatesMetadataFilesAtProjectRoot=false -DDetectVMInstallationsJob.disabled=true -Dfile.encoding=utf8 -XX:+UseParallelGC -XX:GCTimeRatio=4 -XX:AdaptiveSizePolicyWeight=90 -Dsun.zip.disableMemoryMapping=true -Xmx1G -Xms100m -Xlog:disable -javaagent:c:\Users\vijay\.vscode\extensions\redhat.java-1.25.1-win32-x64\lombok\lombok-1.18.30.jar -XX:+HeapDumpOnOutOfMemoryError -XX:HeapDumpPath=c:\Users\vijay\AppData\Roaming\Code\User\workspaceStorage\76c1107fe8591dd7646c0e0b73a37fb0\redhat.java -Daether.dependencyCollector.impl=bf c:\Users\vijay\.vscode\extensions\redhat.java-1.25.1-win32-x64\server\plugins\org.eclipse.equinox.launcher_1.6.600.v20231106-1826.jar -configuration c:\Users\vijay\AppData\Roaming\Code\User\globalStorage\redhat.java\1.25.1\config_win -data c:\Users\vijay\AppData\Roaming\Code\User\workspaceStorage\76c1107fe8591dd7646c0e0b73a37fb0\redhat.java\jdt_ws --stdio

Host: Intel(R) Core(TM) i5-8250U CPU @ 1.60GHz, 8 cores, 15G,  Windows 10 , 64 bit Build 19041 (10.0.19041.3636)
Time: Thu Jan  4 11:35:55 2024 India Standard Time elapsed time: 4871.895768 seconds (0d 1h 21m 11s)

---------------  T H R E A D  ---------------

Current thread (0x000001ff9fedb060):  JavaThread "C2 CompilerThread1" daemon [_thread_in_native, id=14672, stack(0x000000c682300000,0x000000c682400000)]


Current CompileTask:
C2:4871895 29231       4       org.eclipse.jdt.internal.compiler.parser.Parser::consumeRule (7878 bytes)

Stack: [0x000000c682300000,0x000000c682400000],  sp=0x000000c6823fb280,  free space=1004k
Native frames: (J=compiled Java code, j=interpreted, Vv=VM code, C=native code)
V  [jvm.dll+0x1ab498]
V  [jvm.dll+0x6a4147]
V  [jvm.dll+0x6a2b8a]
V  [jvm.dll+0x21b570]
V  [jvm.dll+0x2198c1]
V  [jvm.dll+0x1a57cd]
V  [jvm.dll+0x2297ae]
V  [jvm.dll+0x22797c]
V  [jvm.dll+0x7e9877]
V  [jvm.dll+0x7e3c3a]
V  [jvm.dll+0x67be35]
C  [ucrtbase.dll+0x21bb2]
C  [KERNEL32.DLL+0x17344]
C  [ntdll.dll+0x526b1]


siginfo: EXCEPTION_ACCESS_VIOLATION (0xc0000005), reading address 0xffffffffffffffff


Registers:
RAX=0x000001fffbcfd6d0, RBX=0x0000000000000000, RCX=0x000001fffdaeec90, RDX=0x000000c6823fb5a0
RSP=0x000000c6823fb280, RBP=0x0000000000000d3e, RSI=0x008001ff9c2b1a20, RDI=0x000001fffdaeec90
R8 =0x000001fffdaeec01, R9 =0x000001fffdaeed01, R10=0x000000000000ffff, R11=0x0000000000000000
R12=0x0000000000000001, R13=0x000001ffee51df00, R14=0x000001fffbcfd5e0, R15=0x000000c6823fb5a0
RIP=0x00007ff875e5b498, EFLAGS=0x0000000000010202


Register to memory mapping:

RIP=0x00007ff875e5b498 jvm.dll
RAX=0x000001fffbcfd6d0 points into unknown readable memory: 0x0000000000000000 | 00 00 00 00 00 00 00 00
RBX=0x0 is NULL
RCX=0x000001fffdaeec90 points into unknown readable memory: 0x00007ff8765dc8e0 | e0 c8 5d 76 f8 7f 00 00
RDX=0x000000c6823fb5a0 is pointing into the stack for thread: 0x000001ff9fedb060
RSP=0x000000c6823fb280 is pointing into the stack for thread: 0x000001ff9fedb060
RBP=0x0000000000000d3e is an unknown value
RSI=0x008001ff9c2b1a20 is an unknown value
RDI=0x000001fffdaeec90 points into unknown readable memory: 0x00007ff8765dc8e0 | e0 c8 5d 76 f8 7f 00 00
R8 =0x000001fffdaeec01 points into unknown readable memory: f3 ae fd ff 01 00 00
R9 =0x000001fffdaeed01 points into unknown readable memory: d5 cf fb ff 01 00 00
R10=0x000000000000ffff is an unknown value
R11=0x0 is NULL
R12=0x0000000000000001 is an unknown value
R13=0x000001ffee51df00 points into unknown readable memory: 0x00007ff8765df2d0 | d0 f2 5d 76 f8 7f 00 00
R14=0x000001fffbcfd5e0 points into unknown readable memory: 0x00007ff8765dd1e0 | e0 d1 5d 76 f8 7f 00 00
R15=0x000000c6823fb5a0 is pointing into the stack for thread: 0x000001ff9fedb060


Top of Stack: (sp=0x000000c6823fb280)
0x000000c6823fb280:   000001fff8950530 00007ff875ed4f21
0x000000c6823fb290:   000000c6823fe560 0000000000000d39
0x000000c6823fb2a0:   000000c6823fb5a0 000001fff894f8f8
0x000000c6823fb2b0:   000001fff894f8f8 00007ff876352f25
0x000000c6823fb2c0:   0000000000000d39 000000c6823fb5a0
0x000000c6823fb2d0:   000001fff8950530 00007ff8763096a9
0x000000c6823fb2e0:   008001ff9c2b1a20 000001fff894f958
0x000000c6823fb2f0:   000001fff8950530 000000c6823fb5a0
0x000000c6823fb300:   000001fff894f958 00007ff8763538d4
0x000000c6823fb310:   000000c6823fb5a0 00007ff87635253d
0x000000c6823fb320:   0000000000000000 000001fff89505a0
0x000000c6823fb330:   00000000000003c8 000001ffee51df00
0x000000c6823fb340:   000000c6823fb5a0 000001fffc802c30
0x000000c6823fb350:   0000000000000000 0000000000000000
0x000000c6823fb360:   000001fffdaeec90 00007ff876354147
0x000000c6823fb370:   000001fffdaeec90 0000000000000d3e
0x000000c6823fb380:   0000000000000d3d 000000c6823fb5a0
0x000000c6823fb390:   000000c6823fb5a0 00007ff876352b8a
0x000000c6823fb3a0:   000000c6823fe560 0000000000000d3e
0x000000c6823fb3b0:   000001fffdaeec90 000001fffc4e9ef8
0x000000c6823fb3c0:   0000000000000050 00007ff8765efc10
0x000000c6823fb3d0:   0000000000000020 00007ff875ecb570
0x000000c6823fb3e0:   0000000000000000 000001fffc909690
0x000000c6823fb3f0:   000000c6823fe560 000000c6823fb4e0
0x000000c6823fb400:   0000000000000000 000001ff89575e20
0x000000c6823fb410:   0000000289570000 0000000000000000
0x000000c6823fb420:   0000000000000000 0000000000000000
0x000000c6823fb430:   000001ff89575e20 00007ff8765efc10
0x000000c6823fb440:   0000000000000000 0000000000000000
0x000000c6823fb450:   0000000000000000 00007ff8765efc10
0x000000c6823fb460:   000001ff89576c00 00007ff87638f500
0x000000c6823fb470:   0000000000000000 000000c6823fcad8 

Instructions: (pc=0x00007ff875e5b498)
0x00007ff875e5b398:   48 8b 5c 24 30 48 83 c4 20 5f c3 cc cc cc cc cc
0x00007ff875e5b3a8:   cc cc cc cc cc cc cc cc 48 89 5c 24 08 48 89 74
0x00007ff875e5b3b8:   24 10 48 89 7c 24 18 41 56 48 83 ec 20 48 8b da
0x00007ff875e5b3c8:   41 8b f1 ba 01 00 00 00 41 8b f8 4c 8b f1 e8 25
0x00007ff875e5b3d8:   d4 4a 00 48 8d 05 5e 29 78 00 49 89 5e 38 48 8b
0x00007ff875e5b3e8:   5c 24 30 49 89 06 0f b6 44 24 50 41 88 46 48 49
0x00007ff875e5b3f8:   8b c6 41 89 7e 40 48 8b 7c 24 40 41 89 76 44 48
0x00007ff875e5b408:   8b 74 24 38 41 c7 46 2c 84 00 00 00 48 83 c4 20
0x00007ff875e5b418:   41 5e c3 cc cc cc cc cc 48 8b c4 53 57 41 54 41
0x00007ff875e5b428:   57 48 81 ec c8 00 00 00 33 db 45 0f b6 e0 4c 8b
0x00007ff875e5b438:   fa 48 8b f9 45 84 c0 0f 84 a3 01 00 00 4c 89 70
0x00007ff875e5b448:   c8 4c 8b 71 70 4d 85 f6 0f 84 8a 01 00 00 48 89
0x00007ff875e5b458:   68 10 48 89 70 d8 4c 89 68 d0 48 8b 01 ff 90 88
0x00007ff875e5b468:   00 00 00 48 8b 70 30 48 89 74 24 60 48 85 f6 75
0x00007ff875e5b478:   1f 48 89 5c 24 68 48 89 9c 24 98 00 00 00 48 89
0x00007ff875e5b488:   9c 24 88 00 00 00 48 89 9c 24 90 00 00 00 eb 3c
0x00007ff875e5b498:   48 8b 46 28 48 89 44 24 68 48 8b 4e 78 48 85 c9
0x00007ff875e5b4a8:   75 0c 48 8b ce e8 6e 51 02 00 48 8b 4e 78 8b 46
0x00007ff875e5b4b8:   48 48 03 c1 48 89 8c 24 98 00 00 00 48 89 84 24
0x00007ff875e5b4c8:   90 00 00 00 48 89 8c 24 88 00 00 00 48 8b 07 48
0x00007ff875e5b4d8:   8b cf 48 89 5c 24 70 48 89 5c 24 78 ff 90 88 00
0x00007ff875e5b4e8:   00 00 48 8d 4c 24 60 8b 50 24 e8 19 df 02 00 4c
0x00007ff875e5b4f8:   8d 44 24 50 48 8d 94 24 f0 00 00 00 48 8d 4c 24
0x00007ff875e5b508:   60 e8 b2 ef 02 00 48 8d 4c 24 60 48 8b e8 e8 85
0x00007ff875e5b518:   e6 02 00 48 8b cd 4c 8b e8 e8 8a 4b 02 00 84 c0
0x00007ff875e5b528:   74 0b 48 8b af 88 00 00 00 4c 8b 6d 28 49 8b cd
0x00007ff875e5b538:   e8 73 97 01 00 48 8b 4f 08 c6 44 24 48 01 48 8b
0x00007ff875e5b548:   51 28 49 8b 4f 50 44 8b 42 28 48 8b d6 4e 8b 0c
0x00007ff875e5b558:   c1 4c 8b c0 41 8b 49 10 83 e9 13 83 f9 02 48 8d
0x00007ff875e5b568:   8c 24 08 01 00 00 48 89 4c 24 40 48 8d 8c 24 00
0x00007ff875e5b578:   01 00 00 48 89 4c 24 38 4c 0f 47 cb 49 8b 4f 10
0x00007ff875e5b588:   c6 44 24 30 01 4c 89 4c 24 28 4d 8b cd 48 89 6c 


Stack slot to memory mapping:
stack at sp + 0 slots: 0x000001fff8950530 points into unknown readable memory: 0x00007ff8765ef8c0 | c0 f8 5e 76 f8 7f 00 00
stack at sp + 1 slots: 0x00007ff875ed4f21 jvm.dll
stack at sp + 2 slots: 0x000000c6823fe560 is pointing into the stack for thread: 0x000001ff9fedb060
stack at sp + 3 slots: 0x0000000000000d39 is an unknown value
stack at sp + 4 slots: 0x000000c6823fb5a0 is pointing into the stack for thread: 0x000001ff9fedb060
stack at sp + 5 slots: 0x000001fff894f8f8 points into unknown readable memory: 0x00007ff8765ddf00 | 00 df 5d 76 f8 7f 00 00
stack at sp + 6 slots: 0x000001fff894f8f8 points into unknown readable memory: 0x00007ff8765ddf00 | 00 df 5d 76 f8 7f 00 00
stack at sp + 7 slots: 0x00007ff876352f25 jvm.dll


---------------  P R O C E S S  ---------------

Threads class SMR info:
_java_thread_list=0x000001fffa408cd0, length=38, elements={
0x000001ffee5070e0, 0x000001fff86a6750, 0x000001fff86a8f10, 0x000001fff86abdf0,
0x000001fff86cd7e0, 0x000001fff86d2580, 0x000001fff86d5e70, 0x000001fff86daf80,
0x000001fff86db890, 0x000001fff86dc1a0, 0x000001fff8800430, 0x000001fff8a40ac0,
0x000001fffa131cd0, 0x000001fffa02d5d0, 0x000001fffa02dab0, 0x000001fff9ca5340,
0x000001fff98550b0, 0x000001fff973ff90, 0x000001fff97404a0, 0x000001fff973f060,
0x000001fff9740ec0, 0x000001fff9742300, 0x000001fff9742810, 0x000001fff97409b0,
0x000001fffb7fecc0, 0x000001fffb7ff1d0, 0x000001fffb2ae9e0, 0x000001fffd77c5a0,
0x000001fffdba5e50, 0x000001fffdbaa530, 0x000001fffdba4a10, 0x000001fffdba3ff0,
0x000001fffdba9b10, 0x000001fffb2ac670, 0x000001fffb2ad090, 0x000001fffb2adab0,
0x000001fffb2adfc0, 0x000001ff9fedb060
}

Java Threads: ( => current thread )
  0x000001ffee5070e0 JavaThread "main" [_thread_blocked, id=2084, stack(0x000000c6fff00000,0x000000c700000000)]
  0x000001fff86a6750 JavaThread "Reference Handler" daemon [_thread_blocked, id=12752, stack(0x000000c680200000,0x000000c680300000)]
  0x000001fff86a8f10 JavaThread "Finalizer" daemon [_thread_blocked, id=7776, stack(0x000000c680300000,0x000000c680400000)]
  0x000001fff86abdf0 JavaThread "Signal Dispatcher" daemon [_thread_blocked, id=9844, stack(0x000000c680400000,0x000000c680500000)]
  0x000001fff86cd7e0 JavaThread "Attach Listener" daemon [_thread_blocked, id=4924, stack(0x000000c680500000,0x000000c680600000)]
  0x000001fff86d2580 JavaThread "Service Thread" daemon [_thread_blocked, id=13928, stack(0x000000c680600000,0x000000c680700000)]
  0x000001fff86d5e70 JavaThread "Monitor Deflation Thread" daemon [_thread_blocked, id=1940, stack(0x000000c680700000,0x000000c680800000)]
  0x000001fff86daf80 JavaThread "C2 CompilerThread0" daemon [_thread_in_native, id=7532, stack(0x000000c680800000,0x000000c680900000)]
  0x000001fff86db890 JavaThread "C1 CompilerThread0" daemon [_thread_blocked, id=12008, stack(0x000000c680900000,0x000000c680a00000)]
  0x000001fff86dc1a0 JavaThread "Sweeper thread" daemon [_thread_blocked, id=14132, stack(0x000000c680a00000,0x000000c680b00000)]
  0x000001fff8800430 JavaThread "Common-Cleaner" daemon [_thread_blocked, id=11340, stack(0x000000c680b00000,0x000000c680c00000)]
  0x000001fff8a40ac0 JavaThread "Notification Thread" daemon [_thread_blocked, id=2740, stack(0x000000c680d00000,0x000000c680e00000)]
  0x000001fffa131cd0 JavaThread "Active Thread: Equinox Container: 32b52263-d91b-4f3b-849f-dd26a8a7e88f" [_thread_blocked, id=9040, stack(0x000000c681600000,0x000000c681700000)]
  0x000001fffa02d5d0 JavaThread "Framework Event Dispatcher: Equinox Container: 32b52263-d91b-4f3b-849f-dd26a8a7e88f" daemon [_thread_blocked, id=11384, stack(0x000000c680c00000,0x000000c680d00000)]
  0x000001fffa02dab0 JavaThread "Start Level: Equinox Container: 32b52263-d91b-4f3b-849f-dd26a8a7e88f" daemon [_thread_blocked, id=13828, stack(0x000000c680f00000,0x000000c681000000)]
  0x000001fff9ca5340 JavaThread "Bundle File Closer" daemon [_thread_blocked, id=11592, stack(0x000000c681800000,0x000000c681900000)]
  0x000001fff98550b0 JavaThread "SCR Component Actor" daemon [_thread_blocked, id=9984, stack(0x000000c681900000,0x000000c681a00000)]
  0x000001fff973ff90 JavaThread "Worker-JM" [_thread_blocked, id=14388, stack(0x000000c681b00000,0x000000c681c00000)]
  0x000001fff97404a0 JavaThread "Java indexing" daemon [_thread_blocked, id=6828, stack(0x000000c682000000,0x000000c682100000)]
  0x000001fff973f060 JavaThread "JNA Cleaner" daemon [_thread_blocked, id=5988, stack(0x000000c682100000,0x000000c682200000)]
  0x000001fff9740ec0 JavaThread "pool-2-thread-1" [_thread_blocked, id=5356, stack(0x000000c682400000,0x000000c682500000)]
  0x000001fff9742300 JavaThread "WorkspaceEventsHandler" [_thread_blocked, id=8160, stack(0x000000c682500000,0x000000c682600000)]
  0x000001fff9742810 JavaThread "pool-1-thread-1" [_thread_in_native, id=12728, stack(0x000000c682600000,0x000000c682700000)]
  0x000001fff97409b0 JavaThread "Java Debug Server" daemon [_thread_in_native, id=2056, stack(0x000000c682a00000,0x000000c682b00000)]
  0x000001fffb7fecc0 JavaThread "RxSchedulerPurge-1" daemon [_thread_blocked, id=9276, stack(0x000000c682f00000,0x000000c683000000)]
  0x000001fffb7ff1d0 JavaThread "RxCachedWorkerPoolEvictor-1" daemon [_thread_blocked, id=13800, stack(0x000000c683000000,0x000000c683100000)]
  0x000001fffb2ae9e0 JavaThread "ForkJoinPool.commonPool-worker-19" daemon [_thread_blocked, id=9792, stack(0x000000c682200000,0x000000c682300000)]
  0x000001fffd77c5a0 JavaThread "ForkJoinPool.commonPool-worker-29" daemon [_thread_blocked, id=11136, stack(0x000000c683700000,0x000000c683800000)]
  0x000001fffdba5e50 JavaThread "ForkJoinPool.commonPool-worker-32" daemon [_thread_blocked, id=864, stack(0x000000c681e00000,0x000000c681f00000)]
  0x000001fffdbaa530 JavaThread "ForkJoinPool.commonPool-worker-33" daemon [_thread_blocked, id=12508, stack(0x000000c682700000,0x000000c682800000)]
  0x000001fffdba4a10 JavaThread "ForkJoinPool.commonPool-worker-37" daemon [_thread_blocked, id=2044, stack(0x000000c682800000,0x000000c682900000)]
  0x000001fffdba3ff0 JavaThread "ForkJoinPool.commonPool-worker-38" daemon [_thread_blocked, id=10568, stack(0x000000c681d00000,0x000000c681e00000)]
  0x000001fffdba9b10 JavaThread "Worker-51: Shutdown..." [_thread_in_native, id=1324, stack(0x000000c683400000,0x000000c683500000)]
  0x000001fffb2ac670 JavaThread "Worker-56" [_thread_blocked, id=5280, stack(0x000000c681c00000,0x000000c681d00000)]
  0x000001fffb2ad090 JavaThread "ForkJoinPool.commonPool-worker-41" daemon [_thread_blocked, id=8992, stack(0x000000c681f00000,0x000000c682000000)]
  0x000001fffb2adab0 JavaThread "ForkJoinPool.commonPool-worker-42" daemon [_thread_blocked, id=3396, stack(0x000000c683100000,0x000000c683200000)]
  0x000001fffb2adfc0 JavaThread "ForkJoinPool.commonPool-worker-43" daemon [_thread_blocked, id=8780, stack(0x000000c683500000,0x000000c683600000)]
=>0x000001ff9fedb060 JavaThread "C2 CompilerThread1" daemon [_thread_in_native, id=14672, stack(0x000000c682300000,0x000000c682400000)]

Other Threads:
  0x000001fff8690c20 VMThread "VM Thread" [stack: 0x000000c680100000,0x000000c680200000] [id=11712]
  0x000001fff8a40fa0 WatcherThread [stack: 0x000000c680e00000,0x000000c680f00000] [id=3608]
  0x000001ffee51e1b0 GCTaskThread "GC Thread#0" [stack: 0x000000c680000000,0x000000c680100000] [id=7936]
  0x000001fff9e133f0 GCTaskThread "GC Thread#1" [stack: 0x000000c681000000,0x000000c681100000] [id=14580]
  0x000001fff9a84c20 GCTaskThread "GC Thread#2" [stack: 0x000000c681100000,0x000000c681200000] [id=7000]
  0x000001fff9a84ee0 GCTaskThread "GC Thread#3" [stack: 0x000000c681200000,0x000000c681300000] [id=2832]
  0x000001fff9a851a0 GCTaskThread "GC Thread#4" [stack: 0x000000c681300000,0x000000c681400000] [id=7464]
  0x000001fff9a85460 GCTaskThread "GC Thread#5" [stack: 0x000000c681400000,0x000000c681500000] [id=13172]
  0x000001fff9a85720 GCTaskThread "GC Thread#6" [stack: 0x000000c681500000,0x000000c681600000] [id=12280]
  0x000001fff9d06de0 GCTaskThread "GC Thread#7" [stack: 0x000000c681700000,0x000000c681800000] [id=10172]

Threads with active compile tasks:
C2 CompilerThread0  4872004 29237       4       org.eclipse.jdt.internal.compiler.parser.Parser::consumeToken (2335 bytes)
C2 CompilerThread1  4872004 29231       4       org.eclipse.jdt.internal.compiler.parser.Parser::consumeRule (7878 bytes)

VM state: not at safepoint (normal execution)

VM Mutex/Monitor currently owned by a thread: None

Heap address: 0x00000000c0000000, size: 1024 MB, Compressed Oops mode: 32-bit

CDS archive(s) not mapped
Compressed class space mapped at: 0x0000000100000000-0x0000000140000000, reserved size: 1073741824
Narrow klass base: 0x0000000000000000, Narrow klass shift: 3, Narrow klass range: 0x140000000

GC Precious Log:
 CPUs: 8 total, 8 available
 Memory: 16238M
 Large Page Support: Disabled
 NUMA Support: Disabled
 Compressed Oops: Enabled (32-bit)
 Alignments: Space 512K, Generation 512K, Heap 2M
 Heap Min Capacity: 100M
 Heap Initial Capacity: 100M
 Heap Max Capacity: 1G
 Pre-touch: Disabled
 Parallel Workers: 8

Heap:
 PSYoungGen      total 5120K, used 1200K [0x00000000eab00000, 0x00000000eb400000, 0x0000000100000000)
  eden space 4608K, 21% used [0x00000000eab00000,0x00000000eabf4310,0x00000000eaf80000)
  from space 512K, 43% used [0x00000000eb380000,0x00000000eb3b8000,0x00000000eb400000)
  to   space 512K, 0% used [0x00000000eb300000,0x00000000eb300000,0x00000000eb380000)
 ParOldGen       total 223232K, used 202512K [0x00000000c0000000, 0x00000000cda00000, 0x00000000eab00000)
  object space 223232K, 90% used [0x00000000c0000000,0x00000000cc5c4218,0x00000000cda00000)
 Metaspace       used 102980K, committed 104448K, reserved 1179648K
  class space    used 10358K, committed 11072K, reserved 1048576K

Card table byte_map: [0x000001ffedee0000,0x000001ffee0f0000] _byte_map_base: 0x000001ffed8e0000

Marking Bits: (ParMarkBitMap*) 0x00007ff87684d0b0
 Begin Bits: [0x000001fff11b0000, 0x000001fff21b0000)
 End Bits:   [0x000001fff21b0000, 0x000001fff31b0000)

Polling page: 0x000001ffedcd0000

Metaspace:

Usage:
  Non-class:     90.45 MB used.
      Class:     10.12 MB used.
       Both:    100.57 MB used.

Virtual space:
  Non-class space:      128.00 MB reserved,      91.19 MB ( 71%) committed,  2 nodes.
      Class space:        1.00 GB reserved,      10.81 MB (  1%) committed,  1 nodes.
             Both:        1.12 GB reserved,     102.00 MB (  9%) committed. 

Chunk freelists:
   Non-Class:  4.50 MB
       Class:  5.06 MB
        Both:  9.56 MB

MaxMetaspaceSize: unlimited
CompressedClassSpaceSize: 1.00 GB
Initial GC threshold: 21.00 MB
Current GC threshold: 169.69 MB
CDS: off
MetaspaceReclaimPolicy: balanced
 - commit_granule_bytes: 65536.
 - commit_granule_words: 8192.
 - virtual_space_node_default_size: 8388608.
 - enlarge_chunks_in_place: 1.
 - new_chunks_are_fully_committed: 0.
 - uncommit_free_chunks: 1.
 - use_allocation_guard: 0.
 - handle_deallocations: 1.


Internal statistics:

num_allocs_failed_limit: 9.
num_arena_births: 1550.
num_arena_deaths: 604.
num_vsnodes_births: 3.
num_vsnodes_deaths: 0.
num_space_committed: 1632.
num_space_uncommitted: 0.
num_chunks_returned_to_freelist: 741.
num_chunks_taken_from_freelist: 6395.
num_chunk_merges: 282.
num_chunk_splits: 3681.
num_chunks_enlarged: 1972.
num_inconsistent_stats: 0.

CodeHeap 'non-profiled nmethods': size=120000Kb used=27310Kb max_used=27310Kb free=92689Kb
 bounds [0x000001ff87ad0000, 0x000001ff89580000, 0x000001ff8f000000]
CodeHeap 'profiled nmethods': size=120000Kb used=45681Kb max_used=45681Kb free=74318Kb
 bounds [0x000001ff80000000, 0x000001ff82cb0000, 0x000001ff87530000]
CodeHeap 'non-nmethods': size=5760Kb used=1467Kb max_used=1602Kb free=4292Kb
 bounds [0x000001ff87530000, 0x000001ff877a0000, 0x000001ff87ad0000]
 total_blobs=22004 nmethods=21175 adapters=737
 compilation: enabled
              stopped_count=0, restarted_count=0
 full_count=0

Compilation events (20 events):
Event: 4871.785 Thread 0x000001fff86db890 nmethod 29236 0x000001ff82b37b90 code [0x000001ff82b381c0, 0x000001ff82b3bf28]
Event: 4871.808 Thread 0x000001fff86db890 29238       3       org.eclipse.jdt.internal.compiler.lookup.PackageBinding::getTypeOrPackage (368 bytes)
Event: 4871.811 Thread 0x000001fff86db890 nmethod 29238 0x000001ff82488390 code [0x000001ff824887a0, 0x000001ff8248ad98]
Event: 4871.811 Thread 0x000001fff86db890 29240       3       org.eclipse.jdt.internal.compiler.lookup.CompilationUnitScope::findImport (457 bytes)
Event: 4871.811 Thread 0x000001ff9fedb060 29232   !   4       org.eclipse.jdt.internal.compiler.parser.JavadocParser::checkDeprecation (591 bytes)
Event: 4871.813 Thread 0x000001fff86db890 nmethod 29240 0x000001ff82b33d10 code [0x000001ff82b34200, 0x000001ff82b36ee8]
Event: 4871.813 Thread 0x000001fff86db890 29239       3       org.eclipse.jdt.internal.compiler.ast.TypeDeclaration::tagAsHavingErrors (6 bytes)
Event: 4871.813 Thread 0x000001fff86db890 nmethod 29239 0x000001ff82945d90 code [0x000001ff82945f20, 0x000001ff82946038]
Event: 4871.815 Thread 0x000001fff86db890 29241       3       org.eclipse.jdt.internal.compiler.parser.Parser::consumeNameArrayType (19 bytes)
Event: 4871.815 Thread 0x000001fff86db890 nmethod 29241 0x000001ff82945810 code [0x000001ff829459c0, 0x000001ff82945c78]
Event: 4871.817 Thread 0x000001fff86db890 29244       3       java.util.ServiceLoader::<init> (158 bytes)
Event: 4871.818 Thread 0x000001fff86db890 nmethod 29244 0x000001ff82b31710 code [0x000001ff82b31b00, 0x000001ff82b33368]
Event: 4871.818 Thread 0x000001fff86db890 29245       3       com.overzealous.remark.convert.InlineCode::handleNode (16 bytes)
Event: 4871.819 Thread 0x000001fff86db890 nmethod 29245 0x000001ff82945090 code [0x000001ff82945260, 0x000001ff829455f8]
Event: 4871.819 Thread 0x000001fff86db890 29246       3       com.overzealous.remark.convert.TextCleaner::cleanInlineCode (122 bytes)
Event: 4871.820 Thread 0x000001fff86db890 nmethod 29246 0x000001ff82939010 code [0x000001ff829394a0, 0x000001ff8293b988]
Event: 4871.841 Thread 0x000001ff9fedb060 nmethod 29232 0x000001ff89575c10 code [0x000001ff89575e20, 0x000001ff89576ce8]
Event: 4871.841 Thread 0x000001ff9fedb060 29231       4       org.eclipse.jdt.internal.compiler.parser.Parser::consumeRule (7878 bytes)
Event: 4871.860 Thread 0x000001fff86db890 29247       3       org.eclipse.jdt.internal.core.dom.rewrite.ASTRewriteAnalyzer::rewriteParagraphList (121 bytes)
Event: 4871.861 Thread 0x000001fff86db890 nmethod 29247 0x000001ff82486810 code [0x000001ff82486b20, 0x000001ff82487b68]

GC Heap History (20 events):
Event: 4871.747 GC heap before
{Heap before GC invocations=7820 (full 205):
 PSYoungGen      total 6144K, used 6138K [0x00000000eab00000, 0x00000000eb700000, 0x0000000100000000)
  eden space 4096K, 100% used [0x00000000eab00000,0x00000000eaf00000,0x00000000eaf00000)
  from space 2048K, 99% used [0x00000000eaf80000,0x00000000eb17eb40,0x00000000eb180000)
  to   space 4096K, 0% used [0x00000000eb300000,0x00000000eb300000,0x00000000eb700000)
 ParOldGen       total 223232K, used 193042K [0x00000000c0000000, 0x00000000cda00000, 0x00000000eab00000)
  object space 223232K, 86% used [0x00000000c0000000,0x00000000cbc84ad0,0x00000000cda00000)
 Metaspace       used 102923K, committed 104448K, reserved 1179648K
  class space    used 10350K, committed 11072K, reserved 1048576K
}
Event: 4871.749 GC heap after
{Heap after GC invocations=7820 (full 205):
 PSYoungGen      total 8704K, used 3104K [0x00000000eab00000, 0x00000000eb700000, 0x0000000100000000)
  eden space 4608K, 0% used [0x00000000eab00000,0x00000000eab00000,0x00000000eaf80000)
  from space 4096K, 75% used [0x00000000eb300000,0x00000000eb608098,0x00000000eb700000)
  to   space 3584K, 0% used [0x00000000eaf80000,0x00000000eaf80000,0x00000000eb300000)
 ParOldGen       total 223232K, used 195102K [0x00000000c0000000, 0x00000000cda00000, 0x00000000eab00000)
  object space 223232K, 87% used [0x00000000c0000000,0x00000000cbe87a38,0x00000000cda00000)
 Metaspace       used 102923K, committed 104448K, reserved 1179648K
  class space    used 10350K, committed 11072K, reserved 1048576K
}
Event: 4871.761 GC heap before
{Heap before GC invocations=7821 (full 205):
 PSYoungGen      total 8704K, used 7549K [0x00000000eab00000, 0x00000000eb700000, 0x0000000100000000)
  eden space 4608K, 96% used [0x00000000eab00000,0x00000000eaf57630,0x00000000eaf80000)
  from space 4096K, 75% used [0x00000000eb300000,0x00000000eb608098,0x00000000eb700000)
  to   space 3584K, 0% used [0x00000000eaf80000,0x00000000eaf80000,0x00000000eb300000)
 ParOldGen       total 223232K, used 195102K [0x00000000c0000000, 0x00000000cda00000, 0x00000000eab00000)
  object space 223232K, 87% used [0x00000000c0000000,0x00000000cbe87a38,0x00000000cda00000)
 Metaspace       used 102924K, committed 104448K, reserved 1179648K
  class space    used 10350K, committed 11072K, reserved 1048576K
}
Event: 4871.763 GC heap after
{Heap after GC invocations=7821 (full 205):
 PSYoungGen      total 5632K, used 515K [0x00000000eab00000, 0x00000000eb380000, 0x0000000100000000)
  eden space 4608K, 0% used [0x00000000eab00000,0x00000000eab00000,0x00000000eaf80000)
  from space 1024K, 50% used [0x00000000eaf80000,0x00000000eb000e70,0x00000000eb080000)
  to   space 1536K, 0% used [0x00000000eb200000,0x00000000eb200000,0x00000000eb380000)
 ParOldGen       total 223232K, used 195835K [0x00000000c0000000, 0x00000000cda00000, 0x00000000eab00000)
  object space 223232K, 87% used [0x00000000c0000000,0x00000000cbf3ec88,0x00000000cda00000)
 Metaspace       used 102924K, committed 104448K, reserved 1179648K
  class space    used 10350K, committed 11072K, reserved 1048576K
}
Event: 4871.769 GC heap before
{Heap before GC invocations=7822 (full 205):
 PSYoungGen      total 5632K, used 5123K [0x00000000eab00000, 0x00000000eb380000, 0x0000000100000000)
  eden space 4608K, 100% used [0x00000000eab00000,0x00000000eaf80000,0x00000000eaf80000)
  from space 1024K, 50% used [0x00000000eaf80000,0x00000000eb000e70,0x00000000eb080000)
  to   space 1536K, 0% used [0x00000000eb200000,0x00000000eb200000,0x00000000eb380000)
 ParOldGen       total 223232K, used 195835K [0x00000000c0000000, 0x00000000cda00000, 0x00000000eab00000)
  object space 223232K, 87% used [0x00000000c0000000,0x00000000cbf3ec88,0x00000000cda00000)
 Metaspace       used 102924K, committed 104448K, reserved 1179648K
  class space    used 10350K, committed 11072K, reserved 1048576K
}
Event: 4871.770 GC heap after
{Heap after GC invocations=7822 (full 205):
 PSYoungGen      total 5120K, used 224K [0x00000000eab00000, 0x00000000eb280000, 0x0000000100000000)
  eden space 4608K, 0% used [0x00000000eab00000,0x00000000eab00000,0x00000000eaf80000)
  from space 512K, 43% used [0x00000000eb200000,0x00000000eb238000,0x00000000eb280000)
  to   space 512K, 0% used [0x00000000eb180000,0x00000000eb180000,0x00000000eb200000)
 ParOldGen       total 223232K, used 196219K [0x00000000c0000000, 0x00000000cda00000, 0x00000000eab00000)
  object space 223232K, 87% used [0x00000000c0000000,0x00000000cbf9ed08,0x00000000cda00000)
 Metaspace       used 102924K, committed 104448K, reserved 1179648K
  class space    used 10350K, committed 11072K, reserved 1048576K
}
Event: 4871.775 GC heap before
{Heap before GC invocations=7823 (full 205):
 PSYoungGen      total 5120K, used 3476K [0x00000000eab00000, 0x00000000eb280000, 0x0000000100000000)
  eden space 4608K, 70% used [0x00000000eab00000,0x00000000eae2d050,0x00000000eaf80000)
  from space 512K, 43% used [0x00000000eb200000,0x00000000eb238000,0x00000000eb280000)
  to   space 512K, 0% used [0x00000000eb180000,0x00000000eb180000,0x00000000eb200000)
 ParOldGen       total 223232K, used 196219K [0x00000000c0000000, 0x00000000cda00000, 0x00000000eab00000)
  object space 223232K, 87% used [0x00000000c0000000,0x00000000cbf9ed08,0x00000000cda00000)
 Metaspace       used 102924K, committed 104448K, reserved 1179648K
  class space    used 10350K, committed 11072K, reserved 1048576K
}
Event: 4871.777 GC heap after
{Heap after GC invocations=7823 (full 205):
 PSYoungGen      total 5120K, used 512K [0x00000000eab00000, 0x00000000eb280000, 0x0000000100000000)
  eden space 4608K, 0% used [0x00000000eab00000,0x00000000eab00000,0x00000000eaf80000)
  from space 512K, 100% used [0x00000000eb180000,0x00000000eb200000,0x00000000eb200000)
  to   space 512K, 0% used [0x00000000eb200000,0x00000000eb200000,0x00000000eb280000)
 ParOldGen       total 223232K, used 196323K [0x00000000c0000000, 0x00000000cda00000, 0x00000000eab00000)
  object space 223232K, 87% used [0x00000000c0000000,0x00000000cbfb8d08,0x00000000cda00000)
 Metaspace       used 102924K, committed 104448K, reserved 1179648K
  class space    used 10350K, committed 11072K, reserved 1048576K
}
Event: 4871.783 GC heap before
{Heap before GC invocations=7824 (full 205):
 PSYoungGen      total 5120K, used 3841K [0x00000000eab00000, 0x00000000eb280000, 0x0000000100000000)
  eden space 4608K, 72% used [0x00000000eab00000,0x00000000eae407b8,0x00000000eaf80000)
  from space 512K, 100% used [0x00000000eb180000,0x00000000eb200000,0x00000000eb200000)
  to   space 512K, 0% used [0x00000000eb200000,0x00000000eb200000,0x00000000eb280000)
 ParOldGen       total 223232K, used 196323K [0x00000000c0000000, 0x00000000cda00000, 0x00000000eab00000)
  object space 223232K, 87% used [0x00000000c0000000,0x00000000cbfb8d08,0x00000000cda00000)
 Metaspace       used 102924K, committed 104448K, reserved 1179648K
  class space    used 10350K, committed 11072K, reserved 1048576K
}
Event: 4871.784 GC heap after
{Heap after GC invocations=7824 (full 205):
 PSYoungGen      total 5120K, used 427K [0x00000000eab00000, 0x00000000eb280000, 0x0000000100000000)
  eden space 4608K, 0% used [0x00000000eab00000,0x00000000eab00000,0x00000000eaf80000)
  from space 512K, 83% used [0x00000000eb200000,0x00000000eb26ad68,0x00000000eb280000)
  to   space 512K, 0% used [0x00000000eb180000,0x00000000eb180000,0x00000000eb200000)
 ParOldGen       total 223232K, used 196845K [0x00000000c0000000, 0x00000000cda00000, 0x00000000eab00000)
  object space 223232K, 88% used [0x00000000c0000000,0x00000000cc03b748,0x00000000cda00000)
 Metaspace       used 102924K, committed 104448K, reserved 1179648K
  class space    used 10350K, committed 11072K, reserved 1048576K
}
Event: 4871.790 GC heap before
{Heap before GC invocations=7825 (full 205):
 PSYoungGen      total 5120K, used 5035K [0x00000000eab00000, 0x00000000eb280000, 0x0000000100000000)
  eden space 4608K, 100% used [0x00000000eab00000,0x00000000eaf80000,0x00000000eaf80000)
  from space 512K, 83% used [0x00000000eb200000,0x00000000eb26ad68,0x00000000eb280000)
  to   space 512K, 0% used [0x00000000eb180000,0x00000000eb180000,0x00000000eb200000)
 ParOldGen       total 223232K, used 196845K [0x00000000c0000000, 0x00000000cda00000, 0x00000000eab00000)
  object space 223232K, 88% used [0x00000000c0000000,0x00000000cc03b748,0x00000000cda00000)
 Metaspace       used 102924K, committed 104448K, reserved 1179648K
  class space    used 10350K, committed 11072K, reserved 1048576K
}
Event: 4871.791 GC heap after
{Heap after GC invocations=7825 (full 205):
 PSYoungGen      total 5120K, used 416K [0x00000000eab00000, 0x00000000eb280000, 0x0000000100000000)
  eden space 4608K, 0% used [0x00000000eab00000,0x00000000eab00000,0x00000000eaf80000)
  from space 512K, 81% used [0x00000000eb180000,0x00000000eb1e8000,0x00000000eb200000)
  to   space 512K, 0% used [0x00000000eb200000,0x00000000eb200000,0x00000000eb280000)
 ParOldGen       total 223232K, used 197100K [0x00000000c0000000, 0x00000000cda00000, 0x00000000eab00000)
  object space 223232K, 88% used [0x00000000c0000000,0x00000000cc07b1c0,0x00000000cda00000)
 Metaspace       used 102924K, committed 104448K, reserved 1179648K
  class space    used 10350K, committed 11072K, reserved 1048576K
}
Event: 4871.801 GC heap before
{Heap before GC invocations=7826 (full 205):
 PSYoungGen      total 5120K, used 5024K [0x00000000eab00000, 0x00000000eb280000, 0x0000000100000000)
  eden space 4608K, 100% used [0x00000000eab00000,0x00000000eaf80000,0x00000000eaf80000)
  from space 512K, 81% used [0x00000000eb180000,0x00000000eb1e8000,0x00000000eb200000)
  to   space 512K, 0% used [0x00000000eb200000,0x00000000eb200000,0x00000000eb280000)
 ParOldGen       total 223232K, used 197100K [0x00000000c0000000, 0x00000000cda00000, 0x00000000eab00000)
  object space 223232K, 88% used [0x00000000c0000000,0x00000000cc07b1c0,0x00000000cda00000)
 Metaspace       used 102924K, committed 104448K, reserved 1179648K
  class space    used 10350K, committed 11072K, reserved 1048576K
}
Event: 4871.802 GC heap after
{Heap after GC invocations=7826 (full 205):
 PSYoungGen      total 5120K, used 504K [0x00000000eab00000, 0x00000000eb280000, 0x0000000100000000)
  eden space 4608K, 0% used [0x00000000eab00000,0x00000000eab00000,0x00000000eaf80000)
  from space 512K, 98% used [0x00000000eb200000,0x00000000eb27e120,0x00000000eb280000)
  to   space 1536K, 0% used [0x00000000eaf80000,0x00000000eaf80000,0x00000000eb100000)
 ParOldGen       total 223232K, used 197899K [0x00000000c0000000, 0x00000000cda00000, 0x00000000eab00000)
  object space 223232K, 88% used [0x00000000c0000000,0x00000000cc142ee8,0x00000000cda00000)
 Metaspace       used 102924K, committed 104448K, reserved 1179648K
  class space    used 10350K, committed 11072K, reserved 1048576K
}
Event: 4871.808 GC heap before
{Heap before GC invocations=7827 (full 205):
 PSYoungGen      total 5120K, used 5112K [0x00000000eab00000, 0x00000000eb280000, 0x0000000100000000)
  eden space 4608K, 100% used [0x00000000eab00000,0x00000000eaf80000,0x00000000eaf80000)
  from space 512K, 98% used [0x00000000eb200000,0x00000000eb27e120,0x00000000eb280000)
  to   space 1536K, 0% used [0x00000000eaf80000,0x00000000eaf80000,0x00000000eb100000)
 ParOldGen       total 223232K, used 197899K [0x00000000c0000000, 0x00000000cda00000, 0x00000000eab00000)
  object space 223232K, 88% used [0x00000000c0000000,0x00000000cc142ee8,0x00000000cda00000)
 Metaspace       used 102924K, committed 104448K, reserved 1179648K
  class space    used 10350K, committed 11072K, reserved 1048576K
}
Event: 4871.810 GC heap after
{Heap after GC invocations=7827 (full 205):
 PSYoungGen      total 6144K, used 480K [0x00000000eab00000, 0x00000000eb280000, 0x0000000100000000)
  eden space 4608K, 0% used [0x00000000eab00000,0x00000000eab00000,0x00000000eaf80000)
  from space 1536K, 31% used [0x00000000eaf80000,0x00000000eaff8000,0x00000000eb100000)
  to   space 1024K, 0% used [0x00000000eb180000,0x00000000eb180000,0x00000000eb280000)
 ParOldGen       total 223232K, used 198415K [0x00000000c0000000, 0x00000000cda00000, 0x00000000eab00000)
  object space 223232K, 88% used [0x00000000c0000000,0x00000000cc1c3f78,0x00000000cda00000)
 Metaspace       used 102924K, committed 104448K, reserved 1179648K
  class space    used 10350K, committed 11072K, reserved 1048576K
}
Event: 4871.822 GC heap before
{Heap before GC invocations=7828 (full 205):
 PSYoungGen      total 6144K, used 5087K [0x00000000eab00000, 0x00000000eb280000, 0x0000000100000000)
  eden space 4608K, 99% used [0x00000000eab00000,0x00000000eaf7fff0,0x00000000eaf80000)
  from space 1536K, 31% used [0x00000000eaf80000,0x00000000eaff8000,0x00000000eb100000)
  to   space 1024K, 0% used [0x00000000eb180000,0x00000000eb180000,0x00000000eb280000)
 ParOldGen       total 223232K, used 198415K [0x00000000c0000000, 0x00000000cda00000, 0x00000000eab00000)
  object space 223232K, 88% used [0x00000000c0000000,0x00000000cc1c3f78,0x00000000cda00000)
 Metaspace       used 102926K, committed 104448K, reserved 1179648K
  class space    used 10350K, committed 11072K, reserved 1048576K
}
Event: 4871.823 GC heap after
{Heap after GC invocations=7828 (full 205):
 PSYoungGen      total 5120K, used 411K [0x00000000eab00000, 0x00000000eb200000, 0x0000000100000000)
  eden space 4608K, 0% used [0x00000000eab00000,0x00000000eab00000,0x00000000eaf80000)
  from space 512K, 80% used [0x00000000eb180000,0x00000000eb1e6fb8,0x00000000eb200000)
  to   space 512K, 0% used [0x00000000eb100000,0x00000000eb100000,0x00000000eb180000)
 ParOldGen       total 223232K, used 198511K [0x00000000c0000000, 0x00000000cda00000, 0x00000000eab00000)
  object space 223232K, 88% used [0x00000000c0000000,0x00000000cc1dbf78,0x00000000cda00000)
 Metaspace       used 102926K, committed 104448K, reserved 1179648K
  class space    used 10350K, committed 11072K, reserved 1048576K
}
Event: 4871.832 GC heap before
{Heap before GC invocations=7829 (full 205):
 PSYoungGen      total 5120K, used 5019K [0x00000000eab00000, 0x00000000eb200000, 0x0000000100000000)
  eden space 4608K, 99% used [0x00000000eab00000,0x00000000eaf7ffd8,0x00000000eaf80000)
  from space 512K, 80% used [0x00000000eb180000,0x00000000eb1e6fb8,0x00000000eb200000)
  to   space 512K, 0% used [0x00000000eb100000,0x00000000eb100000,0x00000000eb180000)
 ParOldGen       total 223232K, used 198511K [0x00000000c0000000, 0x00000000cda00000, 0x00000000eab00000)
  object space 223232K, 88% used [0x00000000c0000000,0x00000000cc1dbf78,0x00000000cda00000)
 Metaspace       used 102926K, committed 104448K, reserved 1179648K
  class space    used 10350K, committed 11072K, reserved 1048576K
}
Event: 4871.834 GC heap after
{Heap after GC invocations=7829 (full 205):
 PSYoungGen      total 5120K, used 487K [0x00000000eab00000, 0x00000000eb880000, 0x0000000100000000)
  eden space 4608K, 0% used [0x00000000eab00000,0x00000000eab00000,0x00000000eaf80000)
  from space 512K, 95% used [0x00000000eb100000,0x00000000eb179dc8,0x00000000eb180000)
  to   space 4608K, 0% used [0x00000000eb400000,0x00000000eb400000,0x00000000eb880000)
 ParOldGen       total 223232K, used 202016K [0x00000000c0000000, 0x00000000cda00000, 0x00000000eab00000)
  object space 223232K, 90% used [0x00000000c0000000,0x00000000cc548208,0x00000000cda00000)
 Metaspace       used 102926K, committed 104448K, reserved 1179648K
  class space    used 10350K, committed 11072K, reserved 1048576K
}

Dll operation events (11 events):
Event: 0.012 Loaded shared library c:\Users\vijay\.vscode\extensions\redhat.java-1.25.1-win32-x64\jre\17.0.9-win32-x86_64\bin\java.dll
Event: 0.147 Loaded shared library c:\Users\vijay\.vscode\extensions\redhat.java-1.25.1-win32-x64\jre\17.0.9-win32-x86_64\bin\zip.dll
Event: 0.150 Loaded shared library C:\Users\vijay\.vscode\extensions\redhat.java-1.25.1-win32-x64\jre\17.0.9-win32-x86_64\bin\instrument.dll
Event: 0.161 Loaded shared library C:\Users\vijay\.vscode\extensions\redhat.java-1.25.1-win32-x64\jre\17.0.9-win32-x86_64\bin\net.dll
Event: 0.163 Loaded shared library C:\Users\vijay\.vscode\extensions\redhat.java-1.25.1-win32-x64\jre\17.0.9-win32-x86_64\bin\nio.dll
Event: 0.169 Loaded shared library C:\Users\vijay\.vscode\extensions\redhat.java-1.25.1-win32-x64\jre\17.0.9-win32-x86_64\bin\zip.dll
Event: 0.184 Loaded shared library C:\Users\vijay\.vscode\extensions\redhat.java-1.25.1-win32-x64\jre\17.0.9-win32-x86_64\bin\jimage.dll
Event: 0.240 Loaded shared library c:\Users\vijay\.vscode\extensions\redhat.java-1.25.1-win32-x64\jre\17.0.9-win32-x86_64\bin\verify.dll
Event: 4.641 Loaded shared library C:\Users\vijay\AppData\Roaming\Code\User\globalStorage\redhat.java\1.25.1\config_win\org.eclipse.equinox.launcher\org.eclipse.equinox.launcher.win32.win32.x86_64_1.2.800.v20231003-1442\eclipse_11802.dll
Event: 12.950 Loaded shared library C:\Users\vijay\AppData\Local\Temp\jna-112208527\jna18271126244154172403.dll
Event: 1952.050 Loaded shared library C:\Users\vijay\.vscode\extensions\redhat.java-1.25.1-win32-x64\jre\17.0.9-win32-x86_64\bin\sunmscapi.dll

Deoptimization events (20 events):
Event: 4871.797 Thread 0x000001fffdbaa530 DEOPT PACKING pc=0x000001ff8941ce88 sp=0x000000c6827fd990
Event: 4871.797 Thread 0x000001fffdbaa530 DEOPT UNPACKING pc=0x000001ff875866a3 sp=0x000000c6827fd970 mode 2
Event: 4871.815 Thread 0x000001fffdbaa530 DEOPT PACKING pc=0x000001ff81802b2d sp=0x000000c6827fd880
Event: 4871.815 Thread 0x000001fffdbaa530 DEOPT UNPACKING pc=0x000001ff87586e43 sp=0x000000c6827fcd08 mode 0
Event: 4871.815 Thread 0x000001fffdbaa530 Uncommon trap: trap_request=0xffffff45 fr.pc=0x000001ff88fb6590 relative=0x0000000000000370
Event: 4871.815 Thread 0x000001fffdbaa530 Uncommon trap: reason=unstable_if action=reinterpret pc=0x000001ff88fb6590 method=org.eclipse.jdt.internal.compiler.parser.Scanner.consumeDigits0(IIIZ)I @ 9 c2
Event: 4871.815 Thread 0x000001fffdbaa530 DEOPT PACKING pc=0x000001ff88fb6590 sp=0x000000c6827fd760
Event: 4871.815 Thread 0x000001fffdbaa530 DEOPT UNPACKING pc=0x000001ff875866a3 sp=0x000000c6827fd6e8 mode 2
Event: 4871.815 Thread 0x000001fffdbaa530 Uncommon trap: trap_request=0xffffff45 fr.pc=0x000001ff8909e3b0 relative=0x0000000000000c50
Event: 4871.815 Thread 0x000001fffdbaa530 Uncommon trap: reason=unstable_if action=reinterpret pc=0x000001ff8909e3b0 method=org.eclipse.jdt.internal.compiler.parser.Scanner.consumeDigits(IZ)V @ 8 c2
Event: 4871.815 Thread 0x000001fffdbaa530 DEOPT PACKING pc=0x000001ff8909e3b0 sp=0x000000c6827fd7b0
Event: 4871.815 Thread 0x000001fffdbaa530 DEOPT UNPACKING pc=0x000001ff875866a3 sp=0x000000c6827fd668 mode 2
Event: 4871.816 Thread 0x000001fffdbaa530 Uncommon trap: trap_request=0xffffff45 fr.pc=0x000001ff8808b810 relative=0x0000000000000070
Event: 4871.816 Thread 0x000001fffdbaa530 Uncommon trap: reason=unstable_if action=reinterpret pc=0x000001ff8808b810 method=org.eclipse.jdt.internal.compiler.parser.Scanner.consumeDigits(IZ)V @ 8 c2
Event: 4871.816 Thread 0x000001fffdbaa530 DEOPT PACKING pc=0x000001ff8808b810 sp=0x000000c6827fd6e0
Event: 4871.816 Thread 0x000001fffdbaa530 DEOPT UNPACKING pc=0x000001ff875866a3 sp=0x000000c6827fd668 mode 2
Event: 4871.818 Thread 0x000001fffdbaa530 Uncommon trap: trap_request=0xffffff45 fr.pc=0x000001ff88a26260 relative=0x00000000000030c0
Event: 4871.818 Thread 0x000001fffdbaa530 Uncommon trap: reason=unstable_if action=reinterpret pc=0x000001ff88a26260 method=java.lang.String.encodeUTF8(B[BZ)[B @ 18 c2
Event: 4871.818 Thread 0x000001fffdbaa530 DEOPT PACKING pc=0x000001ff88a26260 sp=0x000000c6827fed90
Event: 4871.818 Thread 0x000001fffdbaa530 DEOPT UNPACKING pc=0x000001ff875866a3 sp=0x000000c6827feb18 mode 2

Classes unloaded (20 events):
Event: 4544.358 Thread 0x000001fff8690c20 Unloading class 0x0000000100aa0c00 'java/lang/invoke/LambdaForm$MH+0x0000000100aa0c00'
Event: 4544.358 Thread 0x000001fff8690c20 Unloading class 0x0000000100aa0800 'java/lang/invoke/LambdaForm$MH+0x0000000100aa0800'
Event: 4544.358 Thread 0x000001fff8690c20 Unloading class 0x0000000100aa0400 'java/lang/invoke/LambdaForm$MH+0x0000000100aa0400'
Event: 4544.358 Thread 0x000001fff8690c20 Unloading class 0x0000000100aa0000 'java/lang/invoke/LambdaForm$MH+0x0000000100aa0000'
Event: 4544.358 Thread 0x000001fff8690c20 Unloading class 0x0000000100a8fc00 'java/lang/invoke/LambdaForm$MH+0x0000000100a8fc00'
Event: 4544.358 Thread 0x000001fff8690c20 Unloading class 0x0000000100a8f800 'java/lang/invoke/LambdaForm$MH+0x0000000100a8f800'
Event: 4544.358 Thread 0x000001fff8690c20 Unloading class 0x0000000100a8f400 'java/lang/invoke/LambdaForm$MH+0x0000000100a8f400'
Event: 4544.358 Thread 0x000001fff8690c20 Unloading class 0x0000000100a8f000 'java/lang/invoke/LambdaForm$MH+0x0000000100a8f000'
Event: 4544.358 Thread 0x000001fff8690c20 Unloading class 0x0000000100996400 'java/lang/invoke/LambdaForm$MH+0x0000000100996400'
Event: 4544.358 Thread 0x000001fff8690c20 Unloading class 0x0000000100996000 'java/lang/invoke/LambdaForm$MH+0x0000000100996000'
Event: 4544.358 Thread 0x000001fff8690c20 Unloading class 0x0000000100994c00 'java/lang/invoke/LambdaForm$MH+0x0000000100994c00'
Event: 4544.358 Thread 0x000001fff8690c20 Unloading class 0x0000000100994800 'java/lang/invoke/LambdaForm$MH+0x0000000100994800'
Event: 4544.358 Thread 0x000001fff8690c20 Unloading class 0x0000000100219c00 'java/lang/invoke/LambdaForm$MH+0x0000000100219c00'
Event: 4544.358 Thread 0x000001fff8690c20 Unloading class 0x0000000100219800 'java/lang/invoke/LambdaForm$MH+0x0000000100219800'
Event: 4544.358 Thread 0x000001fff8690c20 Unloading class 0x0000000100199c00 'java/lang/invoke/LambdaForm$MH+0x0000000100199c00'
Event: 4544.358 Thread 0x000001fff8690c20 Unloading class 0x0000000100199400 'java/lang/invoke/LambdaForm$MH+0x0000000100199400'
Event: 4544.358 Thread 0x000001fff8690c20 Unloading class 0x0000000100199000 'java/lang/invoke/LambdaForm$MH+0x0000000100199000'
Event: 4544.358 Thread 0x000001fff8690c20 Unloading class 0x0000000100198c00 'java/lang/invoke/LambdaForm$MH+0x0000000100198c00'
Event: 4544.358 Thread 0x000001fff8690c20 Unloading class 0x0000000100198800 'java/lang/invoke/LambdaForm$MH+0x0000000100198800'
Event: 4544.358 Thread 0x000001fff8690c20 Unloading class 0x0000000100198000 'java/lang/invoke/LambdaForm$MH+0x0000000100198000'

Classes redefined (0 events):
No events

Internal exceptions (20 events):
Event: 4731.384 Thread 0x000001fffdba5430 Exception <a 'java/lang/InterruptedException'{0x00000000eab2e138}> (0x00000000eab2e138) 
thrown [s\src\hotspot\share\runtime\objectMonitor.cpp, line 1480]
Event: 4738.736 Thread 0x000001fffb2a7570 Exception <a 'sun/nio/fs/WindowsException'{0x00000000eab933c8}> (0x00000000eab933c8) 
thrown [s\src\hotspot\share\prims\jni.cpp, line 516]
Event: 4738.736 Thread 0x000001fffb2a7570 Exception <a 'sun/nio/fs/WindowsException'{0x00000000eab936b8}> (0x00000000eab936b8) 
thrown [s\src\hotspot\share\prims\jni.cpp, line 516]
Event: 4738.736 Thread 0x000001fffb2a7570 Exception <a 'sun/nio/fs/WindowsException'{0x00000000eab94018}> (0x00000000eab94018) 
thrown [s\src\hotspot\share\prims\jni.cpp, line 516]
Event: 4738.736 Thread 0x000001fffb2a7570 Exception <a 'sun/nio/fs/WindowsException'{0x00000000eab942e8}> (0x00000000eab942e8) 
thrown [s\src\hotspot\share\prims\jni.cpp, line 516]
Event: 4744.884 Thread 0x000001fffb2aa300 Exception <a 'java/lang/InterruptedException'{0x00000000eab0f7c8}> (0x00000000eab0f7c8) 
thrown [s\src\hotspot\share\runtime\objectMonitor.cpp, line 1658]
Event: 4757.255 Thread 0x000001fffb2a7570 Exception <a 'sun/nio/fs/WindowsException'{0x00000000eab4c878}> (0x00000000eab4c878) 
thrown [s\src\hotspot\share\prims\jni.cpp, line 516]
Event: 4757.255 Thread 0x000001fffb2a7570 Exception <a 'sun/nio/fs/WindowsException'{0x00000000eab4cb68}> (0x00000000eab4cb68) 
thrown [s\src\hotspot\share\prims\jni.cpp, line 516]
Event: 4757.255 Thread 0x000001fffb2a7570 Exception <a 'sun/nio/fs/WindowsException'{0x00000000eab4d4c8}> (0x00000000eab4d4c8) 
thrown [s\src\hotspot\share\prims\jni.cpp, line 516]
Event: 4757.255 Thread 0x000001fffb2a7570 Exception <a 'sun/nio/fs/WindowsException'{0x00000000eab4d798}> (0x00000000eab4d798) 
thrown [s\src\hotspot\share\prims\jni.cpp, line 516]
Event: 4810.441 Thread 0x000001fffb2a7570 Exception <a 'sun/nio/fs/WindowsException'{0x00000000eac12498}> (0x00000000eac12498) 
thrown [s\src\hotspot\share\prims\jni.cpp, line 516]
Event: 4810.441 Thread 0x000001fffb2a7570 Exception <a 'sun/nio/fs/WindowsException'{0x00000000eac12768}> (0x00000000eac12768) 
thrown [s\src\hotspot\share\prims\jni.cpp, line 516]
Event: 4810.442 Thread 0x000001fffb2a7570 Exception <a 'sun/nio/fs/WindowsException'{0x00000000eac130c8}> (0x00000000eac130c8) 
thrown [s\src\hotspot\share\prims\jni.cpp, line 516]
Event: 4810.442 Thread 0x000001fffb2a7570 Exception <a 'sun/nio/fs/WindowsException'{0x00000000eac13398}> (0x00000000eac13398) 
thrown [s\src\hotspot\share\prims\jni.cpp, line 516]
Event: 4815.735 Thread 0x000001fffb2aa300 Exception <a 'java/net/SocketException'{0x00000000eac07fb8}: Connection reset by peer: shutdown> (0x00000000eac07fb8) 
thrown [s\src\hotspot\share\prims\jni.cpp, line 535]
Event: 4815.736 Thread 0x000001fffb2a93d0 Exception <a 'java/lang/InterruptedException'{0x00000000eaba9bb8}> (0x00000000eaba9bb8) 
thrown [s\src\hotspot\share\runtime\objectMonitor.cpp, line 1658]
Event: 4871.772 Thread 0x000001fffdbaa530 Implicit null exception at 0x000001ff895464f0 to 0x000001ff89546b48
Event: 4871.817 Thread 0x000001fffdbaa530 Exception <a 'java/lang/ClassNotFoundException'{0x00000000eae4c1f8}: sun/net/www/protocol/jdt/Handler> (0x00000000eae4c1f8) 
thrown [s\src\hotspot\share\classfile\systemDictionary.cpp, line 256]
Event: 4871.817 Thread 0x000001fffdbaa530 Exception <a 'java/lang/ClassNotFoundException'{0x00000000eae5eb48}: sun/net/www/protocol/jdt/Handler> (0x00000000eae5eb48) 
thrown [s\src\hotspot\share\classfile\systemDictionary.cpp, line 256]
Event: 4871.817 Thread 0x000001fffdbaa530 Exception <a 'java/lang/ClassNotFoundException'{0x00000000eae61210}: sun/net/www/protocol/jdt/Handler> (0x00000000eae61210) 
thrown [s\src\hotspot\share\classfile\systemDictionary.cpp, line 256]

VM Operations (20 events):
Event: 4871.747 Executing VM operation: ParallelGCFailedAllocation
Event: 4871.749 Executing VM operation: ParallelGCFailedAllocation done
Event: 4871.761 Executing VM operation: ParallelGCFailedAllocation
Event: 4871.763 Executing VM operation: ParallelGCFailedAllocation done
Event: 4871.769 Executing VM operation: ParallelGCFailedAllocation
Event: 4871.770 Executing VM operation: ParallelGCFailedAllocation done
Event: 4871.775 Executing VM operation: ParallelGCFailedAllocation
Event: 4871.777 Executing VM operation: ParallelGCFailedAllocation done
Event: 4871.783 Executing VM operation: ParallelGCFailedAllocation
Event: 4871.785 Executing VM operation: ParallelGCFailedAllocation done
Event: 4871.790 Executing VM operation: ParallelGCFailedAllocation
Event: 4871.791 Executing VM operation: ParallelGCFailedAllocation done
Event: 4871.801 Executing VM operation: ParallelGCFailedAllocation
Event: 4871.802 Executing VM operation: ParallelGCFailedAllocation done
Event: 4871.808 Executing VM operation: ParallelGCFailedAllocation
Event: 4871.810 Executing VM operation: ParallelGCFailedAllocation done
Event: 4871.822 Executing VM operation: ParallelGCFailedAllocation
Event: 4871.823 Executing VM operation: ParallelGCFailedAllocation done
Event: 4871.832 Executing VM operation: ParallelGCFailedAllocation
Event: 4871.834 Executing VM operation: ParallelGCFailedAllocation done

Events (20 events):
Event: 4810.735 Thread 0x000001fffb2aa300 Thread exited: 0x000001fffb2aa300
Event: 4810.735 Thread 0x000001fffb2aa300 Thread added: 0x000001fffb2aa300
Event: 4810.735 Thread 0x000001fffb2a93d0 Thread added: 0x000001fffb2a93d0
Event: 4810.749 Thread 0x000001fffb2aad20 Thread added: 0x000001fffb2aad20
Event: 4810.749 Thread 0x000001fffb2a89b0 Thread exited: 0x000001fffb2a89b0
Event: 4810.804 Thread 0x000001fffb2a89b0 Thread added: 0x000001fffb2a89b0
Event: 4810.824 Thread 0x000001fffb2aad20 Thread exited: 0x000001fffb2aad20
Event: 4815.735 Thread 0x000001fffb2aa300 Thread exited: 0x000001fffb2aa300
Event: 4815.735 Thread 0x000001fffb2a89b0 Thread exited: 0x000001fffb2a89b0
Event: 4815.736 Thread 0x000001fffb2a93d0 Thread exited: 0x000001fffb2a93d0
Event: 4815.753 Thread 0x000001fffb2a7570 Thread exited: 0x000001fffb2a7570
Event: 4824.541 Thread 0x000001fffb2aeef0 Thread exited: 0x000001fffb2aeef0
Event: 4835.364 Thread 0x000001fffb2aa300 Thread added: 0x000001fffb2aa300
Event: 4835.364 Thread 0x000001fffb2a7570 Thread added: 0x000001fffb2a7570
Event: 4835.364 Thread 0x000001fffb2aeef0 Thread added: 0x000001fffb2aeef0
Event: 4835.364 Thread 0x000001fffb2aeef0 Thread exited: 0x000001fffb2aeef0
Event: 4835.364 Thread 0x000001fffb2aa300 Thread exited: 0x000001fffb2aa300
Event: 4835.364 Thread 0x000001fffb2a7570 Thread exited: 0x000001fffb2a7570
Event: 4845.769 Thread 0x000001fffb2ac160 Thread exited: 0x000001fffb2ac160
Event: 4871.811 Thread 0x000001ff9fedb060 Thread added: 0x000001ff9fedb060


Dynamic libraries:
0x00007ff681850000 - 0x00007ff68185e000 	c:\Users\vijay\.vscode\extensions\redhat.java-1.25.1-win32-x64\jre\17.0.9-win32-x86_64\bin\java.exe
0x00007ff8ed570000 - 0x00007ff8ed768000 	C:\Windows\SYSTEM32\ntdll.dll
0x00007ff8ebe60000 - 0x00007ff8ebf1d000 	C:\Windows\System32\KERNEL32.DLL
0x00007ff8eb020000 - 0x00007ff8eb316000 	C:\Windows\System32\KERNELBASE.dll
0x00007ff8eb320000 - 0x00007ff8eb420000 	C:\Windows\System32\ucrtbase.dll
0x00007ff8848d0000 - 0x00007ff8848e7000 	c:\Users\vijay\.vscode\extensions\redhat.java-1.25.1-win32-x64\jre\17.0.9-win32-x86_64\bin\jli.dll
0x00007ff8ec2c0000 - 0x00007ff8ec45e000 	C:\Windows\System32\USER32.dll
0x00007ff8eaff0000 - 0x00007ff8eb012000 	C:\Windows\System32\win32u.dll
0x00007ff8ec600000 - 0x00007ff8ec62c000 	C:\Windows\System32\GDI32.dll
0x00007ff8eace0000 - 0x00007ff8eadfa000 	C:\Windows\System32\gdi32full.dll
0x00007ff8eaeb0000 - 0x00007ff8eaf4d000 	C:\Windows\System32\msvcp_win.dll
0x00007ff8848b0000 - 0x00007ff8848cb000 	c:\Users\vijay\.vscode\extensions\redhat.java-1.25.1-win32-x64\jre\17.0.9-win32-x86_64\bin\VCRUNTIME140.dll
0x00007ff8cd6d0000 - 0x00007ff8cd96a000 	C:\Windows\WinSxS\amd64_microsoft.windows.common-controls_6595b64144ccf1df_6.0.19041.3636_none_60b6a03d71f818d5\COMCTL32.dll
0x00007ff8ebf20000 - 0x00007ff8ebfbe000 	C:\Windows\System32\msvcrt.dll
0x00007ff8ec5c0000 - 0x00007ff8ec5f0000 	C:\Windows\System32\IMM32.DLL
0x00007ff8de8f0000 - 0x00007ff8de8fc000 	c:\Users\vijay\.vscode\extensions\redhat.java-1.25.1-win32-x64\jre\17.0.9-win32-x86_64\bin\vcruntime140_1.dll
0x00007ff876920000 - 0x00007ff8769ad000 	c:\Users\vijay\.vscode\extensions\redhat.java-1.25.1-win32-x64\jre\17.0.9-win32-x86_64\bin\msvcp140.dll
0x00007ff875cb0000 - 0x00007ff876911000 	c:\Users\vijay\.vscode\extensions\redhat.java-1.25.1-win32-x64\jre\17.0.9-win32-x86_64\bin\server\jvm.dll
0x00007ff8ece70000 - 0x00007ff8ecf1f000 	C:\Windows\System32\ADVAPI32.dll
0x00007ff8ec220000 - 0x00007ff8ec2bc000 	C:\Windows\System32\sechost.dll
0x00007ff8ec7e0000 - 0x00007ff8ec906000 	C:\Windows\System32\RPCRT4.dll
0x00007ff8ea6b0000 - 0x00007ff8ea6fb000 	C:\Windows\SYSTEM32\POWRPROF.dll
0x00007ff8d0dc0000 - 0x00007ff8d0dc9000 	C:\Windows\SYSTEM32\WSOCK32.dll
0x00007ff8ec460000 - 0x00007ff8ec4cb000 	C:\Windows\System32\WS2_32.dll
0x00007ff8e3c80000 - 0x00007ff8e3ca7000 	C:\Windows\SYSTEM32\WINMM.dll
0x00007ff8e3070000 - 0x00007ff8e307a000 	C:\Windows\SYSTEM32\VERSION.dll
0x00007ff8ea2d0000 - 0x00007ff8ea2e2000 	C:\Windows\SYSTEM32\UMPDC.dll
0x00007ff8e8e30000 - 0x00007ff8e8e42000 	C:\Windows\SYSTEM32\kernel.appcore.dll
0x00007ff8c4b50000 - 0x00007ff8c4b5a000 	c:\Users\vijay\.vscode\extensions\redhat.java-1.25.1-win32-x64\jre\17.0.9-win32-x86_64\bin\jimage.dll
0x00007ff8ea4c0000 - 0x00007ff8ea6a4000 	C:\Windows\SYSTEM32\DBGHELP.DLL
0x00007ff8ea3e0000 - 0x00007ff8ea414000 	C:\Windows\SYSTEM32\dbgcore.DLL
0x00007ff8eac50000 - 0x00007ff8eacd2000 	C:\Windows\System32\bcryptPrimitives.dll
0x00007ff8c38e0000 - 0x00007ff8c38ee000 	c:\Users\vijay\.vscode\extensions\redhat.java-1.25.1-win32-x64\jre\17.0.9-win32-x86_64\bin\instrument.dll
0x00007ff87eaa0000 - 0x00007ff87eac5000 	c:\Users\vijay\.vscode\extensions\redhat.java-1.25.1-win32-x64\jre\17.0.9-win32-x86_64\bin\java.dll
0x00007ff87f4f0000 - 0x00007ff87f508000 	c:\Users\vijay\.vscode\extensions\redhat.java-1.25.1-win32-x64\jre\17.0.9-win32-x86_64\bin\zip.dll
0x00007ff8eb6b0000 - 0x00007ff8ebdf5000 	C:\Windows\System32\SHELL32.dll
0x00007ff8e7ef0000 - 0x00007ff8e868b000 	C:\Windows\SYSTEM32\windows.storage.dll
0x00007ff8eca30000 - 0x00007ff8ecd84000 	C:\Windows\System32\combase.dll
0x00007ff8e9f90000 - 0x00007ff8e9fbd000 	C:\Windows\SYSTEM32\Wldp.dll
0x00007ff8ec0f0000 - 0x00007ff8ec19d000 	C:\Windows\System32\SHCORE.dll
0x00007ff8ebe00000 - 0x00007ff8ebe55000 	C:\Windows\System32\shlwapi.dll
0x00007ff8eab80000 - 0x00007ff8eaba5000 	C:\Windows\SYSTEM32\profapi.dll
0x00007ff87d910000 - 0x00007ff87d929000 	C:\Users\vijay\.vscode\extensions\redhat.java-1.25.1-win32-x64\jre\17.0.9-win32-x86_64\bin\net.dll
0x00007ff8e6ab0000 - 0x00007ff8e6bba000 	C:\Windows\SYSTEM32\WINHTTP.dll
0x00007ff8e9e60000 - 0x00007ff8e9eca000 	C:\Windows\system32\mswsock.dll
0x00007ff87d8f0000 - 0x00007ff87d906000 	C:\Users\vijay\.vscode\extensions\redhat.java-1.25.1-win32-x64\jre\17.0.9-win32-x86_64\bin\nio.dll
0x00007ff8c3740000 - 0x00007ff8c3750000 	c:\Users\vijay\.vscode\extensions\redhat.java-1.25.1-win32-x64\jre\17.0.9-win32-x86_64\bin\verify.dll
0x00007ff874fa0000 - 0x00007ff874fde000 	C:\Users\vijay\AppData\Roaming\Code\User\globalStorage\redhat.java\1.25.1\config_win\org.eclipse.equinox.launcher\org.eclipse.equinox.launcher.win32.win32.x86_64_1.2.800.v20231003-1442\eclipse_11802.dll
0x00007ff8ebfc0000 - 0x00007ff8ec0eb000 	C:\Windows\System32\ole32.dll
0x00007ff8ea9c0000 - 0x00007ff8ea9d8000 	C:\Windows\SYSTEM32\CRYPTSP.dll
0x00007ff8e9620000 - 0x00007ff8e9654000 	C:\Windows\system32\rsaenh.dll
0x00007ff8eaf50000 - 0x00007ff8eaf77000 	C:\Windows\System32\bcrypt.dll
0x00007ff8eab00000 - 0x00007ff8eab2e000 	C:\Windows\SYSTEM32\USERENV.dll
0x00007ff8e9f50000 - 0x00007ff8e9f5c000 	C:\Windows\SYSTEM32\CRYPTBASE.dll
0x00007ff8e9980000 - 0x00007ff8e99bb000 	C:\Windows\SYSTEM32\IPHLPAPI.DLL
0x00007ff8eb6a0000 - 0x00007ff8eb6a8000 	C:\Windows\System32\NSI.dll
0x00007ff8e0ac0000 - 0x00007ff8e0ad7000 	C:\Windows\SYSTEM32\dhcpcsvc6.DLL
0x00007ff8e1460000 - 0x00007ff8e147d000 	C:\Windows\SYSTEM32\dhcpcsvc.DLL
0x00007ff8e99c0000 - 0x00007ff8e9a8a000 	C:\Windows\SYSTEM32\DNSAPI.dll
0x00007ff875c60000 - 0x00007ff875ca5000 	C:\Users\vijay\AppData\Local\Temp\jna-112208527\jna18271126244154172403.dll
0x00007ff8ec4d0000 - 0x00007ff8ec4d8000 	C:\Windows\System32\PSAPI.DLL
0x00007ff8e8730000 - 0x00007ff8e873e000 	C:\Users\vijay\.vscode\extensions\redhat.java-1.25.1-win32-x64\jre\17.0.9-win32-x86_64\bin\sunmscapi.dll
0x00007ff8eb420000 - 0x00007ff8eb57d000 	C:\Windows\System32\CRYPT32.dll
0x00007ff8ea2a0000 - 0x00007ff8ea2c7000 	C:\Windows\SYSTEM32\ncrypt.dll
0x00007ff8e9fc0000 - 0x00007ff8e9ffb000 	C:\Windows\SYSTEM32\NTASN1.dll
0x00007ff8e2940000 - 0x00007ff8e2947000 	C:\Windows\system32\wshunix.dll
0x00007ff8dc030000 - 0x00007ff8dc03a000 	C:\Windows\System32\rasadhlp.dll
0x00007ff8dcf20000 - 0x00007ff8dcfa0000 	C:\Windows\System32\fwpuclnt.dll

dbghelp: loaded successfully - version: 4.0.5 - missing functions: none
symbol engine: initialized successfully - sym options: 0x614 - pdb path: .;c:\Users\vijay\.vscode\extensions\redhat.java-1.25.1-win32-x64\jre\17.0.9-win32-x86_64\bin;C:\Windows\SYSTEM32;C:\Windows\WinSxS\amd64_microsoft.windows.common-controls_6595b64144ccf1df_6.0.19041.3636_none_60b6a03d71f818d5;c:\Users\vijay\.vscode\extensions\redhat.java-1.25.1-win32-x64\jre\17.0.9-win32-x86_64\bin\server;C:\Users\vijay\AppData\Roaming\Code\User\globalStorage\redhat.java\1.25.1\config_win\org.eclipse.equinox.launcher\org.eclipse.equinox.launcher.win32.win32.x86_64_1.2.800.v20231003-1442;C:\Users\vijay\AppData\Local\Temp\jna-112208527

VM Arguments:
jvm_args: --add-modules=ALL-SYSTEM --add-opens=java.base/java.util=ALL-UNNAMED --add-opens=java.base/java.lang=ALL-UNNAMED --add-opens=java.base/sun.nio.fs=ALL-UNNAMED -Declipse.application=org.eclipse.jdt.ls.core.id1 -Dosgi.bundles.defaultStartLevel=4 -Declipse.product=org.eclipse.jdt.ls.core.product -Djava.import.generatesMetadataFilesAtProjectRoot=false -DDetectVMInstallationsJob.disabled=true -Dfile.encoding=utf8 -XX:+UseParallelGC -XX:GCTimeRatio=4 -XX:AdaptiveSizePolicyWeight=90 -Dsun.zip.disableMemoryMapping=true -Xmx1G -Xms100m -Xlog:disable -javaagent:c:\Users\vijay\.vscode\extensions\redhat.java-1.25.1-win32-x64\lombok\lombok-1.18.30.jar -XX:+HeapDumpOnOutOfMemoryError -XX:HeapDumpPath=c:\Users\vijay\AppData\Roaming\Code\User\workspaceStorage\76c1107fe8591dd7646c0e0b73a37fb0\redhat.java -Daether.dependencyCollector.impl=bf 
java_command: c:\Users\vijay\.vscode\extensions\redhat.java-1.25.1-win32-x64\server\plugins\org.eclipse.equinox.launcher_1.6.600.v20231106-1826.jar -configuration c:\Users\vijay\AppData\Roaming\Code\User\globalStorage\redhat.java\1.25.1\config_win -data c:\Users\vijay\AppData\Roaming\Code\User\workspaceStorage\76c1107fe8591dd7646c0e0b73a37fb0\redhat.java\jdt_ws --stdio
java_class_path (initial): c:\Users\vijay\.vscode\extensions\redhat.java-1.25.1-win32-x64\server\plugins\org.eclipse.equinox.launcher_1.6.600.v20231106-1826.jar
Launcher Type: SUN_STANDARD

[Global flags]
    uintx AdaptiveSizePolicyWeight                 = 90                                        {product} {command line}
     intx CICompilerCount                          = 4                                         {product} {ergonomic}
    uintx GCTimeRatio                              = 4                                         {product} {command line}
     bool HeapDumpOnOutOfMemoryError               = true                                   {manageable} {command line}
    ccstr HeapDumpPath                             = c:\Users\vijay\AppData\Roaming\Code\User\workspaceStorage\76c1107fe8591dd7646c0e0b73a37fb0\redhat.java         {manageable} {command line}
   size_t InitialHeapSize                          = 104857600                                 {product} {command line}
   size_t MaxHeapSize                              = 1073741824                                {product} {command line}
   size_t MaxNewSize                               = 357564416                                 {product} {ergonomic}
   size_t MinHeapDeltaBytes                        = 524288                                    {product} {ergonomic}
   size_t MinHeapSize                              = 104857600                                 {product} {command line}
   size_t NewSize                                  = 34603008                                  {product} {ergonomic}
    uintx NonNMethodCodeHeapSize                   = 5839372                                {pd product} {ergonomic}
    uintx NonProfiledCodeHeapSize                  = 122909434                              {pd product} {ergonomic}
   size_t OldSize                                  = 70254592                                  {product} {ergonomic}
    uintx ProfiledCodeHeapSize                     = 122909434                              {pd product} {ergonomic}
    uintx ReservedCodeCacheSize                    = 251658240                              {pd product} {ergonomic}
     bool SegmentedCodeCache                       = true                                      {product} {ergonomic}
   size_t SoftMaxHeapSize                          = 1073741824                             {manageable} {ergonomic}
     bool UseCompressedClassPointers               = true                           {product lp64_product} {ergonomic}
     bool UseCompressedOops                        = true                           {product lp64_product} {ergonomic}
     bool UseLargePagesIndividualAllocation        = false                                  {pd product} {ergonomic}
     bool UseParallelGC                            = true                                      {product} {command line}

Logging:
Log output configuration:
 #0: stdout all=off uptime,level,tags
 #1: stderr all=off uptime,level,tags

Environment Variables:
JAVA_HOME=C:\Program Files\Java\jdk1.8.0_202\bin
PATH=C:\Program Files\Common Files\Oracle\Java\javapath;C:\Program Files (x86)\Common Files\Oracle\Java\javapath;C:\Windows\system32;C:\Windows;C:\Windows\System32\Wbem;C:\Windows\System32\WindowsPowerShell\v1.0\;C:\Windows\System32\OpenSSH\;C:\Program Files\Intel\WiFi\bin\;C:\Program Files\Common Files\Intel\WirelessCommon\;C:\Program Files\Git\cmd;C:\Program Files\nodejs\;C:\Program Files\Java\jdk1.8.0_202\bin;C:\Program Files\MySQL\mysql-connector-j-8.1.0;C:\Program Files\Java\jdk-21;C:\Program Files\MySQL\MySQL Shell 8.0\bin\;C:\Users\vijay\AppData\Local\Microsoft\WindowsApps;C:\Users\vijay\AppData\Local\Programs\Microsoft VS Code\bin;C:\Users\vijay\AppData\Roaming\npm;C:\Program Files\Java\jdk1.8.0_202\bin;C:\Program Files\Java\jdk-21;
USERNAME=vijay
OS=Windows_NT
PROCESSOR_IDENTIFIER=Intel64 Family 6 Model 142 Stepping 10, GenuineIntel
TMP=C:\Users\vijay\AppData\Local\Temp
TEMP=C:\Users\vijay\AppData\Local\Temp



Periodic native trim disabled


---------------  S Y S T E M  ---------------

OS:
 Windows 10 , 64 bit Build 19041 (10.0.19041.3636)
OS uptime: 13 days 23:29 hours

CPU: total 8 (initial active 8) (4 cores per cpu, 2 threads per core) family 6 model 142 stepping 10 microcode 0xf0, cx8, cmov, fxsr, ht, mmx, 3dnowpref, sse, sse2, sse3, ssse3, sse4.1, sse4.2, popcnt, lzcnt, tsc, tscinvbit, avx, avx2, aes, erms, clmul, bmi1, bmi2, adx, fma, vzeroupper, clflush, clflushopt
Processor Information for all 8 processors :
  Max Mhz: 1800, Current Mhz: 1600, Mhz Limit: 1584

Memory: 4k page, system-wide physical 16238M (8929M free)
TotalPageFile size 18670M (AvailPageFile size 10478M)
current process WorkingSet (physical memory assigned to process): 586M, peak: 657M
current process commit charge ("private bytes"): 587M, peak: 671M

vm_info: OpenJDK 64-Bit Server VM (17.0.9+9) for windows-amd64 JRE (17.0.9+9), built on Oct 26 2023 14:01:42 by "admin" with MS VC++ 16.10 / 16.11 (VS2019)

END.
