#
# A fatal error has been detected by the Java Runtime Environment:
#
#  EXCEPTION_ACCESS_VIOLATION (0xc0000005) at pc=0x00007ff8751a0327, pid=8448, tid=13224
#
# JRE version: OpenJDK Runtime Environment Temurin-17.0.9+9 (17.0.9+9) (build 17.0.9+9)
# Java VM: OpenJDK 64-Bit Server VM Temurin-17.0.9+9 (17.0.9+9, mixed mode, tiered, compressed oops, compressed class ptrs, parallel gc, windows-amd64)
# Problematic frame:
# V  [jvm.dll+0x1c0327]
#
# No core dump will be written. Minidumps are not enabled by default on client versions of Windows
#
# If you would like to submit a bug report, please visit:
#   https://github.com/adoptium/adoptium-support/issues
#

---------------  S U M M A R Y ------------

Command Line: --add-modules=ALL-SYSTEM --add-opens=java.base/java.util=ALL-UNNAMED --add-opens=java.base/java.lang=ALL-UNNAMED --add-opens=java.base/sun.nio.fs=ALL-UNNAMED -Declipse.application=org.eclipse.jdt.ls.core.id1 -Dosgi.bundles.defaultStartLevel=4 -Declipse.product=org.eclipse.jdt.ls.core.product -Djava.import.generatesMetadataFilesAtProjectRoot=false -DDetectVMInstallationsJob.disabled=true -Dfile.encoding=utf8 -XX:+UseParallelGC -XX:GCTimeRatio=4 -XX:AdaptiveSizePolicyWeight=90 -Dsun.zip.disableMemoryMapping=true -Xmx1G -Xms100m -Xlog:disable -javaagent:c:\Users\vijay\.vscode\extensions\redhat.java-1.26.0-win32-x64\lombok\lombok-1.18.31-3454.jar -XX:+HeapDumpOnOutOfMemoryError -XX:HeapDumpPath=c:\Users\vijay\AppData\Roaming\Code\User\workspaceStorage\76c1107fe8591dd7646c0e0b73a37fb0\redhat.java -Daether.dependencyCollector.impl=bf c:\Users\vijay\.vscode\extensions\redhat.java-1.26.0-win32-x64\server\plugins\org.eclipse.equinox.launcher_1.6.700.v20231214-2017.jar -configuration c:\Users\vijay\AppData\Roaming\Code\User\globalStorage\redhat.java\1.26.0\config_win -data c:\Users\vijay\AppData\Roaming\Code\User\workspaceStorage\76c1107fe8591dd7646c0e0b73a37fb0\redhat.java\jdt_ws --stdio

Host: Intel(R) Core(TM) i5-8250U CPU @ 1.60GHz, 8 cores, 15G,  Windows 10 , 64 bit Build 19041 (10.0.19041.3636)
Time: Fri Jan 19 11:01:39 2024 India Standard Time elapsed time: 10.382569 seconds (0d 0h 0m 10s)

---------------  T H R E A D  ---------------

Current thread (0x000001777a37bf80):  JavaThread "C2 CompilerThread1" daemon [_thread_in_native, id=13224, stack(0x0000003700200000,0x0000003700300000)]


Current CompileTask:
C2:  10382 7172       4       org.lombokweb.asm.ClassReader::readMethod (1066 bytes)

Stack: [0x0000003700200000,0x0000003700300000],  sp=0x00000037002fb9b0,  free space=1006k
Native frames: (J=compiled Java code, j=interpreted, Vv=VM code, C=native code)
V  [jvm.dll+0x1c0327]
V  [jvm.dll+0x36722b]
V  [jvm.dll+0x3661a5]
V  [jvm.dll+0x1bd756]
V  [jvm.dll+0x21a709]
V  [jvm.dll+0x2199d1]
V  [jvm.dll+0x1a57cd]
V  [jvm.dll+0x2297ae]
V  [jvm.dll+0x22797c]
V  [jvm.dll+0x7e9877]
V  [jvm.dll+0x7e3c3a]
V  [jvm.dll+0x67be35]
C  [ucrtbase.dll+0x21bb2]
C  [KERNEL32.DLL+0x17344]
C  [ntdll.dll+0x526b1]


siginfo: EXCEPTION_ACCESS_VIOLATION (0xc0000005), reading address 0xffffffffffffffff


Registers:
RAX=0x00007ff875b63d48, RBX=0x000001777cec2810, RCX=0x000000000000000c, RDX=0x0000000000001000
RSP=0x00000037002fb9b0, RBP=0x00000037002fbd30, RSI=0x0000000000003826, RDI=0x0000000000000000
R8 =0x00107ff875b63d48, R9 =0x0000000000001814, R10=0xffffffffffffffff, R11=0x000000000000000a
R12=0x0000000000003826, R13=0x000001777cc31350, R14=0x00000037002fc0c0, R15=0x0000000000000000
RIP=0x00007ff8751a0327, EFLAGS=0x0000000000010206


Register to memory mapping:

RIP=0x00007ff8751a0327 jvm.dll
RAX=0x00007ff875b63d48 jvm.dll
RBX=0x000001777cec2810 points into unknown readable memory: 0x0000001e00000015 | 15 00 00 00 1e 00 00 00
RCX=0x000000000000000c is an unknown value
RDX=0x0000000000001000 is an unknown value
RSP=0x00000037002fb9b0 is pointing into the stack for thread: 0x000001777a37bf80
RBP=0x00000037002fbd30 is pointing into the stack for thread: 0x000001777a37bf80
RSI=0x0000000000003826 is an unknown value
RDI=0x0 is NULL
R8 =0x00107ff875b63d48 is an unknown value
R9 =0x0000000000001814 is an unknown value
R10=0xffffffffffffffff is an unknown value
R11=0x000000000000000a is an unknown value
R12=0x0000000000003826 is an unknown value
R13=0x000001777cc31350 points into unknown readable memory: 0x00007ff875910b18 | 18 0b 91 75 f8 7f 00 00
R14=0x00000037002fc0c0 is pointing into the stack for thread: 0x000001777a37bf80
R15=0x0 is NULL


Top of Stack: (sp=0x00000037002fb9b0)
0x00000037002fb9b0:   000001777cec2810 00000037002fbd30
0x00000037002fb9c0:   00007ff875b63d48 0000000000000000
0x00000037002fb9d0:   000001777f424890 00007ff87534722b
0x00000037002fb9e0:   000001777f543a70 000001777f543a70
0x00000037002fb9f0:   0000000000000000 0000000000000000
0x00000037002fba00:   0000000000001814 0000000100001e0c
0x00000037002fba10:   0000003d0000001f 000001777b42ff00
0x00000037002fba20:   000001777b430750 00000037002fbb20
0x00000037002fba30:   0000000000000000 0000000000000000
0x00000037002fba40:   000001777f543a70 00007ff8753461a5
0x00000037002fba50:   0000000000000004 00000037002fbb50
0x00000037002fba60:   00000037002fc0c0 00007ff8f93f47b1
0x00000037002fba70:   00000037002fba90 0000017700000006
0x00000037002fba80:   0000000300000006 0000000000000000
0x00000037002fba90:   0000000600000000 0000000e00000000
0x00000037002fbaa0:   0000000000000000 0000000600000000
0x00000037002fbab0:   0000000d00000000 0000000000000000
0x00000037002fbac0:   0000000000000005 000001777a039830
0x00000037002fbad0:   0000000000000579 0000000000000004
0x00000037002fbae0:   0000000000000000 0000000100003c2b
0x00000037002fbaf0:   0000003d0000003d 000001777b42fe80
0x00000037002fbb00:   000001777b430750 00000037002fbb20
0x00000037002fbb10:   000001777a03989c 000001777a0398a4
0x00000037002fbb20:   0000003d00000020 000001777b430750
0x00000037002fbb30:   00000037002fea10 00000037002fbda0
0x00000037002fbb40:   000001777872bad8 0000000000000000
0x00000037002fbb50:   000001777c809fd0 00007ff87508cc41
0x00000037002fbb60:   00000177798099e8 00000000000000f2
0x00000037002fbb70:   0000017779f87760 0000000000000690
0x00000037002fbb80:   000001777c809fd0 00007ff87554769d
0x00000037002fbb90:   0000000000000000 0000000000000691
0x00000037002fbba0:   0000000000000000 0000000000000000 

Instructions: (pc=0x00007ff8751a0327)
0x00007ff8751a0227:   4b 38 e8 82 c2 50 00 0f b7 8b 9c 00 00 00 3b c1
0x00007ff8751a0237:   89 83 98 00 00 00 79 11 81 8b a8 00 00 00 80 00
0x00007ff8751a0247:   00 00 c7 43 30 2f 75 00 00 ff c7 c7 43 34 00 00
0x00007ff8751a0257:   00 00 3b be e0 00 00 00 0f 82 7b ff ff ff 48 81
0x00007ff8751a0267:   c4 80 00 00 00 5f 5e 5b c3 49 fe 1b 00 db fe 1b
0x00007ff8751a0277:   00 49 fe 1b 00 49 fe 1b 00 c6 fd 1b 00 49 fe 1b
0x00007ff8751a0287:   00 09 fe 1b 00 09 fe 1b 00 8d fe 1b 00 49 fe 1b
0x00007ff8751a0297:   00 61 fe 1b 00 77 fe 1b 00 8d fe 1b 00 a3 fe 1b
0x00007ff8751a02a7:   00 61 fe 1b 00 49 fe 1b 00 48 8b 41 58 48 63 48
0x00007ff8751a02b7:   10 48 8d 05 35 ec 96 00 48 c1 e1 05 8b 04 01 c3
0x00007ff8751a02c7:   cc cc cc cc cc cc cc cc cc 40 53 48 83 ec 20 48
0x00007ff8751a02d7:   8b d9 85 d2 75 08 32 c0 48 83 c4 20 5b c3 48 8b
0x00007ff8751a02e7:   43 08 8b ca 48 c1 e9 08 48 89 7c 24 30 8b fa 4c
0x00007ff8751a02f7:   8b 04 c8 48 8d 05 47 3a 9c 00 4c 3b c0 75 0b 48
0x00007ff8751a0307:   8b cb e8 82 be 1a 00 4c 8b c0 40 0f b6 cf ba 01
0x00007ff8751a0317:   00 00 00 48 c1 ef 06 80 e1 3f 83 e7 03 48 d3 e2
0x00007ff8751a0327:   49 8b 0c f8 48 8b c1 48 0b c2 49 89 04 f8 48 8b
0x00007ff8751a0337:   7c 24 30 48 23 ca 75 02 ff 03 48 85 c9 0f 94 c0
0x00007ff8751a0347:   48 83 c4 20 5b c3 cc cc cc 44 8b d2 41 3b d0 7c
0x00007ff8751a0357:   47 41 8d 80 c0 02 00 00 3b d0 7d 3c 44 8b ca 45
0x00007ff8751a0367:   2b c8 41 8b c1 83 e0 3f 0f b6 d0 41 8b c1 48 c1
0x00007ff8751a0377:   e8 06 48 8b 44 c1 38 48 0f a3 d0 73 1b 0f b7 81
0x00007ff8751a0387:   9c 00 00 00 83 f8 01 74 0c 8d 48 ff 8b c1 41 23
0x00007ff8751a0397:   c2 3b c1 75 03 b0 01 c3 32 c0 c3 cc cc cc cc cc
0x00007ff8751a03a7:   cc cc cc cc cc cc cc cc cc 40 57 41 57 48 83 ec
0x00007ff8751a03b7:   38 4c 8b 41 48 33 ff 48 89 5c 24 58 4c 8b f9 48
0x00007ff8751a03c7:   89 74 24 68 4c 89 64 24 30 44 8b e7 4c 89 6c 24
0x00007ff8751a03d7:   28 44 8b ef 41 39 78 40 0f 86 ba 00 00 00 48 89
0x00007ff8751a03e7:   6c 24 60 4c 89 74 24 20 90 49 8b 40 30 8b ef 41
0x00007ff8751a03f7:   8b d4 48 8b 34 d0 8b 46 28 89 44 24 50 85 c0 0f
0x00007ff8751a0407:   84 7c 00 00 00 4c 8b f7 90 3b 6e 18 73 0a 48 8b
0x00007ff8751a0417:   46 20 49 8b 1c 06 eb 03 48 8b df 48 8b 03 48 8b 


Stack slot to memory mapping:
stack at sp + 0 slots: 0x000001777cec2810 points into unknown readable memory: 0x0000001e00000015 | 15 00 00 00 1e 00 00 00
stack at sp + 1 slots: 0x00000037002fbd30 is pointing into the stack for thread: 0x000001777a37bf80
stack at sp + 2 slots: 0x00007ff875b63d48 jvm.dll
stack at sp + 3 slots: 0x0 is NULL
stack at sp + 4 slots: 0x000001777f424890 points into unknown readable memory: 0x4011d530c22b369b | 9b 36 2b c2 30 d5 11 40
stack at sp + 5 slots: 0x00007ff87534722b jvm.dll
stack at sp + 6 slots: 0x000001777f543a70 points into unknown readable memory: 0x3f94d887cc20f492 | 92 f4 20 cc 87 d8 94 3f
stack at sp + 7 slots: 0x000001777f543a70 points into unknown readable memory: 0x3f94d887cc20f492 | 92 f4 20 cc 87 d8 94 3f


---------------  P R O C E S S  ---------------

Threads class SMR info:
_java_thread_list=0x000001777c931470, length=31, elements={
0x000001775f194e20, 0x00000177730245d0, 0x0000017773025d80, 0x0000017778388040,
0x0000017778388dd0, 0x000001777838abe0, 0x000001777838f9e0, 0x0000017778394280,
0x00000177783976f0, 0x000001777839fc00, 0x0000017778499790, 0x00000177786fd6b0,
0x0000017779dd59a0, 0x0000017779c12060, 0x0000017779c12540, 0x000001777a2088c0,
0x000001777a4ce020, 0x000001777a37bf80, 0x0000017779d7c4c0, 0x0000017779d7cee0,
0x0000017779d7e320, 0x0000017779d7b590, 0x000001777aa438d0, 0x0000017779d7c9d0,
0x0000017779d7d3f0, 0x0000017779d7bfb0, 0x0000017779d7d900, 0x0000017779d7e830,
0x000001777c47fe70, 0x000001777c479930, 0x000001777c480380
}

Java Threads: ( => current thread )
  0x000001775f194e20 JavaThread "main" [_thread_blocked, id=10412, stack(0x000000377f500000,0x000000377f600000)]
  0x00000177730245d0 JavaThread "Reference Handler" daemon [_thread_blocked, id=7700, stack(0x000000377f800000,0x000000377f900000)]
  0x0000017773025d80 JavaThread "Finalizer" daemon [_thread_blocked, id=2852, stack(0x000000377f900000,0x000000377fa00000)]
  0x0000017778388040 JavaThread "Signal Dispatcher" daemon [_thread_blocked, id=14368, stack(0x000000377fa00000,0x000000377fb00000)]
  0x0000017778388dd0 JavaThread "Attach Listener" daemon [_thread_blocked, id=1216, stack(0x000000377fb00000,0x000000377fc00000)]
  0x000001777838abe0 JavaThread "Service Thread" daemon [_thread_blocked, id=12348, stack(0x000000377fc00000,0x000000377fd00000)]
  0x000001777838f9e0 JavaThread "Monitor Deflation Thread" daemon [_thread_blocked, id=3804, stack(0x000000377fd00000,0x000000377fe00000)]
  0x0000017778394280 JavaThread "C2 CompilerThread0" daemon [_thread_in_native, id=2340, stack(0x000000377fe00000,0x000000377ff00000)]
  0x00000177783976f0 JavaThread "C1 CompilerThread0" daemon [_thread_blocked, id=13984, stack(0x000000377ff00000,0x0000003780000000)]
  0x000001777839fc00 JavaThread "Sweeper thread" daemon [_thread_blocked, id=11740, stack(0x0000003700000000,0x0000003700100000)]
  0x0000017778499790 JavaThread "Common-Cleaner" daemon [_thread_blocked, id=8564, stack(0x0000003700100000,0x0000003700200000)]
  0x00000177786fd6b0 JavaThread "Notification Thread" daemon [_thread_blocked, id=7620, stack(0x0000003700300000,0x0000003700400000)]
  0x0000017779dd59a0 JavaThread "Active Thread: Equinox Container: 1c50ddb9-34ed-4589-809e-9c5ed3af356f" [_thread_blocked, id=14348, stack(0x0000003700c00000,0x0000003700d00000)]
  0x0000017779c12060 JavaThread "Framework Event Dispatcher: Equinox Container: 1c50ddb9-34ed-4589-809e-9c5ed3af356f" daemon [_thread_blocked, id=9720, stack(0x0000003700d00000,0x0000003700e00000)]
  0x0000017779c12540 JavaThread "Start Level: Equinox Container: 1c50ddb9-34ed-4589-809e-9c5ed3af356f" daemon [_thread_blocked, id=2120, stack(0x0000003700e00000,0x0000003700f00000)]
  0x000001777a2088c0 JavaThread "Bundle File Closer" daemon [_thread_blocked, id=4112, stack(0x0000003701000000,0x0000003701100000)]
  0x000001777a4ce020 JavaThread "SCR Component Actor" daemon [_thread_blocked, id=6268, stack(0x0000003701100000,0x0000003701200000)]
=>0x000001777a37bf80 JavaThread "C2 CompilerThread1" daemon [_thread_in_native, id=13224, stack(0x0000003700200000,0x0000003700300000)]
  0x0000017779d7c4c0 JavaThread "Worker-JM" [_thread_blocked, id=7428, stack(0x0000003700500000,0x0000003700600000)]
  0x0000017779d7cee0 JavaThread "Worker-0" [_thread_blocked, id=12388, stack(0x0000003701300000,0x0000003701400000)]
  0x0000017779d7e320 JavaThread "Worker-1" [_thread_blocked, id=12192, stack(0x0000003701400000,0x0000003701500000)]
  0x0000017779d7b590 JavaThread "Worker-2" [_thread_blocked, id=4216, stack(0x0000003701500000,0x0000003701600000)]
  0x000001777aa438d0 JavaThread "C2 CompilerThread2" daemon [_thread_in_native, id=5180, stack(0x0000003701600000,0x0000003701700000)]
  0x0000017779d7c9d0 JavaThread "Java indexing" daemon [_thread_blocked, id=14928, stack(0x0000003701700000,0x0000003701800000)]
  0x0000017779d7d3f0 JavaThread "Worker-3" [_thread_blocked, id=6736, stack(0x0000003701800000,0x0000003701900000)]
  0x0000017779d7bfb0 JavaThread "JNA Cleaner" daemon [_thread_blocked, id=7076, stack(0x0000003701900000,0x0000003701a00000)]
  0x0000017779d7d900 JavaThread "pool-2-thread-1" [_thread_blocked, id=11368, stack(0x0000003701c00000,0x0000003701d00000)]
  0x0000017779d7e830 JavaThread "WorkspaceEventsHandler" [_thread_blocked, id=860, stack(0x0000003701d00000,0x0000003701e00000)]
  0x000001777c47fe70 JavaThread "pool-1-thread-1" [_thread_blocked, id=5608, stack(0x0000003701e00000,0x0000003701f00000)]
  0x000001777c479930 JavaThread "Worker-4: Initialize Workspace" [_thread_in_Java, id=2720, stack(0x0000003701f00000,0x0000003702000000)]
  0x000001777c480380 JavaThread "Keep-Alive-Timer" daemon [_thread_blocked, id=7380, stack(0x0000003702a00000,0x0000003702b00000)]

Other Threads:
  0x000001775f24ea90 VMThread "VM Thread" [stack: 0x000000377f700000,0x000000377f800000] [id=7400]
  0x00000177786fdb90 WatcherThread [stack: 0x0000003700400000,0x0000003700500000] [id=13156]
  0x000001775f1ad450 GCTaskThread "GC Thread#0" [stack: 0x000000377f600000,0x000000377f700000] [id=4812]
  0x00000177796e2400 GCTaskThread "GC Thread#1" [stack: 0x0000003700600000,0x0000003700700000] [id=11132]
  0x0000017779dd6c20 GCTaskThread "GC Thread#2" [stack: 0x0000003700700000,0x0000003700800000] [id=11804]
  0x00000177796e1830 GCTaskThread "GC Thread#3" [stack: 0x0000003700800000,0x0000003700900000] [id=13992]
  0x0000017779951020 GCTaskThread "GC Thread#4" [stack: 0x0000003700900000,0x0000003700a00000] [id=9128]
  0x00000177799512e0 GCTaskThread "GC Thread#5" [stack: 0x0000003700a00000,0x0000003700b00000] [id=4300]
  0x00000177799515a0 GCTaskThread "GC Thread#6" [stack: 0x0000003700b00000,0x0000003700c00000] [id=3784]
  0x000001777a06ad10 GCTaskThread "GC Thread#7" [stack: 0x0000003700f00000,0x0000003701000000] [id=12872]

Threads with active compile tasks:
C2 CompilerThread0    10504 7923   !   4       java.nio.file.FileTreeWalker::next (144 bytes)
C2 CompilerThread1    10504 7172       4       org.lombokweb.asm.ClassReader::readMethod (1066 bytes)
C2 CompilerThread2    10504 7358       4       org.eclipse.jdt.internal.compiler.lookup.BinaryTypeBinding::createMethod (1717 bytes)

VM state: not at safepoint (normal execution)

VM Mutex/Monitor currently owned by a thread: None

Heap address: 0x00000000c0000000, size: 1024 MB, Compressed Oops mode: 32-bit

CDS archive(s) not mapped
Compressed class space mapped at: 0x0000000100000000-0x0000000140000000, reserved size: 1073741824
Narrow klass base: 0x0000000000000000, Narrow klass shift: 3, Narrow klass range: 0x140000000

GC Precious Log:
 CPUs: 8 total, 8 available
 Memory: 16238M
 Large Page Support: Disabled
 NUMA Support: Disabled
 Compressed Oops: Enabled (32-bit)
 Alignments: Space 512K, Generation 512K, Heap 2M
 Heap Min Capacity: 100M
 Heap Initial Capacity: 100M
 Heap Max Capacity: 1G
 Pre-touch: Disabled
 Parallel Workers: 8

Heap:
 PSYoungGen      total 23552K, used 17174K [0x00000000eab00000, 0x00000000ec700000, 0x0000000100000000)
  eden space 19968K, 68% used [0x00000000eab00000,0x00000000eb852610,0x00000000ebe80000)
  from space 3584K, 98% used [0x00000000ec280000,0x00000000ec5f3448,0x00000000ec600000)
  to   space 4096K, 0% used [0x00000000ebe80000,0x00000000ebe80000,0x00000000ec280000)
 ParOldGen       total 68608K, used 43341K [0x00000000c0000000, 0x00000000c4300000, 0x00000000eab00000)
  object space 68608K, 63% used [0x00000000c0000000,0x00000000c2a53760,0x00000000c4300000)
 Metaspace       used 65758K, committed 66944K, reserved 1114112K
  class space    used 7101K, committed 7616K, reserved 1048576K

Card table byte_map: [0x000001775eb30000,0x000001775ed40000] _byte_map_base: 0x000001775e530000

Marking Bits: (ParMarkBitMap*) 0x00007ff875b7d0b0
 Begin Bits: [0x0000017770e30000, 0x0000017771e30000)
 End Bits:   [0x0000017771e30000, 0x0000017772e30000)

Polling page: 0x000001775d110000

Metaspace:

Usage:
  Non-class:     57.28 MB used.
      Class:      6.93 MB used.
       Both:     64.22 MB used.

Virtual space:
  Non-class space:       64.00 MB reserved,      57.94 MB ( 91%) committed,  1 nodes.
      Class space:        1.00 GB reserved,       7.44 MB ( <1%) committed,  1 nodes.
             Both:        1.06 GB reserved,      65.38 MB (  6%) committed. 

Chunk freelists:
   Non-Class:  5.80 MB
       Class:  8.53 MB
        Both:  14.33 MB

MaxMetaspaceSize: unlimited
CompressedClassSpaceSize: 1.00 GB
Initial GC threshold: 21.00 MB
Current GC threshold: 97.31 MB
CDS: off
MetaspaceReclaimPolicy: balanced
 - commit_granule_bytes: 65536.
 - commit_granule_words: 8192.
 - virtual_space_node_default_size: 8388608.
 - enlarge_chunks_in_place: 1.
 - new_chunks_are_fully_committed: 0.
 - uncommit_free_chunks: 1.
 - use_allocation_guard: 0.
 - handle_deallocations: 1.


Internal statistics:

num_allocs_failed_limit: 9.
num_arena_births: 772.
num_arena_deaths: 14.
num_vsnodes_births: 2.
num_vsnodes_deaths: 0.
num_space_committed: 1046.
num_space_uncommitted: 0.
num_chunks_returned_to_freelist: 23.
num_chunks_taken_from_freelist: 3452.
num_chunk_merges: 14.
num_chunk_splits: 2017.
num_chunks_enlarged: 999.
num_inconsistent_stats: 0.

CodeHeap 'non-profiled nmethods': size=120000Kb used=3476Kb max_used=3476Kb free=116523Kb
 bounds [0x0000017769900000, 0x0000017769c70000, 0x0000017770e30000]
CodeHeap 'profiled nmethods': size=120000Kb used=15228Kb max_used=15228Kb free=104771Kb
 bounds [0x0000017761e30000, 0x0000017762d10000, 0x0000017769360000]
CodeHeap 'non-nmethods': size=5760Kb used=1360Kb max_used=1444Kb free=4400Kb
 bounds [0x0000017769360000, 0x00000177695d0000, 0x0000017769900000]
 total_blobs=7846 nmethods=7144 adapters=614
 compilation: enabled
              stopped_count=0, restarted_count=0
 full_count=0

Compilation events (20 events):
Event: 10.306 Thread 0x00000177783976f0 7969   !   2       sun.nio.fs.AbstractFileSystemProvider::isRegularFile (20 bytes)
Event: 10.307 Thread 0x00000177783976f0 nmethod 7969 0x0000017762cea110 code [0x0000017762cea2c0, 0x0000017762cea4f8]
Event: 10.307 Thread 0x00000177783976f0 7970       2       sun.nio.fs.WindowsException::rethrowAsIOException (7 bytes)
Event: 10.307 Thread 0x00000177783976f0 nmethod 7970 0x0000017762cea690 code [0x0000017762cea820, 0x0000017762cea948]
Event: 10.307 Thread 0x00000177783976f0 7971       2       sun.nio.fs.WindowsException::rethrowAsIOException (39 bytes)
Event: 10.307 Thread 0x00000177783976f0 nmethod 7971 0x0000017762ceaa10 code [0x0000017762ceaba0, 0x0000017762ceace8]
Event: 10.307 Thread 0x00000177783976f0 7972       2       sun.nio.fs.WindowsPath$WindowsPathWithAttributes::resolve (6 bytes)
Event: 10.307 Thread 0x00000177783976f0 nmethod 7972 0x0000017762ceae10 code [0x0000017762ceafa0, 0x0000017762ceb0c8]
Event: 10.308 Thread 0x00000177783976f0 7973       3       java.util.regex.Pattern::compile (500 bytes)
Event: 10.312 Thread 0x00000177783976f0 nmethod 7973 0x0000017762ceb190 code [0x0000017762ceb5e0, 0x0000017762cedd88]
Event: 10.321 Thread 0x00000177783976f0 7975   !   3       java.util.regex.Pattern::RemoveQEQuoting (370 bytes)
Event: 10.322 Thread 0x00000177783976f0 nmethod 7975 0x0000017762cee810 code [0x0000017762ceeae0, 0x0000017762cefc68]
Event: 10.322 Thread 0x00000177783976f0 7976       2       java.nio.file.SimpleFileVisitor::visitFile (14 bytes)
Event: 10.322 Thread 0x00000177783976f0 nmethod 7976 0x0000017762cf0310 code [0x0000017762cf04c0, 0x0000017762cf0738]
Event: 10.340 Thread 0x00000177783976f0 7977       3       sun.nio.fs.Globs::toRegexPattern (745 bytes)
Event: 10.347 Thread 0x00000177783976f0 nmethod 7977 0x0000017762cf0890 code [0x0000017762cf1280, 0x0000017762cf6fa8]
Event: 10.347 Thread 0x00000177783976f0 7978 %     3       sun.nio.fs.WindowsPath::compareTo @ 49 (118 bytes)
Event: 10.349 Thread 0x00000177783976f0 nmethod 7978% 0x0000017762cf8f90 code [0x0000017762cf92c0, 0x0000017762cfa8a8]
Event: 10.349 Thread 0x00000177783976f0 7979   !   2       sun.nio.fs.WindowsFileSystemProvider::isSameFile (180 bytes)
Event: 10.350 Thread 0x00000177783976f0 nmethod 7979 0x0000017762cfb290 code [0x0000017762cfb560, 0x0000017762cfbea8]

GC Heap History (20 events):
Event: 7.632 GC heap before
{Heap before GC invocations=26 (full 2):
 PSYoungGen      total 22016K, used 21648K [0x00000000eab00000, 0x00000000ec380000, 0x0000000100000000)
  eden space 20480K, 100% used [0x00000000eab00000,0x00000000ebf00000,0x00000000ebf00000)
  from space 1536K, 76% used [0x00000000ec100000,0x00000000ec224010,0x00000000ec280000)
  to   space 1024K, 0% used [0x00000000ec280000,0x00000000ec280000,0x00000000ec380000)
 ParOldGen       total 68608K, used 32669K [0x00000000c0000000, 0x00000000c4300000, 0x00000000eab00000)
  object space 68608K, 47% used [0x00000000c0000000,0x00000000c1fe74e0,0x00000000c4300000)
 Metaspace       used 57277K, committed 58432K, reserved 1114112K
  class space    used 6307K, committed 6784K, reserved 1048576K
}
Event: 7.635 GC heap after
{Heap after GC invocations=26 (full 2):
 PSYoungGen      total 21504K, used 1024K [0x00000000eab00000, 0x00000000ec400000, 0x0000000100000000)
  eden space 20480K, 0% used [0x00000000eab00000,0x00000000eab00000,0x00000000ebf00000)
  from space 1024K, 100% used [0x00000000ec280000,0x00000000ec380000,0x00000000ec380000)
  to   space 2560K, 0% used [0x00000000ebf00000,0x00000000ebf00000,0x00000000ec180000)
 ParOldGen       total 68608K, used 33969K [0x00000000c0000000, 0x00000000c4300000, 0x00000000eab00000)
  object space 68608K, 49% used [0x00000000c0000000,0x00000000c212c458,0x00000000c4300000)
 Metaspace       used 57277K, committed 58432K, reserved 1114112K
  class space    used 6307K, committed 6784K, reserved 1048576K
}
Event: 7.857 GC heap before
{Heap before GC invocations=27 (full 2):
 PSYoungGen      total 21504K, used 17385K [0x00000000eab00000, 0x00000000ec400000, 0x0000000100000000)
  eden space 20480K, 79% used [0x00000000eab00000,0x00000000ebafa4b8,0x00000000ebf00000)
  from space 1024K, 100% used [0x00000000ec280000,0x00000000ec380000,0x00000000ec380000)
  to   space 2560K, 0% used [0x00000000ebf00000,0x00000000ebf00000,0x00000000ec180000)
 ParOldGen       total 68608K, used 33969K [0x00000000c0000000, 0x00000000c4300000, 0x00000000eab00000)
  object space 68608K, 49% used [0x00000000c0000000,0x00000000c212c458,0x00000000c4300000)
 Metaspace       used 58689K, committed 59776K, reserved 1114112K
  class space    used 6490K, committed 6976K, reserved 1048576K
}
Event: 7.860 GC heap after
{Heap after GC invocations=27 (full 2):
 PSYoungGen      total 23040K, used 576K [0x00000000eab00000, 0x00000000ec300000, 0x0000000100000000)
  eden space 20480K, 0% used [0x00000000eab00000,0x00000000eab00000,0x00000000ebf00000)
  from space 2560K, 22% used [0x00000000ebf00000,0x00000000ebf90000,0x00000000ec180000)
  to   space 1536K, 0% used [0x00000000ec180000,0x00000000ec180000,0x00000000ec300000)
 ParOldGen       total 68608K, used 35005K [0x00000000c0000000, 0x00000000c4300000, 0x00000000eab00000)
  object space 68608K, 51% used [0x00000000c0000000,0x00000000c222f530,0x00000000c4300000)
 Metaspace       used 58689K, committed 59776K, reserved 1114112K
  class space    used 6490K, committed 6976K, reserved 1048576K
}
Event: 7.860 GC heap before
{Heap before GC invocations=28 (full 3):
 PSYoungGen      total 23040K, used 576K [0x00000000eab00000, 0x00000000ec300000, 0x0000000100000000)
  eden space 20480K, 0% used [0x00000000eab00000,0x00000000eab00000,0x00000000ebf00000)
  from space 2560K, 22% used [0x00000000ebf00000,0x00000000ebf90000,0x00000000ec180000)
  to   space 1536K, 0% used [0x00000000ec180000,0x00000000ec180000,0x00000000ec300000)
 ParOldGen       total 68608K, used 35005K [0x00000000c0000000, 0x00000000c4300000, 0x00000000eab00000)
  object space 68608K, 51% used [0x00000000c0000000,0x00000000c222f530,0x00000000c4300000)
 Metaspace       used 58689K, committed 59776K, reserved 1114112K
  class space    used 6490K, committed 6976K, reserved 1048576K
}
Event: 7.954 GC heap after
{Heap after GC invocations=28 (full 3):
 PSYoungGen      total 23040K, used 0K [0x00000000eab00000, 0x00000000ec300000, 0x0000000100000000)
  eden space 20480K, 0% used [0x00000000eab00000,0x00000000eab00000,0x00000000ebf00000)
  from space 2560K, 0% used [0x00000000ebf00000,0x00000000ebf00000,0x00000000ec180000)
  to   space 1536K, 0% used [0x00000000ec180000,0x00000000ec180000,0x00000000ec300000)
 ParOldGen       total 68608K, used 33657K [0x00000000c0000000, 0x00000000c4300000, 0x00000000eab00000)
  object space 68608K, 49% used [0x00000000c0000000,0x00000000c20de4f0,0x00000000c4300000)
 Metaspace       used 58689K, committed 59776K, reserved 1114112K
  class space    used 6490K, committed 6976K, reserved 1048576K
}
Event: 8.273 GC heap before
{Heap before GC invocations=29 (full 3):
 PSYoungGen      total 23040K, used 20480K [0x00000000eab00000, 0x00000000ec300000, 0x0000000100000000)
  eden space 20480K, 100% used [0x00000000eab00000,0x00000000ebf00000,0x00000000ebf00000)
  from space 2560K, 0% used [0x00000000ebf00000,0x00000000ebf00000,0x00000000ec180000)
  to   space 1536K, 0% used [0x00000000ec180000,0x00000000ec180000,0x00000000ec300000)
 ParOldGen       total 68608K, used 33657K [0x00000000c0000000, 0x00000000c4300000, 0x00000000eab00000)
  object space 68608K, 49% used [0x00000000c0000000,0x00000000c20de4f0,0x00000000c4300000)
 Metaspace       used 60465K, committed 61568K, reserved 1114112K
  class space    used 6678K, committed 7168K, reserved 1048576K
}
Event: 8.276 GC heap after
{Heap after GC invocations=29 (full 3):
 PSYoungGen      total 21504K, used 896K [0x00000000eab00000, 0x00000000ec280000, 0x0000000100000000)
  eden space 20480K, 0% used [0x00000000eab00000,0x00000000eab00000,0x00000000ebf00000)
  from space 1024K, 87% used [0x00000000ec180000,0x00000000ec260000,0x00000000ec280000)
  to   space 1024K, 0% used [0x00000000ec080000,0x00000000ec080000,0x00000000ec180000)
 ParOldGen       total 68608K, used 33665K [0x00000000c0000000, 0x00000000c4300000, 0x00000000eab00000)
  object space 68608K, 49% used [0x00000000c0000000,0x00000000c20e04f0,0x00000000c4300000)
 Metaspace       used 60465K, committed 61568K, reserved 1114112K
  class space    used 6678K, committed 7168K, reserved 1048576K
}
Event: 8.717 GC heap before
{Heap before GC invocations=30 (full 3):
 PSYoungGen      total 21504K, used 21376K [0x00000000eab00000, 0x00000000ec280000, 0x0000000100000000)
  eden space 20480K, 100% used [0x00000000eab00000,0x00000000ebf00000,0x00000000ebf00000)
  from space 1024K, 87% used [0x00000000ec180000,0x00000000ec260000,0x00000000ec280000)
  to   space 1024K, 0% used [0x00000000ec080000,0x00000000ec080000,0x00000000ec180000)
 ParOldGen       total 68608K, used 33665K [0x00000000c0000000, 0x00000000c4300000, 0x00000000eab00000)
  object space 68608K, 49% used [0x00000000c0000000,0x00000000c20e04f0,0x00000000c4300000)
 Metaspace       used 61723K, committed 62784K, reserved 1114112K
  class space    used 6771K, committed 7232K, reserved 1048576K
}
Event: 8.722 GC heap after
{Heap after GC invocations=30 (full 3):
 PSYoungGen      total 21504K, used 1012K [0x00000000eab00000, 0x00000000eca00000, 0x0000000100000000)
  eden space 20480K, 0% used [0x00000000eab00000,0x00000000eab00000,0x00000000ebf00000)
  from space 1024K, 98% used [0x00000000ec080000,0x00000000ec17d190,0x00000000ec180000)
  to   space 5632K, 0% used [0x00000000ec480000,0x00000000ec480000,0x00000000eca00000)
 ParOldGen       total 68608K, used 37563K [0x00000000c0000000, 0x00000000c4300000, 0x00000000eab00000)
  object space 68608K, 54% used [0x00000000c0000000,0x00000000c24aee60,0x00000000c4300000)
 Metaspace       used 61723K, committed 62784K, reserved 1114112K
  class space    used 6771K, committed 7232K, reserved 1048576K
}
Event: 9.074 GC heap before
{Heap before GC invocations=31 (full 3):
 PSYoungGen      total 21504K, used 21492K [0x00000000eab00000, 0x00000000eca00000, 0x0000000100000000)
  eden space 20480K, 100% used [0x00000000eab00000,0x00000000ebf00000,0x00000000ebf00000)
  from space 1024K, 98% used [0x00000000ec080000,0x00000000ec17d190,0x00000000ec180000)
  to   space 5632K, 0% used [0x00000000ec480000,0x00000000ec480000,0x00000000eca00000)
 ParOldGen       total 68608K, used 37563K [0x00000000c0000000, 0x00000000c4300000, 0x00000000eab00000)
  object space 68608K, 54% used [0x00000000c0000000,0x00000000c24aee60,0x00000000c4300000)
 Metaspace       used 63109K, committed 64256K, reserved 1114112K
  class space    used 6896K, committed 7360K, reserved 1048576K
}
Event: 9.079 GC heap after
{Heap after GC invocations=31 (full 3):
 PSYoungGen      total 23040K, used 2557K [0x00000000eab00000, 0x00000000ec700000, 0x0000000100000000)
  eden space 20480K, 0% used [0x00000000eab00000,0x00000000eab00000,0x00000000ebf00000)
  from space 2560K, 99% used [0x00000000ec480000,0x00000000ec6ff578,0x00000000ec700000)
  to   space 3584K, 0% used [0x00000000ec000000,0x00000000ec000000,0x00000000ec380000)
 ParOldGen       total 68608K, used 38573K [0x00000000c0000000, 0x00000000c4300000, 0x00000000eab00000)
  object space 68608K, 56% used [0x00000000c0000000,0x00000000c25ab4d0,0x00000000c4300000)
 Metaspace       used 63109K, committed 64256K, reserved 1114112K
  class space    used 6896K, committed 7360K, reserved 1048576K
}
Event: 9.162 GC heap before
{Heap before GC invocations=32 (full 3):
 PSYoungGen      total 23040K, used 22917K [0x00000000eab00000, 0x00000000ec700000, 0x0000000100000000)
  eden space 20480K, 99% used [0x00000000eab00000,0x00000000ebee1fb8,0x00000000ebf00000)
  from space 2560K, 99% used [0x00000000ec480000,0x00000000ec6ff578,0x00000000ec700000)
  to   space 3584K, 0% used [0x00000000ec000000,0x00000000ec000000,0x00000000ec380000)
 ParOldGen       total 68608K, used 38573K [0x00000000c0000000, 0x00000000c4300000, 0x00000000eab00000)
  object space 68608K, 56% used [0x00000000c0000000,0x00000000c25ab4d0,0x00000000c4300000)
 Metaspace       used 63164K, committed 64256K, reserved 1114112K
  class space    used 6900K, committed 7360K, reserved 1048576K
}
Event: 9.164 GC heap after
{Heap after GC invocations=32 (full 3):
 PSYoungGen      total 22016K, used 1093K [0x00000000eab00000, 0x00000000ec500000, 0x0000000100000000)
  eden space 20480K, 0% used [0x00000000eab00000,0x00000000eab00000,0x00000000ebf00000)
  from space 1536K, 71% used [0x00000000ec000000,0x00000000ec111498,0x00000000ec180000)
  to   space 2048K, 0% used [0x00000000ec300000,0x00000000ec300000,0x00000000ec500000)
 ParOldGen       total 68608K, used 40305K [0x00000000c0000000, 0x00000000c4300000, 0x00000000eab00000)
  object space 68608K, 58% used [0x00000000c0000000,0x00000000c275c468,0x00000000c4300000)
 Metaspace       used 63164K, committed 64256K, reserved 1114112K
  class space    used 6900K, committed 7360K, reserved 1048576K
}
Event: 9.537 GC heap before
{Heap before GC invocations=33 (full 3):
 PSYoungGen      total 22016K, used 21573K [0x00000000eab00000, 0x00000000ec500000, 0x0000000100000000)
  eden space 20480K, 100% used [0x00000000eab00000,0x00000000ebf00000,0x00000000ebf00000)
  from space 1536K, 71% used [0x00000000ec000000,0x00000000ec111498,0x00000000ec180000)
  to   space 2048K, 0% used [0x00000000ec300000,0x00000000ec300000,0x00000000ec500000)
 ParOldGen       total 68608K, used 40305K [0x00000000c0000000, 0x00000000c4300000, 0x00000000eab00000)
  object space 68608K, 58% used [0x00000000c0000000,0x00000000c275c468,0x00000000c4300000)
 Metaspace       used 64672K, committed 65792K, reserved 1114112K
  class space    used 7029K, committed 7488K, reserved 1048576K
}
Event: 9.539 GC heap after
{Heap after GC invocations=33 (full 3):
 PSYoungGen      total 22016K, used 1349K [0x00000000eab00000, 0x00000000ec480000, 0x0000000100000000)
  eden space 20480K, 0% used [0x00000000eab00000,0x00000000eab00000,0x00000000ebf00000)
  from space 1536K, 87% used [0x00000000ec300000,0x00000000ec4517a8,0x00000000ec480000)
  to   space 1536K, 0% used [0x00000000ec000000,0x00000000ec000000,0x00000000ec180000)
 ParOldGen       total 68608K, used 40369K [0x00000000c0000000, 0x00000000c4300000, 0x00000000eab00000)
  object space 68608K, 58% used [0x00000000c0000000,0x00000000c276c468,0x00000000c4300000)
 Metaspace       used 64672K, committed 65792K, reserved 1114112K
  class space    used 7029K, committed 7488K, reserved 1048576K
}
Event: 10.016 GC heap before
{Heap before GC invocations=34 (full 3):
 PSYoungGen      total 22016K, used 20512K [0x00000000eab00000, 0x00000000ec480000, 0x0000000100000000)
  eden space 20480K, 93% used [0x00000000eab00000,0x00000000ebdb6b58,0x00000000ebf00000)
  from space 1536K, 87% used [0x00000000ec300000,0x00000000ec4517a8,0x00000000ec480000)
  to   space 1536K, 0% used [0x00000000ec000000,0x00000000ec000000,0x00000000ec180000)
 ParOldGen       total 68608K, used 40369K [0x00000000c0000000, 0x00000000c4300000, 0x00000000eab00000)
  object space 68608K, 58% used [0x00000000c0000000,0x00000000c276c468,0x00000000c4300000)
 Metaspace       used 65452K, committed 66560K, reserved 1114112K
  class space    used 7085K, committed 7552K, reserved 1048576K
}
Event: 10.020 GC heap after
{Heap after GC invocations=34 (full 3):
 PSYoungGen      total 22016K, used 1529K [0x00000000eab00000, 0x00000000ec600000, 0x0000000100000000)
  eden space 20480K, 0% used [0x00000000eab00000,0x00000000eab00000,0x00000000ebf00000)
  from space 1536K, 99% used [0x00000000ec000000,0x00000000ec17e740,0x00000000ec180000)
  to   space 3584K, 0% used [0x00000000ec280000,0x00000000ec280000,0x00000000ec600000)
 ParOldGen       total 68608K, used 41794K [0x00000000c0000000, 0x00000000c4300000, 0x00000000eab00000)
  object space 68608K, 60% used [0x00000000c0000000,0x00000000c28d0bb8,0x00000000c4300000)
 Metaspace       used 65452K, committed 66560K, reserved 1114112K
  class space    used 7085K, committed 7552K, reserved 1048576K
}
Event: 10.104 GC heap before
{Heap before GC invocations=35 (full 3):
 PSYoungGen      total 22016K, used 22009K [0x00000000eab00000, 0x00000000ec600000, 0x0000000100000000)
  eden space 20480K, 100% used [0x00000000eab00000,0x00000000ebf00000,0x00000000ebf00000)
  from space 1536K, 99% used [0x00000000ec000000,0x00000000ec17e740,0x00000000ec180000)
  to   space 3584K, 0% used [0x00000000ec280000,0x00000000ec280000,0x00000000ec600000)
 ParOldGen       total 68608K, used 41794K [0x00000000c0000000, 0x00000000c4300000, 0x00000000eab00000)
  object space 68608K, 60% used [0x00000000c0000000,0x00000000c28d0bb8,0x00000000c4300000)
 Metaspace       used 65461K, committed 66560K, reserved 1114112K
  class space    used 7085K, committed 7552K, reserved 1048576K
}
Event: 10.108 GC heap after
{Heap after GC invocations=35 (full 3):
 PSYoungGen      total 23552K, used 3533K [0x00000000eab00000, 0x00000000ec700000, 0x0000000100000000)
  eden space 19968K, 0% used [0x00000000eab00000,0x00000000eab00000,0x00000000ebe80000)
  from space 3584K, 98% used [0x00000000ec280000,0x00000000ec5f3448,0x00000000ec600000)
  to   space 4096K, 0% used [0x00000000ebe80000,0x00000000ebe80000,0x00000000ec280000)
 ParOldGen       total 68608K, used 43341K [0x00000000c0000000, 0x00000000c4300000, 0x00000000eab00000)
  object space 68608K, 63% used [0x00000000c0000000,0x00000000c2a53760,0x00000000c4300000)
 Metaspace       used 65461K, committed 66560K, reserved 1114112K
  class space    used 7085K, committed 7552K, reserved 1048576K
}

Dll operation events (11 events):
Event: 0.010 Loaded shared library c:\Users\vijay\.vscode\extensions\redhat.java-1.26.0-win32-x64\jre\17.0.9-win32-x86_64\bin\java.dll
Event: 0.179 Loaded shared library c:\Users\vijay\.vscode\extensions\redhat.java-1.26.0-win32-x64\jre\17.0.9-win32-x86_64\bin\zip.dll
Event: 0.183 Loaded shared library C:\Users\vijay\.vscode\extensions\redhat.java-1.26.0-win32-x64\jre\17.0.9-win32-x86_64\bin\instrument.dll
Event: 0.197 Loaded shared library C:\Users\vijay\.vscode\extensions\redhat.java-1.26.0-win32-x64\jre\17.0.9-win32-x86_64\bin\net.dll
Event: 0.199 Loaded shared library C:\Users\vijay\.vscode\extensions\redhat.java-1.26.0-win32-x64\jre\17.0.9-win32-x86_64\bin\nio.dll
Event: 0.207 Loaded shared library C:\Users\vijay\.vscode\extensions\redhat.java-1.26.0-win32-x64\jre\17.0.9-win32-x86_64\bin\zip.dll
Event: 0.231 Loaded shared library C:\Users\vijay\.vscode\extensions\redhat.java-1.26.0-win32-x64\jre\17.0.9-win32-x86_64\bin\jimage.dll
Event: 0.328 Loaded shared library c:\Users\vijay\.vscode\extensions\redhat.java-1.26.0-win32-x64\jre\17.0.9-win32-x86_64\bin\verify.dll
Event: 2.040 Loaded shared library C:\Users\vijay\AppData\Roaming\Code\User\globalStorage\redhat.java\1.26.0\config_win\org.eclipse.equinox.launcher\org.eclipse.equinox.launcher.win32.win32.x86_64_1.2.800.v20231003-1442\eclipse_11802.dll
Event: 5.464 Loaded shared library C:\Users\vijay\AppData\Local\Temp\jna-112208527\jna8698038046942023935.dll
Event: 6.267 Loaded shared library C:\Users\vijay\.vscode\extensions\redhat.java-1.26.0-win32-x64\jre\17.0.9-win32-x86_64\bin\sunmscapi.dll

Deoptimization events (20 events):
Event: 10.181 Thread 0x000001777c479930 DEOPT PACKING pc=0x0000017769a5e73c sp=0x0000003701ffed30
Event: 10.181 Thread 0x000001777c479930 DEOPT UNPACKING pc=0x00000177693b66a3 sp=0x0000003701ffed30 mode 2
Event: 10.181 Thread 0x000001777c479930 Uncommon trap: trap_request=0xffffff45 fr.pc=0x0000017769967014 relative=0x0000000000000354
Event: 10.181 Thread 0x000001777c479930 Uncommon trap: reason=unstable_if action=reinterpret pc=0x0000017769967014 method=java.nio.file.FileTreeWalker.getAttributes(Ljava/nio/file/Path;Z)Ljava/nio/file/attribute/BasicFileAttributes; @ 8 c2
Event: 10.182 Thread 0x000001777c479930 DEOPT PACKING pc=0x0000017769967014 sp=0x0000003701ffec70
Event: 10.182 Thread 0x000001777c479930 DEOPT UNPACKING pc=0x00000177693b66a3 sp=0x0000003701ffec10 mode 2
Event: 10.182 Thread 0x000001777c479930 Uncommon trap: trap_request=0xffffffde fr.pc=0x0000017769a5e73c relative=0x000000000000157c
Event: 10.182 Thread 0x000001777c479930 Uncommon trap: reason=class_check action=maybe_recompile pc=0x0000017769a5e73c method=java.nio.file.FileTreeWalker.next()Ljava/nio/file/FileTreeWalker$Event; @ 37 c2
Event: 10.182 Thread 0x000001777c479930 DEOPT PACKING pc=0x0000017769a5e73c sp=0x0000003701ffed30
Event: 10.182 Thread 0x000001777c479930 DEOPT UNPACKING pc=0x00000177693b66a3 sp=0x0000003701ffed30 mode 2
Event: 10.182 Thread 0x000001777c479930 Uncommon trap: trap_request=0xffffffde fr.pc=0x0000017769a5e73c relative=0x000000000000157c
Event: 10.182 Thread 0x000001777c479930 Uncommon trap: reason=class_check action=maybe_recompile pc=0x0000017769a5e73c method=java.nio.file.FileTreeWalker.next()Ljava/nio/file/FileTreeWalker$Event; @ 37 c2
Event: 10.182 Thread 0x000001777c479930 DEOPT PACKING pc=0x0000017769a5e73c sp=0x0000003701ffed30
Event: 10.182 Thread 0x000001777c479930 DEOPT UNPACKING pc=0x00000177693b66a3 sp=0x0000003701ffed30 mode 2
Event: 10.308 Thread 0x000001777c479930 DEOPT PACKING pc=0x0000017762cb34aa sp=0x0000003701ffea10
Event: 10.308 Thread 0x000001777c479930 DEOPT UNPACKING pc=0x00000177693b6e43 sp=0x0000003701ffdf30 mode 0
Event: 10.321 Thread 0x000001777c479930 DEOPT PACKING pc=0x0000017762cc05fd sp=0x0000003701ffe950
Event: 10.321 Thread 0x000001777c479930 DEOPT UNPACKING pc=0x00000177693b6e43 sp=0x0000003701ffde30 mode 0
Event: 10.340 Thread 0x000001777c479930 DEOPT PACKING pc=0x0000017762cc2edf sp=0x0000003701ffe9e0
Event: 10.340 Thread 0x000001777c479930 DEOPT UNPACKING pc=0x00000177693b6e43 sp=0x0000003701ffdfc0 mode 0

Classes unloaded (7 events):
Event: 3.408 Thread 0x000001775f24ea90 Unloading class 0x0000000100250400 'java/lang/invoke/LambdaForm$MH+0x0000000100250400'
Event: 3.408 Thread 0x000001775f24ea90 Unloading class 0x0000000100250000 'java/lang/invoke/LambdaForm$MH+0x0000000100250000'
Event: 3.408 Thread 0x000001775f24ea90 Unloading class 0x000000010024fc00 'java/lang/invoke/LambdaForm$MH+0x000000010024fc00'
Event: 3.408 Thread 0x000001775f24ea90 Unloading class 0x000000010024f800 'java/lang/invoke/LambdaForm$MH+0x000000010024f800'
Event: 3.408 Thread 0x000001775f24ea90 Unloading class 0x000000010024f400 'java/lang/invoke/LambdaForm$BMH+0x000000010024f400'
Event: 3.408 Thread 0x000001775f24ea90 Unloading class 0x000000010024f000 'java/lang/invoke/LambdaForm$DMH+0x000000010024f000'
Event: 3.408 Thread 0x000001775f24ea90 Unloading class 0x000000010024c400 'java/lang/invoke/LambdaForm$DMH+0x000000010024c400'

Classes redefined (0 events):
No events

Internal exceptions (20 events):
Event: 10.367 Thread 0x000001777c479930 Exception <a 'sun/nio/fs/WindowsException'{0x00000000eb49bc88}> (0x00000000eb49bc88) 
thrown [s\src\hotspot\share\prims\jni.cpp, line 516]
Event: 10.367 Thread 0x000001777c479930 Exception <a 'sun/nio/fs/WindowsException'{0x00000000eb49c2c0}> (0x00000000eb49c2c0) 
thrown [s\src\hotspot\share\prims\jni.cpp, line 516]
Event: 10.367 Thread 0x000001777c479930 Exception <a 'sun/nio/fs/WindowsException'{0x00000000eb49c918}> (0x00000000eb49c918) 
thrown [s\src\hotspot\share\prims\jni.cpp, line 516]
Event: 10.368 Thread 0x000001777c479930 Exception <a 'sun/nio/fs/WindowsException'{0x00000000eb4a2260}> (0x00000000eb4a2260) 
thrown [s\src\hotspot\share\prims\jni.cpp, line 516]
Event: 10.368 Thread 0x000001777c479930 Exception <a 'sun/nio/fs/WindowsException'{0x00000000eb4a2898}> (0x00000000eb4a2898) 
thrown [s\src\hotspot\share\prims\jni.cpp, line 516]
Event: 10.368 Thread 0x000001777c479930 Exception <a 'sun/nio/fs/WindowsException'{0x00000000eb4a2ed0}> (0x00000000eb4a2ed0) 
thrown [s\src\hotspot\share\prims\jni.cpp, line 516]
Event: 10.368 Thread 0x000001777c479930 Exception <a 'sun/nio/fs/WindowsException'{0x00000000eb4a3528}> (0x00000000eb4a3528) 
thrown [s\src\hotspot\share\prims\jni.cpp, line 516]
Event: 10.369 Thread 0x000001777c479930 Exception <a 'sun/nio/fs/WindowsException'{0x00000000eb4a8f00}> (0x00000000eb4a8f00) 
thrown [s\src\hotspot\share\prims\jni.cpp, line 516]
Event: 10.369 Thread 0x000001777c479930 Exception <a 'sun/nio/fs/WindowsException'{0x00000000eb4a9538}> (0x00000000eb4a9538) 
thrown [s\src\hotspot\share\prims\jni.cpp, line 516]
Event: 10.369 Thread 0x000001777c479930 Exception <a 'sun/nio/fs/WindowsException'{0x00000000eb4a9b70}> (0x00000000eb4a9b70) 
thrown [s\src\hotspot\share\prims\jni.cpp, line 516]
Event: 10.369 Thread 0x000001777c479930 Exception <a 'sun/nio/fs/WindowsException'{0x00000000eb4aa1c8}> (0x00000000eb4aa1c8) 
thrown [s\src\hotspot\share\prims\jni.cpp, line 516]
Event: 10.371 Thread 0x000001777c479930 Exception <a 'sun/nio/fs/WindowsException'{0x00000000eb4af8d0}> (0x00000000eb4af8d0) 
thrown [s\src\hotspot\share\prims\jni.cpp, line 516]
Event: 10.371 Thread 0x000001777c479930 Exception <a 'sun/nio/fs/WindowsException'{0x00000000eb4aff08}> (0x00000000eb4aff08) 
thrown [s\src\hotspot\share\prims\jni.cpp, line 516]
Event: 10.371 Thread 0x000001777c479930 Exception <a 'sun/nio/fs/WindowsException'{0x00000000eb4b0540}> (0x00000000eb4b0540) 
thrown [s\src\hotspot\share\prims\jni.cpp, line 516]
Event: 10.371 Thread 0x000001777c479930 Exception <a 'sun/nio/fs/WindowsException'{0x00000000eb4b0b98}> (0x00000000eb4b0b98) 
thrown [s\src\hotspot\share\prims\jni.cpp, line 516]
Event: 10.372 Thread 0x000001777c479930 Exception <a 'sun/nio/fs/WindowsException'{0x00000000eb4b5fd0}> (0x00000000eb4b5fd0) 
thrown [s\src\hotspot\share\prims\jni.cpp, line 516]
Event: 10.372 Thread 0x000001777c479930 Exception <a 'sun/nio/fs/WindowsException'{0x00000000eb4b6608}> (0x00000000eb4b6608) 
thrown [s\src\hotspot\share\prims\jni.cpp, line 516]
Event: 10.372 Thread 0x000001777c479930 Exception <a 'sun/nio/fs/WindowsException'{0x00000000eb4b6c40}> (0x00000000eb4b6c40) 
thrown [s\src\hotspot\share\prims\jni.cpp, line 516]
Event: 10.372 Thread 0x000001777c479930 Exception <a 'sun/nio/fs/WindowsException'{0x00000000eb4b7298}> (0x00000000eb4b7298) 
thrown [s\src\hotspot\share\prims\jni.cpp, line 516]
Event: 10.373 Thread 0x000001777c479930 Exception <a 'sun/nio/fs/WindowsException'{0x00000000eb4bc400}> (0x00000000eb4bc400) 
thrown [s\src\hotspot\share\prims\jni.cpp, line 516]

VM Operations (20 events):
Event: 8.931 Executing VM operation: HandshakeAllThreads
Event: 8.931 Executing VM operation: HandshakeAllThreads done
Event: 9.074 Executing VM operation: ParallelGCFailedAllocation
Event: 9.079 Executing VM operation: ParallelGCFailedAllocation done
Event: 9.148 Executing VM operation: HandshakeAllThreads
Event: 9.149 Executing VM operation: HandshakeAllThreads done
Event: 9.162 Executing VM operation: ParallelGCFailedAllocation
Event: 9.164 Executing VM operation: ParallelGCFailedAllocation done
Event: 9.267 Executing VM operation: HandshakeAllThreads
Event: 9.267 Executing VM operation: HandshakeAllThreads done
Event: 9.537 Executing VM operation: ParallelGCFailedAllocation
Event: 9.539 Executing VM operation: ParallelGCFailedAllocation done
Event: 9.661 Executing VM operation: HandshakeAllThreads
Event: 9.661 Executing VM operation: HandshakeAllThreads done
Event: 9.917 Executing VM operation: ICBufferFull
Event: 9.918 Executing VM operation: ICBufferFull done
Event: 10.016 Executing VM operation: ParallelGCFailedAllocation
Event: 10.021 Executing VM operation: ParallelGCFailedAllocation done
Event: 10.104 Executing VM operation: ParallelGCFailedAllocation
Event: 10.108 Executing VM operation: ParallelGCFailedAllocation done

Events (20 events):
Event: 9.339 Thread 0x0000017779cf0020 Thread exited: 0x0000017779cf0020
Event: 9.761 Thread 0x000001777c47a860 Thread exited: 0x000001777c47a860
Event: 9.918 Thread 0x000001777c47c6c0 Thread added: 0x000001777c47c6c0
Event: 9.923 Thread 0x000001777c47c6c0 Thread exited: 0x000001777c47c6c0
Event: 9.947 loading class jdk/internal/math/FormattedFloatingDecimal$Form
Event: 9.948 loading class jdk/internal/math/FormattedFloatingDecimal$Form done
Event: 9.948 loading class jdk/internal/math/FormattedFloatingDecimal
Event: 9.948 loading class jdk/internal/math/FormattedFloatingDecimal done
Event: 9.948 loading class jdk/internal/math/FormattedFloatingDecimal$1
Event: 9.948 loading class jdk/internal/math/FormattedFloatingDecimal$1 done
Event: 9.948 loading class jdk/internal/math/FormattedFloatingDecimal$2
Event: 9.948 loading class jdk/internal/math/FormattedFloatingDecimal$2 done
Event: 9.986 loading class java/util/TreeMap$ValueSpliterator
Event: 9.986 loading class java/util/TreeMap$TreeMapSpliterator
Event: 9.987 loading class java/util/TreeMap$TreeMapSpliterator done
Event: 9.987 loading class java/util/TreeMap$ValueSpliterator done
Event: 10.177 loading class java/nio/file/SimpleFileVisitor
Event: 10.178 loading class java/nio/file/SimpleFileVisitor done
Event: 10.178 loading class java/nio/file/FileTreeWalker$1
Event: 10.178 loading class java/nio/file/FileTreeWalker$1 done


Dynamic libraries:
0x00007ff67ef30000 - 0x00007ff67ef3e000 	c:\Users\vijay\.vscode\extensions\redhat.java-1.26.0-win32-x64\jre\17.0.9-win32-x86_64\bin\java.exe
0x00007ff8f93d0000 - 0x00007ff8f95c8000 	C:\Windows\SYSTEM32\ntdll.dll
0x00007ff8f7bb0000 - 0x00007ff8f7c6d000 	C:\Windows\System32\KERNEL32.DLL
0x00007ff8f6e00000 - 0x00007ff8f70f6000 	C:\Windows\System32\KERNELBASE.dll
0x00007ff8f7320000 - 0x00007ff8f7420000 	C:\Windows\System32\ucrtbase.dll
0x00007ff8dbe20000 - 0x00007ff8dbe37000 	c:\Users\vijay\.vscode\extensions\redhat.java-1.26.0-win32-x64\jre\17.0.9-win32-x86_64\bin\jli.dll
0x00007ff8c3b10000 - 0x00007ff8c3b2b000 	c:\Users\vijay\.vscode\extensions\redhat.java-1.26.0-win32-x64\jre\17.0.9-win32-x86_64\bin\VCRUNTIME140.dll
0x00007ff8f7c70000 - 0x00007ff8f7e0e000 	C:\Windows\System32\USER32.dll
0x00007ff8e9110000 - 0x00007ff8e93aa000 	C:\Windows\WinSxS\amd64_microsoft.windows.common-controls_6595b64144ccf1df_6.0.19041.3636_none_60b6a03d71f818d5\COMCTL32.dll
0x00007ff8f6aa0000 - 0x00007ff8f6ac2000 	C:\Windows\System32\win32u.dll
0x00007ff8f8ed0000 - 0x00007ff8f8f6e000 	C:\Windows\System32\msvcrt.dll
0x00007ff8f8750000 - 0x00007ff8f877c000 	C:\Windows\System32\GDI32.dll
0x00007ff8f6c30000 - 0x00007ff8f6d4a000 	C:\Windows\System32\gdi32full.dll
0x00007ff8f7100000 - 0x00007ff8f719d000 	C:\Windows\System32\msvcp_win.dll
0x00007ff8f7a50000 - 0x00007ff8f7a80000 	C:\Windows\System32\IMM32.DLL
0x00007ff8f24e0000 - 0x00007ff8f24ec000 	c:\Users\vijay\.vscode\extensions\redhat.java-1.26.0-win32-x64\jre\17.0.9-win32-x86_64\bin\vcruntime140_1.dll
0x00007ff8c0990000 - 0x00007ff8c0a1d000 	c:\Users\vijay\.vscode\extensions\redhat.java-1.26.0-win32-x64\jre\17.0.9-win32-x86_64\bin\msvcp140.dll
0x00007ff874fe0000 - 0x00007ff875c41000 	c:\Users\vijay\.vscode\extensions\redhat.java-1.26.0-win32-x64\jre\17.0.9-win32-x86_64\bin\server\jvm.dll
0x00007ff8f9240000 - 0x00007ff8f92f3000 	C:\Windows\System32\ADVAPI32.dll
0x00007ff8f7e70000 - 0x00007ff8f7f0f000 	C:\Windows\System32\sechost.dll
0x00007ff8f7fd0000 - 0x00007ff8f80f6000 	C:\Windows\System32\RPCRT4.dll
0x00007ff8f72a0000 - 0x00007ff8f72c7000 	C:\Windows\System32\bcrypt.dll
0x00007ff8e1530000 - 0x00007ff8e1557000 	C:\Windows\SYSTEM32\WINMM.dll
0x00007ff8f5fe0000 - 0x00007ff8f602b000 	C:\Windows\SYSTEM32\POWRPROF.dll
0x00007ff8db3b0000 - 0x00007ff8db3b9000 	C:\Windows\SYSTEM32\WSOCK32.dll
0x00007ff8f0a00000 - 0x00007ff8f0a0a000 	C:\Windows\SYSTEM32\VERSION.dll
0x00007ff8f81c0000 - 0x00007ff8f822b000 	C:\Windows\System32\WS2_32.dll
0x00007ff8f5eb0000 - 0x00007ff8f5ec2000 	C:\Windows\SYSTEM32\UMPDC.dll
0x00007ff8f4950000 - 0x00007ff8f4962000 	C:\Windows\SYSTEM32\kernel.appcore.dll
0x00007ff8c3f70000 - 0x00007ff8c3f7a000 	c:\Users\vijay\.vscode\extensions\redhat.java-1.26.0-win32-x64\jre\17.0.9-win32-x86_64\bin\jimage.dll
0x00007ff8f4220000 - 0x00007ff8f4404000 	C:\Windows\SYSTEM32\DBGHELP.DLL
0x00007ff8ebc70000 - 0x00007ff8ebca4000 	C:\Windows\SYSTEM32\dbgcore.DLL
0x00007ff8f7210000 - 0x00007ff8f7292000 	C:\Windows\System32\bcryptPrimitives.dll
0x00007ff8efda0000 - 0x00007ff8efdae000 	c:\Users\vijay\.vscode\extensions\redhat.java-1.26.0-win32-x64\jre\17.0.9-win32-x86_64\bin\instrument.dll
0x00007ff8c0960000 - 0x00007ff8c0985000 	c:\Users\vijay\.vscode\extensions\redhat.java-1.26.0-win32-x64\jre\17.0.9-win32-x86_64\bin\java.dll
0x00007ff8c3690000 - 0x00007ff8c36a8000 	c:\Users\vijay\.vscode\extensions\redhat.java-1.26.0-win32-x64\jre\17.0.9-win32-x86_64\bin\zip.dll
0x00007ff8f8780000 - 0x00007ff8f8ec5000 	C:\Windows\System32\SHELL32.dll
0x00007ff8f4b50000 - 0x00007ff8f52eb000 	C:\Windows\SYSTEM32\windows.storage.dll
0x00007ff8f83f0000 - 0x00007ff8f8744000 	C:\Windows\System32\combase.dll
0x00007ff8f64d0000 - 0x00007ff8f64fd000 	C:\Windows\SYSTEM32\Wldp.dll
0x00007ff8f7b00000 - 0x00007ff8f7bad000 	C:\Windows\System32\SHCORE.dll
0x00007ff8f8160000 - 0x00007ff8f81b5000 	C:\Windows\System32\shlwapi.dll
0x00007ff8f69d0000 - 0x00007ff8f69f5000 	C:\Windows\SYSTEM32\profapi.dll
0x00007ff8c0940000 - 0x00007ff8c0959000 	C:\Users\vijay\.vscode\extensions\redhat.java-1.26.0-win32-x64\jre\17.0.9-win32-x86_64\bin\net.dll
0x00007ff8ee4b0000 - 0x00007ff8ee5ba000 	C:\Windows\SYSTEM32\WINHTTP.dll
0x00007ff8f6230000 - 0x00007ff8f629a000 	C:\Windows\system32\mswsock.dll
0x00007ff8b9560000 - 0x00007ff8b9576000 	C:\Users\vijay\.vscode\extensions\redhat.java-1.26.0-win32-x64\jre\17.0.9-win32-x86_64\bin\nio.dll
0x00007ff8c0930000 - 0x00007ff8c0940000 	c:\Users\vijay\.vscode\extensions\redhat.java-1.26.0-win32-x64\jre\17.0.9-win32-x86_64\bin\verify.dll
0x00007ff8e3370000 - 0x00007ff8e33ae000 	C:\Users\vijay\AppData\Roaming\Code\User\globalStorage\redhat.java\1.26.0\config_win\org.eclipse.equinox.launcher\org.eclipse.equinox.launcher.win32.win32.x86_64_1.2.800.v20231003-1442\eclipse_11802.dll
0x00007ff8f8230000 - 0x00007ff8f835b000 	C:\Windows\System32\ole32.dll
0x00007ff8f6420000 - 0x00007ff8f6438000 	C:\Windows\SYSTEM32\CRYPTSP.dll
0x00007ff8f5af0000 - 0x00007ff8f5b24000 	C:\Windows\system32\rsaenh.dll
0x00007ff8f6990000 - 0x00007ff8f69be000 	C:\Windows\SYSTEM32\USERENV.dll
0x00007ff8f6440000 - 0x00007ff8f644c000 	C:\Windows\SYSTEM32\CRYPTBASE.dll
0x00007ff8f5ed0000 - 0x00007ff8f5f0b000 	C:\Windows\SYSTEM32\IPHLPAPI.DLL
0x00007ff8f7a40000 - 0x00007ff8f7a48000 	C:\Windows\System32\NSI.dll
0x00007ff8ecb00000 - 0x00007ff8ecb17000 	C:\Windows\SYSTEM32\dhcpcsvc6.DLL
0x00007ff8ecf10000 - 0x00007ff8ecf2d000 	C:\Windows\SYSTEM32\dhcpcsvc.DLL
0x00007ff8f5f10000 - 0x00007ff8f5fda000 	C:\Windows\SYSTEM32\DNSAPI.dll
0x00007ff8e1730000 - 0x00007ff8e1775000 	C:\Users\vijay\AppData\Local\Temp\jna-112208527\jna8698038046942023935.dll
0x00007ff8f7f10000 - 0x00007ff8f7f18000 	C:\Windows\System32\PSAPI.DLL
0x00007ff8ecb50000 - 0x00007ff8ecb5e000 	C:\Users\vijay\.vscode\extensions\redhat.java-1.26.0-win32-x64\jre\17.0.9-win32-x86_64\bin\sunmscapi.dll
0x00007ff8f6ad0000 - 0x00007ff8f6c2d000 	C:\Windows\System32\CRYPT32.dll
0x00007ff8f6540000 - 0x00007ff8f6568000 	C:\Windows\SYSTEM32\ncrypt.dll
0x00007ff8f6500000 - 0x00007ff8f653b000 	C:\Windows\SYSTEM32\NTASN1.dll
0x00007ff8e9ab0000 - 0x00007ff8e9aba000 	C:\Windows\System32\rasadhlp.dll
0x00007ff8e9af0000 - 0x00007ff8e9b70000 	C:\Windows\System32\fwpuclnt.dll

dbghelp: loaded successfully - version: 4.0.5 - missing functions: none
symbol engine: initialized successfully - sym options: 0x614 - pdb path: .;c:\Users\vijay\.vscode\extensions\redhat.java-1.26.0-win32-x64\jre\17.0.9-win32-x86_64\bin;C:\Windows\SYSTEM32;C:\Windows\WinSxS\amd64_microsoft.windows.common-controls_6595b64144ccf1df_6.0.19041.3636_none_60b6a03d71f818d5;c:\Users\vijay\.vscode\extensions\redhat.java-1.26.0-win32-x64\jre\17.0.9-win32-x86_64\bin\server;C:\Users\vijay\AppData\Roaming\Code\User\globalStorage\redhat.java\1.26.0\config_win\org.eclipse.equinox.launcher\org.eclipse.equinox.launcher.win32.win32.x86_64_1.2.800.v20231003-1442;C:\Users\vijay\AppData\Local\Temp\jna-112208527

VM Arguments:
jvm_args: --add-modules=ALL-SYSTEM --add-opens=java.base/java.util=ALL-UNNAMED --add-opens=java.base/java.lang=ALL-UNNAMED --add-opens=java.base/sun.nio.fs=ALL-UNNAMED -Declipse.application=org.eclipse.jdt.ls.core.id1 -Dosgi.bundles.defaultStartLevel=4 -Declipse.product=org.eclipse.jdt.ls.core.product -Djava.import.generatesMetadataFilesAtProjectRoot=false -DDetectVMInstallationsJob.disabled=true -Dfile.encoding=utf8 -XX:+UseParallelGC -XX:GCTimeRatio=4 -XX:AdaptiveSizePolicyWeight=90 -Dsun.zip.disableMemoryMapping=true -Xmx1G -Xms100m -Xlog:disable -javaagent:c:\Users\vijay\.vscode\extensions\redhat.java-1.26.0-win32-x64\lombok\lombok-1.18.31-3454.jar -XX:+HeapDumpOnOutOfMemoryError -XX:HeapDumpPath=c:\Users\vijay\AppData\Roaming\Code\User\workspaceStorage\76c1107fe8591dd7646c0e0b73a37fb0\redhat.java -Daether.dependencyCollector.impl=bf 
java_command: c:\Users\vijay\.vscode\extensions\redhat.java-1.26.0-win32-x64\server\plugins\org.eclipse.equinox.launcher_1.6.700.v20231214-2017.jar -configuration c:\Users\vijay\AppData\Roaming\Code\User\globalStorage\redhat.java\1.26.0\config_win -data c:\Users\vijay\AppData\Roaming\Code\User\workspaceStorage\76c1107fe8591dd7646c0e0b73a37fb0\redhat.java\jdt_ws --stdio
java_class_path (initial): c:\Users\vijay\.vscode\extensions\redhat.java-1.26.0-win32-x64\server\plugins\org.eclipse.equinox.launcher_1.6.700.v20231214-2017.jar
Launcher Type: SUN_STANDARD

[Global flags]
    uintx AdaptiveSizePolicyWeight                 = 90                                        {product} {command line}
     intx CICompilerCount                          = 4                                         {product} {ergonomic}
    uintx GCTimeRatio                              = 4                                         {product} {command line}
     bool HeapDumpOnOutOfMemoryError               = true                                   {manageable} {command line}
    ccstr HeapDumpPath                             = c:\Users\vijay\AppData\Roaming\Code\User\workspaceStorage\76c1107fe8591dd7646c0e0b73a37fb0\redhat.java         {manageable} {command line}
   size_t InitialHeapSize                          = 104857600                                 {product} {command line}
   size_t MaxHeapSize                              = 1073741824                                {product} {command line}
   size_t MaxNewSize                               = 357564416                                 {product} {ergonomic}
   size_t MinHeapDeltaBytes                        = 524288                                    {product} {ergonomic}
   size_t MinHeapSize                              = 104857600                                 {product} {command line}
   size_t NewSize                                  = 34603008                                  {product} {ergonomic}
    uintx NonNMethodCodeHeapSize                   = 5839372                                {pd product} {ergonomic}
    uintx NonProfiledCodeHeapSize                  = 122909434                              {pd product} {ergonomic}
   size_t OldSize                                  = 70254592                                  {product} {ergonomic}
    uintx ProfiledCodeHeapSize                     = 122909434                              {pd product} {ergonomic}
    uintx ReservedCodeCacheSize                    = 251658240                              {pd product} {ergonomic}
     bool SegmentedCodeCache                       = true                                      {product} {ergonomic}
   size_t SoftMaxHeapSize                          = 1073741824                             {manageable} {ergonomic}
     bool UseCompressedClassPointers               = true                           {product lp64_product} {ergonomic}
     bool UseCompressedOops                        = true                           {product lp64_product} {ergonomic}
     bool UseLargePagesIndividualAllocation        = false                                  {pd product} {ergonomic}
     bool UseParallelGC                            = true                                      {product} {command line}

Logging:
Log output configuration:
 #0: stdout all=off uptime,level,tags
 #1: stderr all=off uptime,level,tags

Environment Variables:
JAVA_HOME=C:\Program Files\Java\jdk1.8.0_202\bin
PATH=C:\Program Files\Common Files\Oracle\Java\javapath;C:\Program Files (x86)\Common Files\Oracle\Java\javapath;C:\Windows\system32;C:\Windows;C:\Windows\System32\Wbem;C:\Windows\System32\WindowsPowerShell\v1.0\;C:\Windows\System32\OpenSSH\;C:\Program Files\Intel\WiFi\bin\;C:\Program Files\Common Files\Intel\WirelessCommon\;C:\Program Files\Git\cmd;C:\Program Files\nodejs\;C:\Program Files\Java\jdk1.8.0_202\bin;C:\Program Files\MySQL\mysql-connector-j-8.1.0;C:\Program Files\Java\jdk-21;C:\Program Files\MySQL\MySQL Shell 8.0\bin\;C:\Users\vijay\AppData\Local\Microsoft\WindowsApps;C:\Users\vijay\AppData\Local\Programs\Microsoft VS Code\bin;C:\Users\vijay\AppData\Roaming\npm;C:\Program Files\Java\jdk1.8.0_202\bin;C:\Program Files\Java\jdk-21;
USERNAME=vijay
OS=Windows_NT
PROCESSOR_IDENTIFIER=Intel64 Family 6 Model 142 Stepping 10, GenuineIntel
TMP=C:\Users\vijay\AppData\Local\Temp
TEMP=C:\Users\vijay\AppData\Local\Temp



Periodic native trim disabled


---------------  S Y S T E M  ---------------

OS:
 Windows 10 , 64 bit Build 19041 (10.0.19041.3636)
OS uptime: 0 days 0:21 hours

CPU: total 8 (initial active 8) (4 cores per cpu, 2 threads per core) family 6 model 142 stepping 10 microcode 0xf0, cx8, cmov, fxsr, ht, mmx, 3dnowpref, sse, sse2, sse3, ssse3, sse4.1, sse4.2, popcnt, lzcnt, tsc, tscinvbit, avx, avx2, aes, erms, clmul, bmi1, bmi2, adx, fma, vzeroupper, clflush, clflushopt
Processor Information for all 8 processors :
  Max Mhz: 1800, Current Mhz: 1600, Mhz Limit: 1584

Memory: 4k page, system-wide physical 16238M (10148M free)
TotalPageFile size 18670M (AvailPageFile size 12033M)
current process WorkingSet (physical memory assigned to process): 309M, peak: 309M
current process commit charge ("private bytes"): 375M, peak: 375M

vm_info: OpenJDK 64-Bit Server VM (17.0.9+9) for windows-amd64 JRE (17.0.9+9), built on Oct 26 2023 14:01:42 by "admin" with MS VC++ 16.10 / 16.11 (VS2019)

END.
