#
# A fatal error has been detected by the Java Runtime Environment:
#
#  EXCEPTION_ACCESS_VIOLATION (0xc0000005) at pc=0x00007ffb88756a14, pid=17284, tid=9148
#
# JRE version: OpenJDK Runtime Environment Temurin-17.0.9+9 (17.0.9+9) (build 17.0.9+9)
# Java VM: OpenJDK 64-Bit Server VM Temurin-17.0.9+9 (17.0.9+9, mixed mode, tiered, compressed oops, compressed class ptrs, parallel gc, windows-amd64)
# Problematic frame:
# V  [jvm.dll+0x566a14]
#
# No core dump will be written. Minidumps are not enabled by default on client versions of Windows
#
# If you would like to submit a bug report, please visit:
#   https://github.com/adoptium/adoptium-support/issues
#

---------------  S U M M A R Y ------------

Command Line: --add-modules=ALL-SYSTEM --add-opens=java.base/java.util=ALL-UNNAMED --add-opens=java.base/java.lang=ALL-UNNAMED --add-opens=java.base/sun.nio.fs=ALL-UNNAMED -Declipse.application=org.eclipse.jdt.ls.core.id1 -Dosgi.bundles.defaultStartLevel=4 -Declipse.product=org.eclipse.jdt.ls.core.product -Djava.import.generatesMetadataFilesAtProjectRoot=false -DDetectVMInstallationsJob.disabled=true -Dfile.encoding=utf8 -XX:+UseParallelGC -XX:GCTimeRatio=4 -XX:AdaptiveSizePolicyWeight=90 -Dsun.zip.disableMemoryMapping=true -Xmx1G -Xms100m -Xlog:disable -javaagent:c:\Users\vijay\.vscode\extensions\redhat.java-1.25.1-win32-x64\lombok\lombok-1.18.30.jar -XX:+HeapDumpOnOutOfMemoryError -XX:HeapDumpPath=c:\Users\vijay\AppData\Roaming\Code\User\workspaceStorage\76c1107fe8591dd7646c0e0b73a37fb0\redhat.java -Daether.dependencyCollector.impl=bf c:\Users\vijay\.vscode\extensions\redhat.java-1.25.1-win32-x64\server\plugins\org.eclipse.equinox.launcher_1.6.600.v20231106-1826.jar -configuration c:\Users\vijay\AppData\Roaming\Code\User\globalStorage\redhat.java\1.25.1\config_win -data c:\Users\vijay\AppData\Roaming\Code\User\workspaceStorage\76c1107fe8591dd7646c0e0b73a37fb0\redhat.java\jdt_ws --stdio

Host: Intel(R) Core(TM) i5-8250U CPU @ 1.60GHz, 8 cores, 15G,  Windows 10 , 64 bit Build 19041 (10.0.19041.3636)
Time: Thu Jan 11 12:31:28 2024 India Standard Time elapsed time: 5.593729 seconds (0d 0h 0m 5s)

---------------  T H R E A D  ---------------

Current thread (0x000002016ed8f120):  JavaThread "C2 CompilerThread1" daemon [_thread_in_native, id=9148, stack(0x0000004b56400000,0x0000004b56500000)]


Current CompileTask:
C2:   5593 5653   !   4       org.eclipse.osgi.internal.loader.BundleLoader::findRequiredSource (283 bytes)

Stack: [0x0000004b56400000,0x0000004b56500000],  sp=0x0000004b564fb6b0,  free space=1005k
Native frames: (J=compiled Java code, j=interpreted, Vv=VM code, C=native code)
V  [jvm.dll+0x566a14]
V  [jvm.dll+0x567203]
V  [jvm.dll+0x3313e9]
V  [jvm.dll+0x33085a]
V  [jvm.dll+0x21a5b1]
V  [jvm.dll+0x2199d1]
V  [jvm.dll+0x1a57cd]
V  [jvm.dll+0x2297ae]
V  [jvm.dll+0x22797c]
V  [jvm.dll+0x7e9877]
V  [jvm.dll+0x7e3c3a]
V  [jvm.dll+0x67be35]
C  [ucrtbase.dll+0x21bb2]
C  [KERNEL32.DLL+0x17344]
C  [ntdll.dll+0x526b1]


siginfo: EXCEPTION_ACCESS_VIOLATION (0xc0000005), reading address 0xffffffffffffffff


Registers:
RAX=0x00000201703b7490, RBX=0x0000000000000707, RCX=0x00107ffb88d73d48, RDX=0x000002017192eee0
RSP=0x0000004b564fb6b0, RBP=0x0000000000000080, RSI=0x0000000000000000, RDI=0x0000020171571bf8
R8 =0x00007ffb88d73d48, R9 =0x0000000000000001, R10=0x0000000000000003, R11=0x000002017c4a96e0
R12=0x000002017d012070, R13=0x0000004b564fbac0, R14=0x0000000000000038, R15=0x000002017cec3260
RIP=0x00007ffb88756a14, EFLAGS=0x0000000000010202


Register to memory mapping:

RIP=0x00007ffb88756a14 jvm.dll
RAX=0x00000201703b7490 points into unknown readable memory: 0x00007ffb88d73d48 | 48 3d d7 88 fb 7f 00 00
RBX=0x0000000000000707 is an unknown value
RCX=0x00107ffb88d73d48 is an unknown value
RDX=0x000002017192eee0 points into unknown readable memory: 0x0000000000000080 | 80 00 00 00 00 00 00 00
RSP=0x0000004b564fb6b0 is pointing into the stack for thread: 0x000002016ed8f120
RBP=0x0000000000000080 is an unknown value
RSI=0x0 is NULL
RDI=0x0000020171571bf8 points into unknown readable memory: 0x0000000700000006 | 06 00 00 00 07 00 00 00
R8 =0x00007ffb88d73d48 jvm.dll
R9 =0x0000000000000001 is an unknown value
R10=0x0000000000000003 is an unknown value
R11=0x000002017c4a96e0 points into unknown readable memory: 0x0000000000000000 | 00 00 00 00 00 00 00 00
R12=0x000002017d012070 points into unknown readable memory: 0x0000000000000000 | 00 00 00 00 00 00 00 00
R13=0x0000004b564fbac0 is pointing into the stack for thread: 0x000002016ed8f120
R14=0x0000000000000038 is an unknown value
R15=0x000002017cec3260 points into unknown readable memory: 0x0000000800000007 | 07 00 00 00 08 00 00 00


Top of Stack: (sp=0x0000004b564fb6b0)
0x0000004b564fb6b0:   0000000000000707 0000020171571bf8
0x0000004b564fb6c0:   0000004b564fe6f0 0000004b564fbac0
0x0000004b564fb6d0:   0000000000000000 0000000100000707
0x0000004b564fb6e0:   0000000e00000008 000002017c4a96a0
0x0000004b564fb6f0:   00000201715712c0 0000020171571220
0x0000004b564fb700:   000002017c4ae908 00000201706abdc8
0x0000004b564fb710:   0000000000000008 0000004b564fbac0
0x0000004b564fb720:   0000020171571220 0000000000000004
0x0000004b564fb730:   0000000000000020 0000000000000000
0x0000004b564fb740:   00000201706ab568 00007ffb88757203
0x0000004b564fb750:   000002017d012070 00000201706abdc8
0x0000004b564fb760:   0000000000000000 0000004b564fb7b8
0x0000004b564fb770:   0000020170bf0c08 0000000000000020
0x0000004b564fb780:   0000020171571220 0000000000000020
0x0000004b564fb790:   000002016eebc050 000002017c5d9a10
0x0000004b564fb7a0:   00000000003e4bf8 000002017c5d9a60
0x0000004b564fb7b0:   000002017c5e19f8 00007ffb00000010
0x0000004b564fb7c0:   000002017c4ac2a8 0000000000000010
0x0000004b564fb7d0:   000002016eebc050 0000000000000000
0x0000004b564fb7e0:   0000000000201b10 0000000000000000
0x0000004b564fb7f0:   0000020172e150f0 0000020172e154d8
0x0000004b564fb800:   0000020172e15100 0000004b564fbd00
0x0000004b564fb810:   00000000000003d8 0000004b564fb930
0x0000004b564fb820:   0000000000002eb4 00007ffb885213e9
0x0000004b564fb830:   0000004b00000631 0000004b00000008
0x0000004b564fb840:   00000201706ab568 0000000000000050
0x0000004b564fb850:   000000007fffff01 0000000000000000
0x0000004b564fb860:   00000000f20003f1 00000000000000ce
0x0000004b564fb870:   0000000053980101 0000000000000006
0x0000004b564fb880:   0000020172e150f0 000002017192ee50
0x0000004b564fb890:   000002017192f4c0 0000020171936e38
0x0000004b564fb8a0:   0000000000ab6160 00000201707acbc0 

Instructions: (pc=0x00007ffb88756a14)
0x00007ffb88756914:   3e 00 0f 84 6f 01 00 00 48 8b 46 08 4c 8d 05 21
0x00007ffb88756924:   d4 61 00 8b 4e 04 33 d2 4c 8b a4 24 a0 00 00 00
0x00007ffb88756934:   8b da 48 89 54 24 20 89 54 24 28 48 89 54 24 38
0x00007ffb88756944:   48 89 44 24 40 48 c7 44 24 2c 04 00 00 00 89 4c
0x00007ffb88756954:   24 34 48 89 74 24 48 4c 89 74 24 60 48 85 d2 74
0x00007ffb88756964:   19 48 0f bc c2 8b c8 48 d3 ea 48 ff ca 03 d8 48
0x00007ffb88756974:   89 54 24 20 89 5c 24 28 eb 28 83 7c 24 2c 04 72
0x00007ffb88756984:   0e 8b 44 24 34 39 44 24 30 0f 83 db 00 00 00 48
0x00007ffb88756994:   8d 4c 24 20 e8 33 56 e0 ff 8b d8 4c 8d 05 a2 d3
0x00007ffb887569a4:   61 00 85 db 0f 84 c0 00 00 00 8b c3 48 c1 e8 08
0x00007ffb887569b4:   8b f3 4c 8d 34 c5 00 00 00 00 49 8b 47 08 49 8b
0x00007ffb887569c4:   14 06 49 3b d0 75 14 8b d3 49 8b cf e8 bb 57 e0
0x00007ffb887569d4:   ff 48 8b d0 4c 8d 05 69 d3 61 00 40 0f b6 ce bd
0x00007ffb887569e4:   01 00 00 00 48 c1 ee 06 80 e1 3f 83 e6 03 48 d3
0x00007ffb887569f4:   e5 48 8b 0c f2 48 8b c1 48 0b c5 48 89 04 f2 48
0x00007ffb88756a04:   85 cd 75 48 41 ff 07 49 8b 44 24 08 4a 8b 0c 30
0x00007ffb88756a14:   48 85 2c f1 75 36 48 8b 47 08 49 8b 14 06 49 3b
0x00007ffb88756a24:   d0 75 14 8b d3 48 8b cf e8 5f 57 e0 ff 48 8b d0
0x00007ffb88756a34:   4c 8d 05 0d d3 61 00 48 8b 0c f2 48 8b c1 48 0b
0x00007ffb88756a44:   c5 48 89 04 f2 48 85 cd 74 10 66 90 8b 5c 24 28
0x00007ffb88756a54:   48 8b 54 24 20 e9 02 ff ff ff ff 07 8b 5c 24 28
0x00007ffb88756a64:   48 8b 54 24 20 e9 f2 fe ff ff 4c 8b a4 24 a8 00
0x00007ffb88756a74:   00 00 48 8b 9c 24 b0 00 00 00 48 8b ac 24 b8 00
0x00007ffb88756a84:   00 00 4c 8b 74 24 60 83 3f 00 4c 8b 7c 24 58 48
0x00007ffb88756a94:   8b 74 24 68 74 4b 41 8b 4c 24 4c 49 8b 45 28 ff
0x00007ffb88756aa4:   c9 48 89 3c c8 48 85 db 75 46 41 8b 4c 24 4c 8b
0x00007ffb88756ab4:   c1 c1 e8 05 3b 45 00 73 37 8b d0 83 e1 1f 48 8b
0x00007ffb88756ac4:   45 08 8b 04 90 0f a3 c8 73 26 49 8b 4d 38 49 8b
0x00007ffb88756ad4:   d4 48 83 c4 70 41 5d 41 5c 5f 5d 5b e9 fb b9 bb
0x00007ffb88756ae4:   ff 49 8b 45 30 48 89 87 98 00 00 00 49 89 7d 30
0x00007ffb88756af4:   48 83 c4 70 41 5d 41 5c 5f 5d 5b c3 40 53 55 56
0x00007ffb88756b04:   57 41 54 41 55 41 56 41 57 48 81 ec 98 00 00 00 


Stack slot to memory mapping:
stack at sp + 0 slots: 0x0000000000000707 is an unknown value
stack at sp + 1 slots: 0x0000020171571bf8 points into unknown readable memory: 0x0000000700000006 | 06 00 00 00 07 00 00 00
stack at sp + 2 slots: 0x0000004b564fe6f0 is pointing into the stack for thread: 0x000002016ed8f120
stack at sp + 3 slots: 0x0000004b564fbac0 is pointing into the stack for thread: 0x000002016ed8f120
stack at sp + 4 slots: 0x0 is NULL
stack at sp + 5 slots: 0x0000000100000707 is pointing into metadata
stack at sp + 6 slots: 0x0000000e00000008 is an unknown value
stack at sp + 7 slots: 0x000002017c4a96a0 points into unknown readable memory: 0x0000000000000080 | 80 00 00 00 00 00 00 00


---------------  P R O C E S S  ---------------

Threads class SMR info:
_java_thread_list=0x0000020172af6ef0, length=31, elements={
0x0000020155b48020, 0x000002016ecf4740, 0x000002016ecf9190, 0x00000201699e3030,
0x00000201699e3dc0, 0x00000201699e52f0, 0x00000201699e95c0, 0x000002016ed1c550,
0x000002016ed1fe80, 0x000002016ed20790, 0x000002016ee61d40, 0x000002016ed8f120,
0x000002016ef67bd0, 0x0000020170439f00, 0x000002017043bd60, 0x00000201704399f0,
0x000002017043c270, 0x000002017043ae30, 0x0000020170438ac0, 0x000002017043a410,
0x000002017043b850, 0x0000020170438fd0, 0x00000201704394e0, 0x00000201715033d0,
0x000002017043a920, 0x00000201709c9ae0, 0x00000201709c3ab0, 0x00000201709c3fc0,
0x00000201709c44d0, 0x00000201709c7c80, 0x00000201709c9ff0
}

Java Threads: ( => current thread )
  0x0000020155b48020 JavaThread "main" [_thread_blocked, id=2692, stack(0x0000004b55700000,0x0000004b55800000)]
  0x000002016ecf4740 JavaThread "Reference Handler" daemon [_thread_blocked, id=11396, stack(0x0000004b55a00000,0x0000004b55b00000)]
  0x000002016ecf9190 JavaThread "Finalizer" daemon [_thread_blocked, id=4628, stack(0x0000004b55b00000,0x0000004b55c00000)]
  0x00000201699e3030 JavaThread "Signal Dispatcher" daemon [_thread_blocked, id=6984, stack(0x0000004b55c00000,0x0000004b55d00000)]
  0x00000201699e3dc0 JavaThread "Attach Listener" daemon [_thread_blocked, id=4332, stack(0x0000004b55d00000,0x0000004b55e00000)]
  0x00000201699e52f0 JavaThread "Service Thread" daemon [_thread_blocked, id=14708, stack(0x0000004b55e00000,0x0000004b55f00000)]
  0x00000201699e95c0 JavaThread "Monitor Deflation Thread" daemon [_thread_blocked, id=7268, stack(0x0000004b55f00000,0x0000004b56000000)]
  0x000002016ed1c550 JavaThread "C2 CompilerThread0" daemon [_thread_in_native, id=12860, stack(0x0000004b56000000,0x0000004b56100000)]
  0x000002016ed1fe80 JavaThread "C1 CompilerThread0" daemon [_thread_blocked, id=16924, stack(0x0000004b56100000,0x0000004b56200000)]
  0x000002016ed20790 JavaThread "Sweeper thread" daemon [_thread_blocked, id=16352, stack(0x0000004b56200000,0x0000004b56300000)]
  0x000002016ee61d40 JavaThread "Common-Cleaner" daemon [_thread_blocked, id=16172, stack(0x0000004b56300000,0x0000004b56400000)]
=>0x000002016ed8f120 JavaThread "C2 CompilerThread1" daemon [_thread_in_native, id=9148, stack(0x0000004b56400000,0x0000004b56500000)]
  0x000002016ef67bd0 JavaThread "Notification Thread" daemon [_thread_blocked, id=6524, stack(0x0000004b56500000,0x0000004b56600000)]
  0x0000020170439f00 JavaThread "Active Thread: Equinox Container: 97dc78f7-2342-4693-8436-bac38dfaae9a" [_thread_blocked, id=14044, stack(0x0000004b56e00000,0x0000004b56f00000)]
  0x000002017043bd60 JavaThread "Framework Event Dispatcher: Equinox Container: 97dc78f7-2342-4693-8436-bac38dfaae9a" daemon [_thread_blocked, id=14496, stack(0x0000004b56f00000,0x0000004b57000000)]
  0x00000201704399f0 JavaThread "Start Level: Equinox Container: 97dc78f7-2342-4693-8436-bac38dfaae9a" daemon [_thread_blocked, id=15424, stack(0x0000004b57000000,0x0000004b57100000)]
  0x000002017043c270 JavaThread "Bundle File Closer" daemon [_thread_blocked, id=4068, stack(0x0000004b57200000,0x0000004b57300000)]
  0x000002017043ae30 JavaThread "SCR Component Actor" daemon [_thread_blocked, id=13764, stack(0x0000004b57300000,0x0000004b57400000)]
  0x0000020170438ac0 JavaThread "SCR Component Registry" daemon [_thread_blocked, id=9784, stack(0x0000004b57400000,0x0000004b57500000)]
  0x000002017043a410 JavaThread "Worker-JM" [_thread_blocked, id=9084, stack(0x0000004b56700000,0x0000004b56800000)]
  0x000002017043b850 JavaThread "Worker-0" [_thread_blocked, id=11884, stack(0x0000004b57500000,0x0000004b57600000)]
  0x0000020170438fd0 JavaThread "Worker-1" [_thread_blocked, id=18128, stack(0x0000004b57600000,0x0000004b57700000)]
  0x00000201704394e0 JavaThread "Worker-2: Repository registry initialization" [_thread_in_vm, id=13960, stack(0x0000004b57700000,0x0000004b57800000)]
  0x00000201715033d0 JavaThread "C2 CompilerThread2" daemon [_thread_in_native, id=11320, stack(0x0000004b57800000,0x0000004b57900000)]
  0x000002017043a920 JavaThread "Java indexing" daemon [_thread_blocked, id=7176, stack(0x0000004b57900000,0x0000004b57a00000)]
  0x00000201709c9ae0 JavaThread "Worker-3: Building" [_thread_in_vm, id=16332, stack(0x0000004b57a00000,0x0000004b57b00000)]
  0x00000201709c3ab0 JavaThread "JNA Cleaner" daemon [_thread_blocked, id=17508, stack(0x0000004b57b00000,0x0000004b57c00000)]
  0x00000201709c3fc0 JavaThread "pool-2-thread-1" [_thread_blocked, id=1492, stack(0x0000004b57e00000,0x0000004b57f00000)]
  0x00000201709c44d0 JavaThread "WorkspaceEventsHandler" [_thread_blocked, id=10336, stack(0x0000004b57f00000,0x0000004b58000000)]
  0x00000201709c7c80 JavaThread "pool-1-thread-1" [_thread_in_native, id=12640, stack(0x0000004b58000000,0x0000004b58100000)]
  0x00000201709c9ff0 JavaThread "Worker-4" [_thread_blocked, id=9928, stack(0x0000004b58100000,0x0000004b58200000)]

Other Threads:
  0x0000020155c0e7d0 VMThread "VM Thread" [stack: 0x0000004b55900000,0x0000004b55a00000] [id=12308]
  0x000002016ef680b0 WatcherThread [stack: 0x0000004b56600000,0x0000004b56700000] [id=12968]
  0x0000020155b5dcb0 GCTaskThread "GC Thread#0" [stack: 0x0000004b55800000,0x0000004b55900000] [id=3484]
  0x00000201700ecfa0 GCTaskThread "GC Thread#1" [stack: 0x0000004b56800000,0x0000004b56900000] [id=10388]
  0x00000201700ed260 GCTaskThread "GC Thread#2" [stack: 0x0000004b56900000,0x0000004b56a00000] [id=14764]
  0x00000201701c7020 GCTaskThread "GC Thread#3" [stack: 0x0000004b56a00000,0x0000004b56b00000] [id=6852]
  0x00000201701c72e0 GCTaskThread "GC Thread#4" [stack: 0x0000004b56b00000,0x0000004b56c00000] [id=12124]
  0x00000201707533d0 GCTaskThread "GC Thread#5" [stack: 0x0000004b56c00000,0x0000004b56d00000] [id=14684]
  0x0000020170753aa0 GCTaskThread "GC Thread#6" [stack: 0x0000004b56d00000,0x0000004b56e00000] [id=1920]
  0x0000020170b14960 GCTaskThread "GC Thread#7" [stack: 0x0000004b57100000,0x0000004b57200000] [id=11392]

Threads with active compile tasks:
C2 CompilerThread0     5707 6230       4       org.eclipse.osgi.internal.serviceregistry.ServiceRegistry::notifyHooksPrivileged (58 bytes)
C2 CompilerThread1     5707 5653   !   4       org.eclipse.osgi.internal.loader.BundleLoader::findRequiredSource (283 bytes)
C2 CompilerThread2     5707 5774   !   4       org.eclipse.osgi.internal.loader.classpath.ClasspathManager::defineClass (636 bytes)

VM state: not at safepoint (normal execution)

VM Mutex/Monitor currently owned by a thread: None

Heap address: 0x00000000c0000000, size: 1024 MB, Compressed Oops mode: 32-bit

CDS archive(s) not mapped
Compressed class space mapped at: 0x0000000100000000-0x0000000140000000, reserved size: 1073741824
Narrow klass base: 0x0000000000000000, Narrow klass shift: 3, Narrow klass range: 0x140000000

GC Precious Log:
 CPUs: 8 total, 8 available
 Memory: 16238M
 Large Page Support: Disabled
 NUMA Support: Disabled
 Compressed Oops: Enabled (32-bit)
 Alignments: Space 512K, Generation 512K, Heap 2M
 Heap Min Capacity: 100M
 Heap Initial Capacity: 100M
 Heap Max Capacity: 1G
 Pre-touch: Disabled
 Parallel Workers: 8

Heap:
 PSYoungGen      total 24064K, used 8220K [0x00000000eab00000, 0x00000000ec680000, 0x0000000100000000)
  eden space 21504K, 26% used [0x00000000eab00000,0x00000000eb095320,0x00000000ec000000)
  from space 2560K, 97% used [0x00000000ec400000,0x00000000ec671f48,0x00000000ec680000)
  to   space 3072K, 0% used [0x00000000ec080000,0x00000000ec080000,0x00000000ec380000)
 ParOldGen       total 68608K, used 35182K [0x00000000c0000000, 0x00000000c4300000, 0x00000000eab00000)
  object space 68608K, 51% used [0x00000000c0000000,0x00000000c225b980,0x00000000c4300000)
 Metaspace       used 57077K, committed 58304K, reserved 1114112K
  class space    used 6153K, committed 6720K, reserved 1048576K

Card table byte_map: [0x0000020155520000,0x0000020155730000] _byte_map_base: 0x0000020154f20000

Marking Bits: (ParMarkBitMap*) 0x00007ffb88d8d0b0
 Begin Bits: [0x00000201677f0000, 0x00000201687f0000)
 End Bits:   [0x00000201687f0000, 0x00000201697f0000)

Polling page: 0x0000020155310000

Metaspace:

Usage:
  Non-class:     49.73 MB used.
      Class:      6.01 MB used.
       Both:     55.74 MB used.

Virtual space:
  Non-class space:       64.00 MB reserved,      50.38 MB ( 79%) committed,  1 nodes.
      Class space:        1.00 GB reserved,       6.56 MB ( <1%) committed,  1 nodes.
             Both:        1.06 GB reserved,      56.94 MB (  5%) committed. 

Chunk freelists:
   Non-Class:  13.61 MB
       Class:  9.45 MB
        Both:  23.06 MB

MaxMetaspaceSize: unlimited
CompressedClassSpaceSize: 1.00 GB
Initial GC threshold: 21.00 MB
Current GC threshold: 58.88 MB
CDS: off
MetaspaceReclaimPolicy: balanced
 - commit_granule_bytes: 65536.
 - commit_granule_words: 8192.
 - virtual_space_node_default_size: 8388608.
 - enlarge_chunks_in_place: 1.
 - new_chunks_are_fully_committed: 0.
 - uncommit_free_chunks: 1.
 - use_allocation_guard: 0.
 - handle_deallocations: 1.


Internal statistics:

num_allocs_failed_limit: 10.
num_arena_births: 722.
num_arena_deaths: 14.
num_vsnodes_births: 2.
num_vsnodes_deaths: 0.
num_space_committed: 911.
num_space_uncommitted: 0.
num_chunks_returned_to_freelist: 24.
num_chunks_taken_from_freelist: 3138.
num_chunk_merges: 11.
num_chunk_splits: 1850.
num_chunks_enlarged: 891.
num_inconsistent_stats: 0.

CodeHeap 'non-profiled nmethods': size=120000Kb used=2712Kb max_used=2712Kb free=117287Kb
 bounds [0x00000201602c0000, 0x0000020160570000, 0x00000201677f0000]
CodeHeap 'profiled nmethods': size=120000Kb used=11092Kb max_used=11092Kb free=108907Kb
 bounds [0x00000201587f0000, 0x0000020159310000, 0x000002015fd20000]
CodeHeap 'non-nmethods': size=5760Kb used=1309Kb max_used=1377Kb free=4450Kb
 bounds [0x000002015fd20000, 0x000002015ff90000, 0x00000201602c0000]
 total_blobs=6136 nmethods=5497 adapters=552
 compilation: enabled
              stopped_count=0, restarted_count=0
 full_count=0

Compilation events (20 events):
Event: 5.562 Thread 0x000002016ed1fe80 nmethod 6085 0x0000020160559710 code [0x00000201605598a0, 0x0000020160559958]
Event: 5.562 Thread 0x000002016ed1fe80 6086       1       com.google.common.collect.ImmutableMultimap::size (5 bytes)
Event: 5.562 Thread 0x000002016ed1fe80 nmethod 6086 0x0000020160559a10 code [0x0000020160559ba0, 0x0000020160559c78]
Event: 5.562 Thread 0x000002016ed1fe80 6089       1       com.google.common.collect.AbstractMapBasedMultimap::access$000 (5 bytes)
Event: 5.562 Thread 0x000002016ed1fe80 nmethod 6089 0x0000020160559d10 code [0x0000020160559ea0, 0x0000020160559f58]
Event: 5.562 Thread 0x000002016ed1fe80 6153       3       lombok.core.LombokImmutableList::iterator (9 bytes)
Event: 5.562 Thread 0x000002016ed1fe80 nmethod 6153 0x00000201588cb590 code [0x00000201588cb740, 0x00000201588cb978]
Event: 5.562 Thread 0x000002016ed1fe80 6154       3       lombok.core.LombokImmutableList$1::<init> (15 bytes)
Event: 5.563 Thread 0x000002016ed1fe80 nmethod 6154 0x00000201588cb190 code [0x00000201588cb320, 0x00000201588cb4b8]
Event: 5.563 Thread 0x000002016ed1fe80 6091       1       com.google.common.collect.LinkedHashMultimap$ValueEntry::setSuccessorInValueSet (6 bytes)
Event: 5.563 Thread 0x000002016ed1fe80 nmethod 6091 0x000002016055a010 code [0x000002016055a1a0, 0x000002016055a278]
Event: 5.563 Thread 0x000002016ed1fe80 6147       1       java.util.Collections$EmptyMap::isEmpty (2 bytes)
Event: 5.563 Thread 0x000002016ed1fe80 nmethod 6147 0x000002016055a310 code [0x000002016055a4a0, 0x000002016055a578]
Event: 5.563 Thread 0x000002016ed1fe80 6104       1       org.eclipse.jdt.internal.compiler.ast.TypeReference::getAnnotationsOnDimensions (2 bytes)
Event: 5.563 Thread 0x000002016ed1fe80 nmethod 6104 0x000002016055a610 code [0x000002016055a7a0, 0x000002016055a878]
Event: 5.563 Thread 0x000002016ed1fe80 6158       3       org.eclipse.sisu.inject.Implementations$ClassFinder::visit (9 bytes)
Event: 5.563 Thread 0x000002016ed1fe80 nmethod 6158 0x00000201588cab10 code [0x00000201588cacc0, 0x00000201588cafb8]
Event: 5.563 Thread 0x000002016ed1fe80 6155       3       org.eclipse.sisu.inject.InjectorBindings::isAssignableFrom (28 bytes)
Event: 5.564 Thread 0x000002016ed1fe80 nmethod 6155 0x0000020158b39490 code [0x0000020158b39680, 0x0000020158b39b68]
Event: 5.564 Thread 0x000002016ed1fe80 6160       3       org.eclipse.jdt.internal.compiler.parser.Parser::consumeRule (7878 bytes)

GC Heap History (20 events):
Event: 4.166 GC heap before
{Heap before GC invocations=18 (full 2):
 PSYoungGen      total 23552K, used 23456K [0x00000000eab00000, 0x00000000ec500000, 0x0000000100000000)
  eden space 22016K, 100% used [0x00000000eab00000,0x00000000ec080000,0x00000000ec080000)
  from space 1536K, 93% used [0x00000000ec280000,0x00000000ec3e8000,0x00000000ec400000)
  to   space 1024K, 0% used [0x00000000ec400000,0x00000000ec400000,0x00000000ec500000)
 ParOldGen       total 68608K, used 18882K [0x00000000c0000000, 0x00000000c4300000, 0x00000000eab00000)
  object space 68608K, 27% used [0x00000000c0000000,0x00000000c1270960,0x00000000c4300000)
 Metaspace       used 43532K, committed 44544K, reserved 1114112K
  class space    used 4552K, committed 5056K, reserved 1048576K
}
Event: 4.171 GC heap after
{Heap after GC invocations=18 (full 2):
 PSYoungGen      total 22528K, used 992K [0x00000000eab00000, 0x00000000ec880000, 0x0000000100000000)
  eden space 21504K, 0% used [0x00000000eab00000,0x00000000eab00000,0x00000000ec000000)
  from space 1024K, 96% used [0x00000000ec400000,0x00000000ec4f8010,0x00000000ec500000)
  to   space 4096K, 0% used [0x00000000ec000000,0x00000000ec000000,0x00000000ec400000)
 ParOldGen       total 68608K, used 21474K [0x00000000c0000000, 0x00000000c4300000, 0x00000000eab00000)
  object space 68608K, 31% used [0x00000000c0000000,0x00000000c14f8920,0x00000000c4300000)
 Metaspace       used 43532K, committed 44544K, reserved 1114112K
  class space    used 4552K, committed 5056K, reserved 1048576K
}
Event: 4.228 GC heap before
{Heap before GC invocations=19 (full 2):
 PSYoungGen      total 22528K, used 22496K [0x00000000eab00000, 0x00000000ec880000, 0x0000000100000000)
  eden space 21504K, 100% used [0x00000000eab00000,0x00000000ec000000,0x00000000ec000000)
  from space 1024K, 96% used [0x00000000ec400000,0x00000000ec4f8010,0x00000000ec500000)
  to   space 4096K, 0% used [0x00000000ec000000,0x00000000ec000000,0x00000000ec400000)
 ParOldGen       total 68608K, used 21476K [0x00000000c0000000, 0x00000000c4300000, 0x00000000eab00000)
  object space 68608K, 31% used [0x00000000c0000000,0x00000000c14f9210,0x00000000c4300000)
 Metaspace       used 43992K, committed 44928K, reserved 1114112K
  class space    used 4600K, committed 5056K, reserved 1048576K
}
Event: 4.232 GC heap after
{Heap after GC invocations=19 (full 2):
 PSYoungGen      total 23552K, used 1936K [0x00000000eab00000, 0x00000000ec500000, 0x0000000100000000)
  eden space 21504K, 0% used [0x00000000eab00000,0x00000000eab00000,0x00000000ec000000)
  from space 2048K, 94% used [0x00000000ec000000,0x00000000ec1e4010,0x00000000ec200000)
  to   space 2560K, 0% used [0x00000000ec280000,0x00000000ec280000,0x00000000ec500000)
 ParOldGen       total 68608K, used 22487K [0x00000000c0000000, 0x00000000c4300000, 0x00000000eab00000)
  object space 68608K, 32% used [0x00000000c0000000,0x00000000c15f5df8,0x00000000c4300000)
 Metaspace       used 43992K, committed 44928K, reserved 1114112K
  class space    used 4600K, committed 5056K, reserved 1048576K
}
Event: 4.280 GC heap before
{Heap before GC invocations=20 (full 2):
 PSYoungGen      total 23552K, used 23440K [0x00000000eab00000, 0x00000000ec500000, 0x0000000100000000)
  eden space 21504K, 100% used [0x00000000eab00000,0x00000000ec000000,0x00000000ec000000)
  from space 2048K, 94% used [0x00000000ec000000,0x00000000ec1e4010,0x00000000ec200000)
  to   space 2560K, 0% used [0x00000000ec280000,0x00000000ec280000,0x00000000ec500000)
 ParOldGen       total 68608K, used 22487K [0x00000000c0000000, 0x00000000c4300000, 0x00000000eab00000)
  object space 68608K, 32% used [0x00000000c0000000,0x00000000c15f5e30,0x00000000c4300000)
 Metaspace       used 44293K, committed 45248K, reserved 1114112K
  class space    used 4639K, committed 5120K, reserved 1048576K
}
Event: 4.283 GC heap after
{Heap after GC invocations=20 (full 2):
 PSYoungGen      total 23552K, used 1853K [0x00000000eab00000, 0x00000000ec480000, 0x0000000100000000)
  eden space 21504K, 0% used [0x00000000eab00000,0x00000000eab00000,0x00000000ec000000)
  from space 2048K, 90% used [0x00000000ec280000,0x00000000ec44f658,0x00000000ec480000)
  to   space 2048K, 0% used [0x00000000ec000000,0x00000000ec000000,0x00000000ec200000)
 ParOldGen       total 68608K, used 24203K [0x00000000c0000000, 0x00000000c4300000, 0x00000000eab00000)
  object space 68608K, 35% used [0x00000000c0000000,0x00000000c17a2e40,0x00000000c4300000)
 Metaspace       used 44293K, committed 45248K, reserved 1114112K
  class space    used 4639K, committed 5120K, reserved 1048576K
}
Event: 4.332 GC heap before
{Heap before GC invocations=21 (full 2):
 PSYoungGen      total 23552K, used 23357K [0x00000000eab00000, 0x00000000ec480000, 0x0000000100000000)
  eden space 21504K, 100% used [0x00000000eab00000,0x00000000ec000000,0x00000000ec000000)
  from space 2048K, 90% used [0x00000000ec280000,0x00000000ec44f658,0x00000000ec480000)
  to   space 2048K, 0% used [0x00000000ec000000,0x00000000ec000000,0x00000000ec200000)
 ParOldGen       total 68608K, used 24205K [0x00000000c0000000, 0x00000000c4300000, 0x00000000eab00000)
  object space 68608K, 35% used [0x00000000c0000000,0x00000000c17a3768,0x00000000c4300000)
 Metaspace       used 44649K, committed 45696K, reserved 1114112K
  class space    used 4688K, committed 5184K, reserved 1048576K
}
Event: 4.335 GC heap after
{Heap after GC invocations=21 (full 2):
 PSYoungGen      total 23552K, used 2045K [0x00000000eab00000, 0x00000000ec900000, 0x0000000100000000)
  eden space 21504K, 0% used [0x00000000eab00000,0x00000000eab00000,0x00000000ec000000)
  from space 2048K, 99% used [0x00000000ec000000,0x00000000ec1ff668,0x00000000ec200000)
  to   space 4608K, 0% used [0x00000000ec480000,0x00000000ec480000,0x00000000ec900000)
 ParOldGen       total 68608K, used 25963K [0x00000000c0000000, 0x00000000c4300000, 0x00000000eab00000)
  object space 68608K, 37% used [0x00000000c0000000,0x00000000c195adf0,0x00000000c4300000)
 Metaspace       used 44649K, committed 45696K, reserved 1114112K
  class space    used 4688K, committed 5184K, reserved 1048576K
}
Event: 4.408 GC heap before
{Heap before GC invocations=22 (full 2):
 PSYoungGen      total 23552K, used 23549K [0x00000000eab00000, 0x00000000ec900000, 0x0000000100000000)
  eden space 21504K, 100% used [0x00000000eab00000,0x00000000ec000000,0x00000000ec000000)
  from space 2048K, 99% used [0x00000000ec000000,0x00000000ec1ff668,0x00000000ec200000)
  to   space 4608K, 0% used [0x00000000ec480000,0x00000000ec480000,0x00000000ec900000)
 ParOldGen       total 68608K, used 25963K [0x00000000c0000000, 0x00000000c4300000, 0x00000000eab00000)
  object space 68608K, 37% used [0x00000000c0000000,0x00000000c195adf0,0x00000000c4300000)
 Metaspace       used 45090K, committed 46144K, reserved 1114112K
  class space    used 4741K, committed 5248K, reserved 1048576K
}
Event: 4.412 GC heap after
{Heap after GC invocations=22 (full 2):
 PSYoungGen      total 23552K, used 1931K [0x00000000eab00000, 0x00000000ec680000, 0x0000000100000000)
  eden space 21504K, 0% used [0x00000000eab00000,0x00000000eab00000,0x00000000ec000000)
  from space 2048K, 94% used [0x00000000ec480000,0x00000000ec662e40,0x00000000ec680000)
  to   space 3072K, 0% used [0x00000000ec080000,0x00000000ec080000,0x00000000ec380000)
 ParOldGen       total 68608K, used 27873K [0x00000000c0000000, 0x00000000c4300000, 0x00000000eab00000)
  object space 68608K, 40% used [0x00000000c0000000,0x00000000c1b38458,0x00000000c4300000)
 Metaspace       used 45090K, committed 46144K, reserved 1114112K
  class space    used 4741K, committed 5248K, reserved 1048576K
}
Event: 4.556 GC heap before
{Heap before GC invocations=23 (full 2):
 PSYoungGen      total 23552K, used 23435K [0x00000000eab00000, 0x00000000ec680000, 0x0000000100000000)
  eden space 21504K, 100% used [0x00000000eab00000,0x00000000ec000000,0x00000000ec000000)
  from space 2048K, 94% used [0x00000000ec480000,0x00000000ec662e40,0x00000000ec680000)
  to   space 3072K, 0% used [0x00000000ec080000,0x00000000ec080000,0x00000000ec380000)
 ParOldGen       total 68608K, used 27884K [0x00000000c0000000, 0x00000000c4300000, 0x00000000eab00000)
  object space 68608K, 40% used [0x00000000c0000000,0x00000000c1b3b2f8,0x00000000c4300000)
 Metaspace       used 47268K, committed 48384K, reserved 1114112K
  class space    used 4969K, committed 5504K, reserved 1048576K
}
Event: 4.559 GC heap after
{Heap after GC invocations=23 (full 2):
 PSYoungGen      total 24576K, used 847K [0x00000000eab00000, 0x00000000ec500000, 0x0000000100000000)
  eden space 21504K, 0% used [0x00000000eab00000,0x00000000eab00000,0x00000000ec000000)
  from space 3072K, 27% used [0x00000000ec080000,0x00000000ec153e00,0x00000000ec380000)
  to   space 1536K, 0% used [0x00000000ec380000,0x00000000ec380000,0x00000000ec500000)
 ParOldGen       total 68608K, used 29700K [0x00000000c0000000, 0x00000000c4300000, 0x00000000eab00000)
  object space 68608K, 43% used [0x00000000c0000000,0x00000000c1d012f8,0x00000000c4300000)
 Metaspace       used 47268K, committed 48384K, reserved 1114112K
  class space    used 4969K, committed 5504K, reserved 1048576K
}
Event: 4.768 GC heap before
{Heap before GC invocations=24 (full 2):
 PSYoungGen      total 24576K, used 22351K [0x00000000eab00000, 0x00000000ec500000, 0x0000000100000000)
  eden space 21504K, 100% used [0x00000000eab00000,0x00000000ec000000,0x00000000ec000000)
  from space 3072K, 27% used [0x00000000ec080000,0x00000000ec153e00,0x00000000ec380000)
  to   space 1536K, 0% used [0x00000000ec380000,0x00000000ec380000,0x00000000ec500000)
 ParOldGen       total 68608K, used 29705K [0x00000000c0000000, 0x00000000c4300000, 0x00000000eab00000)
  object space 68608K, 43% used [0x00000000c0000000,0x00000000c1d02760,0x00000000c4300000)
 Metaspace       used 49564K, committed 50624K, reserved 1114112K
  class space    used 5277K, committed 5760K, reserved 1048576K
}
Event: 4.770 GC heap after
{Heap after GC invocations=24 (full 2):
 PSYoungGen      total 22528K, used 919K [0x00000000eab00000, 0x00000000ec480000, 0x0000000100000000)
  eden space 21504K, 0% used [0x00000000eab00000,0x00000000eab00000,0x00000000ec000000)
  from space 1024K, 89% used [0x00000000ec380000,0x00000000ec465d60,0x00000000ec480000)
  to   space 1024K, 0% used [0x00000000ec280000,0x00000000ec280000,0x00000000ec380000)
 ParOldGen       total 68608K, used 30293K [0x00000000c0000000, 0x00000000c4300000, 0x00000000eab00000)
  object space 68608K, 44% used [0x00000000c0000000,0x00000000c1d95470,0x00000000c4300000)
 Metaspace       used 49564K, committed 50624K, reserved 1114112K
  class space    used 5277K, committed 5760K, reserved 1048576K
}
Event: 5.011 GC heap before
{Heap before GC invocations=25 (full 2):
 PSYoungGen      total 22528K, used 22423K [0x00000000eab00000, 0x00000000ec480000, 0x0000000100000000)
  eden space 21504K, 100% used [0x00000000eab00000,0x00000000ec000000,0x00000000ec000000)
  from space 1024K, 89% used [0x00000000ec380000,0x00000000ec465d60,0x00000000ec480000)
  to   space 1024K, 0% used [0x00000000ec280000,0x00000000ec280000,0x00000000ec380000)
 ParOldGen       total 68608K, used 30293K [0x00000000c0000000, 0x00000000c4300000, 0x00000000eab00000)
  object space 68608K, 44% used [0x00000000c0000000,0x00000000c1d95470,0x00000000c4300000)
 Metaspace       used 51236K, committed 52352K, reserved 1114112K
  class space    used 5501K, committed 6016K, reserved 1048576K
}
Event: 5.013 GC heap after
{Heap after GC invocations=25 (full 2):
 PSYoungGen      total 22528K, used 672K [0x00000000eab00000, 0x00000000ec400000, 0x0000000100000000)
  eden space 21504K, 0% used [0x00000000eab00000,0x00000000eab00000,0x00000000ec000000)
  from space 1024K, 65% used [0x00000000ec280000,0x00000000ec328000,0x00000000ec380000)
  to   space 512K, 0% used [0x00000000ec380000,0x00000000ec380000,0x00000000ec400000)
 ParOldGen       total 68608K, used 31114K [0x00000000c0000000, 0x00000000c4300000, 0x00000000eab00000)
  object space 68608K, 45% used [0x00000000c0000000,0x00000000c1e62bc0,0x00000000c4300000)
 Metaspace       used 51236K, committed 52352K, reserved 1114112K
  class space    used 5501K, committed 6016K, reserved 1048576K
}
Event: 5.212 GC heap before
{Heap before GC invocations=26 (full 2):
 PSYoungGen      total 22528K, used 22176K [0x00000000eab00000, 0x00000000ec400000, 0x0000000100000000)
  eden space 21504K, 100% used [0x00000000eab00000,0x00000000ec000000,0x00000000ec000000)
  from space 1024K, 65% used [0x00000000ec280000,0x00000000ec328000,0x00000000ec380000)
  to   space 512K, 0% used [0x00000000ec380000,0x00000000ec380000,0x00000000ec400000)
 ParOldGen       total 68608K, used 31114K [0x00000000c0000000, 0x00000000c4300000, 0x00000000eab00000)
  object space 68608K, 45% used [0x00000000c0000000,0x00000000c1e62bc0,0x00000000c4300000)
 Metaspace       used 53107K, committed 54208K, reserved 1114112K
  class space    used 5721K, committed 6272K, reserved 1048576K
}
Event: 5.214 GC heap after
{Heap after GC invocations=26 (full 2):
 PSYoungGen      total 22016K, used 512K [0x00000000eab00000, 0x00000000ec400000, 0x0000000100000000)
  eden space 21504K, 0% used [0x00000000eab00000,0x00000000eab00000,0x00000000ec000000)
  from space 512K, 100% used [0x00000000ec380000,0x00000000ec400000,0x00000000ec400000)
  to   space 1536K, 0% used [0x00000000ec100000,0x00000000ec100000,0x00000000ec280000)
 ParOldGen       total 68608K, used 31874K [0x00000000c0000000, 0x00000000c4300000, 0x00000000eab00000)
  object space 68608K, 46% used [0x00000000c0000000,0x00000000c1f20bc0,0x00000000c4300000)
 Metaspace       used 53107K, committed 54208K, reserved 1114112K
  class space    used 5721K, committed 6272K, reserved 1048576K
}
Event: 5.386 GC heap before
{Heap before GC invocations=27 (full 2):
 PSYoungGen      total 22016K, used 22016K [0x00000000eab00000, 0x00000000ec400000, 0x0000000100000000)
  eden space 21504K, 100% used [0x00000000eab00000,0x00000000ec000000,0x00000000ec000000)
  from space 512K, 100% used [0x00000000ec380000,0x00000000ec400000,0x00000000ec400000)
  to   space 1536K, 0% used [0x00000000ec100000,0x00000000ec100000,0x00000000ec280000)
 ParOldGen       total 68608K, used 31874K [0x00000000c0000000, 0x00000000c4300000, 0x00000000eab00000)
  object space 68608K, 46% used [0x00000000c0000000,0x00000000c1f20bc0,0x00000000c4300000)
 Metaspace       used 54426K, committed 55488K, reserved 1114112K
  class space    used 5879K, committed 6400K, reserved 1048576K
}
Event: 5.389 GC heap after
{Heap after GC invocations=27 (full 2):
 PSYoungGen      total 23040K, used 1531K [0x00000000eab00000, 0x00000000ec800000, 0x0000000100000000)
  eden space 21504K, 0% used [0x00000000eab00000,0x00000000eab00000,0x00000000ec000000)
  from space 1536K, 99% used [0x00000000ec100000,0x00000000ec27ee80,0x00000000ec280000)
  to   space 4096K, 0% used [0x00000000ec400000,0x00000000ec400000,0x00000000ec800000)
 ParOldGen       total 68608K, used 33642K [0x00000000c0000000, 0x00000000c4300000, 0x00000000eab00000)
  object space 68608K, 49% used [0x00000000c0000000,0x00000000c20da840,0x00000000c4300000)
 Metaspace       used 54426K, committed 55488K, reserved 1114112K
  class space    used 5879K, committed 6400K, reserved 1048576K
}

Dll operation events (10 events):
Event: 0.009 Loaded shared library c:\Users\vijay\.vscode\extensions\redhat.java-1.25.1-win32-x64\jre\17.0.9-win32-x86_64\bin\java.dll
Event: 0.164 Loaded shared library c:\Users\vijay\.vscode\extensions\redhat.java-1.25.1-win32-x64\jre\17.0.9-win32-x86_64\bin\zip.dll
Event: 0.166 Loaded shared library C:\Users\vijay\.vscode\extensions\redhat.java-1.25.1-win32-x64\jre\17.0.9-win32-x86_64\bin\instrument.dll
Event: 0.179 Loaded shared library C:\Users\vijay\.vscode\extensions\redhat.java-1.25.1-win32-x64\jre\17.0.9-win32-x86_64\bin\net.dll
Event: 0.180 Loaded shared library C:\Users\vijay\.vscode\extensions\redhat.java-1.25.1-win32-x64\jre\17.0.9-win32-x86_64\bin\nio.dll
Event: 0.186 Loaded shared library C:\Users\vijay\.vscode\extensions\redhat.java-1.25.1-win32-x64\jre\17.0.9-win32-x86_64\bin\zip.dll
Event: 0.201 Loaded shared library C:\Users\vijay\.vscode\extensions\redhat.java-1.25.1-win32-x64\jre\17.0.9-win32-x86_64\bin\jimage.dll
Event: 0.264 Loaded shared library c:\Users\vijay\.vscode\extensions\redhat.java-1.25.1-win32-x64\jre\17.0.9-win32-x86_64\bin\verify.dll
Event: 1.165 Loaded shared library C:\Users\vijay\AppData\Roaming\Code\User\globalStorage\redhat.java\1.25.1\config_win\org.eclipse.equinox.launcher\org.eclipse.equinox.launcher.win32.win32.x86_64_1.2.800.v20231003-1442\eclipse_11802.dll
Event: 3.698 Loaded shared library C:\Users\vijay\AppData\Local\Temp\jna-112208527\jna13555848918431651453.dll

Deoptimization events (20 events):
Event: 5.424 Thread 0x00000201709c9ae0 DEOPT PACKING pc=0x00000201604badc4 sp=0x0000004b57afd690
Event: 5.424 Thread 0x00000201709c9ae0 DEOPT UNPACKING pc=0x000002015fd766a3 sp=0x0000004b57afd608 mode 2
Event: 5.425 Thread 0x00000201709c9ae0 Uncommon trap: trap_request=0xffffff45 fr.pc=0x000002016041e4dc relative=0x0000000000000a7c
Event: 5.425 Thread 0x00000201709c9ae0 Uncommon trap: reason=unstable_if action=reinterpret pc=0x000002016041e4dc method=java.util.zip.ZipFile$Source.getEntryPos(Ljava/lang/String;Z)I @ 104 c2
Event: 5.425 Thread 0x00000201709c9ae0 DEOPT PACKING pc=0x000002016041e4dc sp=0x0000004b57afe040
Event: 5.425 Thread 0x00000201709c9ae0 DEOPT UNPACKING pc=0x000002015fd766a3 sp=0x0000004b57afdff8 mode 2
Event: 5.425 Thread 0x00000201709c9ae0 Uncommon trap: trap_request=0x0000005e fr.pc=0x00000201603c9408 relative=0x0000000000001008
Event: 5.425 Thread 0x00000201709c9ae0 Uncommon trap: reason=unloaded action=reinterpret pc=0x00000201603c9408 method=java.util.zip.ZipFile.getZipEntry(Ljava/lang/String;I)Ljava/util/zip/ZipEntry; @ 87 c2
Event: 5.425 Thread 0x00000201709c9ae0 DEOPT PACKING pc=0x00000201603c9408 sp=0x0000004b57afe020
Event: 5.425 Thread 0x00000201709c9ae0 DEOPT UNPACKING pc=0x000002015fd766a3 sp=0x0000004b57afe008 mode 2
Event: 5.473 Thread 0x00000201704394e0 DEOPT PACKING pc=0x000002015885f53f sp=0x0000004b577f8910
Event: 5.473 Thread 0x00000201704394e0 DEOPT UNPACKING pc=0x000002015fd76e43 sp=0x0000004b577f7e18 mode 0
Event: 5.538 Thread 0x00000201704394e0 Uncommon trap: trap_request=0x000000e1 fr.pc=0x00000201604cfb74 relative=0x00000000000000d4
Event: 5.538 Thread 0x00000201704394e0 Uncommon trap: reason=unloaded action=reinterpret pc=0x00000201604cfb74 method=org.codehaus.plexus.util.xml.pull.MXParser.more()C @ 22 c2
Event: 5.538 Thread 0x00000201704394e0 DEOPT PACKING pc=0x00000201604cfb74 sp=0x0000004b577fedd0
Event: 5.538 Thread 0x00000201704394e0 DEOPT UNPACKING pc=0x000002015fd766a3 sp=0x0000004b577fed70 mode 2
Event: 5.561 Thread 0x00000201709c9ae0 Uncommon trap: trap_request=0xffffff45 fr.pc=0x0000020160555698 relative=0x00000000000006b8
Event: 5.561 Thread 0x00000201709c9ae0 Uncommon trap: reason=unstable_if action=reinterpret pc=0x0000020160555698 method=org.eclipse.jdt.internal.compiler.parser.Parser.consumeRule(I)V @ 1 c2
Event: 5.561 Thread 0x00000201709c9ae0 DEOPT PACKING pc=0x0000020160555698 sp=0x0000004b57afe510
Event: 5.561 Thread 0x00000201709c9ae0 DEOPT UNPACKING pc=0x000002015fd766a3 sp=0x0000004b57afe4b0 mode 2

Classes unloaded (7 events):
Event: 2.143 Thread 0x0000020155c0e7d0 Unloading class 0x000000010024e000 'java/lang/invoke/LambdaForm$MH+0x000000010024e000'
Event: 2.143 Thread 0x0000020155c0e7d0 Unloading class 0x000000010024dc00 'java/lang/invoke/LambdaForm$MH+0x000000010024dc00'
Event: 2.143 Thread 0x0000020155c0e7d0 Unloading class 0x000000010024d800 'java/lang/invoke/LambdaForm$MH+0x000000010024d800'
Event: 2.143 Thread 0x0000020155c0e7d0 Unloading class 0x000000010024d400 'java/lang/invoke/LambdaForm$MH+0x000000010024d400'
Event: 2.143 Thread 0x0000020155c0e7d0 Unloading class 0x000000010024d000 'java/lang/invoke/LambdaForm$BMH+0x000000010024d000'
Event: 2.143 Thread 0x0000020155c0e7d0 Unloading class 0x000000010024cc00 'java/lang/invoke/LambdaForm$DMH+0x000000010024cc00'
Event: 2.143 Thread 0x0000020155c0e7d0 Unloading class 0x000000010024a000 'java/lang/invoke/LambdaForm$DMH+0x000000010024a000'

Classes redefined (0 events):
No events

Internal exceptions (20 events):
Event: 4.665 Thread 0x00000201709c9ae0 Exception <a 'sun/nio/fs/WindowsException'{0x00000000eb778978}> (0x00000000eb778978) 
thrown [s\src\hotspot\share\prims\jni.cpp, line 516]
Event: 4.671 Thread 0x00000201709c9ae0 Exception <a 'sun/nio/fs/WindowsException'{0x00000000eb78af20}> (0x00000000eb78af20) 
thrown [s\src\hotspot\share\prims\jni.cpp, line 516]
Event: 4.676 Thread 0x00000201709c9ae0 Exception <a 'sun/nio/fs/WindowsException'{0x00000000eb8850e0}> (0x00000000eb8850e0) 
thrown [s\src\hotspot\share\prims\jni.cpp, line 516]
Event: 4.679 Thread 0x00000201709c9ae0 Exception <a 'sun/nio/fs/WindowsException'{0x00000000eb88b7c8}> (0x00000000eb88b7c8) 
thrown [s\src\hotspot\share\prims\jni.cpp, line 516]
Event: 4.682 Thread 0x00000201709c9ae0 Exception <a 'sun/nio/fs/WindowsException'{0x00000000eb892888}> (0x00000000eb892888) 
thrown [s\src\hotspot\share\prims\jni.cpp, line 516]
Event: 4.686 Thread 0x00000201709c9ae0 Exception <a 'sun/nio/fs/WindowsException'{0x00000000eb89a900}> (0x00000000eb89a900) 
thrown [s\src\hotspot\share\prims\jni.cpp, line 516]
Event: 4.692 Thread 0x00000201709c9ae0 Exception <a 'sun/nio/fs/WindowsException'{0x00000000eb97e3e0}> (0x00000000eb97e3e0) 
thrown [s\src\hotspot\share\prims\jni.cpp, line 516]
Event: 4.698 Thread 0x00000201709c9ae0 Exception <a 'sun/nio/fs/WindowsException'{0x00000000eb9ab308}> (0x00000000eb9ab308) 
thrown [s\src\hotspot\share\prims\jni.cpp, line 516]
Event: 4.699 Thread 0x00000201709c9ae0 Exception <a 'sun/nio/fs/WindowsException'{0x00000000eb9b0890}> (0x00000000eb9b0890) 
thrown [s\src\hotspot\share\prims\jni.cpp, line 516]
Event: 4.708 Thread 0x00000201709c9ae0 Exception <a 'sun/nio/fs/WindowsException'{0x00000000eba7b060}> (0x00000000eba7b060) 
thrown [s\src\hotspot\share\prims\jni.cpp, line 516]
Event: 4.711 Thread 0x00000201709c9ae0 Exception <a 'sun/nio/fs/WindowsException'{0x00000000eba85578}> (0x00000000eba85578) 
thrown [s\src\hotspot\share\prims\jni.cpp, line 516]
Event: 4.713 Thread 0x00000201709c9ae0 Exception <a 'sun/nio/fs/WindowsException'{0x00000000eba8f268}> (0x00000000eba8f268) 
thrown [s\src\hotspot\share\prims\jni.cpp, line 516]
Event: 4.726 Thread 0x00000201709c9ae0 Exception <a 'sun/nio/fs/WindowsException'{0x00000000ebc26038}> (0x00000000ebc26038) 
thrown [s\src\hotspot\share\prims\jni.cpp, line 516]
Event: 4.728 Thread 0x00000201709c9ae0 Exception <a 'sun/nio/fs/WindowsException'{0x00000000ebc2fec0}> (0x00000000ebc2fec0) 
thrown [s\src\hotspot\share\prims\jni.cpp, line 516]
Event: 5.150 Thread 0x00000201704394e0 Exception <a 'java/lang/ExceptionInInitializerError'{0x00000000eb7eab38}> (0x00000000eb7eab38) 
thrown [s\src\hotspot\share\oops\instanceKlass.cpp, line 1218]
Event: 5.181 Thread 0x00000201704394e0 Implicit null exception at 0x00000201603da5af to 0x00000201603da758
Event: 5.181 Thread 0x00000201704394e0 Implicit null exception at 0x000002016036b2e9 to 0x000002016036c6f8
Event: 5.183 Thread 0x00000201704394e0 Exception <a 'java/lang/NoSuchMethodError'{0x00000000ebbffd40}: 'java.lang.Object java.lang.invoke.Invokers$Holder.invokeExact_MT(java.lang.Object, int, java.lang.Object)'> (0x00000000ebbffd40) 
thrown [s\src\hotspot\share\interpreter\linkResolver.cpp, line 759]
Event: 5.194 Thread 0x00000201704394e0 Exception <a 'java/lang/NoSuchMethodError'{0x00000000ebd7ace8}: 'int java.lang.invoke.DirectMethodHandle$Holder.invokeSpecial(java.lang.Object, java.lang.Object, java.lang.Object, java.lang.Object)'> (0x00000000ebd7ace8) 
thrown [s\src\hotspot\share\interpreter\linkResolver.cpp, line 759]
Event: 5.514 Thread 0x00000201704394e0 Exception <a 'java/lang/NoClassDefFoundError'{0x00000000eb5af348}: com/google/inject/servlet/ServletModuleTargetVisitor> (0x00000000eb5af348) 
thrown [s\src\hotspot\share\classfile\systemDictionary.cpp, line 245]

VM Operations (20 events):
Event: 4.626 Executing VM operation: HandshakeAllThreads
Event: 4.626 Executing VM operation: HandshakeAllThreads done
Event: 4.665 Executing VM operation: HandshakeAllThreads
Event: 4.665 Executing VM operation: HandshakeAllThreads done
Event: 4.685 Executing VM operation: HandshakeAllThreads
Event: 4.685 Executing VM operation: HandshakeAllThreads done
Event: 4.732 Executing VM operation: HandshakeAllThreads
Event: 4.732 Executing VM operation: HandshakeAllThreads done
Event: 4.767 Executing VM operation: ParallelGCFailedAllocation
Event: 4.770 Executing VM operation: ParallelGCFailedAllocation done
Event: 4.960 Executing VM operation: HandshakeAllThreads
Event: 4.960 Executing VM operation: HandshakeAllThreads done
Event: 5.011 Executing VM operation: ParallelGCFailedAllocation
Event: 5.013 Executing VM operation: ParallelGCFailedAllocation done
Event: 5.212 Executing VM operation: ParallelGCFailedAllocation
Event: 5.214 Executing VM operation: ParallelGCFailedAllocation done
Event: 5.225 Executing VM operation: HandshakeAllThreads
Event: 5.226 Executing VM operation: HandshakeAllThreads done
Event: 5.386 Executing VM operation: ParallelGCFailedAllocation
Event: 5.389 Executing VM operation: ParallelGCFailedAllocation done

Events (20 events):
Event: 4.991 loading class javax/net/ssl/SSLSocketFactory done
Event: 5.035 loading class java/util/Vector$1
Event: 5.035 loading class java/util/Vector$1 done
Event: 5.181 loading class java/util/function/ToIntFunction
Event: 5.181 loading class java/util/function/ToIntFunction done
Event: 5.242 loading class java/util/Collections$UnmodifiableSortedSet
Event: 5.242 loading class java/util/Collections$UnmodifiableSortedSet done
Event: 5.279 loading class java/util/regex/Pattern$Caret
Event: 5.279 loading class java/util/regex/Pattern$Caret done
Event: 5.530 loading class java/lang/ProcessEnvironment$CheckedKeySet
Event: 5.531 loading class java/lang/ProcessEnvironment$CheckedKeySet done
Event: 5.535 Thread 0x00000201709c6d50 Thread exited: 0x00000201709c6d50
Event: 5.536 Thread 0x00000201709c95d0 Thread exited: 0x00000201709c95d0
Event: 5.536 Thread 0x00000201709caa10 Thread exited: 0x00000201709caa10
Event: 5.538 Thread 0x00000201709c4ef0 Thread exited: 0x00000201709c4ef0
Event: 5.540 Thread 0x00000201709c3090 Thread exited: 0x00000201709c3090
Event: 5.542 Thread 0x00000201709c8190 Thread exited: 0x00000201709c8190
Event: 5.543 Thread 0x00000201709c35a0 Thread exited: 0x00000201709c35a0
Event: 5.544 Thread 0x00000201709c49e0 Thread exited: 0x00000201709c49e0
Event: 5.545 Thread 0x00000201709c86a0 Thread exited: 0x00000201709c86a0


Dynamic libraries:
0x00007ff7b3220000 - 0x00007ff7b322e000 	c:\Users\vijay\.vscode\extensions\redhat.java-1.25.1-win32-x64\jre\17.0.9-win32-x86_64\bin\java.exe
0x00007ffbd8bb0000 - 0x00007ffbd8da8000 	C:\Windows\SYSTEM32\ntdll.dll
0x00007ffbd8830000 - 0x00007ffbd88ed000 	C:\Windows\System32\KERNEL32.DLL
0x00007ffbd62c0000 - 0x00007ffbd65b6000 	C:\Windows\System32\KERNELBASE.dll
0x00007ffbd6650000 - 0x00007ffbd6750000 	C:\Windows\System32\ucrtbase.dll
0x00007ffba5ca0000 - 0x00007ffba5cb7000 	c:\Users\vijay\.vscode\extensions\redhat.java-1.25.1-win32-x64\jre\17.0.9-win32-x86_64\bin\jli.dll
0x00007ffba5cc0000 - 0x00007ffba5cdb000 	c:\Users\vijay\.vscode\extensions\redhat.java-1.25.1-win32-x64\jre\17.0.9-win32-x86_64\bin\VCRUNTIME140.dll
0x00007ffbd88f0000 - 0x00007ffbd8a8e000 	C:\Windows\System32\USER32.dll
0x00007ffbd6a30000 - 0x00007ffbd6a52000 	C:\Windows\System32\win32u.dll
0x00007ffbd7170000 - 0x00007ffbd719c000 	C:\Windows\System32\GDI32.dll
0x00007ffbcd940000 - 0x00007ffbcdbda000 	C:\Windows\WinSxS\amd64_microsoft.windows.common-controls_6595b64144ccf1df_6.0.19041.3636_none_60b6a03d71f818d5\COMCTL32.dll
0x00007ffbd6750000 - 0x00007ffbd686a000 	C:\Windows\System32\gdi32full.dll
0x00007ffbd8790000 - 0x00007ffbd882e000 	C:\Windows\System32\msvcrt.dll
0x00007ffbd6990000 - 0x00007ffbd6a2d000 	C:\Windows\System32\msvcp_win.dll
0x00007ffbd6c10000 - 0x00007ffbd6c40000 	C:\Windows\System32\IMM32.DLL
0x00007ffbb9a40000 - 0x00007ffbb9a4c000 	c:\Users\vijay\.vscode\extensions\redhat.java-1.25.1-win32-x64\jre\17.0.9-win32-x86_64\bin\vcruntime140_1.dll
0x00007ffb88e60000 - 0x00007ffb88eed000 	c:\Users\vijay\.vscode\extensions\redhat.java-1.25.1-win32-x64\jre\17.0.9-win32-x86_64\bin\msvcp140.dll
0x00007ffb881f0000 - 0x00007ffb88e51000 	c:\Users\vijay\.vscode\extensions\redhat.java-1.25.1-win32-x64\jre\17.0.9-win32-x86_64\bin\server\jvm.dll
0x00007ffbd80a0000 - 0x00007ffbd814f000 	C:\Windows\System32\ADVAPI32.dll
0x00007ffbd71a0000 - 0x00007ffbd723c000 	C:\Windows\System32\sechost.dll
0x00007ffbd8150000 - 0x00007ffbd8276000 	C:\Windows\System32\RPCRT4.dll
0x00007ffbb9030000 - 0x00007ffbb9039000 	C:\Windows\SYSTEM32\WSOCK32.dll
0x00007ffbd5870000 - 0x00007ffbd5897000 	C:\Windows\SYSTEM32\WINMM.dll
0x00007ffbd5e90000 - 0x00007ffbd5edb000 	C:\Windows\SYSTEM32\POWRPROF.dll
0x00007ffbd8280000 - 0x00007ffbd82eb000 	C:\Windows\System32\WS2_32.dll
0x00007ffbd2fc0000 - 0x00007ffbd2fca000 	C:\Windows\SYSTEM32\VERSION.dll
0x00007ffbd5910000 - 0x00007ffbd5922000 	C:\Windows\SYSTEM32\UMPDC.dll
0x00007ffbd3350000 - 0x00007ffbd3362000 	C:\Windows\SYSTEM32\kernel.appcore.dll
0x00007ffbb3bc0000 - 0x00007ffbb3bca000 	c:\Users\vijay\.vscode\extensions\redhat.java-1.25.1-win32-x64\jre\17.0.9-win32-x86_64\bin\jimage.dll
0x00007ffbd5ca0000 - 0x00007ffbd5e84000 	C:\Windows\SYSTEM32\DBGHELP.DLL
0x00007ffbd5a40000 - 0x00007ffbd5a74000 	C:\Windows\SYSTEM32\dbgcore.DLL
0x00007ffbd65c0000 - 0x00007ffbd6642000 	C:\Windows\System32\bcryptPrimitives.dll
0x00007ffbb30c0000 - 0x00007ffbb30ce000 	c:\Users\vijay\.vscode\extensions\redhat.java-1.25.1-win32-x64\jre\17.0.9-win32-x86_64\bin\instrument.dll
0x00007ffb881c0000 - 0x00007ffb881e5000 	c:\Users\vijay\.vscode\extensions\redhat.java-1.25.1-win32-x64\jre\17.0.9-win32-x86_64\bin\java.dll
0x00007ffb8d970000 - 0x00007ffb8d988000 	c:\Users\vijay\.vscode\extensions\redhat.java-1.25.1-win32-x64\jre\17.0.9-win32-x86_64\bin\zip.dll
0x00007ffbd7450000 - 0x00007ffbd7b95000 	C:\Windows\System32\SHELL32.dll
0x00007ffbd3550000 - 0x00007ffbd3ceb000 	C:\Windows\SYSTEM32\windows.storage.dll
0x00007ffbd82f0000 - 0x00007ffbd8644000 	C:\Windows\System32\combase.dll
0x00007ffbd55d0000 - 0x00007ffbd55fd000 	C:\Windows\SYSTEM32\Wldp.dll
0x00007ffbd6fa0000 - 0x00007ffbd704d000 	C:\Windows\System32\SHCORE.dll
0x00007ffbd8650000 - 0x00007ffbd86a5000 	C:\Windows\System32\shlwapi.dll
0x00007ffbd61c0000 - 0x00007ffbd61e5000 	C:\Windows\SYSTEM32\profapi.dll
0x00007ffb8adf0000 - 0x00007ffb8ae09000 	C:\Users\vijay\.vscode\extensions\redhat.java-1.25.1-win32-x64\jre\17.0.9-win32-x86_64\bin\net.dll
0x00007ffbcc6f0000 - 0x00007ffbcc7fa000 	C:\Windows\SYSTEM32\WINHTTP.dll
0x00007ffbd54d0000 - 0x00007ffbd553a000 	C:\Windows\system32\mswsock.dll
0x00007ffb87f70000 - 0x00007ffb87f86000 	C:\Users\vijay\.vscode\extensions\redhat.java-1.25.1-win32-x64\jre\17.0.9-win32-x86_64\bin\nio.dll
0x00007ffbae700000 - 0x00007ffbae710000 	c:\Users\vijay\.vscode\extensions\redhat.java-1.25.1-win32-x64\jre\17.0.9-win32-x86_64\bin\verify.dll
0x00007ffbcb360000 - 0x00007ffbcb39e000 	C:\Users\vijay\AppData\Roaming\Code\User\globalStorage\redhat.java\1.25.1\config_win\org.eclipse.equinox.launcher\org.eclipse.equinox.launcher.win32.win32.x86_64_1.2.800.v20231003-1442\eclipse_11802.dll
0x00007ffbd7310000 - 0x00007ffbd743b000 	C:\Windows\System32\ole32.dll
0x00007ffbd6000000 - 0x00007ffbd6018000 	C:\Windows\SYSTEM32\CRYPTSP.dll
0x00007ffbd4cc0000 - 0x00007ffbd4cf4000 	C:\Windows\system32\rsaenh.dll
0x00007ffbd6290000 - 0x00007ffbd62b7000 	C:\Windows\System32\bcrypt.dll
0x00007ffbd6180000 - 0x00007ffbd61ae000 	C:\Windows\SYSTEM32\USERENV.dll
0x00007ffbd55c0000 - 0x00007ffbd55cc000 	C:\Windows\SYSTEM32\CRYPTBASE.dll
0x00007ffbd5020000 - 0x00007ffbd505b000 	C:\Windows\SYSTEM32\IPHLPAPI.DLL
0x00007ffbd6cb0000 - 0x00007ffbd6cb8000 	C:\Windows\System32\NSI.dll
0x00007ffbcb490000 - 0x00007ffbcb4a7000 	C:\Windows\SYSTEM32\dhcpcsvc6.DLL
0x00007ffbce030000 - 0x00007ffbce04d000 	C:\Windows\SYSTEM32\dhcpcsvc.DLL
0x00007ffbd5060000 - 0x00007ffbd512a000 	C:\Windows\SYSTEM32\DNSAPI.dll
0x00007ffbc8950000 - 0x00007ffbc8995000 	C:\Users\vijay\AppData\Local\Temp\jna-112208527\jna13555848918431651453.dll
0x00007ffbd7440000 - 0x00007ffbd7448000 	C:\Windows\System32\PSAPI.DLL

dbghelp: loaded successfully - version: 4.0.5 - missing functions: none
symbol engine: initialized successfully - sym options: 0x614 - pdb path: .;c:\Users\vijay\.vscode\extensions\redhat.java-1.25.1-win32-x64\jre\17.0.9-win32-x86_64\bin;C:\Windows\SYSTEM32;C:\Windows\WinSxS\amd64_microsoft.windows.common-controls_6595b64144ccf1df_6.0.19041.3636_none_60b6a03d71f818d5;c:\Users\vijay\.vscode\extensions\redhat.java-1.25.1-win32-x64\jre\17.0.9-win32-x86_64\bin\server;C:\Users\vijay\AppData\Roaming\Code\User\globalStorage\redhat.java\1.25.1\config_win\org.eclipse.equinox.launcher\org.eclipse.equinox.launcher.win32.win32.x86_64_1.2.800.v20231003-1442;C:\Users\vijay\AppData\Local\Temp\jna-112208527

VM Arguments:
jvm_args: --add-modules=ALL-SYSTEM --add-opens=java.base/java.util=ALL-UNNAMED --add-opens=java.base/java.lang=ALL-UNNAMED --add-opens=java.base/sun.nio.fs=ALL-UNNAMED -Declipse.application=org.eclipse.jdt.ls.core.id1 -Dosgi.bundles.defaultStartLevel=4 -Declipse.product=org.eclipse.jdt.ls.core.product -Djava.import.generatesMetadataFilesAtProjectRoot=false -DDetectVMInstallationsJob.disabled=true -Dfile.encoding=utf8 -XX:+UseParallelGC -XX:GCTimeRatio=4 -XX:AdaptiveSizePolicyWeight=90 -Dsun.zip.disableMemoryMapping=true -Xmx1G -Xms100m -Xlog:disable -javaagent:c:\Users\vijay\.vscode\extensions\redhat.java-1.25.1-win32-x64\lombok\lombok-1.18.30.jar -XX:+HeapDumpOnOutOfMemoryError -XX:HeapDumpPath=c:\Users\vijay\AppData\Roaming\Code\User\workspaceStorage\76c1107fe8591dd7646c0e0b73a37fb0\redhat.java -Daether.dependencyCollector.impl=bf 
java_command: c:\Users\vijay\.vscode\extensions\redhat.java-1.25.1-win32-x64\server\plugins\org.eclipse.equinox.launcher_1.6.600.v20231106-1826.jar -configuration c:\Users\vijay\AppData\Roaming\Code\User\globalStorage\redhat.java\1.25.1\config_win -data c:\Users\vijay\AppData\Roaming\Code\User\workspaceStorage\76c1107fe8591dd7646c0e0b73a37fb0\redhat.java\jdt_ws --stdio
java_class_path (initial): c:\Users\vijay\.vscode\extensions\redhat.java-1.25.1-win32-x64\server\plugins\org.eclipse.equinox.launcher_1.6.600.v20231106-1826.jar
Launcher Type: SUN_STANDARD

[Global flags]
    uintx AdaptiveSizePolicyWeight                 = 90                                        {product} {command line}
     intx CICompilerCount                          = 4                                         {product} {ergonomic}
    uintx GCTimeRatio                              = 4                                         {product} {command line}
     bool HeapDumpOnOutOfMemoryError               = true                                   {manageable} {command line}
    ccstr HeapDumpPath                             = c:\Users\vijay\AppData\Roaming\Code\User\workspaceStorage\76c1107fe8591dd7646c0e0b73a37fb0\redhat.java         {manageable} {command line}
   size_t InitialHeapSize                          = 104857600                                 {product} {command line}
   size_t MaxHeapSize                              = 1073741824                                {product} {command line}
   size_t MaxNewSize                               = 357564416                                 {product} {ergonomic}
   size_t MinHeapDeltaBytes                        = 524288                                    {product} {ergonomic}
   size_t MinHeapSize                              = 104857600                                 {product} {command line}
   size_t NewSize                                  = 34603008                                  {product} {ergonomic}
    uintx NonNMethodCodeHeapSize                   = 5839372                                {pd product} {ergonomic}
    uintx NonProfiledCodeHeapSize                  = 122909434                              {pd product} {ergonomic}
   size_t OldSize                                  = 70254592                                  {product} {ergonomic}
    uintx ProfiledCodeHeapSize                     = 122909434                              {pd product} {ergonomic}
    uintx ReservedCodeCacheSize                    = 251658240                              {pd product} {ergonomic}
     bool SegmentedCodeCache                       = true                                      {product} {ergonomic}
   size_t SoftMaxHeapSize                          = 1073741824                             {manageable} {ergonomic}
     bool UseCompressedClassPointers               = true                           {product lp64_product} {ergonomic}
     bool UseCompressedOops                        = true                           {product lp64_product} {ergonomic}
     bool UseLargePagesIndividualAllocation        = false                                  {pd product} {ergonomic}
     bool UseParallelGC                            = true                                      {product} {command line}

Logging:
Log output configuration:
 #0: stdout all=off uptime,level,tags
 #1: stderr all=off uptime,level,tags

Environment Variables:
JAVA_HOME=C:\Program Files\Java\jdk1.8.0_202\bin
PATH=C:\Program Files\Common Files\Oracle\Java\javapath;C:\Program Files (x86)\Common Files\Oracle\Java\javapath;C:\Windows\system32;C:\Windows;C:\Windows\System32\Wbem;C:\Windows\System32\WindowsPowerShell\v1.0\;C:\Windows\System32\OpenSSH\;C:\Program Files\Intel\WiFi\bin\;C:\Program Files\Common Files\Intel\WirelessCommon\;C:\Program Files\Git\cmd;C:\Program Files\nodejs\;C:\Program Files\Java\jdk1.8.0_202\bin;C:\Program Files\MySQL\mysql-connector-j-8.1.0;C:\Program Files\Java\jdk-21;C:\Program Files\MySQL\MySQL Shell 8.0\bin\;C:\Users\vijay\AppData\Local\Microsoft\WindowsApps;C:\Users\vijay\AppData\Local\Programs\Microsoft VS Code\bin;C:\Users\vijay\AppData\Roaming\npm;C:\Program Files\Java\jdk1.8.0_202\bin;C:\Program Files\Java\jdk-21;
USERNAME=vijay
OS=Windows_NT
PROCESSOR_IDENTIFIER=Intel64 Family 6 Model 142 Stepping 10, GenuineIntel
TMP=C:\Users\vijay\AppData\Local\Temp
TEMP=C:\Users\vijay\AppData\Local\Temp



Periodic native trim disabled


---------------  S Y S T E M  ---------------

OS:
 Windows 10 , 64 bit Build 19041 (10.0.19041.3636)
OS uptime: 5 days 22:27 hours

CPU: total 8 (initial active 8) (4 cores per cpu, 2 threads per core) family 6 model 142 stepping 10 microcode 0xf0, cx8, cmov, fxsr, ht, mmx, 3dnowpref, sse, sse2, sse3, ssse3, sse4.1, sse4.2, popcnt, lzcnt, tsc, tscinvbit, avx, avx2, aes, erms, clmul, bmi1, bmi2, adx, fma, vzeroupper, clflush, clflushopt
Processor Information for all 8 processors :
  Max Mhz: 1800, Current Mhz: 1600, Mhz Limit: 1584

Memory: 4k page, system-wide physical 16238M (8836M free)
TotalPageFile size 18670M (AvailPageFile size 10257M)
current process WorkingSet (physical memory assigned to process): 244M, peak: 245M
current process commit charge ("private bytes"): 321M, peak: 322M

vm_info: OpenJDK 64-Bit Server VM (17.0.9+9) for windows-amd64 JRE (17.0.9+9), built on Oct 26 2023 14:01:42 by "admin" with MS VC++ 16.10 / 16.11 (VS2019)

END.
