#
# A fatal error has been detected by the Java Runtime Environment:
#
#  EXCEPTION_ACCESS_VIOLATION (0xc0000005) at pc=0x00007ffedd564606, pid=6208, tid=12184
#
# JRE version: OpenJDK Runtime Environment Temurin-17.0.9+9 (17.0.9+9) (build 17.0.9+9)
# Java VM: OpenJDK 64-Bit Server VM Temurin-17.0.9+9 (17.0.9+9, mixed mode, tiered, compressed oops, compressed class ptrs, parallel gc, windows-amd64)
# Problematic frame:
# V  [jvm.dll+0x634606]
#
# No core dump will be written. Minidumps are not enabled by default on client versions of Windows
#
# If you would like to submit a bug report, please visit:
#   https://github.com/adoptium/adoptium-support/issues
#

---------------  S U M M A R Y ------------

Command Line: --add-modules=ALL-SYSTEM --add-opens=java.base/java.util=ALL-UNNAMED --add-opens=java.base/java.lang=ALL-UNNAMED --add-opens=java.base/sun.nio.fs=ALL-UNNAMED -Declipse.application=org.eclipse.jdt.ls.core.id1 -Dosgi.bundles.defaultStartLevel=4 -Declipse.product=org.eclipse.jdt.ls.core.product -Djava.import.generatesMetadataFilesAtProjectRoot=false -DDetectVMInstallationsJob.disabled=true -Dfile.encoding=utf8 -XX:+UseParallelGC -XX:GCTimeRatio=4 -XX:AdaptiveSizePolicyWeight=90 -Dsun.zip.disableMemoryMapping=true -Xmx1G -Xms100m -Xlog:disable -javaagent:c:\Users\vijay\.vscode\extensions\redhat.java-1.26.0-win32-x64\lombok\lombok-1.18.31-3454.jar -XX:+HeapDumpOnOutOfMemoryError -XX:HeapDumpPath=c:\Users\vijay\AppData\Roaming\Code\User\workspaceStorage\76c1107fe8591dd7646c0e0b73a37fb0\redhat.java -Daether.dependencyCollector.impl=bf c:\Users\vijay\.vscode\extensions\redhat.java-1.26.0-win32-x64\server\plugins\org.eclipse.equinox.launcher_1.6.700.v20231214-2017.jar -configuration c:\Users\vijay\AppData\Roaming\Code\User\globalStorage\redhat.java\1.26.0\config_win -data c:\Users\vijay\AppData\Roaming\Code\User\workspaceStorage\76c1107fe8591dd7646c0e0b73a37fb0\redhat.java\jdt_ws --stdio

Host: Intel(R) Core(TM) i5-8250U CPU @ 1.60GHz, 8 cores, 15G,  Windows 10 , 64 bit Build 19041 (10.0.19041.3636)
Time: Tue Jan 30 18:38:57 2024 India Standard Time elapsed time: 4301.710469 seconds (0d 1h 11m 41s)

---------------  T H R E A D  ---------------

Current thread (0x0000017702eb68e0):  VMThread "VM Thread" [stack: 0x0000005cb9300000,0x0000005cb9400000] [id=12184]

Stack: [0x0000005cb9300000,0x0000005cb9400000],  sp=0x0000005cb93fe3c0,  free space=1016k
Native frames: (J=compiled Java code, j=interpreted, Vv=VM code, C=native code)
V  [jvm.dll+0x634606]
V  [jvm.dll+0x6344c0]
V  [jvm.dll+0x370148]
V  [jvm.dll+0x54110c]
V  [jvm.dll+0x6b72f1]
V  [jvm.dll+0x6b6396]
V  [jvm.dll+0x6bcc11]
V  [jvm.dll+0x688283]
V  [jvm.dll+0x6be304]
V  [jvm.dll+0x83adab]
V  [jvm.dll+0x83baf1]
V  [jvm.dll+0x83c00d]
V  [jvm.dll+0x83c3e4]
V  [jvm.dll+0x83c4b0]
V  [jvm.dll+0x7e3c3a]
V  [jvm.dll+0x67be35]
C  [ucrtbase.dll+0x21bb2]
C  [KERNEL32.DLL+0x17344]
C  [ntdll.dll+0x526b1]


siginfo: EXCEPTION_ACCESS_VIOLATION (0xc0000005), reading address 0xffffffffffffffff


Registers:
RAX=0x000001771a96e018, RBX=0x0000017702eb60f0, RCX=0x0002000000000000, RDX=0x0000000000000000
RSP=0x0000005cb93fe3c0, RBP=0x0000000000000000, RSI=0x0000000000000004, RDI=0x0000000000000001
R8 =0x0000000000000000, R9 =0x0000017702eb46c0, R10=0x0000000000000000, R11=0x0000000000000246
R12=0x0000017702eb60d0, R13=0x0000017702eb64a8, R14=0x0000000000000000, R15=0x0000017702eb60c0
RIP=0x00007ffedd564606, EFLAGS=0x0000000000010246


Register to memory mapping:

RIP=0x00007ffedd564606 jvm.dll
RAX=0x000001771a96e018 is pointing into metadata
RBX=0x0000017702eb60f0 points into unknown readable memory: 0x00007ffedd862408 | 08 24 86 dd fe 7f 00 00
RCX=0x0002000000000000 is an unknown value
RDX=0x0 is NULL
RSP=0x0000005cb93fe3c0 points into unknown readable memory: 0x000001771a96e018 | 18 e0 96 1a 77 01 00 00
RBP=0x0 is NULL
RSI=0x0000000000000004 is an unknown value
RDI=0x0000000000000001 is an unknown value
R8 =0x0 is NULL
R9 =0x0000017702eb46c0 points into unknown readable memory: 0xc500460100000002 | 02 00 00 00 01 46 00 c5
R10=0x0 is NULL
R11=0x0000000000000246 is an unknown value
R12=0x0000017702eb60d0 points into unknown readable memory: 0x00007ffedd862408 | 08 24 86 dd fe 7f 00 00
R13=0x0000017702eb64a8 points into unknown readable memory: 0x1010195013307cb3 | b3 7c 30 13 50 19 10 10
R14=0x0 is NULL
R15=0x0000017702eb60c0 points into unknown readable memory: 0x0000000000000000 | 00 00 00 00 00 00 00 00


Top of Stack: (sp=0x0000005cb93fe3c0)
0x0000005cb93fe3c0:   000001771a96e018 000001771a96deb8
0x0000005cb93fe3d0:   0000017702eb60c0 0000000000000000
0x0000005cb93fe3e0:   0000000000000000 00007ffedd5644c0
0x0000005cb93fe3f0:   000001771a96deb8 0000000000000140
0x0000005cb93fe400:   0000017702eb46c0 0000017702eb60f0
0x0000005cb93fe410:   00007ffedd8cf598 00007ffedd126600
0x0000005cb93fe420:   00007ffedd8be910 0000000000000050
0x0000005cb93fe430:   00007ffedd86de70 00007ffeddaa9bc0
0x0000005cb93fe440:   000000000000000a 00007ffedd2a0148
0x0000005cb93fe450:   00000000000003d8 000001771a96deb8
0x0000005cb93fe460:   0000000100209630 0000000000000001
0x0000005cb93fe470:   0000000000000000 0000000100209138
0x0000005cb93fe480:   0000000000000001 0000005cb93fe518
0x0000005cb93fe490:   0000000100209630 00007ffedd47110c
0x0000005cb93fe4a0:   0000000100209630 0000005cb93fe518
0x0000005cb93fe4b0:   0000000000000001 00007ffe00000002
0x0000005cb93fe4c0:   00007ffedd8be910 00000000000001fe
0x0000005cb93fe4d0:   ffffffffffffff00 0000000000000004
0x0000005cb93fe4e0:   00000000000001fc 0000000000000000
0x0000005cb93fe4f0:   0000000000000001 000001771f425cb0
0x0000005cb93fe500:   000001771f426cc0 0000005cb93fe4e8
0x0000005cb93fe510:   00007ffeddaa9c30 0000000000000000
0x0000005cb93fe520:   0000005cb93fe630 00007ffedd5e72f1
0x0000005cb93fe530:   0000000000000001 00007ffedd86de88
0x0000005cb93fe540:   00007ffedda5c7e0 0000000000000000
0x0000005cb93fe550:   0000000a03fa4fd3 0000070ac7833c05
0x0000005cb93fe560:   0000000a00000002 00007ffeddaa9c30
0x0000005cb93fe570:   0000000000000002 00007ffeddaa9bc0
0x0000005cb93fe580:   00007ffedd86de70 0000000000000000
0x0000005cb93fe590:   00007ffedd8e1ae0 000000000000000d
0x0000005cb93fe5a0:   0000000000000002 00007ffeddaa9bc0
0x0000005cb93fe5b0:   0000017700000002 00007ffeddaa9c30 

Instructions: (pc=0x00007ffedd564606)
0x00007ffedd564506:   48 8d 8e 08 01 00 00 48 03 c8 e8 ab 0b 00 00 48
0x00007ffedd564516:   8b c8 48 8b d8 48 8b 10 ff 52 68 33 c9 84 c0 48
0x00007ffedd564526:   0f 45 cb 48 85 c9 74 0d 48 8b 01 41 0f b6 d6 ff
0x00007ffedd564536:   90 80 00 00 00 48 8d 05 56 b0 36 00 44 88 74 24
0x00007ffedd564546:   28 48 8d 54 24 20 48 89 44 24 20 48 8b ce e8 a7
0x00007ffedd564556:   fc ff ff 49 83 3f 00 74 13 48 8b d7 48 8b cd e8
0x00007ffedd564566:   e6 86 a7 ff 49 8b cf e8 be 86 a7 ff 4c 39 65 18
0x00007ffedd564576:   74 0c 4c 89 7d 10 4c 89 65 18 4c 89 6d 20 48 8b
0x00007ffedd564586:   5c 24 68 48 8b 6c 24 70 48 8b 74 24 78 48 83 c4
0x00007ffedd564596:   30 41 5f 41 5e 41 5d 41 5c 5f c3 cc cc cc cc cc
0x00007ffedd5645a6:   cc cc cc cc cc cc cc cc cc cc 48 89 5c 24 10 48
0x00007ffedd5645b6:   89 6c 24 18 48 89 7c 24 20 41 56 48 83 ec 20 45
0x00007ffedd5645c6:   33 f6 0f b6 ea 44 39 35 5e 46 4e 00 48 8b d9 41
0x00007ffedd5645d6:   8b fe 0f 86 80 00 00 00 48 89 74 24 30 be 02 00
0x00007ffedd5645e6:   00 00 0f 1f 84 00 00 00 00 00 48 8b 43 08 48 63
0x00007ffedd5645f6:   ce 48 8b 4c c8 08 48 85 c9 74 4b 40 84 ed 75 10
0x00007ffedd564606:   48 8b 89 98 00 00 00 e8 3e 20 bc ff 84 c0 75 36
0x00007ffedd564616:   48 8b 43 08 4c 89 70 08 48 63 c7 48 8d 0c 00 48
0x00007ffedd564626:   8b 43 08 4c 89 74 c8 18 48 8b 43 08 4c 89 74 c8
0x00007ffedd564636:   20 48 8b cb 48 8b 03 ff 50 28 84 c0 75 08 48 8b
0x00007ffedd564646:   43 08 4c 89 70 10 ff c7 83 c6 02 3b 3d d9 45 4e
0x00007ffedd564656:   00 72 97 48 8b 74 24 30 48 8b 5c 24 38 48 8b 6c
0x00007ffedd564666:   24 40 48 8b 7c 24 48 48 83 c4 20 41 5e c3 cc cc
0x00007ffedd564676:   cc cc cc cc cc cc cc cc cc cc 48 89 5c 24 08 57
0x00007ffedd564686:   48 83 ec 20 48 8b 01 48 8b f9 4c 63 49 08 4c 8b
0x00007ffedd564696:   40 08 4b 8b 5c c8 08 48 8b cb 48 83 e1 fc 74 27
0x00007ffedd5646a6:   84 d2 75 10 48 8b 89 98 00 00 00 e8 9a 1f bc ff
0x00007ffedd5646b6:   84 c0 75 13 48 8b 07 83 e3 03 48 63 57 08 48 8b
0x00007ffedd5646c6:   48 08 48 89 5c d1 08 48 8b 5c 24 30 48 83 c4 20
0x00007ffedd5646d6:   5f c3 cc cc cc cc cc cc cc cc 48 89 5c 24 18 48
0x00007ffedd5646e6:   89 7c 24 20 41 56 48 83 ec 20 33 db 44 0f b6 f2
0x00007ffedd5646f6:   48 8b f9 39 59 10 7e 6f 48 89 6c 24 30 48 89 74 


Stack slot to memory mapping:
stack at sp + 0 slots: 0x000001771a96e018 is pointing into metadata
stack at sp + 1 slots: 0x000001771a96deb8 is pointing into metadata
stack at sp + 2 slots: 0x0000017702eb60c0 points into unknown readable memory: 0x0000000000000000 | 00 00 00 00 00 00 00 00
stack at sp + 3 slots: 0x0 is NULL
stack at sp + 4 slots: 0x0 is NULL
stack at sp + 5 slots: 0x00007ffedd5644c0 jvm.dll
stack at sp + 6 slots: 0x000001771a96deb8 is pointing into metadata
stack at sp + 7 slots: 0x0000000000000140 is an unknown value

VM_Operation (0x0000005cbabfdc10): ParallelGCFailedAllocation, mode: safepoint, requested by thread 0x00000177227bac90


---------------  P R O C E S S  ---------------

Threads class SMR info:
_java_thread_list=0x0000017720c3bde0, length=35, elements={
0x0000017702e06340, 0x0000017716c96a70, 0x0000017716c9dad0, 0x000001771bf27c20,
0x000001771bf28aa0, 0x000001771bf29920, 0x000001771bf2cb90, 0x000001771bf597b0,
0x000001771bf5f980, 0x000001771bf60290, 0x000001771c042620, 0x000001771c289cb0,
0x000001771d8914a0, 0x000001771d91a090, 0x000001771d91a570, 0x000001771d8fd6d0,
0x000001771d4b8320, 0x000001771d2947f0, 0x000001771d2938c0, 0x000001771d295210,
0x000001771d2933b0, 0x000001771f9cf090, 0x000001771f9c9f90, 0x000001771f9c9a80,
0x000001771f9cd740, 0x000001771f9d09e0, 0x000001771f9ceb80, 0x00000177227c11d0,
0x00000177227c0cc0, 0x00000177227bda20, 0x00000177227bc5e0, 0x00000177227be440,
0x00000177227bf880, 0x00000177227bac90, 0x00000177227c02a0
}

Java Threads: ( => current thread )
  0x0000017702e06340 JavaThread "main" [_thread_blocked, id=13916, stack(0x0000005cb9100000,0x0000005cb9200000)]
  0x0000017716c96a70 JavaThread "Reference Handler" daemon [_thread_blocked, id=7536, stack(0x0000005cb9400000,0x0000005cb9500000)]
  0x0000017716c9dad0 JavaThread "Finalizer" daemon [_thread_blocked, id=8864, stack(0x0000005cb9500000,0x0000005cb9600000)]
  0x000001771bf27c20 JavaThread "Signal Dispatcher" daemon [_thread_blocked, id=13856, stack(0x0000005cb9600000,0x0000005cb9700000)]
  0x000001771bf28aa0 JavaThread "Attach Listener" daemon [_thread_blocked, id=4564, stack(0x0000005cb9700000,0x0000005cb9800000)]
  0x000001771bf29920 JavaThread "Service Thread" daemon [_thread_blocked, id=9552, stack(0x0000005cb9800000,0x0000005cb9900000)]
  0x000001771bf2cb90 JavaThread "Monitor Deflation Thread" daemon [_thread_blocked, id=13200, stack(0x0000005cb9900000,0x0000005cb9a00000)]
  0x000001771bf597b0 JavaThread "C2 CompilerThread0" daemon [_thread_blocked, id=4636, stack(0x0000005cb9a00000,0x0000005cb9b00000)]
  0x000001771bf5f980 JavaThread "C1 CompilerThread0" daemon [_thread_blocked, id=1108, stack(0x0000005cb9b00000,0x0000005cb9c00000)]
  0x000001771bf60290 JavaThread "Sweeper thread" daemon [_thread_blocked, id=2700, stack(0x0000005cb9c00000,0x0000005cb9d00000)]
  0x000001771c042620 JavaThread "Common-Cleaner" daemon [_thread_blocked, id=8300, stack(0x0000005cb9d00000,0x0000005cb9e00000)]
  0x000001771c289cb0 JavaThread "Notification Thread" daemon [_thread_blocked, id=5040, stack(0x0000005cb9f00000,0x0000005cba000000)]
  0x000001771d8914a0 JavaThread "Active Thread: Equinox Container: a067ebe5-e39a-465d-9569-a45eb789731c" [_thread_blocked, id=5360, stack(0x0000005cba800000,0x0000005cba900000)]
  0x000001771d91a090 JavaThread "Framework Event Dispatcher: Equinox Container: a067ebe5-e39a-465d-9569-a45eb789731c" daemon [_thread_blocked, id=12948, stack(0x0000005cba100000,0x0000005cba200000)]
  0x000001771d91a570 JavaThread "Start Level: Equinox Container: a067ebe5-e39a-465d-9569-a45eb789731c" daemon [_thread_blocked, id=15612, stack(0x0000005cba900000,0x0000005cbaa00000)]
  0x000001771d8fd6d0 JavaThread "Bundle File Closer" daemon [_thread_blocked, id=14848, stack(0x0000005cbac00000,0x0000005cbad00000)]
  0x000001771d4b8320 JavaThread "SCR Component Actor" daemon [_thread_blocked, id=8856, stack(0x0000005cb9e00000,0x0000005cb9f00000)]
  0x000001771d2947f0 JavaThread "Worker-JM" [_thread_blocked, id=2140, stack(0x0000005cbae00000,0x0000005cbaf00000)]
  0x000001771d2938c0 JavaThread "Java indexing" daemon [_thread_blocked, id=11848, stack(0x0000005cbb300000,0x0000005cbb400000)]
  0x000001771d295210 JavaThread "JNA Cleaner" daemon [_thread_blocked, id=3636, stack(0x0000005cbb400000,0x0000005cbb500000)]
  0x000001771d2933b0 JavaThread "pool-2-thread-1" [_thread_blocked, id=6176, stack(0x0000005cbb700000,0x0000005cbb800000)]
  0x000001771f9cf090 JavaThread "WorkspaceEventsHandler" [_thread_blocked, id=9048, stack(0x0000005cbb800000,0x0000005cbb900000)]
  0x000001771f9c9f90 JavaThread "pool-1-thread-1" [_thread_blocked, id=7692, stack(0x0000005cbb900000,0x0000005cbba00000)]
  0x000001771f9c9a80 JavaThread "Java Debug Server" daemon [_thread_in_native, id=13928, stack(0x0000005cb8e00000,0x0000005cb8f00000)]
  0x000001771f9cd740 JavaThread "pool-5-thread-1" [_thread_in_native, id=2716, stack(0x0000005cb8f00000,0x0000005cb9000000)]
  0x000001771f9d09e0 JavaThread "RxSchedulerPurge-1" daemon [_thread_blocked, id=5352, stack(0x0000005cb9000000,0x0000005cb9100000)]
  0x000001771f9ceb80 JavaThread "RxCachedWorkerPoolEvictor-1" daemon [_thread_blocked, id=7116, stack(0x0000005cbad00000,0x0000005cbae00000)]
  0x00000177227c11d0 JavaThread "Worker-7" [_thread_blocked, id=9276, stack(0x0000005cbbe00000,0x0000005cbbf00000)]
  0x00000177227c0cc0 JavaThread "Worker-9" [_thread_blocked, id=12964, stack(0x0000005cbc600000,0x0000005cbc700000)]
  0x00000177227bda20 JavaThread "RxNewThreadScheduler-13" daemon [_thread_blocked, id=4684, stack(0x0000005cbb200000,0x0000005cbb300000)]
  0x00000177227bc5e0 JavaThread "Packet Receive Manager" daemon [_thread_in_native, id=15480, stack(0x0000005cbb600000,0x0000005cbb700000)]
  0x00000177227be440 JavaThread "Packet Send Manager" daemon [_thread_blocked, id=12464, stack(0x0000005cbc400000,0x0000005cbc500000)]
  0x00000177227bf880 JavaThread "Event Hub" daemon [_thread_blocked, id=11596, stack(0x0000005cbc200000,0x0000005cbc300000)]
  0x00000177227bac90 JavaThread "ForkJoinPool.commonPool-worker-26" daemon [_thread_blocked, id=14588, stack(0x0000005cbab00000,0x0000005cbac00000)]
  0x00000177227c02a0 JavaThread "ForkJoinPool.commonPool-worker-27" daemon [_thread_blocked, id=12944, stack(0x0000005cbaf00000,0x0000005cbb000000)]

Other Threads:
=>0x0000017702eb68e0 VMThread "VM Thread" [stack: 0x0000005cb9300000,0x0000005cb9400000] [id=12184]
  0x000001771cf04c70 WatcherThread [stack: 0x0000005cba000000,0x0000005cba100000] [id=8912]
  0x0000017702e19ed0 GCTaskThread "GC Thread#0" [stack: 0x0000005cb9200000,0x0000005cb9300000] [id=4588]
  0x000001771d7534a0 GCTaskThread "GC Thread#1" [stack: 0x0000005cba200000,0x0000005cba300000] [id=13952]
  0x000001771d753760 GCTaskThread "GC Thread#2" [stack: 0x0000005cba300000,0x0000005cba400000] [id=6740]
  0x000001771d753a20 GCTaskThread "GC Thread#3" [stack: 0x0000005cba400000,0x0000005cba500000] [id=7280]
  0x000001771d753ce0 GCTaskThread "GC Thread#4" [stack: 0x0000005cba500000,0x0000005cba600000] [id=11484]
  0x000001771cedc0d0 GCTaskThread "GC Thread#5" [stack: 0x0000005cba600000,0x0000005cba700000] [id=9064]
  0x000001771cedc390 GCTaskThread "GC Thread#6" [stack: 0x0000005cba700000,0x0000005cba800000] [id=13744]
  0x0000017700dd7b00 GCTaskThread "GC Thread#7" [stack: 0x0000005cbaa00000,0x0000005cbab00000] [id=10396]

Threads with active compile tasks:

VM state: at safepoint (normal execution)

VM Mutex/Monitor currently owned by a thread:  ([mutex/lock_event])
[0x0000017702e02a20] Threads_lock - owner thread: 0x0000017702eb68e0
[0x0000017702e030e0] Heap_lock - owner thread: 0x00000177227bac90

Heap address: 0x00000000c0000000, size: 1024 MB, Compressed Oops mode: 32-bit

CDS archive(s) not mapped
Compressed class space mapped at: 0x0000000100000000-0x0000000140000000, reserved size: 1073741824
Narrow klass base: 0x0000000000000000, Narrow klass shift: 3, Narrow klass range: 0x140000000

GC Precious Log:
 CPUs: 8 total, 8 available
 Memory: 16238M
 Large Page Support: Disabled
 NUMA Support: Disabled
 Compressed Oops: Enabled (32-bit)
 Alignments: Space 512K, Generation 512K, Heap 2M
 Heap Min Capacity: 100M
 Heap Initial Capacity: 100M
 Heap Max Capacity: 1G
 Pre-touch: Disabled
 Parallel Workers: 8

Heap:
 PSYoungGen      total 1536K, used 482K [0x00000000eab00000, 0x00000000eb280000, 0x0000000100000000)
  eden space 1024K, 0% used [0x00000000eab00000,0x00000000eab00000,0x00000000eac00000)
  from space 512K, 94% used [0x00000000eae80000,0x00000000eaef8a08,0x00000000eaf00000)
  to   space 2560K, 0% used [0x00000000eac00000,0x00000000eac00000,0x00000000eae80000)
 ParOldGen       total 156160K, used 155804K [0x00000000c0000000, 0x00000000c9880000, 0x00000000eab00000)
  object space 156160K, 99% used [0x00000000c0000000,0x00000000c9827300,0x00000000c9880000)
 Metaspace       used 91126K, committed 92672K, reserved 1179648K
  class space    used 9474K, committed 10176K, reserved 1048576K

Card table byte_map: [0x00000177027d0000,0x00000177029e0000] _byte_map_base: 0x00000177021d0000

Marking Bits: (ParMarkBitMap*) 0x00007ffeddacd0b0
 Begin Bits: [0x0000017714aa0000, 0x0000017715aa0000)
 End Bits:   [0x0000017715aa0000, 0x0000017716aa0000)

Polling page: 0x00000177025c0000

Metaspace:

Usage:
  Non-class:     79.74 MB used.
      Class:      9.25 MB used.
       Both:     88.99 MB used.

Virtual space:
  Non-class space:      128.00 MB reserved,      80.56 MB ( 63%) committed,  2 nodes.
      Class space:        1.00 GB reserved,       9.94 MB ( <1%) committed,  1 nodes.
             Both:        1.12 GB reserved,      90.50 MB (  8%) committed. 

Chunk freelists:
   Non-Class:  15.42 MB
       Class:  5.94 MB
        Both:  21.36 MB

MaxMetaspaceSize: unlimited
CompressedClassSpaceSize: 1.00 GB
Initial GC threshold: 21.00 MB
Current GC threshold: 150.44 MB
CDS: off
MetaspaceReclaimPolicy: balanced
 - commit_granule_bytes: 65536.
 - commit_granule_words: 8192.
 - virtual_space_node_default_size: 8388608.
 - enlarge_chunks_in_place: 1.
 - new_chunks_are_fully_committed: 0.
 - uncommit_free_chunks: 1.
 - use_allocation_guard: 0.
 - handle_deallocations: 1.


Internal statistics:

num_allocs_failed_limit: 9.
num_arena_births: 1258.
num_arena_deaths: 30.
num_vsnodes_births: 3.
num_vsnodes_deaths: 0.
num_space_committed: 1448.
num_space_uncommitted: 0.
num_chunks_returned_to_freelist: 45.
num_chunks_taken_from_freelist: 5352.
num_chunk_merges: 14.
num_chunk_splits: 3245.
num_chunks_enlarged: 1787.
num_inconsistent_stats: 0.

CodeHeap 'non-profiled nmethods': size=120000Kb used=15202Kb max_used=15433Kb free=104797Kb
 bounds [0x000001770d570000, 0x000001770e490000, 0x0000017714aa0000]
CodeHeap 'profiled nmethods': size=120000Kb used=32642Kb max_used=33914Kb free=87358Kb
 bounds [0x0000017705aa0000, 0x0000017707c00000, 0x000001770cfd0000]
CodeHeap 'non-nmethods': size=5760Kb used=1425Kb max_used=1577Kb free=4334Kb
 bounds [0x000001770cfd0000, 0x000001770d240000, 0x000001770d570000]
 total_blobs=16382 nmethods=15604 adapters=686
 compilation: enabled
              stopped_count=0, restarted_count=0
 full_count=0

Compilation events (20 events):
Event: 4300.525 Thread 0x000001771bf5f980 nmethod 21968 0x00000177069b4010 code [0x00000177069b41c0, 0x00000177069b4388]
Event: 4300.528 Thread 0x000001771bf5f980 21970       3       org.eclipse.jdt.internal.codeassist.select.SelectionParser::restartRecovery (115 bytes)
Event: 4300.528 Thread 0x000001771bf5f980 nmethod 21970 0x0000017706414190 code [0x0000017706414380, 0x0000017706414b38]
Event: 4300.528 Thread 0x000001771bf5f980 21971       3       org.eclipse.jdt.internal.codeassist.select.SelectionParser::consumeToken (439 bytes)
Event: 4300.529 Thread 0x000001771bf5f980 nmethod 21971 0x0000017707033810 code [0x0000017707033c60, 0x00000177070365a8]
Event: 4300.535 Thread 0x000001771bf5f980 21972       3       org.eclipse.jdt.internal.compiler.ast.NormalAnnotation::computeElementValuePairs (57 bytes)
Event: 4300.535 Thread 0x000001771bf5f980 nmethod 21972 0x0000017706406c90 code [0x0000017706406e60, 0x0000017706407318]
Event: 4300.537 Thread 0x000001771bf5f980 21974       3       org.eclipse.jdt.internal.codeassist.select.SelectionParser::checkRestartRecovery (19 bytes)
Event: 4300.537 Thread 0x000001771bf5f980 nmethod 21974 0x0000017706a44010 code [0x0000017706a441a0, 0x0000017706a442f8]
Event: 4300.537 Thread 0x000001771bf5f980 21975       3       org.eclipse.jdt.internal.compiler.parser.RecoveredStatement::updatedStatement (22 bytes)
Event: 4300.538 Thread 0x000001771bf5f980 nmethod 21975 0x000001770684fa10 code [0x000001770684fbc0, 0x000001770684fdc8]
Event: 4300.547 Thread 0x000001771bf597b0 nmethod 21966 0x000001770ded6b90 code [0x000001770ded6da0, 0x000001770ded7cd0]
Event: 4300.547 Thread 0x000001771bf597b0 21973       4       org.eclipse.jdt.internal.compiler.lookup.PackageBinding::getTypeOrPackage (368 bytes)
Event: 4300.783 Thread 0x000001771bf597b0 nmethod 21973 0x000001770dd17590 code [0x000001770dd17c80, 0x000001770dd1eb50]
Event: 4300.784 Thread 0x000001771bf597b0 21960       4       java.net.URI::hashCode (123 bytes)
Event: 4300.808 Thread 0x000001771bf597b0 nmethod 21960 0x000001770e000190 code [0x000001770e0003a0, 0x000001770e001610]
Event: 4300.808 Thread 0x000001771bf597b0 21957       4       java.util.stream.MatchOps$1MatchSink::accept (44 bytes)
Event: 4300.808 Thread 0x000001771bf597b0 nmethod 21957 0x000001770e0f6690 code [0x000001770e0f6820, 0x000001770e0f6918]
Event: 4301.601 Thread 0x000001771bf5f980 21976   !   3       lombok.core.configuration.FileSystemSourceCache::forUri (180 bytes)
Event: 4301.603 Thread 0x000001771bf5f980 nmethod 21976 0x0000017707355690 code [0x0000017707355bc0, 0x0000017707358568]

GC Heap History (20 events):
Event: 4300.486 GC heap after
{Heap after GC invocations=978 (full 35):
 PSYoungGen      total 3584K, used 1526K [0x00000000eab00000, 0x00000000eb100000, 0x0000000100000000)
  eden space 2048K, 0% used [0x00000000eab00000,0x00000000eab00000,0x00000000ead00000)
  from space 1536K, 99% used [0x00000000ead00000,0x00000000eae7db40,0x00000000eae80000)
  to   space 2048K, 0% used [0x00000000eaf00000,0x00000000eaf00000,0x00000000eb100000)
 ParOldGen       total 155648K, used 148832K [0x00000000c0000000, 0x00000000c9800000, 0x00000000eab00000)
  object space 155648K, 95% used [0x00000000c0000000,0x00000000c9158040,0x00000000c9800000)
 Metaspace       used 91104K, committed 92608K, reserved 1179648K
  class space    used 9474K, committed 10176K, reserved 1048576K
}
Event: 4300.497 GC heap before
{Heap before GC invocations=979 (full 35):
 PSYoungGen      total 3584K, used 3574K [0x00000000eab00000, 0x00000000eb100000, 0x0000000100000000)
  eden space 2048K, 100% used [0x00000000eab00000,0x00000000ead00000,0x00000000ead00000)
  from space 1536K, 99% used [0x00000000ead00000,0x00000000eae7db40,0x00000000eae80000)
  to   space 2048K, 0% used [0x00000000eaf00000,0x00000000eaf00000,0x00000000eb100000)
 ParOldGen       total 155648K, used 148832K [0x00000000c0000000, 0x00000000c9800000, 0x00000000eab00000)
  object space 155648K, 95% used [0x00000000c0000000,0x00000000c9158040,0x00000000c9800000)
 Metaspace       used 91104K, committed 92608K, reserved 1179648K
  class space    used 9474K, committed 10176K, reserved 1048576K
}
Event: 4300.500 GC heap after
{Heap after GC invocations=979 (full 35):
 PSYoungGen      total 3072K, used 640K [0x00000000eab00000, 0x00000000eb000000, 0x0000000100000000)
  eden space 2048K, 0% used [0x00000000eab00000,0x00000000eab00000,0x00000000ead00000)
  from space 1024K, 62% used [0x00000000eaf00000,0x00000000eafa0000,0x00000000eb000000)
  to   space 1024K, 0% used [0x00000000eae00000,0x00000000eae00000,0x00000000eaf00000)
 ParOldGen       total 155648K, used 150245K [0x00000000c0000000, 0x00000000c9800000, 0x00000000eab00000)
  object space 155648K, 96% used [0x00000000c0000000,0x00000000c92b9590,0x00000000c9800000)
 Metaspace       used 91104K, committed 92608K, reserved 1179648K
  class space    used 9474K, committed 10176K, reserved 1048576K
}
Event: 4300.513 GC heap before
{Heap before GC invocations=980 (full 35):
 PSYoungGen      total 3072K, used 2688K [0x00000000eab00000, 0x00000000eb000000, 0x0000000100000000)
  eden space 2048K, 100% used [0x00000000eab00000,0x00000000ead00000,0x00000000ead00000)
  from space 1024K, 62% used [0x00000000eaf00000,0x00000000eafa0000,0x00000000eb000000)
  to   space 1024K, 0% used [0x00000000eae00000,0x00000000eae00000,0x00000000eaf00000)
 ParOldGen       total 155648K, used 151724K [0x00000000c0000000, 0x00000000c9800000, 0x00000000eab00000)
  object space 155648K, 97% used [0x00000000c0000000,0x00000000c942b2a8,0x00000000c9800000)
 Metaspace       used 91104K, committed 92608K, reserved 1179648K
  class space    used 9474K, committed 10176K, reserved 1048576K
}
Event: 4300.515 GC heap after
{Heap after GC invocations=980 (full 35):
 PSYoungGen      total 3072K, used 623K [0x00000000eab00000, 0x00000000eaf80000, 0x0000000100000000)
  eden space 2048K, 0% used [0x00000000eab00000,0x00000000eab00000,0x00000000ead00000)
  from space 1024K, 60% used [0x00000000eae00000,0x00000000eae9bf90,0x00000000eaf00000)
  to   space 512K, 0% used [0x00000000eaf00000,0x00000000eaf00000,0x00000000eaf80000)
 ParOldGen       total 155648K, used 152244K [0x00000000c0000000, 0x00000000c9800000, 0x00000000eab00000)
  object space 155648K, 97% used [0x00000000c0000000,0x00000000c94ad198,0x00000000c9800000)
 Metaspace       used 91104K, committed 92608K, reserved 1179648K
  class space    used 9474K, committed 10176K, reserved 1048576K
}
Event: 4300.525 GC heap before
{Heap before GC invocations=981 (full 35):
 PSYoungGen      total 3072K, used 2671K [0x00000000eab00000, 0x00000000eaf80000, 0x0000000100000000)
  eden space 2048K, 100% used [0x00000000eab00000,0x00000000ead00000,0x00000000ead00000)
  from space 1024K, 60% used [0x00000000eae00000,0x00000000eae9bf90,0x00000000eaf00000)
  to   space 512K, 0% used [0x00000000eaf00000,0x00000000eaf00000,0x00000000eaf80000)
 ParOldGen       total 155648K, used 152244K [0x00000000c0000000, 0x00000000c9800000, 0x00000000eab00000)
  object space 155648K, 97% used [0x00000000c0000000,0x00000000c94ad198,0x00000000c9800000)
 Metaspace       used 91125K, committed 92672K, reserved 1179648K
  class space    used 9474K, committed 10176K, reserved 1048576K
}
Event: 4300.527 GC heap after
{Heap after GC invocations=981 (full 35):
 PSYoungGen      total 2560K, used 378K [0x00000000eab00000, 0x00000000eaf80000, 0x0000000100000000)
  eden space 2048K, 0% used [0x00000000eab00000,0x00000000eab00000,0x00000000ead00000)
  from space 512K, 73% used [0x00000000eaf00000,0x00000000eaf5e900,0x00000000eaf80000)
  to   space 512K, 0% used [0x00000000eae80000,0x00000000eae80000,0x00000000eaf00000)
 ParOldGen       total 155648K, used 152640K [0x00000000c0000000, 0x00000000c9800000, 0x00000000eab00000)
  object space 155648K, 98% used [0x00000000c0000000,0x00000000c9510138,0x00000000c9800000)
 Metaspace       used 91125K, committed 92672K, reserved 1179648K
  class space    used 9474K, committed 10176K, reserved 1048576K
}
Event: 4300.531 GC heap before
{Heap before GC invocations=982 (full 35):
 PSYoungGen      total 2560K, used 2426K [0x00000000eab00000, 0x00000000eaf80000, 0x0000000100000000)
  eden space 2048K, 100% used [0x00000000eab00000,0x00000000ead00000,0x00000000ead00000)
  from space 512K, 73% used [0x00000000eaf00000,0x00000000eaf5e900,0x00000000eaf80000)
  to   space 512K, 0% used [0x00000000eae80000,0x00000000eae80000,0x00000000eaf00000)
 ParOldGen       total 155648K, used 152640K [0x00000000c0000000, 0x00000000c9800000, 0x00000000eab00000)
  object space 155648K, 98% used [0x00000000c0000000,0x00000000c9510138,0x00000000c9800000)
 Metaspace       used 91125K, committed 92672K, reserved 1179648K
  class space    used 9474K, committed 10176K, reserved 1048576K
}
Event: 4300.533 GC heap after
{Heap after GC invocations=982 (full 35):
 PSYoungGen      total 2560K, used 480K [0x00000000eab00000, 0x00000000eaf80000, 0x0000000100000000)
  eden space 2048K, 0% used [0x00000000eab00000,0x00000000eab00000,0x00000000ead00000)
  from space 512K, 93% used [0x00000000eae80000,0x00000000eaef8020,0x00000000eaf00000)
  to   space 512K, 0% used [0x00000000eaf00000,0x00000000eaf00000,0x00000000eaf80000)
 ParOldGen       total 155648K, used 152820K [0x00000000c0000000, 0x00000000c9800000, 0x00000000eab00000)
  object space 155648K, 98% used [0x00000000c0000000,0x00000000c953d348,0x00000000c9800000)
 Metaspace       used 91125K, committed 92672K, reserved 1179648K
  class space    used 9474K, committed 10176K, reserved 1048576K
}
Event: 4301.590 GC heap before
{Heap before GC invocations=983 (full 35):
 PSYoungGen      total 2560K, used 2528K [0x00000000eab00000, 0x00000000eaf80000, 0x0000000100000000)
  eden space 2048K, 100% used [0x00000000eab00000,0x00000000ead00000,0x00000000ead00000)
  from space 512K, 93% used [0x00000000eae80000,0x00000000eaef8020,0x00000000eaf00000)
  to   space 512K, 0% used [0x00000000eaf00000,0x00000000eaf00000,0x00000000eaf80000)
 ParOldGen       total 155648K, used 152820K [0x00000000c0000000, 0x00000000c9800000, 0x00000000eab00000)
  object space 155648K, 98% used [0x00000000c0000000,0x00000000c953d348,0x00000000c9800000)
 Metaspace       used 91126K, committed 92672K, reserved 1179648K
  class space    used 9474K, committed 10176K, reserved 1048576K
}
Event: 4301.591 GC heap after
{Heap after GC invocations=983 (full 35):
 PSYoungGen      total 2560K, used 506K [0x00000000eab00000, 0x00000000eb000000, 0x0000000100000000)
  eden space 2048K, 0% used [0x00000000eab00000,0x00000000eab00000,0x00000000ead00000)
  from space 512K, 98% used [0x00000000eaf00000,0x00000000eaf7e900,0x00000000eaf80000)
  to   space 1536K, 0% used [0x00000000ead00000,0x00000000ead00000,0x00000000eae80000)
 ParOldGen       total 155648K, used 153379K [0x00000000c0000000, 0x00000000c9800000, 0x00000000eab00000)
  object space 155648K, 98% used [0x00000000c0000000,0x00000000c95c8e28,0x00000000c9800000)
 Metaspace       used 91126K, committed 92672K, reserved 1179648K
  class space    used 9474K, committed 10176K, reserved 1048576K
}
Event: 4301.595 GC heap before
{Heap before GC invocations=984 (full 35):
 PSYoungGen      total 2560K, used 2554K [0x00000000eab00000, 0x00000000eb000000, 0x0000000100000000)
  eden space 2048K, 100% used [0x00000000eab00000,0x00000000ead00000,0x00000000ead00000)
  from space 512K, 98% used [0x00000000eaf00000,0x00000000eaf7e900,0x00000000eaf80000)
  to   space 1536K, 0% used [0x00000000ead00000,0x00000000ead00000,0x00000000eae80000)
 ParOldGen       total 155648K, used 153379K [0x00000000c0000000, 0x00000000c9800000, 0x00000000eab00000)
  object space 155648K, 98% used [0x00000000c0000000,0x00000000c95c8e28,0x00000000c9800000)
 Metaspace       used 91126K, committed 92672K, reserved 1179648K
  class space    used 9474K, committed 10176K, reserved 1048576K
}
Event: 4301.597 GC heap after
{Heap after GC invocations=984 (full 35):
 PSYoungGen      total 3584K, used 576K [0x00000000eab00000, 0x00000000eaf80000, 0x0000000100000000)
  eden space 2048K, 0% used [0x00000000eab00000,0x00000000eab00000,0x00000000ead00000)
  from space 1536K, 37% used [0x00000000ead00000,0x00000000ead90020,0x00000000eae80000)
  to   space 1024K, 0% used [0x00000000eae80000,0x00000000eae80000,0x00000000eaf80000)
 ParOldGen       total 155648K, used 153804K [0x00000000c0000000, 0x00000000c9800000, 0x00000000eab00000)
  object space 155648K, 98% used [0x00000000c0000000,0x00000000c96333b8,0x00000000c9800000)
 Metaspace       used 91126K, committed 92672K, reserved 1179648K
  class space    used 9474K, committed 10176K, reserved 1048576K
}
Event: 4301.604 GC heap before
{Heap before GC invocations=985 (full 35):
 PSYoungGen      total 3584K, used 2624K [0x00000000eab00000, 0x00000000eaf80000, 0x0000000100000000)
  eden space 2048K, 100% used [0x00000000eab00000,0x00000000ead00000,0x00000000ead00000)
  from space 1536K, 37% used [0x00000000ead00000,0x00000000ead90020,0x00000000eae80000)
  to   space 1024K, 0% used [0x00000000eae80000,0x00000000eae80000,0x00000000eaf80000)
 ParOldGen       total 155648K, used 153804K [0x00000000c0000000, 0x00000000c9800000, 0x00000000eab00000)
  object space 155648K, 98% used [0x00000000c0000000,0x00000000c96333b8,0x00000000c9800000)
 Metaspace       used 91126K, committed 92672K, reserved 1179648K
  class space    used 9474K, committed 10176K, reserved 1048576K
}
Event: 4301.605 GC heap after
{Heap after GC invocations=985 (full 35):
 PSYoungGen      total 2560K, used 314K [0x00000000eab00000, 0x00000000eaf00000, 0x0000000100000000)
  eden space 2048K, 0% used [0x00000000eab00000,0x00000000eab00000,0x00000000ead00000)
  from space 512K, 61% used [0x00000000eae80000,0x00000000eaece900,0x00000000eaf00000)
  to   space 512K, 0% used [0x00000000eae00000,0x00000000eae00000,0x00000000eae80000)
 ParOldGen       total 155648K, used 153908K [0x00000000c0000000, 0x00000000c9800000, 0x00000000eab00000)
  object space 155648K, 98% used [0x00000000c0000000,0x00000000c964d3d8,0x00000000c9800000)
 Metaspace       used 91126K, committed 92672K, reserved 1179648K
  class space    used 9474K, committed 10176K, reserved 1048576K
}
Event: 4301.609 GC heap before
{Heap before GC invocations=986 (full 35):
 PSYoungGen      total 2560K, used 2019K [0x00000000eab00000, 0x00000000eaf00000, 0x0000000100000000)
  eden space 2048K, 83% used [0x00000000eab00000,0x00000000eacaa5e8,0x00000000ead00000)
  from space 512K, 61% used [0x00000000eae80000,0x00000000eaece900,0x00000000eaf00000)
  to   space 512K, 0% used [0x00000000eae00000,0x00000000eae00000,0x00000000eae80000)
 ParOldGen       total 155648K, used 153908K [0x00000000c0000000, 0x00000000c9800000, 0x00000000eab00000)
  object space 155648K, 98% used [0x00000000c0000000,0x00000000c964d3d8,0x00000000c9800000)
 Metaspace       used 91126K, committed 92672K, reserved 1179648K
  class space    used 9474K, committed 10176K, reserved 1048576K
}
Event: 4301.610 GC heap after
{Heap after GC invocations=986 (full 35):
 PSYoungGen      total 2560K, used 485K [0x00000000eab00000, 0x00000000eaf00000, 0x0000000100000000)
  eden space 2048K, 0% used [0x00000000eab00000,0x00000000eab00000,0x00000000ead00000)
  from space 512K, 94% used [0x00000000eae00000,0x00000000eae79778,0x00000000eae80000)
  to   space 512K, 0% used [0x00000000eae80000,0x00000000eae80000,0x00000000eaf00000)
 ParOldGen       total 155648K, used 154081K [0x00000000c0000000, 0x00000000c9800000, 0x00000000eab00000)
  object space 155648K, 98% used [0x00000000c0000000,0x00000000c96785d8,0x00000000c9800000)
 Metaspace       used 91126K, committed 92672K, reserved 1179648K
  class space    used 9474K, committed 10176K, reserved 1048576K
}
Event: 4301.615 GC heap before
{Heap before GC invocations=987 (full 35):
 PSYoungGen      total 2560K, used 2452K [0x00000000eab00000, 0x00000000eaf00000, 0x0000000100000000)
  eden space 2048K, 96% used [0x00000000eab00000,0x00000000eaceba98,0x00000000ead00000)
  from space 512K, 94% used [0x00000000eae00000,0x00000000eae79778,0x00000000eae80000)
  to   space 512K, 0% used [0x00000000eae80000,0x00000000eae80000,0x00000000eaf00000)
 ParOldGen       total 155648K, used 154081K [0x00000000c0000000, 0x00000000c9800000, 0x00000000eab00000)
  object space 155648K, 98% used [0x00000000c0000000,0x00000000c96785d8,0x00000000c9800000)
 Metaspace       used 91126K, committed 92672K, reserved 1179648K
  class space    used 9474K, committed 10176K, reserved 1048576K
}
Event: 4301.616 GC heap after
{Heap after GC invocations=987 (full 35):
 PSYoungGen      total 1536K, used 482K [0x00000000eab00000, 0x00000000eb280000, 0x0000000100000000)
  eden space 1024K, 0% used [0x00000000eab00000,0x00000000eab00000,0x00000000eac00000)
  from space 512K, 94% used [0x00000000eae80000,0x00000000eaef8a08,0x00000000eaf00000)
  to   space 2560K, 0% used [0x00000000eac00000,0x00000000eac00000,0x00000000eae80000)
 ParOldGen       total 156160K, used 155804K [0x00000000c0000000, 0x00000000c9880000, 0x00000000eab00000)
  object space 156160K, 99% used [0x00000000c0000000,0x00000000c9827300,0x00000000c9880000)
 Metaspace       used 91126K, committed 92672K, reserved 1179648K
  class space    used 9474K, committed 10176K, reserved 1048576K
}
Event: 4301.617 GC heap before
{Heap before GC invocations=988 (full 36):
 PSYoungGen      total 1536K, used 482K [0x00000000eab00000, 0x00000000eb280000, 0x0000000100000000)
  eden space 1024K, 0% used [0x00000000eab00000,0x00000000eab00000,0x00000000eac00000)
  from space 512K, 94% used [0x00000000eae80000,0x00000000eaef8a08,0x00000000eaf00000)
  to   space 2560K, 0% used [0x00000000eac00000,0x00000000eac00000,0x00000000eae80000)
 ParOldGen       total 156160K, used 155804K [0x00000000c0000000, 0x00000000c9880000, 0x00000000eab00000)
  object space 156160K, 99% used [0x00000000c0000000,0x00000000c9827300,0x00000000c9880000)
 Metaspace       used 91126K, committed 92672K, reserved 1179648K
  class space    used 9474K, committed 10176K, reserved 1048576K
}

Dll operation events (10 events):
Event: 0.023 Loaded shared library c:\Users\vijay\.vscode\extensions\redhat.java-1.26.0-win32-x64\jre\17.0.9-win32-x86_64\bin\java.dll
Event: 0.136 Loaded shared library c:\Users\vijay\.vscode\extensions\redhat.java-1.26.0-win32-x64\jre\17.0.9-win32-x86_64\bin\zip.dll
Event: 0.138 Loaded shared library C:\Users\vijay\.vscode\extensions\redhat.java-1.26.0-win32-x64\jre\17.0.9-win32-x86_64\bin\instrument.dll
Event: 0.147 Loaded shared library C:\Users\vijay\.vscode\extensions\redhat.java-1.26.0-win32-x64\jre\17.0.9-win32-x86_64\bin\net.dll
Event: 0.149 Loaded shared library C:\Users\vijay\.vscode\extensions\redhat.java-1.26.0-win32-x64\jre\17.0.9-win32-x86_64\bin\nio.dll
Event: 0.153 Loaded shared library C:\Users\vijay\.vscode\extensions\redhat.java-1.26.0-win32-x64\jre\17.0.9-win32-x86_64\bin\zip.dll
Event: 0.165 Loaded shared library C:\Users\vijay\.vscode\extensions\redhat.java-1.26.0-win32-x64\jre\17.0.9-win32-x86_64\bin\jimage.dll
Event: 0.222 Loaded shared library c:\Users\vijay\.vscode\extensions\redhat.java-1.26.0-win32-x64\jre\17.0.9-win32-x86_64\bin\verify.dll
Event: 4.607 Loaded shared library C:\Users\vijay\AppData\Roaming\Code\User\globalStorage\redhat.java\1.26.0\config_win\org.eclipse.equinox.launcher\org.eclipse.equinox.launcher.win32.win32.x86_64_1.2.800.v20231003-1442\eclipse_11802.dll
Event: 10.906 Loaded shared library C:\Users\vijay\AppData\Local\Temp\jna-112208527\jna16625967601434416702.dll

Deoptimization events (20 events):
Event: 2292.661 Thread 0x00000177227bee60 DEOPT PACKING pc=0x000001770d74e068 sp=0x0000005cbb5feb80
Event: 2292.661 Thread 0x00000177227bee60 DEOPT UNPACKING pc=0x000001770d0266a3 sp=0x0000005cbb5feb10 mode 2
Event: 2292.662 Thread 0x00000177227bee60 Uncommon trap: trap_request=0xffffffde fr.pc=0x000001770d6b56fc relative=0x00000000000000dc
Event: 2292.662 Thread 0x00000177227bee60 Uncommon trap: reason=class_check action=maybe_recompile pc=0x000001770d6b56fc method=java.lang.Character.toLowerCase(I)I @ 5 c2
Event: 2292.662 Thread 0x00000177227bee60 DEOPT PACKING pc=0x000001770d6b56fc sp=0x0000005cbb5feb10
Event: 2292.662 Thread 0x00000177227bee60 DEOPT UNPACKING pc=0x000001770d0266a3 sp=0x0000005cbb5fea48 mode 2
Event: 4300.446 Thread 0x00000177227bac90 Uncommon trap: trap_request=0xffffff45 fr.pc=0x000001770dc8aa04 relative=0x00000000000009e4
Event: 4300.446 Thread 0x00000177227bac90 Uncommon trap: reason=unstable_if action=reinterpret pc=0x000001770dc8aa04 method=org.eclipse.jdt.internal.codeassist.select.SelectionParser.consumeToken(I)V @ 390 c2
Event: 4300.446 Thread 0x00000177227bac90 DEOPT PACKING pc=0x000001770dc8aa04 sp=0x0000005cbabfe700
Event: 4300.446 Thread 0x00000177227bac90 DEOPT UNPACKING pc=0x000001770d0266a3 sp=0x0000005cbabfe6a0 mode 2
Event: 4300.446 Thread 0x00000177227bac90 Uncommon trap: trap_request=0xffffff45 fr.pc=0x000001770e2c1194 relative=0x00000000000001f4
Event: 4300.446 Thread 0x00000177227bac90 Uncommon trap: reason=unstable_if action=reinterpret pc=0x000001770e2c1194 method=org.eclipse.jdt.internal.codeassist.select.SelectionParser.restartRecovery()Z @ 36 c2
Event: 4300.446 Thread 0x00000177227bac90 DEOPT PACKING pc=0x000001770e2c1194 sp=0x0000005cbabfe710
Event: 4300.446 Thread 0x00000177227bac90 DEOPT UNPACKING pc=0x000001770d0266a3 sp=0x0000005cbabfe6a8 mode 2
Event: 4300.512 Thread 0x00000177227bac90 Uncommon trap: trap_request=0xffffff45 fr.pc=0x000001770ddad248 relative=0x0000000000002a68
Event: 4300.512 Thread 0x00000177227bac90 Uncommon trap: reason=unstable_if action=reinterpret pc=0x000001770ddad248 method=org.eclipse.jdt.internal.compiler.parser.Scanner.internalScanIdentifierOrKeyword(II[C)I @ 4698 c2
Event: 4300.512 Thread 0x00000177227bac90 DEOPT PACKING pc=0x000001770ddad248 sp=0x0000005cbabfe590
Event: 4300.512 Thread 0x00000177227bac90 DEOPT UNPACKING pc=0x000001770d0266a3 sp=0x0000005cbabfe548 mode 2
Event: 4300.512 Thread 0x00000177227bac90 DEOPT PACKING pc=0x00000177070a2129 sp=0x0000005cbabfe5e0
Event: 4300.512 Thread 0x00000177227bac90 DEOPT UNPACKING pc=0x000001770d026e43 sp=0x0000005cbabfda68 mode 0

Classes unloaded (20 events):
Event: 4301.643 Thread 0x0000017702eb68e0 Unloading class 0x000000010021e000 'java/lang/invoke/LambdaForm$MH+0x000000010021e000'
Event: 4301.643 Thread 0x0000017702eb68e0 Unloading class 0x00000001001b1c00 'java/lang/invoke/LambdaForm$MH+0x00000001001b1c00'
Event: 4301.643 Thread 0x0000017702eb68e0 Unloading class 0x00000001001b1800 'java/lang/invoke/LambdaForm$MH+0x00000001001b1800'
Event: 4301.643 Thread 0x0000017702eb68e0 Unloading class 0x00000001001b1400 'java/lang/invoke/LambdaForm$MH+0x00000001001b1400'
Event: 4301.643 Thread 0x0000017702eb68e0 Unloading class 0x00000001001b1000 'java/lang/invoke/LambdaForm$MH+0x00000001001b1000'
Event: 4301.643 Thread 0x0000017702eb68e0 Unloading class 0x00000001001b0c00 'java/lang/invoke/LambdaForm$MH+0x00000001001b0c00'
Event: 4301.643 Thread 0x0000017702eb68e0 Unloading class 0x00000001001b0800 'java/lang/invoke/LambdaForm$MH+0x00000001001b0800'
Event: 4301.643 Thread 0x0000017702eb68e0 Unloading class 0x00000001001b0400 'java/lang/invoke/LambdaForm$MH+0x00000001001b0400'
Event: 4301.643 Thread 0x0000017702eb68e0 Unloading class 0x00000001001b0000 'java/lang/invoke/LambdaForm$MH+0x00000001001b0000'
Event: 4301.643 Thread 0x0000017702eb68e0 Unloading class 0x0000000100199c00 'java/lang/invoke/LambdaForm$MH+0x0000000100199c00'
Event: 4301.643 Thread 0x0000017702eb68e0 Unloading class 0x0000000100199400 'java/lang/invoke/LambdaForm$MH+0x0000000100199400'
Event: 4301.643 Thread 0x0000017702eb68e0 Unloading class 0x0000000100199000 'java/lang/invoke/LambdaForm$MH+0x0000000100199000'
Event: 4301.643 Thread 0x0000017702eb68e0 Unloading class 0x0000000100198c00 'java/lang/invoke/LambdaForm$MH+0x0000000100198c00'
Event: 4301.643 Thread 0x0000017702eb68e0 Unloading class 0x0000000100198800 'java/lang/invoke/LambdaForm$MH+0x0000000100198800'
Event: 4301.643 Thread 0x0000017702eb68e0 Unloading class 0x0000000100198000 'java/lang/invoke/LambdaForm$MH+0x0000000100198000'
Event: 4301.643 Thread 0x0000017702eb68e0 Unloading class 0x0000000100129000 'jdk/internal/reflect/GeneratedMethodAccessor5'
Event: 4301.643 Thread 0x0000017702eb68e0 Unloading class 0x0000000100128c00 'jdk/internal/reflect/GeneratedMethodAccessor4'
Event: 4301.643 Thread 0x0000017702eb68e0 Unloading class 0x0000000100128800 'jdk/internal/reflect/GeneratedMethodAccessor3'
Event: 4301.643 Thread 0x0000017702eb68e0 Unloading class 0x0000000100128400 'jdk/internal/reflect/GeneratedMethodAccessor2'
Event: 4301.643 Thread 0x0000017702eb68e0 Unloading class 0x0000000100128000 'jdk/internal/reflect/GeneratedMethodAccessor1'

Classes redefined (0 events):
No events

Internal exceptions (20 events):
Event: 629.084 Thread 0x000001771f9cdc50 Exception <a 'java/lang/ClassNotFoundException'{0x00000000eab4e9a8}: sun/net/www/protocol/jdt/Handler> (0x00000000eab4e9a8) 
thrown [s\src\hotspot\share\classfile\systemDictionary.cpp, line 256]
Event: 629.084 Thread 0x000001771f9cdc50 Exception <a 'java/lang/ClassNotFoundException'{0x00000000eab54928}: sun/net/www/protocol/jdt/Handler> (0x00000000eab54928) 
thrown [s\src\hotspot\share\classfile\systemDictionary.cpp, line 256]
Event: 629.084 Thread 0x000001771f9cdc50 Exception <a 'java/lang/ClassNotFoundException'{0x00000000eab57290}: sun/net/www/protocol/jdt/Handler> (0x00000000eab57290) 
thrown [s\src\hotspot\share\classfile\systemDictionary.cpp, line 256]
Event: 629.084 Thread 0x000001771f9cdc50 Exception <a 'java/lang/ClassNotFoundException'{0x00000000eab59d40}: sun/net/www/protocol/jdt/Handler> (0x00000000eab59d40) 
thrown [s\src\hotspot\share\classfile\systemDictionary.cpp, line 256]
Event: 629.084 Thread 0x000001771f9cdc50 Exception <a 'java/lang/ClassNotFoundException'{0x00000000eab5c148}: sun/net/www/protocol/jdt/Handler> (0x00000000eab5c148) 
thrown [s\src\hotspot\share\classfile\systemDictionary.cpp, line 256]
Event: 629.085 Thread 0x000001771f9cdc50 Exception <a 'java/lang/ClassNotFoundException'{0x00000000eab5e770}: sun/net/www/protocol/jdt/Handler> (0x00000000eab5e770) 
thrown [s\src\hotspot\share\classfile\systemDictionary.cpp, line 256]
Event: 629.085 Thread 0x000001771f9cdc50 Exception <a 'java/lang/ClassNotFoundException'{0x00000000eab60d58}: sun/net/www/protocol/jdt/Handler> (0x00000000eab60d58) 
thrown [s\src\hotspot\share\classfile\systemDictionary.cpp, line 256]
Event: 629.085 Thread 0x000001771f9cdc50 Exception <a 'java/lang/ClassNotFoundException'{0x00000000eab64318}: sun/net/www/protocol/jdt/Handler> (0x00000000eab64318) 
thrown [s\src\hotspot\share\classfile\systemDictionary.cpp, line 256]
Event: 629.085 Thread 0x000001771f9cdc50 Exception <a 'java/lang/ClassNotFoundException'{0x00000000eab670e0}: sun/net/www/protocol/jdt/Handler> (0x00000000eab670e0) 
thrown [s\src\hotspot\share\classfile\systemDictionary.cpp, line 256]
Event: 629.085 Thread 0x000001771f9cdc50 Exception <a 'java/lang/ClassNotFoundException'{0x00000000eab69a48}: sun/net/www/protocol/jdt/Handler> (0x00000000eab69a48) 
thrown [s\src\hotspot\share\classfile\systemDictionary.cpp, line 256]
Event: 629.085 Thread 0x000001771f9cdc50 Exception <a 'java/lang/ClassNotFoundException'{0x00000000eab6c438}: sun/net/www/protocol/jdt/Handler> (0x00000000eab6c438) 
thrown [s\src\hotspot\share\classfile\systemDictionary.cpp, line 256]
Event: 629.085 Thread 0x000001771f9cdc50 Exception <a 'java/lang/ClassNotFoundException'{0x00000000eab70fa8}: sun/net/www/protocol/jdt/Handler> (0x00000000eab70fa8) 
thrown [s\src\hotspot\share\classfile\systemDictionary.cpp, line 256]
Event: 629.085 Thread 0x000001771f9cdc50 Exception <a 'java/lang/ClassNotFoundException'{0x00000000eab73d58}: sun/net/www/protocol/jdt/Handler> (0x00000000eab73d58) 
thrown [s\src\hotspot\share\classfile\systemDictionary.cpp, line 256]
Event: 629.085 Thread 0x000001771f9cdc50 Exception <a 'java/lang/ClassNotFoundException'{0x00000000eab76a28}: sun/net/www/protocol/jdt/Handler> (0x00000000eab76a28) 
thrown [s\src\hotspot\share\classfile\systemDictionary.cpp, line 256]
Event: 804.982 Thread 0x000001771f9c9060 Implicit null exception at 0x000001770dbb6440 to 0x000001770dbb6c78
Event: 806.484 Thread 0x00000177227bb1a0 Exception <a 'java/lang/ClassNotFoundException'{0x00000000eabc63f8}: sun/net/www/protocol/jdt/Handler> (0x00000000eabc63f8) 
thrown [s\src\hotspot\share\classfile\systemDictionary.cpp, line 256]
Event: 806.484 Thread 0x00000177227bb1a0 Exception <a 'java/lang/ClassNotFoundException'{0x00000000eabda730}: sun/net/www/protocol/jdt/Handler> (0x00000000eabda730) 
thrown [s\src\hotspot\share\classfile\systemDictionary.cpp, line 256]
Event: 806.485 Thread 0x00000177227bb1a0 Exception <a 'java/lang/ClassNotFoundException'{0x00000000eabdd3c0}: sun/net/www/protocol/jdt/Handler> (0x00000000eabdd3c0) 
thrown [s\src\hotspot\share\classfile\systemDictionary.cpp, line 256]
Event: 834.945 Thread 0x00000177227bda20 Implicit null exception at 0x000001770da201f1 to 0x000001770da2060c
Event: 4300.521 Thread 0x00000177227bac90 Exception <a 'java/lang/ClassNotFoundException'{0x00000000eac817c0}: sun/net/www/protocol/jdt/Handler> (0x00000000eac817c0) 
thrown [s\src\hotspot\share\classfile\systemDictionary.cpp, line 256]

VM Operations (20 events):
Event: 4300.476 Executing VM operation: ParallelGCFailedAllocation done
Event: 4300.484 Executing VM operation: ParallelGCFailedAllocation
Event: 4300.486 Executing VM operation: ParallelGCFailedAllocation done
Event: 4300.497 Executing VM operation: ParallelGCFailedAllocation
Event: 4300.500 Executing VM operation: ParallelGCFailedAllocation done
Event: 4300.513 Executing VM operation: ParallelGCFailedAllocation
Event: 4300.515 Executing VM operation: ParallelGCFailedAllocation done
Event: 4300.525 Executing VM operation: ParallelGCFailedAllocation
Event: 4300.527 Executing VM operation: ParallelGCFailedAllocation done
Event: 4300.531 Executing VM operation: ParallelGCFailedAllocation
Event: 4300.533 Executing VM operation: ParallelGCFailedAllocation done
Event: 4301.590 Executing VM operation: ParallelGCFailedAllocation
Event: 4301.591 Executing VM operation: ParallelGCFailedAllocation done
Event: 4301.595 Executing VM operation: ParallelGCFailedAllocation
Event: 4301.597 Executing VM operation: ParallelGCFailedAllocation done
Event: 4301.604 Executing VM operation: ParallelGCFailedAllocation
Event: 4301.605 Executing VM operation: ParallelGCFailedAllocation done
Event: 4301.609 Executing VM operation: ParallelGCFailedAllocation
Event: 4301.610 Executing VM operation: ParallelGCFailedAllocation done
Event: 4301.615 Executing VM operation: ParallelGCFailedAllocation

Events (20 events):
Event: 2127.163 Thread 0x00000177227bb1a0 Thread added: 0x00000177227bb1a0
Event: 2187.171 Thread 0x00000177227bb1a0 Thread exited: 0x00000177227bb1a0
Event: 2218.213 Thread 0x00000177227c16e0 Thread added: 0x00000177227c16e0
Event: 2292.659 Thread 0x00000177227c1bf0 Thread added: 0x00000177227c1bf0
Event: 2292.659 Thread 0x00000177227bd000 Thread added: 0x00000177227bd000
Event: 2292.660 Thread 0x00000177227bac90 Thread added: 0x00000177227bac90
Event: 2292.660 Thread 0x00000177227bee60 Thread added: 0x00000177227bee60
Event: 2292.660 Thread 0x00000177227be950 Thread added: 0x00000177227be950
Event: 2292.660 Thread 0x00000177227c2610 Thread added: 0x00000177227c2610
Event: 2363.516 Thread 0x00000177227c16e0 Thread exited: 0x00000177227c16e0
Event: 2423.524 Thread 0x00000177227c1bf0 Thread exited: 0x00000177227c1bf0
Event: 2483.539 Thread 0x00000177227be950 Thread exited: 0x00000177227be950
Event: 2543.540 Thread 0x00000177227bee60 Thread exited: 0x00000177227bee60
Event: 2603.544 Thread 0x00000177227bac90 Thread exited: 0x00000177227bac90
Event: 2679.368 Thread 0x00000177227c2610 Thread exited: 0x00000177227c2610
Event: 2739.377 Thread 0x00000177227bd000 Thread exited: 0x00000177227bd000
Event: 4189.324 Thread 0x00000177227bd000 Thread added: 0x00000177227bd000
Event: 4249.330 Thread 0x00000177227bd000 Thread exited: 0x00000177227bd000
Event: 4300.426 Thread 0x00000177227bac90 Thread added: 0x00000177227bac90
Event: 4300.448 Thread 0x00000177227c02a0 Thread added: 0x00000177227c02a0


Dynamic libraries:
0x00007ff7132b0000 - 0x00007ff7132be000 	c:\Users\vijay\.vscode\extensions\redhat.java-1.26.0-win32-x64\jre\17.0.9-win32-x86_64\bin\java.exe
0x00007fff42350000 - 0x00007fff42548000 	C:\Windows\SYSTEM32\ntdll.dll
0x00007fff41090000 - 0x00007fff4114d000 	C:\Windows\System32\KERNEL32.DLL
0x00007fff3fb40000 - 0x00007fff3fe36000 	C:\Windows\System32\KERNELBASE.dll
0x00007fff401e0000 - 0x00007fff402e0000 	C:\Windows\System32\ucrtbase.dll
0x00007fff36f80000 - 0x00007fff36f9b000 	c:\Users\vijay\.vscode\extensions\redhat.java-1.26.0-win32-x64\jre\17.0.9-win32-x86_64\bin\VCRUNTIME140.dll
0x00007fff3ba10000 - 0x00007fff3ba27000 	c:\Users\vijay\.vscode\extensions\redhat.java-1.26.0-win32-x64\jre\17.0.9-win32-x86_64\bin\jli.dll
0x00007fff40a10000 - 0x00007fff40bae000 	C:\Windows\System32\USER32.dll
0x00007fff33490000 - 0x00007fff3372a000 	C:\Windows\WinSxS\amd64_microsoft.windows.common-controls_6595b64144ccf1df_6.0.19041.3636_none_60b6a03d71f818d5\COMCTL32.dll
0x00007fff3ff90000 - 0x00007fff3ffb2000 	C:\Windows\System32\win32u.dll
0x00007fff41530000 - 0x00007fff415ce000 	C:\Windows\System32\msvcrt.dll
0x00007fff41060000 - 0x00007fff4108c000 	C:\Windows\System32\GDI32.dll
0x00007fff3fa20000 - 0x00007fff3fb3a000 	C:\Windows\System32\gdi32full.dll
0x00007fff3fe40000 - 0x00007fff3fedd000 	C:\Windows\System32\msvcp_win.dll
0x00007fff40c30000 - 0x00007fff40c60000 	C:\Windows\System32\IMM32.DLL
0x00007fff36f30000 - 0x00007fff36f3c000 	c:\Users\vijay\.vscode\extensions\redhat.java-1.26.0-win32-x64\jre\17.0.9-win32-x86_64\bin\vcruntime140_1.dll
0x00007fff120d0000 - 0x00007fff1215d000 	c:\Users\vijay\.vscode\extensions\redhat.java-1.26.0-win32-x64\jre\17.0.9-win32-x86_64\bin\msvcp140.dll
0x00007ffedcf30000 - 0x00007ffeddb91000 	c:\Users\vijay\.vscode\extensions\redhat.java-1.26.0-win32-x64\jre\17.0.9-win32-x86_64\bin\server\jvm.dll
0x00007fff418b0000 - 0x00007fff41963000 	C:\Windows\System32\ADVAPI32.dll
0x00007fff40c60000 - 0x00007fff40cff000 	C:\Windows\System32\sechost.dll
0x00007fff421e0000 - 0x00007fff42306000 	C:\Windows\System32\RPCRT4.dll
0x00007fff40370000 - 0x00007fff40397000 	C:\Windows\System32\bcrypt.dll
0x00007fff24090000 - 0x00007fff24099000 	C:\Windows\SYSTEM32\WSOCK32.dll
0x00007fff326c0000 - 0x00007fff326e7000 	C:\Windows\SYSTEM32\WINMM.dll
0x00007fff3ef60000 - 0x00007fff3efab000 	C:\Windows\SYSTEM32\POWRPROF.dll
0x00007fff403a0000 - 0x00007fff4040b000 	C:\Windows\System32\WS2_32.dll
0x00007fff378d0000 - 0x00007fff378da000 	C:\Windows\SYSTEM32\VERSION.dll
0x00007fff3ee30000 - 0x00007fff3ee42000 	C:\Windows\SYSTEM32\UMPDC.dll
0x00007fff3e260000 - 0x00007fff3e272000 	C:\Windows\SYSTEM32\kernel.appcore.dll
0x00007fff36a70000 - 0x00007fff36a7a000 	c:\Users\vijay\.vscode\extensions\redhat.java-1.26.0-win32-x64\jre\17.0.9-win32-x86_64\bin\jimage.dll
0x00007fff3d7e0000 - 0x00007fff3d9c4000 	C:\Windows\SYSTEM32\DBGHELP.DLL
0x00007fff26970000 - 0x00007fff269a4000 	C:\Windows\SYSTEM32\dbgcore.DLL
0x00007fff402e0000 - 0x00007fff40362000 	C:\Windows\System32\bcryptPrimitives.dll
0x00007fff36a20000 - 0x00007fff36a2e000 	c:\Users\vijay\.vscode\extensions\redhat.java-1.26.0-win32-x64\jre\17.0.9-win32-x86_64\bin\instrument.dll
0x00007fff365e0000 - 0x00007fff36605000 	c:\Users\vijay\.vscode\extensions\redhat.java-1.26.0-win32-x64\jre\17.0.9-win32-x86_64\bin\java.dll
0x00007fff368b0000 - 0x00007fff368c8000 	c:\Users\vijay\.vscode\extensions\redhat.java-1.26.0-win32-x64\jre\17.0.9-win32-x86_64\bin\zip.dll
0x00007fff41a90000 - 0x00007fff421d5000 	C:\Windows\System32\SHELL32.dll
0x00007fff3dab0000 - 0x00007fff3e24b000 	C:\Windows\SYSTEM32\windows.storage.dll
0x00007fff40d00000 - 0x00007fff41054000 	C:\Windows\System32\combase.dll
0x00007fff3f450000 - 0x00007fff3f47d000 	C:\Windows\SYSTEM32\Wldp.dll
0x00007fff40410000 - 0x00007fff404bd000 	C:\Windows\System32\SHCORE.dll
0x00007fff41850000 - 0x00007fff418a5000 	C:\Windows\System32\shlwapi.dll
0x00007fff3f950000 - 0x00007fff3f975000 	C:\Windows\SYSTEM32\profapi.dll
0x00007fff365c0000 - 0x00007fff365d9000 	C:\Users\vijay\.vscode\extensions\redhat.java-1.26.0-win32-x64\jre\17.0.9-win32-x86_64\bin\net.dll
0x00007fff3c380000 - 0x00007fff3c48a000 	C:\Windows\SYSTEM32\WINHTTP.dll
0x00007fff3f1b0000 - 0x00007fff3f21a000 	C:\Windows\system32\mswsock.dll
0x00007fff32440000 - 0x00007fff32456000 	C:\Users\vijay\.vscode\extensions\redhat.java-1.26.0-win32-x64\jre\17.0.9-win32-x86_64\bin\nio.dll
0x00007fff367f0000 - 0x00007fff36800000 	c:\Users\vijay\.vscode\extensions\redhat.java-1.26.0-win32-x64\jre\17.0.9-win32-x86_64\bin\verify.dll
0x00007fff36eb0000 - 0x00007fff36eee000 	C:\Users\vijay\AppData\Roaming\Code\User\globalStorage\redhat.java\1.26.0\config_win\org.eclipse.equinox.launcher\org.eclipse.equinox.launcher.win32.win32.x86_64_1.2.800.v20231003-1442\eclipse_11802.dll
0x00007fff41150000 - 0x00007fff4127b000 	C:\Windows\System32\ole32.dll
0x00007fff3f3a0000 - 0x00007fff3f3b8000 	C:\Windows\SYSTEM32\CRYPTSP.dll
0x00007fff3ea70000 - 0x00007fff3eaa4000 	C:\Windows\system32\rsaenh.dll
0x00007fff3f910000 - 0x00007fff3f93e000 	C:\Windows\SYSTEM32\USERENV.dll
0x00007fff3f3c0000 - 0x00007fff3f3cc000 	C:\Windows\SYSTEM32\CRYPTBASE.dll
0x00007fff3ee50000 - 0x00007fff3ee8b000 	C:\Windows\SYSTEM32\IPHLPAPI.DLL
0x00007fff41330000 - 0x00007fff41338000 	C:\Windows\System32\NSI.dll
0x00007fff35210000 - 0x00007fff35227000 	C:\Windows\SYSTEM32\dhcpcsvc6.DLL
0x00007fff36020000 - 0x00007fff3603d000 	C:\Windows\SYSTEM32\dhcpcsvc.DLL
0x00007fff3ee90000 - 0x00007fff3ef5a000 	C:\Windows\SYSTEM32\DNSAPI.dll
0x00007fff17080000 - 0x00007fff170c5000 	C:\Users\vijay\AppData\Local\Temp\jna-112208527\jna16625967601434416702.dll
0x00007fff41840000 - 0x00007fff41848000 	C:\Windows\System32\PSAPI.DLL

dbghelp: loaded successfully - version: 4.0.5 - missing functions: none
symbol engine: initialized successfully - sym options: 0x614 - pdb path: .;c:\Users\vijay\.vscode\extensions\redhat.java-1.26.0-win32-x64\jre\17.0.9-win32-x86_64\bin;C:\Windows\SYSTEM32;C:\Windows\WinSxS\amd64_microsoft.windows.common-controls_6595b64144ccf1df_6.0.19041.3636_none_60b6a03d71f818d5;c:\Users\vijay\.vscode\extensions\redhat.java-1.26.0-win32-x64\jre\17.0.9-win32-x86_64\bin\server;C:\Users\vijay\AppData\Roaming\Code\User\globalStorage\redhat.java\1.26.0\config_win\org.eclipse.equinox.launcher\org.eclipse.equinox.launcher.win32.win32.x86_64_1.2.800.v20231003-1442;C:\Users\vijay\AppData\Local\Temp\jna-112208527

VM Arguments:
jvm_args: --add-modules=ALL-SYSTEM --add-opens=java.base/java.util=ALL-UNNAMED --add-opens=java.base/java.lang=ALL-UNNAMED --add-opens=java.base/sun.nio.fs=ALL-UNNAMED -Declipse.application=org.eclipse.jdt.ls.core.id1 -Dosgi.bundles.defaultStartLevel=4 -Declipse.product=org.eclipse.jdt.ls.core.product -Djava.import.generatesMetadataFilesAtProjectRoot=false -DDetectVMInstallationsJob.disabled=true -Dfile.encoding=utf8 -XX:+UseParallelGC -XX:GCTimeRatio=4 -XX:AdaptiveSizePolicyWeight=90 -Dsun.zip.disableMemoryMapping=true -Xmx1G -Xms100m -Xlog:disable -javaagent:c:\Users\vijay\.vscode\extensions\redhat.java-1.26.0-win32-x64\lombok\lombok-1.18.31-3454.jar -XX:+HeapDumpOnOutOfMemoryError -XX:HeapDumpPath=c:\Users\vijay\AppData\Roaming\Code\User\workspaceStorage\76c1107fe8591dd7646c0e0b73a37fb0\redhat.java -Daether.dependencyCollector.impl=bf 
java_command: c:\Users\vijay\.vscode\extensions\redhat.java-1.26.0-win32-x64\server\plugins\org.eclipse.equinox.launcher_1.6.700.v20231214-2017.jar -configuration c:\Users\vijay\AppData\Roaming\Code\User\globalStorage\redhat.java\1.26.0\config_win -data c:\Users\vijay\AppData\Roaming\Code\User\workspaceStorage\76c1107fe8591dd7646c0e0b73a37fb0\redhat.java\jdt_ws --stdio
java_class_path (initial): c:\Users\vijay\.vscode\extensions\redhat.java-1.26.0-win32-x64\server\plugins\org.eclipse.equinox.launcher_1.6.700.v20231214-2017.jar
Launcher Type: SUN_STANDARD

[Global flags]
    uintx AdaptiveSizePolicyWeight                 = 90                                        {product} {command line}
     intx CICompilerCount                          = 4                                         {product} {ergonomic}
    uintx GCTimeRatio                              = 4                                         {product} {command line}
     bool HeapDumpOnOutOfMemoryError               = true                                   {manageable} {command line}
    ccstr HeapDumpPath                             = c:\Users\vijay\AppData\Roaming\Code\User\workspaceStorage\76c1107fe8591dd7646c0e0b73a37fb0\redhat.java         {manageable} {command line}
   size_t InitialHeapSize                          = 104857600                                 {product} {command line}
   size_t MaxHeapSize                              = 1073741824                                {product} {command line}
   size_t MaxNewSize                               = 357564416                                 {product} {ergonomic}
   size_t MinHeapDeltaBytes                        = 524288                                    {product} {ergonomic}
   size_t MinHeapSize                              = 104857600                                 {product} {command line}
   size_t NewSize                                  = 34603008                                  {product} {ergonomic}
    uintx NonNMethodCodeHeapSize                   = 5839372                                {pd product} {ergonomic}
    uintx NonProfiledCodeHeapSize                  = 122909434                              {pd product} {ergonomic}
   size_t OldSize                                  = 70254592                                  {product} {ergonomic}
    uintx ProfiledCodeHeapSize                     = 122909434                              {pd product} {ergonomic}
    uintx ReservedCodeCacheSize                    = 251658240                              {pd product} {ergonomic}
     bool SegmentedCodeCache                       = true                                      {product} {ergonomic}
   size_t SoftMaxHeapSize                          = 1073741824                             {manageable} {ergonomic}
     bool UseCompressedClassPointers               = true                           {product lp64_product} {ergonomic}
     bool UseCompressedOops                        = true                           {product lp64_product} {ergonomic}
     bool UseLargePagesIndividualAllocation        = false                                  {pd product} {ergonomic}
     bool UseParallelGC                            = true                                      {product} {command line}

Logging:
Log output configuration:
 #0: stdout all=off uptime,level,tags
 #1: stderr all=off uptime,level,tags

Environment Variables:
JAVA_HOME=C:\Program Files\Java\jdk-21\bin
PATH=C:\Program Files\Common Files\Oracle\Java\javapath;C:\Program Files (x86)\Common Files\Oracle\Java\javapath;C:\Windows\system32;C:\Windows;C:\Windows\System32\Wbem;C:\Windows\System32\WindowsPowerShell\v1.0\;C:\Windows\System32\OpenSSH\;C:\Program Files\Intel\WiFi\bin\;C:\Program Files\Common Files\Intel\WirelessCommon\;C:\Program Files\Git\cmd;C:\Program Files\nodejs\;C:\Program Files\Java\jdk1.8.0_202\bin;C:\Program Files\MySQL\mysql-connector-j-8.1.0;C:\Program Files\Java\jdk-21;C:\Program Files\MySQL\MySQL Shell 8.0\bin\;C:\Users\vijay\AppData\Local\Microsoft\WindowsApps;C:\Users\vijay\AppData\Local\Programs\Microsoft VS Code\bin;C:\Users\vijay\AppData\Roaming\npm;C:\Program Files\Java\jdk1.8.0_202\bin;C:\Program Files\Java\jdk-21;
USERNAME=vijay
OS=Windows_NT
PROCESSOR_IDENTIFIER=Intel64 Family 6 Model 142 Stepping 10, GenuineIntel
TMP=C:\Users\vijay\AppData\Local\Temp
TEMP=C:\Users\vijay\AppData\Local\Temp



Periodic native trim disabled


---------------  S Y S T E M  ---------------

OS:
 Windows 10 , 64 bit Build 19041 (10.0.19041.3636)
OS uptime: 5 days 0:59 hours

CPU: total 8 (initial active 8) (4 cores per cpu, 2 threads per core) family 6 model 142 stepping 10 microcode 0xf0, cx8, cmov, fxsr, ht, mmx, 3dnowpref, sse, sse2, sse3, ssse3, sse4.1, sse4.2, popcnt, lzcnt, tsc, tscinvbit, avx, avx2, aes, erms, clmul, bmi1, bmi2, adx, fma, vzeroupper, clflush, clflushopt
Processor Information for all 8 processors :
  Max Mhz: 1800, Current Mhz: 1600, Mhz Limit: 1584

Memory: 4k page, system-wide physical 16238M (8265M free)
TotalPageFile size 18670M (AvailPageFile size 8218M)
current process WorkingSet (physical memory assigned to process): 443M, peak: 467M
current process commit charge ("private bytes"): 479M, peak: 506M

vm_info: OpenJDK 64-Bit Server VM (17.0.9+9) for windows-amd64 JRE (17.0.9+9), built on Oct 26 2023 14:01:42 by "admin" with MS VC++ 16.10 / 16.11 (VS2019)

END.
