#
# A fatal error has been detected by the Java Runtime Environment:
#
#  EXCEPTION_ACCESS_VIOLATION (0xc0000005) at pc=0x00007ff8d4aca6b0, pid=7688, tid=9984
#
# JRE version: Java(TM) SE Runtime Environment (21.0.1+12) (build 21.0.1+12-LTS-29)
# Java VM: Java HotSpot(TM) 64-Bit Server VM (21.0.1+12-LTS-29, mixed mode, sharing, tiered, compressed oops, compressed class ptrs, g1 gc, windows-amd64)
# Problematic frame:
# V  [jvm.dll+0x3ba6b0]
#
# No core dump will be written. Minidumps are not enabled by default on client versions of Windows
#
# If you would like to submit a bug report, please visit:
#   https://bugreport.java.com/bugreport/crash.jsp
#

---------------  S U M M A R Y ------------

Command Line: -agentlib:jdwp=transport=dt_socket,server=n,suspend=y,address=localhost:50418 -XX:+ShowCodeDetailsInExceptionMessages com.zerp.bookmanagement.BookmanagementApplication

Host: Intel(R) Core(TM) i5-8250U CPU @ 1.60GHz, 8 cores, 15G,  Windows 10 , 64 bit Build 19041 (10.0.19041.3636)
Time: Fri Jan 19 11:00:28 2024 India Standard Time elapsed time: 10.730789 seconds (0d 0h 0m 10s)

---------------  T H R E A D  ---------------

Current thread (0x00000214f5315980):  JavaThread "C2 CompilerThread2" daemon [_thread_in_native, id=9984, stack(0x00000050f5100000,0x00000050f5200000) (1024K)]


Current CompileTask:
C2:  10731 5293       4       org.springframework.core.annotation.TypeMappedAnnotations::get (52 bytes)

Stack: [0x00000050f5100000,0x00000050f5200000],  sp=0x00000050f51fcae0,  free space=1010k
Native frames: (J=compiled Java code, j=interpreted, Vv=VM code, C=native code)
V  [jvm.dll+0x3ba6b0]
V  [jvm.dll+0x3b3a18]
V  [jvm.dll+0x1e2100]
V  [jvm.dll+0x249c22]
V  [jvm.dll+0x2490b1]
V  [jvm.dll+0x1c9ca1]
V  [jvm.dll+0x2586b9]
V  [jvm.dll+0x256c9a]
V  [jvm.dll+0x3ef1b6]
V  [jvm.dll+0x7fd728]
V  [jvm.dll+0x6c777d]
C  [ucrtbase.dll+0x21bb2]
C  [KERNEL32.DLL+0x17344]
C  [ntdll.dll+0x526b1]


siginfo: EXCEPTION_ACCESS_VIOLATION (0xc0000005), reading address 0xffffffffffffffff


Registers:
RAX=0x0000000000000000, RBX=0x000000000000001a, RCX=0x0000000000000000, RDX=0x00107ff8d5332e30
RSP=0x00000050f51fcae0, RBP=0x00007ff8d5332e30, RSI=0x0000000000000002, RDI=0x00000050f51fcb30
R8 =0x00000214f355e310, R9 =0x0000000000000022, R10=0x0000000000000000, R11=0x0000000000000004
R12=0x0000000000000000, R13=0x0000000000000000, R14=0x000000000000029e, R15=0x000000000000029e
RIP=0x00007ff8d4aca6b0, EFLAGS=0x0000000000010246


Register to memory mapping:

RAX=0x0 is null
RBX=0x000000000000001a is an unknown value
RCX=0x0 is null
RDX=0x00107ff8d5332e30 is an unknown value
RSP=0x00000050f51fcae0 is pointing into the stack for thread: 0x00000214f5315980
RBP=0x00007ff8d5332e30 jvm.dll
RSI=0x0000000000000002 is an unknown value
RDI=0x00000050f51fcb30 is pointing into the stack for thread: 0x00000214f5315980
R8 =0x00000214f355e310 points into unknown readable memory: 0x0000002200000002 | 02 00 00 00 22 00 00 00
R9 =0x0000000000000022 is an unknown value
R10=0x0 is null
R11=0x0000000000000004 is an unknown value
R12=0x0 is null
R13=0x0 is null
R14=0x000000000000029e is an unknown value
R15=0x000000000000029e is an unknown value

Top of Stack: (sp=0x00000050f51fcae0)
0x00000050f51fcae0:   0000000000006d37 00007ff8d4aca804
0x00000050f51fcaf0:   00000214f6f76170 00000214f16cb400
0x00000050f51fcb00:   0000000000000000 00007ff8d4ac3a18
0x00000050f51fcb10:   0000000000000000 00000050f51fcc60
0x00000050f51fcb20:   0000000000000002 00000050f51fcc60
0x00000050f51fcb30:   0000000000000000 0000000400000000
0x00000050f51fcb40:   0000002200000000 00107ff8d5332e30
0x00000050f51fcb50:   00000214f14f7f70 00000214f355e310
0x00000050f51fcb60:   00000050f51fd0e0 00000214ef13f2b0
0x00000050f51fcb70:   00000214ef13f2a0 0000000000000001
0x00000050f51fcb80:   00000050f51fcc90 00007ff8d48f2100
0x00000050f51fcb90:   00000050f51fd000 00000214ef13f688
0x00000050f51fcba0:   0000000000000000 00000214ef13f2a0
0x00000050f51fcbb0:   000000000000c800 000000000000000e
0x00000050f51fcbc0:   0000000000000007 00000214ef13f2a0
0x00000050f51fcbd0:   00000214f6d92270 00000214f6d94260
0x00000050f51fcbe0:   00000214f6d9a258 0000000002acee78
0x00000050f51fcbf0:   00000214ef13f2b0 00007ff8f732fde6
0x00000050f51fcc00:   0000000000000000 0000000000000000
0x00000050f51fcc10:   00000214f16cb4b0 0000000000000000
0x00000050f51fcc20:   000000000000a230 00007ff8d50b9680
0x00000050f51fcc30:   0000000000000000 00000050f51fe4c0
0x00000050f51fcc40:   0000000000000000 00007ff8d50b9680
0x00000050f51fcc50:   00000214f16cb400 00007ff8d47d3e7e
0x00000050f51fcc60:   000000000000000c 00000050f51fe4c0
0x00000050f51fcc70:   00000214f3544050 00000214f16cb401
0x00000050f51fcc80:   00000214f72d1050 0000021400006d38
0x00000050f51fcc90:   00000050f51fcbc0 00000214ef13f2b0
0x00000050f51fcca0:   00007ff8d50b9650 000000000000000d
0x00000050f51fccb0:   00000050f51fe4c0 00000050f51fd000
0x00000050f51fccc0:   0000021400003233 00000214f16cb4b0
0x00000050f51fccd0:   000000000000000a 00000050f51fe4c0 

Instructions: (pc=0x00007ff8d4aca6b0)
0x00007ff8d4aca5b0:   48 8b 8e d8 08 00 00 48 85 c9 75 0c e8 af 0a 00
0x00007ff8d4aca5c0:   00 48 8b 8e d8 08 00 00 48 8b 01 0f 57 c0 48 89
0x00007ff8d4aca5d0:   86 d8 08 00 00 0f 11 01 0f 11 41 10 0f 10 45 00
0x00007ff8d4aca5e0:   0f 11 01 0f 10 4d 10 0f 11 49 10 48 8b 43 08 49
0x00007ff8d4aca5f0:   89 0c 06 48 8d 0d 36 88 86 00 ff c7 ba 70 00 00
0x00007ff8d4aca600:   00 3b bb 90 00 00 00 0f 82 63 ff ff ff 4c 8b 74
0x00007ff8d4aca610:   24 60 4c 8b 64 24 58 48 8b 6c 24 50 48 8b c3 48
0x00007ff8d4aca620:   83 c4 20 41 5f 41 5d 5f 5e 5b c3 cc cc cc cc cc
0x00007ff8d4aca630:   48 89 74 24 18 57 48 83 ec 20 8b 51 0c 48 8b f9
0x00007ff8d4aca640:   83 fa 04 73 29 48 8b 49 18 0f 1f 80 00 00 00 00
0x00007ff8d4aca650:   8b c2 44 8d 4a 01 48 83 3c c1 00 4c 8d 14 c1 0f
0x00007ff8d4aca660:   85 91 00 00 00 41 8b d1 41 83 f9 04 72 e2 48 89
0x00007ff8d4aca670:   5c 24 30 8b 5f 10 48 89 6c 24 38 3b 5f 14 73 5f
0x00007ff8d4aca680:   48 8d 2d a9 87 86 00 66 0f 1f 84 00 00 00 00 00
0x00007ff8d4aca690:   48 8b 47 20 8b cb 48 8b 14 c8 48 3b d5 74 39 33
0x00007ff8d4aca6a0:   c0 48 89 57 18 33 c9 66 0f 1f 84 00 00 00 00 00
0x00007ff8d4aca6b0:   48 83 3c 11 00 44 8d 48 01 75 78 48 83 c1 08 41
0x00007ff8d4aca6c0:   8b c1 41 83 f9 04 72 e8 48 8b 4f 28 48 85 c9 74
0x00007ff8d4aca6d0:   07 8b d3 e8 58 01 00 00 ff c3 3b 5f 14 72 b1 33
0x00007ff8d4aca6e0:   c0 48 8b 5c 24 30 48 8b 6c 24 38 48 8b 74 24 40
0x00007ff8d4aca6f0:   48 83 c4 20 5f c3 8b 47 10 48 8b 74 24 40 44 8d
0x00007ff8d4aca700:   04 82 41 c1 e0 06 41 81 c0 00 ff ff ff 44 89 47
0x00007ff8d4aca710:   08 49 8b 12 48 0f bc c2 44 89 4f 0c 8b c8 48 d3
0x00007ff8d4aca720:   ea 48 ff ca 41 03 c0 48 89 17 89 47 08 48 83 c4
0x00007ff8d4aca730:   20 5f c3 8b c8 44 8d 04 98 41 c1 e0 06 8d 43 01
0x00007ff8d4aca740:   44 89 47 08 48 8b 14 ca 89 47 10 48 0f bc c2 44
0x00007ff8d4aca750:   89 4f 0c 8b c8 48 d3 ea 48 ff ca 41 03 c0 48 89
0x00007ff8d4aca760:   17 89 47 08 e9 78 ff ff ff cc cc cc cc cc cc cc
0x00007ff8d4aca770:   40 53 48 83 ec 20 65 48 8b 04 25 58 00 00 00 8b
0x00007ff8d4aca780:   0d a3 f7 8a 00 48 8b 1c c8 b8 70 00 00 00 80 3c
0x00007ff8d4aca790:   18 00 75 05 e8 67 a2 53 00 b8 20 00 00 00 48 8b
0x00007ff8d4aca7a0:   04 18 48 8b 88 68 06 00 00 48 8b 99 80 00 00 00 


Stack slot to memory mapping:

stack at sp + 0 slots: 0x0000000000006d37 is an unknown value
stack at sp + 1 slots: 0x00007ff8d4aca804 jvm.dll
stack at sp + 2 slots: 0x00000214f6f76170 points into unknown readable memory: 0x0000000000000000 | 00 00 00 00 00 00 00 00
stack at sp + 3 slots: 0x00000214f16cb400 points into unknown readable memory: 0x70616d2f616e696c | 6c 69 6e 61 2f 6d 61 70
stack at sp + 4 slots: 0x0 is null
stack at sp + 5 slots: 0x00007ff8d4ac3a18 jvm.dll
stack at sp + 6 slots: 0x0 is null
stack at sp + 7 slots: 0x00000050f51fcc60 is pointing into the stack for thread: 0x00000214f5315980


---------------  P R O C E S S  ---------------

Threads class SMR info:
_java_thread_list=0x00000214f08850d0, length=22, elements={
0x00000214c9e0afe0, 0x00000214eafad040, 0x00000214eafadf60, 0x00000214eafb4760,
0x00000214eafb61d0, 0x00000214eafb7860, 0x00000214eafc0630, 0x00000214eafe3fa0,
0x00000214eafe5d90, 0x00000214ef290ea0, 0x00000214ef2949c0, 0x00000214ef297c80,
0x00000214ef29b460, 0x00000214ef2acfd0, 0x00000214f036cbb0, 0x00000214f2ed7210,
0x00000214f277d530, 0x00000214f16d2820, 0x00000214f461ea10, 0x00000214ef3b2e60,
0x00000214f04e00e0, 0x00000214f5315980
}

Java Threads: ( => current thread )
  0x00000214c9e0afe0 JavaThread "main"                              [_thread_in_vm, id=7872, stack(0x00000050f2c00000,0x00000050f2d00000) (1024K)]
  0x00000214eafad040 JavaThread "Reference Handler"          daemon [_thread_blocked, id=12992, stack(0x00000050f3400000,0x00000050f3500000) (1024K)]
  0x00000214eafadf60 JavaThread "Finalizer"                  daemon [_thread_blocked, id=12700, stack(0x00000050f3500000,0x00000050f3600000) (1024K)]
  0x00000214eafb4760 JavaThread "Signal Dispatcher"          daemon [_thread_blocked, id=2832, stack(0x00000050f3600000,0x00000050f3700000) (1024K)]
  0x00000214eafb61d0 JavaThread "Attach Listener"            daemon [_thread_blocked, id=6472, stack(0x00000050f3700000,0x00000050f3800000) (1024K)]
  0x00000214eafb7860 JavaThread "Service Thread"             daemon [_thread_blocked, id=10660, stack(0x00000050f3800000,0x00000050f3900000) (1024K)]
  0x00000214eafc0630 JavaThread "Monitor Deflation Thread"   daemon [_thread_blocked, id=11200, stack(0x00000050f3900000,0x00000050f3a00000) (1024K)]
  0x00000214eafe3fa0 JavaThread "C2 CompilerThread0"         daemon [_thread_in_native, id=9304, stack(0x00000050f3a00000,0x00000050f3b00000) (1024K)]
  0x00000214eafe5d90 JavaThread "C1 CompilerThread0"         daemon [_thread_blocked, id=3460, stack(0x00000050f3b00000,0x00000050f3c00000) (1024K)]
  0x00000214ef290ea0 JavaThread "JDWP Transport Listener: dt_socket" daemon [_thread_blocked, id=6004, stack(0x00000050f3c00000,0x00000050f3d00000) (1024K)]
  0x00000214ef2949c0 JavaThread "JDWP Event Helper Thread"   daemon [_thread_blocked, id=7616, stack(0x00000050f3d00000,0x00000050f3e00000) (1024K)]
  0x00000214ef297c80 JavaThread "JDWP Command Reader"        daemon [_thread_in_native, id=8044, stack(0x00000050f3e00000,0x00000050f3f00000) (1024K)]
  0x00000214ef29b460 JavaThread "Notification Thread"        daemon [_thread_blocked, id=9888, stack(0x00000050f3f00000,0x00000050f4000000) (1024K)]
  0x00000214ef2acfd0 JavaThread "Common-Cleaner"             daemon [_thread_blocked, id=2324, stack(0x00000050f4000000,0x00000050f4100000) (1024K)]
  0x00000214f036cbb0 JavaThread "C2 CompilerThread1"         daemon [_thread_in_native, id=13108, stack(0x00000050f4800000,0x00000050f4900000) (1024K)]
  0x00000214f2ed7210 JavaThread "Catalina-utility-1"                [_thread_blocked, id=10756, stack(0x00000050f4b00000,0x00000050f4c00000) (1024K)]
  0x00000214f277d530 JavaThread "Catalina-utility-2"                [_thread_blocked, id=12140, stack(0x00000050f4c00000,0x00000050f4d00000) (1024K)]
  0x00000214f16d2820 JavaThread "container-0"                       [_thread_blocked, id=8032, stack(0x00000050f4d00000,0x00000050f4e00000) (1024K)]
  0x00000214f461ea10 JavaThread "mysql-cj-abandoned-connection-cleanup" daemon [_thread_blocked, id=7716, stack(0x00000050f4e00000,0x00000050f4f00000) (1024K)]
  0x00000214ef3b2e60 JavaThread "HikariPool-1 housekeeper"   daemon [_thread_blocked, id=6408, stack(0x00000050f4f00000,0x00000050f5000000) (1024K)]
  0x00000214f04e00e0 JavaThread "HikariPool-1 connection adder" daemon [_thread_blocked, id=11644, stack(0x00000050f5000000,0x00000050f5100000) (1024K)]
=>0x00000214f5315980 JavaThread "C2 CompilerThread2"         daemon [_thread_in_native, id=9984, stack(0x00000050f5100000,0x00000050f5200000) (1024K)]
Total: 22

Other Threads:
  0x00000214eaf8bd80 VMThread "VM Thread"                           [id=13012, stack(0x00000050f3300000,0x00000050f3400000) (1024K)]
  0x00000214eaf76760 WatcherThread "VM Periodic Task Thread"        [id=12104, stack(0x00000050f3200000,0x00000050f3300000) (1024K)]
  0x00000214cbf107a0 WorkerThread "GC Thread#0"                     [id=2936, stack(0x00000050f2d00000,0x00000050f2e00000) (1024K)]
  0x00000214eff4cf30 WorkerThread "GC Thread#1"                     [id=7936, stack(0x00000050f4100000,0x00000050f4200000) (1024K)]
  0x00000214f0311600 WorkerThread "GC Thread#2"                     [id=9348, stack(0x00000050f4200000,0x00000050f4300000) (1024K)]
  0x00000214f03119a0 WorkerThread "GC Thread#3"                     [id=14404, stack(0x00000050f4300000,0x00000050f4400000) (1024K)]
  0x00000214efdcde00 WorkerThread "GC Thread#4"                     [id=6372, stack(0x00000050f4400000,0x00000050f4500000) (1024K)]
  0x00000214f02ec380 WorkerThread "GC Thread#5"                     [id=10496, stack(0x00000050f4500000,0x00000050f4600000) (1024K)]
  0x00000214f02e5fb0 WorkerThread "GC Thread#6"                     [id=7044, stack(0x00000050f4600000,0x00000050f4700000) (1024K)]
  0x00000214f033ef40 WorkerThread "GC Thread#7"                     [id=3140, stack(0x00000050f4700000,0x00000050f4800000) (1024K)]
  0x00000214cbf22c70 ConcurrentGCThread "G1 Main Marker"            [id=11428, stack(0x00000050f2e00000,0x00000050f2f00000) (1024K)]
  0x00000214cbf23830 WorkerThread "G1 Conc#0"                       [id=7532, stack(0x00000050f2f00000,0x00000050f3000000) (1024K)]
  0x00000214f034a2b0 WorkerThread "G1 Conc#1"                       [id=8712, stack(0x00000050f4900000,0x00000050f4a00000) (1024K)]
  0x00000214cbf6e850 ConcurrentGCThread "G1 Refine#0"               [id=8040, stack(0x00000050f3000000,0x00000050f3100000) (1024K)]
  0x00000214cbea3890 ConcurrentGCThread "G1 Service"                [id=9864, stack(0x00000050f3100000,0x00000050f3200000) (1024K)]
Total: 15

Threads with active compile tasks:
C2 CompilerThread0    10870 5733       4       org.springframework.core.ResolvableType::forType (112 bytes)
C2 CompilerThread1    10870 5717       4       org.springframework.data.repository.core.support.RepositoryComposition$RepositoryFragments::findMethod (83 bytes)
C2 CompilerThread2    10870 5293       4       org.springframework.core.annotation.TypeMappedAnnotations::get (52 bytes)
Total: 3

VM state: not at safepoint (normal execution)

VM Mutex/Monitor currently owned by a thread: None

Heap address: 0x0000000702400000, size: 4060 MB, Compressed Oops mode: Zero based, Oop shift amount: 3

CDS archive(s) mapped at: [0x0000021480000000-0x0000021480c90000-0x0000021480c90000), size 13172736, SharedBaseAddress: 0x0000021480000000, ArchiveRelocationMode: 1.
Compressed class space mapped at: 0x0000021481000000-0x00000214c1000000, reserved size: 1073741824
Narrow klass base: 0x0000021480000000, Narrow klass shift: 0, Narrow klass range: 0x100000000

GC Precious Log:
 CardTable entry size: 512
 Card Set container configuration: InlinePtr #cards 4 size 8 Array Of Cards #cards 16 size 48 Howl #buckets 8 coarsen threshold 3686 Howl Bitmap #cards 512 size 80 coarsen threshold 460 Card regions per heap region 1 cards per card region 4096
 CPUs: 8 total, 8 available
 Memory: 16238M
 Large Page Support: Disabled
 NUMA Support: Disabled
 Compressed Oops: Enabled (Zero based)
 Heap Region Size: 2M
 Heap Min Capacity: 8M
 Heap Initial Capacity: 254M
 Heap Max Capacity: 4060M
 Pre-touch: Disabled
 Parallel Workers: 8
 Concurrent Workers: 2
 Concurrent Refinement Workers: 8
 Periodic GC: Disabled

Heap:
 garbage-first heap   total 61440K, used 43856K [0x0000000702400000, 0x0000000800000000)
  region size 2048K, 12 young (24576K), 2 survivors (4096K)
 Metaspace       used 58382K, committed 59008K, reserved 1114112K
  class space    used 7729K, committed 8000K, reserved 1048576K

Heap Regions: E=young(eden), S=young(survivor), O=old, HS=humongous(starts), HC=humongous(continues), CS=collection set, F=free, TAMS=top-at-mark-start, PB=parsable bottom
|   0|0x0000000702400000, 0x0000000702600000, 0x0000000702600000|100%| O|  |TAMS 0x0000000702400000| PB 0x0000000702400000| Untracked 
|   1|0x0000000702600000, 0x0000000702800000, 0x0000000702800000|100%| O|  |TAMS 0x0000000702600000| PB 0x0000000702600000| Untracked 
|   2|0x0000000702800000, 0x0000000702a00000, 0x0000000702a00000|100%| O|  |TAMS 0x0000000702800000| PB 0x0000000702800000| Untracked 
|   3|0x0000000702a00000, 0x0000000702c00000, 0x0000000702c00000|100%| O|  |TAMS 0x0000000702a00000| PB 0x0000000702a00000| Untracked 
|   4|0x0000000702c00000, 0x0000000702e00000, 0x0000000702e00000|100%| O|  |TAMS 0x0000000702c00000| PB 0x0000000702c00000| Untracked 
|   5|0x0000000702e00000, 0x0000000703000000, 0x0000000703000000|100%| O|  |TAMS 0x0000000702e00000| PB 0x0000000702e00000| Untracked 
|   6|0x0000000703000000, 0x0000000703200000, 0x0000000703200000|100%| O|  |TAMS 0x0000000703000000| PB 0x0000000703000000| Untracked 
|   7|0x0000000703200000, 0x0000000703400000, 0x0000000703400000|100%| O|  |TAMS 0x0000000703200000| PB 0x0000000703200000| Untracked 
|   8|0x0000000703400000, 0x0000000703600000, 0x0000000703600000|100%| O|  |TAMS 0x0000000703400000| PB 0x0000000703400000| Untracked 
|   9|0x0000000703600000, 0x0000000703800000, 0x0000000703800000|100%| O|  |TAMS 0x0000000703600000| PB 0x0000000703600000| Untracked 
|  10|0x0000000703800000, 0x0000000703800000, 0x0000000703a00000|  0%| F|  |TAMS 0x0000000703800000| PB 0x0000000703800000| Untracked 
|  11|0x0000000703a00000, 0x0000000703a00000, 0x0000000703c00000|  0%| F|  |TAMS 0x0000000703a00000| PB 0x0000000703a00000| Untracked 
|  12|0x0000000703c00000, 0x0000000703c00000, 0x0000000703e00000|  0%| F|  |TAMS 0x0000000703c00000| PB 0x0000000703c00000| Untracked 
|  13|0x0000000703e00000, 0x0000000703fc9310, 0x0000000704000000| 89%| O|  |TAMS 0x0000000703e00000| PB 0x0000000703e00000| Untracked 
|  14|0x0000000704000000, 0x0000000704000000, 0x0000000704200000|  0%| F|  |TAMS 0x0000000704000000| PB 0x0000000704000000| Untracked 
|  15|0x0000000704200000, 0x000000070430af00, 0x0000000704400000| 52%| S|CS|TAMS 0x0000000704200000| PB 0x0000000704200000| Complete 
|  16|0x0000000704400000, 0x0000000704600000, 0x0000000704600000|100%| S|CS|TAMS 0x0000000704400000| PB 0x0000000704400000| Complete 
|  17|0x0000000704600000, 0x0000000704600000, 0x0000000704800000|  0%| F|  |TAMS 0x0000000704600000| PB 0x0000000704600000| Untracked 
|  18|0x0000000704800000, 0x0000000704800000, 0x0000000704a00000|  0%| F|  |TAMS 0x0000000704800000| PB 0x0000000704800000| Untracked 
|  19|0x0000000704a00000, 0x0000000704a00000, 0x0000000704c00000|  0%| F|  |TAMS 0x0000000704a00000| PB 0x0000000704a00000| Untracked 
|  20|0x0000000704c00000, 0x0000000704d036a8, 0x0000000704e00000| 50%| E|  |TAMS 0x0000000704c00000| PB 0x0000000704c00000| Complete 
|  21|0x0000000704e00000, 0x0000000705000000, 0x0000000705000000|100%| E|CS|TAMS 0x0000000704e00000| PB 0x0000000704e00000| Complete 
|  22|0x0000000705000000, 0x0000000705200000, 0x0000000705200000|100%| E|CS|TAMS 0x0000000705000000| PB 0x0000000705000000| Complete 
|  23|0x0000000705200000, 0x0000000705400000, 0x0000000705400000|100%| E|CS|TAMS 0x0000000705200000| PB 0x0000000705200000| Complete 
|  24|0x0000000705400000, 0x0000000705600000, 0x0000000705600000|100%| E|CS|TAMS 0x0000000705400000| PB 0x0000000705400000| Complete 
|  98|0x000000070e800000, 0x000000070ea00000, 0x000000070ea00000|100%| E|CS|TAMS 0x000000070e800000| PB 0x000000070e800000| Complete 
|  99|0x000000070ea00000, 0x000000070ec00000, 0x000000070ec00000|100%| E|CS|TAMS 0x000000070ea00000| PB 0x000000070ea00000| Complete 
| 100|0x000000070ec00000, 0x000000070ee00000, 0x000000070ee00000|100%| E|CS|TAMS 0x000000070ec00000| PB 0x000000070ec00000| Complete 
| 101|0x000000070ee00000, 0x000000070f000000, 0x000000070f000000|100%| E|CS|TAMS 0x000000070ee00000| PB 0x000000070ee00000| Complete 
| 126|0x0000000712000000, 0x0000000712200000, 0x0000000712200000|100%| E|CS|TAMS 0x0000000712000000| PB 0x0000000712000000| Complete 

Card table byte_map: [0x00000214e3e20000,0x00000214e4610000] _byte_map_base: 0x00000214e060e000

Marking Bits: (CMBitMap*) 0x00000214cbf11dc0
 Bits: [0x00000214e4610000, 0x00000214e8580000)

Polling page: 0x00000214cb670000

Metaspace:

Usage:
  Non-class:     49.48 MB used.
      Class:      7.55 MB used.
       Both:     57.03 MB used.

Virtual space:
  Non-class space:       64.00 MB reserved,      49.81 MB ( 78%) committed,  1 nodes.
      Class space:        1.00 GB reserved,       7.81 MB ( <1%) committed,  1 nodes.
             Both:        1.06 GB reserved,      57.62 MB (  5%) committed. 

Chunk freelists:
   Non-Class:  13.30 MB
       Class:  8.20 MB
        Both:  21.50 MB

MaxMetaspaceSize: unlimited
CompressedClassSpaceSize: 1.00 GB
Initial GC threshold: 21.00 MB
Current GC threshold: 58.75 MB
CDS: on
 - commit_granule_bytes: 65536.
 - commit_granule_words: 8192.
 - virtual_space_node_default_size: 8388608.
 - enlarge_chunks_in_place: 1.
 - use_allocation_guard: 0.


Internal statistics:

num_allocs_failed_limit: 6.
num_arena_births: 876.
num_arena_deaths: 0.
num_vsnodes_births: 2.
num_vsnodes_deaths: 0.
num_space_committed: 923.
num_space_uncommitted: 0.
num_chunks_returned_to_freelist: 6.
num_chunks_taken_from_freelist: 3003.
num_chunk_merges: 6.
num_chunk_splits: 2152.
num_chunks_enlarged: 1668.
num_inconsistent_stats: 0.

CodeHeap 'non-profiled nmethods': size=120000Kb used=3659Kb max_used=3659Kb free=116341Kb
 bounds [0x00000214dbdd0000, 0x00000214dc170000, 0x00000214e3300000]
CodeHeap 'profiled nmethods': size=120000Kb used=10813Kb max_used=10813Kb free=109186Kb
 bounds [0x00000214d4300000, 0x00000214d4d90000, 0x00000214db830000]
CodeHeap 'non-nmethods': size=5760Kb used=1722Kb max_used=1800Kb free=4037Kb
 bounds [0x00000214db830000, 0x00000214dbaa0000, 0x00000214dbdd0000]
 total_blobs=6091 nmethods=5393 adapters=601
 compilation: enabled
              stopped_count=0, restarted_count=0
 full_count=0

Compilation events (20 events):
Event: 10.676 Thread 0x00000214eafe5d90 nmethod 5813 0x00000214d4d87b90 code [0x00000214d4d87da0, 0x00000214d4d88220]
Event: 10.676 Thread 0x00000214eafe5d90 5814       2       org.springframework.core.annotation.AnnotationsScanner::isOverride (38 bytes)
Event: 10.677 Thread 0x00000214eafe5d90 nmethod 5814 0x00000214d4d88490 code [0x00000214d4d88640, 0x00000214d4d887f8]
Event: 10.678 Thread 0x00000214eafe5d90 5815       2       org.springframework.aop.support.AopUtils::canApply (53 bytes)
Event: 10.679 Thread 0x00000214eafe5d90 nmethod 5815 0x00000214d4d88990 code [0x00000214d4d88b80, 0x00000214d4d88f18]
Event: 10.679 Thread 0x00000214eafe5d90 5816       1       org.springframework.beans.factory.support.AbstractAutowireCapableBeanFactory::getParameterNameDiscoverer (5 bytes)
Event: 10.679 Thread 0x00000214eafe5d90 nmethod 5816 0x00000214dc161a10 code [0x00000214dc161ba0, 0x00000214dc161c70]
Event: 10.679 Thread 0x00000214eafe5d90 5817       2       org.springframework.util.ReflectionUtils$$Lambda/0x0000021481256028::doWith (9 bytes)
Event: 10.680 Thread 0x00000214eafe5d90 nmethod 5817 0x00000214d4d89090 code [0x00000214d4d89240, 0x00000214d4d89378]
Event: 10.681 Thread 0x00000214eafe5d90 5818       2       org.springframework.core.convert.support.GenericConversionService::getRequiredTypeInfo (57 bytes)
Event: 10.682 Thread 0x00000214eafe5d90 nmethod 5818 0x00000214d4d89410 code [0x00000214d4d89600, 0x00000214d4d89908]
Event: 10.682 Thread 0x00000214eafe5d90 5819       2       org.springframework.core.convert.support.GenericConversionService::addConverter (84 bytes)
Event: 10.683 Thread 0x00000214eafe5d90 nmethod 5819 0x00000214d4d89b10 code [0x00000214d4d89d40, 0x00000214d4d8a2b8]
Event: 10.686 Thread 0x00000214eafe5d90 5820       1       java.lang.Enum::toString (5 bytes)
Event: 10.686 Thread 0x00000214eafe5d90 nmethod 5820 0x00000214dc161d10 code [0x00000214dc161ea0, 0x00000214dc161f70]
Event: 10.696 Thread 0x00000214eafe5d90 5821       1       org.springframework.context.annotation.CommonAnnotationBeanPostProcessor::postProcessAfterInstantiation (2 bytes)
Event: 10.696 Thread 0x00000214eafe5d90 nmethod 5821 0x00000214dc162010 code [0x00000214dc1621a0, 0x00000214dc162268]
Event: 10.702 Thread 0x00000214eafe5d90 5822       2       java.lang.invoke.LambdaForm::create (14 bytes)
Event: 10.703 Thread 0x00000214eafe5d90 nmethod 5822 0x00000214d4d8a590 code [0x00000214d4d8a740, 0x00000214d4d8a878]
Event: 10.703 Thread 0x00000214eafe5d90 5823       2       java.lang.invoke.DirectMethodHandle$Holder::invokeStatic (24 bytes)

GC Heap History (20 events):
Event: 1.505 GC heap before
{Heap before GC invocations=0 (full 0):
 garbage-first heap   total 260096K, used 22528K [0x0000000702400000, 0x0000000800000000)
  region size 2048K, 11 young (22528K), 0 survivors (0K)
 Metaspace       used 6172K, committed 6336K, reserved 1114112K
  class space    used 709K, committed 768K, reserved 1048576K
}
Event: 1.512 GC heap after
{Heap after GC invocations=1 (full 0):
 garbage-first heap   total 260096K, used 6914K [0x0000000702400000, 0x0000000800000000)
  region size 2048K, 2 young (4096K), 2 survivors (4096K)
 Metaspace       used 6172K, committed 6336K, reserved 1114112K
  class space    used 709K, committed 768K, reserved 1048576K
}
Event: 2.239 GC heap before
{Heap before GC invocations=1 (full 0):
 garbage-first heap   total 260096K, used 31490K [0x0000000702400000, 0x0000000800000000)
  region size 2048K, 15 young (30720K), 2 survivors (4096K)
 Metaspace       used 13556K, committed 13824K, reserved 1114112K
  class space    used 1618K, committed 1728K, reserved 1048576K
}
Event: 2.245 GC heap after
{Heap after GC invocations=2 (full 0):
 garbage-first heap   total 260096K, used 8829K [0x0000000702400000, 0x0000000800000000)
  region size 2048K, 2 young (4096K), 2 survivors (4096K)
 Metaspace       used 13556K, committed 13824K, reserved 1114112K
  class space    used 1618K, committed 1728K, reserved 1048576K
}
Event: 3.624 GC heap before
{Heap before GC invocations=2 (full 0):
 garbage-first heap   total 260096K, used 53885K [0x0000000702400000, 0x0000000800000000)
  region size 2048K, 25 young (51200K), 2 survivors (4096K)
 Metaspace       used 21200K, committed 21504K, reserved 1114112K
  class space    used 2561K, committed 2688K, reserved 1048576K
}
Event: 3.632 GC heap after
{Heap after GC invocations=3 (full 0):
 garbage-first heap   total 260096K, used 13010K [0x0000000702400000, 0x0000000800000000)
  region size 2048K, 4 young (8192K), 4 survivors (8192K)
 Metaspace       used 21200K, committed 21504K, reserved 1114112K
  class space    used 2561K, committed 2688K, reserved 1048576K
}
Event: 4.752 GC heap before
{Heap before GC invocations=4 (full 0):
 garbage-first heap   total 61440K, used 41682K [0x0000000702400000, 0x0000000800000000)
  region size 2048K, 18 young (36864K), 4 survivors (8192K)
 Metaspace       used 26081K, committed 26496K, reserved 1114112K
  class space    used 3281K, committed 3456K, reserved 1048576K
}
Event: 4.765 GC heap after
{Heap after GC invocations=5 (full 0):
 garbage-first heap   total 61440K, used 15819K [0x0000000702400000, 0x0000000800000000)
  region size 2048K, 2 young (4096K), 2 survivors (4096K)
 Metaspace       used 26081K, committed 26496K, reserved 1114112K
  class space    used 3281K, committed 3456K, reserved 1048576K
}
Event: 5.977 GC heap before
{Heap before GC invocations=5 (full 0):
 garbage-first heap   total 61440K, used 44491K [0x0000000702400000, 0x0000000800000000)
  region size 2048K, 16 young (32768K), 2 survivors (4096K)
 Metaspace       used 33015K, committed 33600K, reserved 1114112K
  class space    used 4196K, committed 4480K, reserved 1048576K
}
Event: 5.987 GC heap after
{Heap after GC invocations=6 (full 0):
 garbage-first heap   total 61440K, used 17998K [0x0000000702400000, 0x0000000800000000)
  region size 2048K, 2 young (4096K), 2 survivors (4096K)
 Metaspace       used 33015K, committed 33600K, reserved 1114112K
  class space    used 4196K, committed 4480K, reserved 1048576K
}
Event: 6.298 GC heap before
{Heap before GC invocations=6 (full 0):
 garbage-first heap   total 61440K, used 26190K [0x0000000702400000, 0x0000000800000000)
  region size 2048K, 7 young (14336K), 2 survivors (4096K)
 Metaspace       used 35419K, committed 35968K, reserved 1114112K
  class space    used 4584K, committed 4864K, reserved 1048576K
}
Event: 6.302 GC heap after
{Heap after GC invocations=7 (full 0):
 garbage-first heap   total 61440K, used 18384K [0x0000000702400000, 0x0000000800000000)
  region size 2048K, 2 young (4096K), 2 survivors (4096K)
 Metaspace       used 35419K, committed 35968K, reserved 1114112K
  class space    used 4584K, committed 4864K, reserved 1048576K
}
Event: 7.929 GC heap before
{Heap before GC invocations=8 (full 0):
 garbage-first heap   total 61440K, used 47056K [0x0000000702400000, 0x0000000800000000)
  region size 2048K, 17 young (34816K), 2 survivors (4096K)
 Metaspace       used 44444K, committed 44992K, reserved 1114112K
  class space    used 5699K, committed 5952K, reserved 1048576K
}
Event: 7.935 GC heap after
{Heap after GC invocations=9 (full 0):
 garbage-first heap   total 61440K, used 21671K [0x0000000702400000, 0x0000000800000000)
  region size 2048K, 3 young (6144K), 3 survivors (6144K)
 Metaspace       used 44444K, committed 44992K, reserved 1114112K
  class space    used 5699K, committed 5952K, reserved 1048576K
}
Event: 9.253 GC heap before
{Heap before GC invocations=9 (full 0):
 garbage-first heap   total 61440K, used 50343K [0x0000000702400000, 0x0000000800000000)
  region size 2048K, 17 young (34816K), 3 survivors (6144K)
 Metaspace       used 51811K, committed 52416K, reserved 1114112K
  class space    used 6877K, committed 7168K, reserved 1048576K
}
Event: 9.259 GC heap after
{Heap after GC invocations=10 (full 0):
 garbage-first heap   total 61440K, used 22816K [0x0000000702400000, 0x0000000800000000)
  region size 2048K, 1 young (2048K), 1 survivors (2048K)
 Metaspace       used 51811K, committed 52416K, reserved 1114112K
  class space    used 6877K, committed 7168K, reserved 1048576K
}
Event: 10.150 GC heap before
{Heap before GC invocations=10 (full 0):
 garbage-first heap   total 61440K, used 51488K [0x0000000702400000, 0x0000000800000000)
  region size 2048K, 15 young (30720K), 1 survivors (2048K)
 Metaspace       used 56274K, committed 56896K, reserved 1114112K
  class space    used 7448K, committed 7744K, reserved 1048576K
}
Event: 10.155 GC heap after
{Heap after GC invocations=11 (full 0):
 garbage-first heap   total 61440K, used 24540K [0x0000000702400000, 0x0000000800000000)
  region size 2048K, 2 young (4096K), 2 survivors (4096K)
 Metaspace       used 56274K, committed 56896K, reserved 1114112K
  class space    used 7448K, committed 7744K, reserved 1048576K
}
Event: 10.503 GC heap before
{Heap before GC invocations=11 (full 0):
 garbage-first heap   total 61440K, used 51164K [0x0000000702400000, 0x0000000800000000)
  region size 2048K, 15 young (30720K), 2 survivors (4096K)
 Metaspace       used 57665K, committed 58304K, reserved 1114112K
  class space    used 7630K, committed 7872K, reserved 1048576K
}
Event: 10.509 GC heap after
{Heap after GC invocations=12 (full 0):
 garbage-first heap   total 61440K, used 25424K [0x0000000702400000, 0x0000000800000000)
  region size 2048K, 2 young (4096K), 2 survivors (4096K)
 Metaspace       used 57665K, committed 58304K, reserved 1114112K
  class space    used 7630K, committed 7872K, reserved 1048576K
}

Dll operation events (11 events):
Event: 0.012 Loaded shared library C:\Program Files\Java\jdk-21\bin\java.dll
Event: 0.073 Loaded shared library C:\Program Files\Java\jdk-21\bin\jsvml.dll
Event: 0.206 Loaded shared library C:\Program Files\Java\jdk-21\bin\net.dll
Event: 0.207 Loaded shared library C:\Program Files\Java\jdk-21\bin\nio.dll
Event: 0.211 Loaded shared library C:\Program Files\Java\jdk-21\bin\zip.dll
Event: 0.427 Loaded shared library C:\Program Files\Java\jdk-21\bin\jimage.dll
Event: 2.554 Loaded shared library C:\Program Files\Java\jdk-21\bin\sunmscapi.dll
Event: 5.002 Loaded shared library C:\Program Files\Java\jdk-21\bin\management.dll
Event: 5.005 Loaded shared library C:\Program Files\Java\jdk-21\bin\management_ext.dll
Event: 5.997 Loaded shared library C:\Program Files\Java\jdk-21\bin\verify.dll
Event: 6.454 Loaded shared library C:\Program Files\Java\jdk-21\bin\extnet.dll

Deoptimization events (20 events):
Event: 10.651 Thread 0x00000214c9e0afe0 DEOPT PACKING pc=0x00000214dbececd0 sp=0x00000050f2cfd6c0
Event: 10.651 Thread 0x00000214c9e0afe0 DEOPT UNPACKING pc=0x00000214db884e42 sp=0x00000050f2cfcab8 mode 1
Event: 10.651 Thread 0x00000214c9e0afe0 DEOPT PACKING pc=0x00000214d47324cc sp=0x00000050f2cfd700
Event: 10.651 Thread 0x00000214c9e0afe0 DEOPT UNPACKING pc=0x00000214db884e42 sp=0x00000050f2cfcdb0 mode 1
Event: 10.651 Thread 0x00000214c9e0afe0 DEOPT PACKING pc=0x00000214dbececd0 sp=0x00000050f2cfd6c0
Event: 10.651 Thread 0x00000214c9e0afe0 DEOPT UNPACKING pc=0x00000214db884e42 sp=0x00000050f2cfcab8 mode 1
Event: 10.651 Thread 0x00000214c9e0afe0 DEOPT PACKING pc=0x00000214d47324cc sp=0x00000050f2cfd700
Event: 10.651 Thread 0x00000214c9e0afe0 DEOPT UNPACKING pc=0x00000214db884e42 sp=0x00000050f2cfcdb0 mode 1
Event: 10.679 Thread 0x00000214c9e0afe0 Uncommon trap: trap_request=0xffffffde fr.pc=0x00000214dc0fc6d4 relative=0x0000000000001814
Event: 10.679 Thread 0x00000214c9e0afe0 Uncommon trap: reason=class_check action=maybe_recompile pc=0x00000214dc0fc6d4 method=org.springframework.core.annotation.AnnotationsScanner.processMethodHierarchy(Ljava/lang/Object;[ILjava/lang/Class;Lorg/springframework/core/annotation/AnnotationsProces
Event: 10.679 Thread 0x00000214c9e0afe0 DEOPT PACKING pc=0x00000214dc0fc6d4 sp=0x00000050f2cfdb70
Event: 10.680 Thread 0x00000214c9e0afe0 DEOPT UNPACKING pc=0x00000214db8846a2 sp=0x00000050f2cfdb58 mode 2
Event: 10.680 Thread 0x00000214c9e0afe0 Uncommon trap: trap_request=0xffffffde fr.pc=0x00000214dc153b84 relative=0x00000000000003a4
Event: 10.680 Thread 0x00000214c9e0afe0 Uncommon trap: reason=class_check action=maybe_recompile pc=0x00000214dc153b84 method=org.springframework.core.annotation.AnnotationsScanner.processMethodAnnotations(Ljava/lang/Object;ILjava/lang/reflect/Method;Lorg/springframework/core/annotation/Annotat
Event: 10.680 Thread 0x00000214c9e0afe0 DEOPT PACKING pc=0x00000214dc153b84 sp=0x00000050f2cfdaf0
Event: 10.680 Thread 0x00000214c9e0afe0 DEOPT UNPACKING pc=0x00000214db8846a2 sp=0x00000050f2cfdaa8 mode 2
Event: 10.680 Thread 0x00000214c9e0afe0 DEOPT PACKING pc=0x00000214dbececd0 sp=0x00000050f2cfd0a0
Event: 10.680 Thread 0x00000214c9e0afe0 DEOPT UNPACKING pc=0x00000214db884e42 sp=0x00000050f2cfc498 mode 1
Event: 10.680 Thread 0x00000214c9e0afe0 DEOPT PACKING pc=0x00000214d47324cc sp=0x00000050f2cfd0e0
Event: 10.680 Thread 0x00000214c9e0afe0 DEOPT UNPACKING pc=0x00000214db884e42 sp=0x00000050f2cfc790 mode 1

Classes loaded (20 events):
Event: 10.166 Loading class java/util/stream/ReduceOps$CountingSink$OfRef
Event: 10.166 Loading class java/util/stream/ReduceOps$CountingSink
Event: 10.166 Loading class java/util/stream/ReduceOps$CountingSink done
Event: 10.166 Loading class java/util/stream/ReduceOps$CountingSink$OfRef done
Event: 10.198 Loading class java/lang/invoke/WrongMethodTypeException
Event: 10.198 Loading class java/lang/invoke/WrongMethodTypeException done
Event: 10.208 Loading class java/lang/Character$UnicodeBlock
Event: 10.209 Loading class java/lang/Character$Subset
Event: 10.209 Loading class java/lang/Character$Subset done
Event: 10.211 Loading class java/lang/Character$UnicodeBlock done
Event: 10.277 Loading class java/util/regex/Pattern$Bound
Event: 10.277 Loading class java/util/regex/Pattern$Bound done
Event: 10.277 Loading class java/util/regex/Pattern$SliceI
Event: 10.277 Loading class java/util/regex/Pattern$SliceI done
Event: 10.278 Loading class java/util/regex/Pattern$LookBehindEndNode
Event: 10.278 Loading class java/util/regex/Pattern$LookBehindEndNode done
Event: 10.278 Loading class java/util/regex/Pattern$NotBehind
Event: 10.278 Loading class java/util/regex/Pattern$NotBehind done
Event: 10.278 Loading class java/util/regex/Pattern$Behind
Event: 10.278 Loading class java/util/regex/Pattern$Behind done

Classes unloaded (0 events):
No events

Classes redefined (0 events):
No events

Internal exceptions (20 events):
Event: 9.217 Thread 0x00000214c9e0afe0 Exception <a 'java/lang/NoSuchMethodError'{0x000000070447b2e8}: 'java.lang.Object java.lang.invoke.DirectMethodHandle$Holder.invokeSpecial(java.lang.Object, java.lang.Object, java.lang.Object, java.lang.Object, java.lang.Object, java.lang.Object, java.lang.Object, java.lang.Object, java.lang.Object, java.lang.Object, java.lang.Object, java.lang.Object, java.lang.Object)'> (0x000000070447b2e8) 
thrown [s\open\src\hotspot\share\interpreter\linkResolver.cpp, line 773]
Event: 9.217 Thread 0x00000214c9e0afe0 Exception <a 'java/lang/NoSuchMethodError'{0x000000070447f7c0}: 'java.lang.Object java.lang.invoke.Invokers$Holder.linkToTargetMethod(java.lang.Object, java.lang.Object, java.lang.Object, java.lang.Object, java.lang.Object, java.lang.Object, java.lang.Object, java.lang.Object, java.lang.Object, java.lang.Object, java.lang.Object, java.lang.Object)'> (0x000000070447f7c0) 
thrown [s\open\src\hotspot\share\interpreter\linkResolver.cpp, line 773]
Event: 9.233 Thread 0x00000214c9e0afe0 Exception <a 'java/lang/IncompatibleClassChangeError'{0x0000000704520c28}: Found class java.lang.Object, but interface was expected> (0x0000000704520c28) 
thrown [s\open\src\hotspot\share\interpreter\linkResolver.cpp, line 840]
Event: 9.265 Thread 0x00000214c9e0afe0 Exception <a 'java/lang/NoSuchMethodError'{0x0000000712028810}: 'java.lang.Object java.lang.invoke.DirectMethodHandle$Holder.newInvokeSpecial(java.lang.Object, java.lang.Object, java.lang.Object, java.lang.Object, java.lang.Object, java.lang.Object)'> (0x0000000712028810) 
thrown [s\open\src\hotspot\share\interpreter\linkResolver.cpp, line 773]
Event: 9.275 Thread 0x00000214c9e0afe0 Exception <a 'java/lang/NoSuchMethodError'{0x0000000712086230}: 'java.lang.Object java.lang.invoke.DirectMethodHandle$Holder.newInvokeSpecial(java.lang.Object, java.lang.Object, java.lang.Object, java.lang.Object, java.lang.Object, java.lang.Object, java.lang.Object, int)'> (0x0000000712086230) 
thrown [s\open\src\hotspot\share\interpreter\linkResolver.cpp, line 773]
Event: 9.276 Thread 0x00000214c9e0afe0 Exception <a 'java/lang/NoSuchMethodError'{0x000000071208a790}: 'java.lang.Object java.lang.invoke.DirectMethodHandle$Holder.invokeSpecial(java.lang.Object, java.lang.Object, java.lang.Object, java.lang.Object, java.lang.Object, java.lang.Object, java.lang.Object, java.lang.Object, int)'> (0x000000071208a790) 
thrown [s\open\src\hotspot\share\interpreter\linkResolver.cpp, line 773]
Event: 9.276 Thread 0x00000214c9e0afe0 Exception <a 'java/lang/NoSuchMethodError'{0x000000071208e7a8}: 'java.lang.Object java.lang.invoke.Invokers$Holder.linkToTargetMethod(java.lang.Object, java.lang.Object, java.lang.Object, java.lang.Object, java.lang.Object, java.lang.Object, int, java.lang.Object)'> (0x000000071208e7a8) 
thrown [s\open\src\hotspot\share\interpreter\linkResolver.cpp, line 773]
Event: 9.300 Thread 0x00000214c9e0afe0 Exception <a 'java/lang/NoSuchMethodError'{0x0000000712171500}: 'java.lang.Object java.lang.invoke.DirectMethodHandle$Holder.newInvokeSpecial(java.lang.Object, java.lang.Object, int, java.lang.Object, int, java.lang.Object, java.lang.Object)'> (0x0000000712171500) 
thrown [s\open\src\hotspot\share\interpreter\linkResolver.cpp, line 773]
Event: 9.313 Thread 0x00000214c9e0afe0 Exception <a 'java/lang/NoSuchMethodError'{0x00000007121c06b0}: 'void java.lang.invoke.DirectMethodHandle$Holder.invokeInterface(java.lang.Object, java.lang.Object)'> (0x00000007121c06b0) 
thrown [s\open\src\hotspot\share\interpreter\linkResolver.cpp, line 773]
Event: 9.511 Thread 0x00000214c9e0afe0 Exception <a 'java/lang/NoSuchMethodError'{0x000000070ed48c10}: 'java.lang.Object java.lang.invoke.DirectMethodHandle$Holder.invokeSpecial(java.lang.Object, java.lang.Object, int, java.lang.Object, int)'> (0x000000070ed48c10) 
thrown [s\open\src\hotspot\share\interpreter\linkResolver.cpp, line 773]
Event: 9.613 Thread 0x00000214c9e0afe0 Exception <a 'java/lang/NoSuchMethodError'{0x000000070ea3dac0}: 'void java.lang.invoke.Invokers$Holder.invokeExact_MT(java.lang.Object, java.lang.Object, java.lang.Object, java.lang.Object)'> (0x000000070ea3dac0) 
thrown [s\open\src\hotspot\share\interpreter\linkResolver.cpp, line 773]
Event: 9.624 Thread 0x00000214c9e0afe0 Implicit null exception at 0x00000214dc0c83c0 to 0x00000214dc0c83fc
Event: 9.639 Thread 0x00000214c9e0afe0 Implicit null exception at 0x00000214dc035411 to 0x00000214dc0356e4
Event: 9.708 Thread 0x00000214c9e0afe0 Exception <a 'java/lang/IncompatibleClassChangeError'{0x000000070e9e5318}: Found class java.lang.Object, but interface was expected> (0x000000070e9e5318) 
thrown [s\open\src\hotspot\share\interpreter\linkResolver.cpp, line 840]
Event: 9.714 Thread 0x00000214c9e0afe0 Implicit null exception at 0x00000214dc093734 to 0x00000214dc0957a0
Event: 9.722 Thread 0x00000214c9e0afe0 Exception <a 'java/lang/IncompatibleClassChangeError'{0x00000007054552e0}: Found class java.lang.Object, but interface was expected> (0x00000007054552e0) 
thrown [s\open\src\hotspot\share\interpreter\linkResolver.cpp, line 840]
Event: 9.785 Thread 0x00000214c9e0afe0 Exception <a 'java/lang/IncompatibleClassChangeError'{0x000000070559c158}: Found class java.lang.Object, but interface was expected> (0x000000070559c158) 
thrown [s\open\src\hotspot\share\interpreter\linkResolver.cpp, line 840]
Event: 10.020 Thread 0x00000214c9e0afe0 Exception <a 'java/lang/IncompatibleClassChangeError'{0x0000000704fca008}: Found class java.lang.Object, but interface was expected> (0x0000000704fca008) 
thrown [s\open\src\hotspot\share\interpreter\linkResolver.cpp, line 840]
Event: 10.238 Thread 0x00000214c9e0afe0 Exception <a 'java/lang/IncompatibleClassChangeError'{0x000000070ee55740}: Found class java.lang.Object, but interface was expected> (0x000000070ee55740) 
thrown [s\open\src\hotspot\share\interpreter\linkResolver.cpp, line 840]
Event: 10.658 Thread 0x00000214c9e0afe0 Exception <a 'java/lang/NoSuchMethodError'{0x00000007051693b8}: 'java.lang.Object java.lang.invoke.DirectMethodHandle$Holder.newInvokeSpecial(java.lang.Object, java.lang.Object, java.lang.Object, java.lang.Object, java.lang.Object, java.lang.Object, java.lang.Object, java.lang.Object)'> (0x00000007051693b8) 
thrown [s\open\src\hotspot\share\interpreter\linkResolver.cpp, line 773]

ZGC Phase Switch (0 events):
No events

VM Operations (20 events):
Event: 9.252 Executing VM operation: G1CollectForAllocation (G1 Evacuation Pause)
Event: 9.259 Executing VM operation: G1CollectForAllocation (G1 Evacuation Pause) done
Event: 9.288 Executing VM operation: HandshakeAllThreads (Deoptimize)
Event: 9.288 Executing VM operation: HandshakeAllThreads (Deoptimize) done
Event: 9.407 Executing VM operation: HandshakeAllThreads (Deoptimize)
Event: 9.408 Executing VM operation: HandshakeAllThreads (Deoptimize) done
Event: 9.448 Executing VM operation: HandshakeAllThreads (Deoptimize)
Event: 9.448 Executing VM operation: HandshakeAllThreads (Deoptimize) done
Event: 9.932 Executing VM operation: HandshakeAllThreads (Deoptimize)
Event: 9.932 Executing VM operation: HandshakeAllThreads (Deoptimize) done
Event: 9.947 Executing VM operation: ICBufferFull
Event: 9.947 Executing VM operation: ICBufferFull done
Event: 10.081 Executing VM operation: HandshakeAllThreads (Deoptimize)
Event: 10.081 Executing VM operation: HandshakeAllThreads (Deoptimize) done
Event: 10.082 Executing VM operation: HandshakeAllThreads (Deoptimize)
Event: 10.082 Executing VM operation: HandshakeAllThreads (Deoptimize) done
Event: 10.150 Executing VM operation: G1CollectForAllocation (G1 Evacuation Pause)
Event: 10.155 Executing VM operation: G1CollectForAllocation (G1 Evacuation Pause) done
Event: 10.503 Executing VM operation: G1CollectForAllocation (G1 Evacuation Pause)
Event: 10.509 Executing VM operation: G1CollectForAllocation (G1 Evacuation Pause) done

Events (20 events):
Event: 6.332 Thread 0x00000214eaf8bd80 flushing nmethod 0x00000214dbe00990
Event: 6.332 Thread 0x00000214eaf8bd80 flushing nmethod 0x00000214dbdf2490
Event: 6.332 Thread 0x00000214eaf8bd80 flushing nmethod 0x00000214dbdf2090
Event: 6.332 Thread 0x00000214eaf8bd80 flushing nmethod 0x00000214dbdf1c90
Event: 6.332 Thread 0x00000214eaf8bd80 flushing nmethod 0x00000214dbde6510
Event: 6.332 Thread 0x00000214eaf8bd80 flushing nmethod 0x00000214dbdf1990
Event: 6.332 Thread 0x00000214eaf8bd80 flushing nmethod 0x00000214dbde4390
Event: 6.332 Thread 0x00000214eaf8bd80 flushing nmethod 0x00000214dbde0490
Event: 6.332 Thread 0x00000214eaf8bd80 flushing nmethod 0x00000214dbddfe90
Event: 6.332 Thread 0x00000214eaf8bd80 flushing nmethod 0x00000214dbdde210
Event: 6.332 Thread 0x00000214eaf8bd80 flushing nmethod 0x00000214dbdd1390
Event: 6.332 Thread 0x00000214eaf8bd80 flushing nmethod 0x00000214dbddd610
Event: 6.332 Thread 0x00000214eaf8bd80 flushing nmethod 0x00000214dbdd1090
Event: 6.599 Thread 0x00000214ef3b2e60 Thread added: 0x00000214ef3b2e60
Event: 6.709 Thread 0x00000214f04e00e0 Thread added: 0x00000214f04e00e0
Event: 7.355 Thread 0x00000214f0d67360 Thread added: 0x00000214f0d67360
Event: 8.669 Thread 0x00000214f0d67360 Thread exited: 0x00000214f0d67360
Event: 9.038 Thread 0x00000214f17987f0 Thread added: 0x00000214f17987f0
Event: 9.344 Thread 0x00000214f17987f0 Thread exited: 0x00000214f17987f0
Event: 9.640 Thread 0x00000214f5315980 Thread added: 0x00000214f5315980


Dynamic libraries:
0x00007ff69bcc0000 - 0x00007ff69bcd0000 	C:\Program Files\Java\jdk-21\bin\java.exe
0x00007ff8f93d0000 - 0x00007ff8f95c8000 	C:\Windows\SYSTEM32\ntdll.dll
0x00007ff8f7bb0000 - 0x00007ff8f7c6d000 	C:\Windows\System32\KERNEL32.DLL
0x00007ff8f6e00000 - 0x00007ff8f70f6000 	C:\Windows\System32\KERNELBASE.dll
0x00007ff8f7320000 - 0x00007ff8f7420000 	C:\Windows\System32\ucrtbase.dll
0x00007ff8d7bf0000 - 0x00007ff8d7c09000 	C:\Program Files\Java\jdk-21\bin\jli.dll
0x00007ff8d7bd0000 - 0x00007ff8d7beb000 	C:\Program Files\Java\jdk-21\bin\VCRUNTIME140.dll
0x00007ff8f9240000 - 0x00007ff8f92f3000 	C:\Windows\System32\ADVAPI32.dll
0x00007ff8f8ed0000 - 0x00007ff8f8f6e000 	C:\Windows\System32\msvcrt.dll
0x00007ff8f7e70000 - 0x00007ff8f7f0f000 	C:\Windows\System32\sechost.dll
0x00007ff8f7fd0000 - 0x00007ff8f80f6000 	C:\Windows\System32\RPCRT4.dll
0x00007ff8f72a0000 - 0x00007ff8f72c7000 	C:\Windows\System32\bcrypt.dll
0x00007ff8f7c70000 - 0x00007ff8f7e0e000 	C:\Windows\System32\USER32.dll
0x00007ff8f6aa0000 - 0x00007ff8f6ac2000 	C:\Windows\System32\win32u.dll
0x00007ff8e9110000 - 0x00007ff8e93aa000 	C:\Windows\WinSxS\amd64_microsoft.windows.common-controls_6595b64144ccf1df_6.0.19041.3636_none_60b6a03d71f818d5\COMCTL32.dll
0x00007ff8f8750000 - 0x00007ff8f877c000 	C:\Windows\System32\GDI32.dll
0x00007ff8f6c30000 - 0x00007ff8f6d4a000 	C:\Windows\System32\gdi32full.dll
0x00007ff8f7100000 - 0x00007ff8f719d000 	C:\Windows\System32\msvcp_win.dll
0x00007ff8f0a00000 - 0x00007ff8f0a0a000 	C:\Windows\SYSTEM32\VERSION.dll
0x00007ff8f7a50000 - 0x00007ff8f7a80000 	C:\Windows\System32\IMM32.DLL
0x00007ff8ecbf0000 - 0x00007ff8ecbfc000 	C:\Program Files\Java\jdk-21\bin\vcruntime140_1.dll
0x00007ff8d7b40000 - 0x00007ff8d7bce000 	C:\Program Files\Java\jdk-21\bin\msvcp140.dll
0x00007ff8d4710000 - 0x00007ff8d5425000 	C:\Program Files\Java\jdk-21\bin\server\jvm.dll
0x00007ff8f81c0000 - 0x00007ff8f822b000 	C:\Windows\System32\WS2_32.dll
0x00007ff8f5fe0000 - 0x00007ff8f602b000 	C:\Windows\SYSTEM32\POWRPROF.dll
0x00007ff8e1530000 - 0x00007ff8e1557000 	C:\Windows\SYSTEM32\WINMM.dll
0x00007ff8f5eb0000 - 0x00007ff8f5ec2000 	C:\Windows\SYSTEM32\UMPDC.dll
0x00007ff8f4950000 - 0x00007ff8f4962000 	C:\Windows\SYSTEM32\kernel.appcore.dll
0x00007ff8ecb80000 - 0x00007ff8ecb8a000 	C:\Program Files\Java\jdk-21\bin\jimage.dll
0x00007ff8f4220000 - 0x00007ff8f4404000 	C:\Windows\SYSTEM32\DBGHELP.DLL
0x00007ff8ebc70000 - 0x00007ff8ebca4000 	C:\Windows\SYSTEM32\dbgcore.DLL
0x00007ff8f7210000 - 0x00007ff8f7292000 	C:\Windows\System32\bcryptPrimitives.dll
0x00007ff8d7b00000 - 0x00007ff8d7b3c000 	C:\Program Files\Java\jdk-21\bin\jdwp.dll
0x00007ff8d7ae0000 - 0x00007ff8d7aff000 	C:\Program Files\Java\jdk-21\bin\java.dll
0x00007ff8f8780000 - 0x00007ff8f8ec5000 	C:\Windows\System32\SHELL32.dll
0x00007ff8f4b50000 - 0x00007ff8f52eb000 	C:\Windows\SYSTEM32\windows.storage.dll
0x00007ff8f83f0000 - 0x00007ff8f8744000 	C:\Windows\System32\combase.dll
0x00007ff8f64d0000 - 0x00007ff8f64fd000 	C:\Windows\SYSTEM32\Wldp.dll
0x00007ff8f7b00000 - 0x00007ff8f7bad000 	C:\Windows\System32\SHCORE.dll
0x00007ff8f8160000 - 0x00007ff8f81b5000 	C:\Windows\System32\shlwapi.dll
0x00007ff8f69d0000 - 0x00007ff8f69f5000 	C:\Windows\SYSTEM32\profapi.dll
0x00007ff8d78c0000 - 0x00007ff8d7997000 	C:\Program Files\Java\jdk-21\bin\jsvml.dll
0x00007ff8ecb40000 - 0x00007ff8ecb4c000 	C:\Program Files\Java\jdk-21\bin\dt_socket.dll
0x00007ff8f5ed0000 - 0x00007ff8f5f0b000 	C:\Windows\SYSTEM32\IPHLPAPI.DLL
0x00007ff8f6230000 - 0x00007ff8f629a000 	C:\Windows\system32\mswsock.dll
0x00007ff8f5f10000 - 0x00007ff8f5fda000 	C:\Windows\SYSTEM32\DNSAPI.dll
0x00007ff8f7a40000 - 0x00007ff8f7a48000 	C:\Windows\System32\NSI.dll
0x00007ff8e9ab0000 - 0x00007ff8e9aba000 	C:\Windows\System32\rasadhlp.dll
0x00007ff8e9af0000 - 0x00007ff8e9b70000 	C:\Windows\System32\fwpuclnt.dll
0x00007ff8e3b00000 - 0x00007ff8e3b10000 	C:\Program Files\Java\jdk-21\bin\net.dll
0x00007ff8ee4b0000 - 0x00007ff8ee5ba000 	C:\Windows\SYSTEM32\WINHTTP.dll
0x00007ff8d7ac0000 - 0x00007ff8d7ad6000 	C:\Program Files\Java\jdk-21\bin\nio.dll
0x00007ff8d7aa0000 - 0x00007ff8d7ab8000 	C:\Program Files\Java\jdk-21\bin\zip.dll
0x00007ff8e3350000 - 0x00007ff8e335e000 	C:\Program Files\Java\jdk-21\bin\sunmscapi.dll
0x00007ff8f6ad0000 - 0x00007ff8f6c2d000 	C:\Windows\System32\CRYPT32.dll
0x00007ff8f6540000 - 0x00007ff8f6568000 	C:\Windows\SYSTEM32\ncrypt.dll
0x00007ff8f6500000 - 0x00007ff8f653b000 	C:\Windows\SYSTEM32\NTASN1.dll
0x00007ff8f6420000 - 0x00007ff8f6438000 	C:\Windows\SYSTEM32\CRYPTSP.dll
0x00007ff8f5af0000 - 0x00007ff8f5b24000 	C:\Windows\system32\rsaenh.dll
0x00007ff8f6990000 - 0x00007ff8f69be000 	C:\Windows\SYSTEM32\USERENV.dll
0x00007ff8f6440000 - 0x00007ff8f644c000 	C:\Windows\SYSTEM32\CRYPTBASE.dll
0x00007ff8e3330000 - 0x00007ff8e333a000 	C:\Program Files\Java\jdk-21\bin\management.dll
0x00007ff8e1710000 - 0x00007ff8e171b000 	C:\Program Files\Java\jdk-21\bin\management_ext.dll
0x00007ff8f7f10000 - 0x00007ff8f7f18000 	C:\Windows\System32\PSAPI.DLL
0x00007ff8dbe00000 - 0x00007ff8dbe10000 	C:\Program Files\Java\jdk-21\bin\verify.dll
0x00007ff8db460000 - 0x00007ff8db467000 	C:\Program Files\Java\jdk-21\bin\extnet.dll

dbghelp: loaded successfully - version: 4.0.5 - missing functions: none
symbol engine: initialized successfully - sym options: 0x614 - pdb path: .;C:\Program Files\Java\jdk-21\bin;C:\Windows\SYSTEM32;C:\Windows\WinSxS\amd64_microsoft.windows.common-controls_6595b64144ccf1df_6.0.19041.3636_none_60b6a03d71f818d5;C:\Program Files\Java\jdk-21\bin\server

VM Arguments:
jvm_args: -agentlib:jdwp=transport=dt_socket,server=n,suspend=y,address=localhost:50418 -XX:+ShowCodeDetailsInExceptionMessages 
java_command: com.zerp.bookmanagement.BookmanagementApplication
java_class_path (initial): C:\Users\vijay\Desktop\bookmanagement\bookmanagement\target\classes;C:\Users\vijay\.m2\repository\org\springframework\boot\spring-boot-starter-data-jpa\3.2.1\spring-boot-starter-data-jpa-3.2.1.jar;C:\Users\vijay\.m2\repository\org\springframework\boot\spring-boot-starter-aop\3.2.1\spring-boot-starter-aop-3.2.1.jar;C:\Users\vijay\.m2\repository\org\springframework\spring-aop\6.1.2\spring-aop-6.1.2.jar;C:\Users\vijay\.m2\repository\org\aspectj\aspectjweaver\1.9.21\aspectjweaver-1.9.21.jar;C:\Users\vijay\.m2\repository\org\springframework\boot\spring-boot-starter-jdbc\3.2.1\spring-boot-starter-jdbc-3.2.1.jar;C:\Users\vijay\.m2\repository\com\zaxxer\HikariCP\5.0.1\HikariCP-5.0.1.jar;C:\Users\vijay\.m2\repository\org\springframework\spring-jdbc\6.1.2\spring-jdbc-6.1.2.jar;C:\Users\vijay\.m2\repository\org\hibernate\orm\hibernate-core\6.4.1.Final\hibernate-core-6.4.1.Final.jar;C:\Users\vijay\.m2\repository\jakarta\persistence\jakarta.persistence-api\3.1.0\jakarta.persistence-api-3.1.0.jar;C:\Users\vijay\.m2\repository\jakarta\transaction\jakarta.transaction-api\2.0.1\jakarta.transaction-api-2.0.1.jar;C:\Users\vijay\.m2\repository\org\jboss\logging\jboss-logging\3.5.3.Final\jboss-logging-3.5.3.Final.jar;C:\Users\vijay\.m2\repository\org\hibernate\common\hibernate-commons-annotations\6.0.6.Final\hibernate-commons-annotations-6.0.6.Final.jar;C:\Users\vijay\.m2\repository\io\smallrye\jandex\3.1.2\jandex-3.1.2.jar;C:\Users\vijay\.m2\repository\com\fasterxml\classmate\1.6.0\classmate-1.6.0.jar;C:\Users\vijay\.m2\repository\net\bytebuddy\byte-buddy\1.14.10\byte-buddy-1.14.10.jar;C:\Users\vijay\.m2\repository\org\glassfish\jaxb\jaxb-runtime\4.0.4\jaxb-runtime-4.0.4.jar;C:\Users\vijay\.m2\repository\org\glassfish\jaxb\jaxb-core\4.0.4\jaxb-core-4.0.4.jar;C:\Users\vijay\.m2\repository\org\eclipse\angus\angus-activation\2.0.1\angus-activation-2.0.1.jar;C:\Users\vijay\.m2\repository\org\glassfish\jaxb\txw2\4.0.4\txw2-4.0.4.jar;C:\Users\vijay\.m2\repository\com\sun\istack\istack-commons-runtime\4.1.2\istack-commons-runtime-4.1.2.jar;C:\Users\vijay\.m2\repository\jakarta\inject\jakarta.inject-api\2.0.1\jakarta.inject-api-2.0.1.jar;C:\Users\vijay\.m2\repository\org\antlr\antlr4-runtime\4.13.0\antlr4-runtime-4.13.0.jar;C:\Users\vijay\.m2\repository\org\springframework\data\spring-data-jpa\3.2.1\spring-data-jpa-3.2.1.jar;C:\Users\vijay\.m2\repository\org\springframework\data\spring-data-commons\3.2.1\spring-data-commons-3.2.1.jar;C:\Users\vijay\.m2\repository\org\springframework\spring-orm\6.1.2\spring-orm-6.1.2.jar;C:\Users\vijay\.m2\repository\org\springframework\spring-context\6.1.2\spring-context-6.1.2.jar;C:\Users\vijay\.m2\repository\org\springframework\spring-tx\6.1.2\spring-tx-6.1.2.jar;C:\Users\vijay\.m2\repository\org\springframework\spring-beans\6.1.2\spring-beans-6.1.2.jar;C:\Users\vijay\.m2\repository\jakarta\annotation\jakarta.annotation-api\2.1.1\jakarta.annotation-api-2.1.1.jar;C:\Users\vijay\.m2\repository\org\slf4j\slf4j-api\2.0.9\slf4j-api-2.0.9.jar;C:\Users\vijay\.m2\repository\org\springframework\spring-aspects\6.1.2\spring-aspects-6.1.2.jar;C:\Users\vijay\.m2\repository\org\springframework\boot\spring-boot-starter-thymeleaf\3.2.1\spring-boot-starter-thymeleaf-3.2.1.jar;C:\Users\vijay\.m2\repository\org\springframework\boot\spring-boot-starter\3.2.1\spring-boot-starter-3.2.1.jar;C:\Users\vijay\.m2\repository\org\springframework\boot\spring-boot\3.2.1\spring-boot-3.2.1.jar;C:\Users\vijay\.m2\repository\org\springframework\boot\spring-boot-autoconfigure\3.2.1\spring-boot-autoconfigure-3.2.1.jar;C:\Users\vijay\.m2\repository\org\springframework\boot\spring-boot-starter-logging\3.2.1\spring-boot-starter-logging-3.2.1.jar;C:\Users\vijay\.m2\repository\ch\qos\logback\logback-classic\1.4.14\logback-classic-1.4.14.jar;C:\Users\vijay\.m2\repository\ch\qos\logback\logback-core\1.4.14\logback-core-1.4.14.jar;C:\Users\vijay\.m2\repository\org\apache\logging\log4j\log4j-to-slf4j\2.21.1\log4j-to-slf4j-2.21.1.jar;C:\Users\vijay\.m2\repository\org\apache\logging\log4j\log4j-api\2.21.1\log4j-api-2.21.1.jar;C:\Users\vijay\.m2\repository\org\slf4j\jul-to-slf4j\2.0.9\jul-to-slf4j-2.0.9.jar;C:\Users\vijay\.m2\repository\org\yaml\snakeyaml\2.2\snakeyaml-2.2.jar;C:\Users\vijay\.m2\repository\org\thymeleaf\thymeleaf-spring6\3.1.2.RELEASE\thymeleaf-spring6-3.1.2.RELEASE.jar;C:\Users\vijay\.m2\repository\org\thymeleaf\thymeleaf\3.1.2.RELEASE\thymeleaf-3.1.2.RELEASE.jar;C:\Users\vijay\.m2\repository\org\attoparser\attoparser\2.0.7.RELEASE\attoparser-2.0.7.RELEASE.jar;C:\Users\vijay\.m2\repository\org\unbescape\unbescape\1.1.6.RELEASE\unbescape-1.1.6.RELEASE.jar;C:\Users\vijay\.m2\repository\org\springframework\boot\spring-boot-starter-web\3.2.1\spring-boot-starter-web-3.2.1.jar;C:\Users\vijay\.m2\repository\org\springframework\boot\spring-boot-starter-json\3.2.1\spring-boot-starter-json-3.2.1.jar;C:\Users\vijay\.m2\repository\com\fasterxml\jackson\core\jackson-databind\2.15.3\jackson-databind-2.15.3.jar;C:\Users\vijay\.m2\repository\com\fasterxml\jackson\core\jackson-annotations\2.15.3\jackson-annotations-2.15.3.jar;C:\Users\vijay\.m2\repository\com\fasterxml\jackson\core\jackson-core\2.15.3\jackson-core-2.15.3.jar;C:\Users\vijay\.m2\repository\com\fasterxml\jackson\datatype\jackson-datatype-jdk8\2.15.3\jackson-datatype-jdk8-2.15.3.jar;C:\Users\vijay\.m2\repository\com\fasterxml\jackson\datatype\jackson-datatype-jsr310\2.15.3\jackson-datatype-jsr310-2.15.3.jar;C:\Users\vijay\.m2\repository\com\fasterxml\jackson\module\jackson-module-parameter-names\2.15.3\jackson-module-parameter-names-2.15.3.jar;C:\Users\vijay\.m2\repository\org\springframework\boot\spring-boot-starter-tomcat\3.2.1\spring-boot-starter-tomcat-3.2.1.jar;C:\Users\vijay\.m2\repository\org\apache\tomcat\embed\tomcat-embed-core\10.1.17\tomcat-embed-core-10.1.17.jar;C:\Users\vijay\.m2\repository\org\apache\tomcat\embed\tomcat-embed-el\10.1.17\tomcat-embed-el-10.1.17.jar;C:\Users\vijay\.m2\repository\org\apache\tomcat\embed\tomcat-embed-websocket\10.1.17\tomcat-embed-websocket-10.1.17.jar;C:\Users\vijay\.m2\repository\org\springframework\spring-web\6.1.2\spring-web-6.1.2.jar;C:\Users\vijay\.m2\repository\io\micrometer\micrometer-observation\1.12.1\micrometer-observation-1.12.1.jar;C:\Users\vijay\.m2\repository\io\micrometer\micrometer-commons\1.12.1\micrometer-commons-1.12.1.jar;C:\Users\vijay\.m2\repository\org\springframework\spring-webmvc\6.1.2\spring-webmvc-6.1.2.jar;C:\Users\vijay\.m2\repository\org\springframework\spring-expression\6.1.2\spring-expression-6.1.2.jar;C:\Users\vijay\.m2\repository\com\mysql\mysql-connector-j\8.1.0\mysql-connector-j-8.1.0.jar;C:\Users\vijay\.m2\repository\jakarta\xml\bind\jakarta.xml.bind-api\4.0.1\jakarta.xml.bind-api-4.0.1.jar;C:\Users\vijay\.m2\repository\jakarta\activation\jakarta.activation-api\2.1.2\jakarta.activation-api-2.1.2.jar;C:\Users\vijay\.m2\repository\org\springframework\spring-core\6.1.2\spring-core-6.1.2.jar;C:\Users\vijay\.m2\repository\org\springframework\spring-jcl\6.1.2\spring-jcl-6.1.2.jar
Launcher Type: SUN_STANDARD

[Global flags]
     intx CICompilerCount                          = 4                                         {product} {ergonomic}
     uint ConcGCThreads                            = 2                                         {product} {ergonomic}
     uint G1ConcRefinementThreads                  = 8                                         {product} {ergonomic}
   size_t G1HeapRegionSize                         = 2097152                                   {product} {ergonomic}
    uintx GCDrainStackTargetSize                   = 64                                        {product} {ergonomic}
   size_t InitialHeapSize                          = 266338304                                 {product} {ergonomic}
   size_t MarkStackSize                            = 4194304                                   {product} {ergonomic}
   size_t MaxHeapSize                              = 4257218560                                {product} {ergonomic}
   size_t MaxNewSize                               = 2554331136                                {product} {ergonomic}
   size_t MinHeapDeltaBytes                        = 2097152                                   {product} {ergonomic}
   size_t MinHeapSize                              = 8388608                                   {product} {ergonomic}
    uintx NonNMethodCodeHeapSize                   = 5839372                                {pd product} {ergonomic}
    uintx NonProfiledCodeHeapSize                  = 122909434                              {pd product} {ergonomic}
    uintx ProfiledCodeHeapSize                     = 122909434                              {pd product} {ergonomic}
    uintx ReservedCodeCacheSize                    = 251658240                              {pd product} {ergonomic}
     bool SegmentedCodeCache                       = true                                      {product} {ergonomic}
     bool ShowCodeDetailsInExceptionMessages       = true                                   {manageable} {command line}
   size_t SoftMaxHeapSize                          = 4257218560                             {manageable} {ergonomic}
     bool UseCompressedOops                        = true                           {product lp64_product} {ergonomic}
     bool UseG1GC                                  = true                                      {product} {ergonomic}
     bool UseLargePagesIndividualAllocation        = false                                  {pd product} {ergonomic}

Logging:
Log output configuration:
 #0: stdout all=warning uptime,level,tags foldmultilines=false
 #1: stderr all=off uptime,level,tags foldmultilines=false

Environment Variables:
JAVA_HOME=C:\Program Files\Java\jdk1.8.0_202\bin
PATH=C:\Program Files\Common Files\Oracle\Java\javapath;C:\Program Files (x86)\Common Files\Oracle\Java\javapath;C:\Windows\system32;C:\Windows;C:\Windows\System32\Wbem;C:\Windows\System32\WindowsPowerShell\v1.0\;C:\Windows\System32\OpenSSH\;C:\Program Files\Intel\WiFi\bin\;C:\Program Files\Common Files\Intel\WirelessCommon\;C:\Program Files\Git\cmd;C:\Program Files\nodejs\;C:\Program Files\Java\jdk1.8.0_202\bin;C:\Program Files\MySQL\mysql-connector-j-8.1.0;C:\Program Files\Java\jdk-21;C:\Program Files\MySQL\MySQL Shell 8.0\bin\;C:\Users\vijay\AppData\Local\Microsoft\WindowsApps;C:\Users\vijay\AppData\Local\Programs\Microsoft VS Code\bin;C:\Users\vijay\AppData\Roaming\npm;C:\Program Files\Java\jdk1.8.0_202\bin;C:\Program Files\Java\jdk-21;
USERNAME=vijay
LANG=en_US.UTF-8
OS=Windows_NT
PROCESSOR_IDENTIFIER=Intel64 Family 6 Model 142 Stepping 10, GenuineIntel
TMP=C:\Users\vijay\AppData\Local\Temp
TEMP=C:\Users\vijay\AppData\Local\Temp




Periodic native trim disabled

---------------  S Y S T E M  ---------------

OS:
 Windows 10 , 64 bit Build 19041 (10.0.19041.3636)
OS uptime: 0 days 0:19 hours

CPU: total 8 (initial active 8) (4 cores per cpu, 2 threads per core) family 6 model 142 stepping 10 microcode 0xf0, cx8, cmov, fxsr, ht, mmx, 3dnowpref, sse, sse2, sse3, ssse3, sse4.1, sse4.2, popcnt, lzcnt, tsc, tscinvbit, avx, avx2, aes, erms, clmul, bmi1, bmi2, adx, fma, vzeroupper, clflush, clflushopt, rdtscp, f16c
Processor Information for processor 0
  Max Mhz: 1800, Current Mhz: 1600, Mhz Limit: 1584
Processor Information for processor 1
  Max Mhz: 1800, Current Mhz: 1600, Mhz Limit: 1584
Processor Information for processor 2
  Max Mhz: 1800, Current Mhz: 1600, Mhz Limit: 1584
Processor Information for processor 3
  Max Mhz: 1800, Current Mhz: 1400, Mhz Limit: 1584
Processor Information for processor 4
  Max Mhz: 1800, Current Mhz: 1600, Mhz Limit: 1584
Processor Information for processor 5
  Max Mhz: 1800, Current Mhz: 1400, Mhz Limit: 1584
Processor Information for processor 6
  Max Mhz: 1800, Current Mhz: 1400, Mhz Limit: 1584
Processor Information for processor 7
  Max Mhz: 1800, Current Mhz: 1400, Mhz Limit: 1584

Memory: 4k page, system-wide physical 16238M (10021M free)
TotalPageFile size 18670M (AvailPageFile size 12108M)
current process WorkingSet (physical memory assigned to process): 300M, peak: 300M
current process commit charge ("private bytes"): 338M, peak: 428M

vm_info: Java HotSpot(TM) 64-Bit Server VM (21.0.1+12-LTS-29) for windows-amd64 JRE (21.0.1+12-LTS-29), built on 2023-10-05T13:27:09Z by "mach5one" with MS VC++ 17.1 (VS2022)

END.
