#
# A fatal error has been detected by the Java Runtime Environment:
#
#  EXCEPTION_ACCESS_VIOLATION (0xc0000005) at pc=0x00007ffedd2a0105, pid=2916, tid=9044
#
# JRE version: OpenJDK Runtime Environment Temurin-17.0.9+9 (17.0.9+9) (build 17.0.9+9)
# Java VM: OpenJDK 64-Bit Server VM Temurin-17.0.9+9 (17.0.9+9, mixed mode, emulated-client, tiered, compressed oops, compressed class ptrs, g1 gc, windows-amd64)
# Problematic frame:
# V  [jvm.dll+0x370105]
#
# No core dump will be written. Minidumps are not enabled by default on client versions of Windows
#
# If you would like to submit a bug report, please visit:
#   https://github.com/adoptium/adoptium-support/issues
#

---------------  S U M M A R Y ------------

Command Line: -XX:+HeapDumpOnOutOfMemoryError -Xmx1024m -Dsts.lsp.client=vscode -Dsts.log.file=/dev/null -XX:TieredStopAtLevel=1 -Xlog:jni+resolve=off -Dspring.config.location=file:c:\Users\vijay\.vscode\extensions\vmware.vscode-spring-boot-1.51.0\language-server\BOOT-INF\classes\application.properties org.springframework.ide.vscode.boot.app.BootLanguageServerBootApp

Host: Intel(R) Core(TM) i5-8250U CPU @ 1.60GHz, 8 cores, 15G,  Windows 10 , 64 bit Build 19041 (10.0.19041.3636)
Time: Tue Jan 30 11:13:20 2024 India Standard Time elapsed time: 1971.801840 seconds (0d 0h 32m 51s)

---------------  T H R E A D  ---------------

Current thread (0x000001ec76f9d780):  GCTaskThread "GC Thread#2" [stack: 0x0000000c31400000,0x0000000c31500000] [id=9044]

Stack: [0x0000000c31400000,0x0000000c31500000],  sp=0x0000000c314ff770,  free space=1021k
Native frames: (J=compiled Java code, j=interpreted, Vv=VM code, C=native code)
V  [jvm.dll+0x370105]
V  [jvm.dll+0x687ba2]
V  [jvm.dll+0x30acf2]
V  [jvm.dll+0x861e7b]
V  [jvm.dll+0x861ec6]
V  [jvm.dll+0x7e3c3a]
V  [jvm.dll+0x67be35]
C  [ucrtbase.dll+0x21bb2]
C  [KERNEL32.DLL+0x17344]
C  [ntdll.dll+0x526b1]


siginfo: EXCEPTION_ACCESS_VIOLATION (0xc0000005), reading address 0xffffffffffffffff


Registers:
RAX=0x001301ec73da90c8, RBX=0x0000000000000000, RCX=0x00000001004a4d08, RDX=0x00000001004a4ae8
RSP=0x0000000c314ff770, RBP=0x00000001004a4d08, RSI=0x000001ec76089ab0, RDI=0x0000000000000003
R8 =0x00000001004a4d08, R9 =0x000000000000f801, R10=0x000001ec6ad27734, R11=0x0000000c314ff7d0
R12=0x0000000000000000, R13=0x0000000000000000, R14=0x0000000000000018, R15=0x00000000000003d8
RIP=0x00007ffedd2a0105, EFLAGS=0x0000000000010293


Register to memory mapping:

RIP=0x00007ffedd2a0105 jvm.dll
RAX=0x001301ec73da90c8 is an unknown value
RBX=0x0 is NULL
RCX=0x00000001004a4d08 is a pointer to class: 
org.springframework.ide.vscode.boot.xml.SpringXMLReconcileEngine {0x00000001004a4d10}
 - instance size:     4
 - klass size:        70
 - access:            public synchronized 
 - state:             fully_initialized
 - name:              'org/springframework/ide/vscode/boot/xml/SpringXMLReconcileEngine'
 - super:             'java/lang/Object'
 - sub:               
 - arrays:            NULL
 - methods:           Array<T>(0x000001ec73da8ca0)
 - method ordering:   Array<T>(0x000001ec72000018)
 - default_methods:   Array<T>(0x0000000000000000)
 - local interfaces:  Array<T>(0x000001ec73da8c58)
 - trans. interfaces: Array<T>(0x000001ec73da8c58)
 - constants:         
[error occurred during error reporting (printing register info), id 0xc0000005, EXCEPTION_ACCESS_VIOLATION (0xc0000005) at pc=0x00007ffedd2a6e47]

Top of Stack: (sp=0x0000000c314ff770)
0x0000000c314ff770:   00000000000003d8 000001ec75314e28
0x0000000c314ff780:   0000000100593f78 000001ec76089ab0
0x0000000c314ff790:   000001ec76089e98 000001ec76fde8e0
0x0000000c314ff7a0:   000001ec76089ab0 000001ec76089ac0
0x0000000c314ff7b0:   0000000c306feaa8 00007ffedd5b7ba2
0x0000000c314ff7c0:   0000c6dea873fa96 0000000000000001
0x0000000c314ff7d0:   0000000000000000 000001ec76f9d780
0x0000000c314ff7e0:   0000000000000000 000001ec76f9d780
0x0000000c314ff7f0:   0000000000000001 00007ffedd23acf2
0x0000000c314ff800:   0000000c306fea50 0000000000000000
0x0000000c314ff810:   000001ec76f9d780 0000000000000001
0x0000000c314ff820:   0000000c306fea50 00007ffedd791e7b
0x0000000c314ff830:   0000000000000002 0000000000000000
0x0000000c314ff840:   000001ec76f9d780 0000000c306fea50
0x0000000c314ff850:   00000000000075a3 00007ffedd791ec6
0x0000000c314ff860:   000001ec76f9d780 0000000cffffffff
0x0000000c314ff870:   000001ec64f7f0e0 0000000000000000
0x0000000c314ff880:   000001ec76f9d780 00007ffedd713c3a
0x0000000c314ff890:   0000000000000000 00000000000075a3
0x0000000c314ff8a0:   000001ec76f9d780 00007fff401f3a81
0x0000000c314ff8b0:   0000000000000000 0000000000000000
0x0000000c314ff8c0:   0000000000000000 00007ffedd5abe35
0x0000000c314ff8d0:   000001ec76f9d780 0000000000000000
0x0000000c314ff8e0:   0000000000000000 0000000000000000
0x0000000c314ff8f0:   0000000c314fbcc0 0000000000000000
0x0000000c314ff900:   0000000000000000 00007fff40201bb2
0x0000000c314ff910:   000001ec76f9d780 00000000000075a3
0x0000000c314ff920:   000001ec76ff0270 0000000000000000
0x0000000c314ff930:   0000000000000000 00007fff410a7344
0x0000000c314ff940:   0000000000000000 0000000000000000
0x0000000c314ff950:   0000000000000000 0000000000000000
0x0000000c314ff960:   0000000000000000 00007fff423a26b1 

Instructions: (pc=0x00007ffedd2a0105)
0x00007ffedd2a0005:   00 48 8b cd e8 92 ed ff ff 48 8b c8 48 8b c3 f0
0x00007ffedd2a0015:   48 0f b1 39 74 15 48 8b cd e8 7d ed ff ff 48 8b
0x00007ffedd2a0025:   18 48 85 db 75 c7 e9 be 00 00 00 48 8b 15 09 43
0x00007ffedd2a0035:   81 00 48 85 d2 0f 84 ae 00 00 00 65 48 8b 04 25
0x00007ffedd2a0045:   58 00 00 00 8b 0d a9 27 85 00 4c 89 64 24 50 4c
0x00007ffedd2a0055:   89 6c 24 58 4c 89 7c 24 60 48 8b 34 c8 b8 50 00
0x00007ffedd2a0065:   00 00 40 38 3c 30 75 0c e8 96 fd 51 00 48 8b 15
0x00007ffedd2a0075:   c7 42 81 00 b8 20 00 00 00 48 8b 04 30 48 8b b0
0x00007ffedd2a0085:   38 02 00 00 4c 8b 76 10 4c 8b 7e 18 4c 8b 66 20
0x00007ffedd2a0095:   4c 8b 6e 28 48 85 d2 74 17 48 8b cb e8 4a 13 1d
0x00007ffedd2a00a5:   00 48 8b d0 48 8d 0d 90 33 5f 00 e8 bb d1 ff ff
0x00007ffedd2a00b5:   49 39 3e 74 13 49 8b d5 48 8b ce e8 8b cb d3 ff
0x00007ffedd2a00c5:   49 8b ce e8 63 cb d3 ff 4c 8b 6c 24 58 4c 39 7e
0x00007ffedd2a00d5:   18 74 0c 4c 89 76 10 4c 89 7e 18 4c 89 66 20 4c
0x00007ffedd2a00e5:   8b 64 24 50 4c 8b 7c 24 60 48 8b 85 90 01 00 00
0x00007ffedd2a00f5:   39 38 7e 60 4c 8b f7 0f 1f 40 00 49 8b 44 06 08
0x00007ffedd2a0105:   48 8b 58 10 48 85 db 74 3a 8b 05 cc d5 82 00 83
0x00007ffedd2a0115:   f8 02 74 25 48 8d 73 18 48 85 f6 74 1c 48 8b ce
0x00007ffedd2a0125:   e8 06 d2 2d 00 33 d2 48 8b cb e8 ec 42 2c 00 48
0x00007ffedd2a0135:   8b ce e8 d4 d4 2d 00 eb 0a 33 d2 48 8b cb e8 d8
0x00007ffedd2a0145:   42 2c 00 48 8b 85 90 01 00 00 ff c7 49 83 c6 08
0x00007ffedd2a0155:   3b 38 7c a7 48 83 c4 20 41 5e 5f 5e 5d 5b c3 cc
0x00007ffedd2a0165:   cc cc cc cc cc cc cc cc cc cc cc 48 89 54 24 10
0x00007ffedd2a0175:   55 56 41 54 41 56 48 8d 6c 24 c1 48 81 ec 88 00
0x00007ffedd2a0185:   00 00 45 33 e4 4c 89 45 ff 44 88 22 49 8b f0 48
0x00007ffedd2a0195:   8b 81 e0 00 00 00 4c 8b f1 48 89 45 f7 48 85 c0
0x00007ffedd2a01a5:   74 14 49 8b 88 48 02 00 00 48 8d 55 67 48 89 45
0x00007ffedd2a01b5:   67 e8 b5 a8 c9 ff 49 8b 8e e8 00 00 00 48 89 9c
0x00007ffedd2a01c5:   24 c8 00 00 00 48 89 bc 24 80 00 00 00 4c 89 6c
0x00007ffedd2a01d5:   24 78 4c 89 7c 24 70 48 89 4d 67 48 85 c9 0f 84
0x00007ffedd2a01e5:   9d 00 00 00 8b 11 8b c2 25 03 00 00 80 7d 07 ff
0x00007ffedd2a01f5:   c8 83 c8 fc ff c0 83 f8 02 44 8d 6a fe 41 8b dc 


Stack slot to memory mapping:
stack at sp + 0 slots: 0x00000000000003d8 is an unknown value
stack at sp + 1 slots: 0x000001ec75314e28 is pointing into metadata
stack at sp + 2 slots: 0x0000000100593f78 is a pointer to class: 
org.eclipse.jdt.internal.compiler.ast.ASTNode {0x0000000100593f80}
 - instance size:     3
 - klass size:        78
 - access:            public synchronized abstract 
 - state:             fully_initialized
 - name:              'org/eclipse/jdt/internal/compiler/ast/ASTNode'
 - super:             'java/lang/Object'
 - sub:               'org/eclipse/jdt/internal/compiler/ast/Javadoc'   'org/eclipse/jdt/internal/compiler/ast/MemberValuePair'   'org/eclipse/jdt/internal/compiler/ast/ModuleStatement'   'org/eclipse/jdt/internal/compiler/ast/ModuleReference'   (5 more klasses...)
 - arrays:            'org/eclipse/jdt/internal/compiler/ast/ASTNode'[]
 - methods:           Array<T>(0x000001ec74505c98)
 - method ordering:   Array<T>(0x000001ec72000018)
 - default_methods:   Array<T>(0x0000000000000000)
 - local interfaces:  Array<T>(0x000001ec745054f8)
 - trans. interfaces: Array<T>(0x000001ec745054f8)
 - constants:         constant pool [1340] {0x000001ec745028b8} for 'org/eclipse/jdt/internal/compiler/ast/ASTNode' cache=0x000001ec7478df70
 - class loader data:  loader data: 0x000001ec760d6120 for instance a 'jdk/internal/loader/ClassLoaders$AppClassLoader'{0x00000000c0ab0e20}
 - source file:       'ASTNode.java'
 - class annotations:       Array<T>(0x0000000000000000)
 - class type annotations:  Array<T>(0x0000000000000000)
 - field annotations:       Array<T>(0x0000000000000000)
 - field type annotations:  Array<T>(0x0000000000000000)
 - inner classes:     Array<T>(0x000001ec7450a4e8)
 - nest members:     Array<T>(0x000001ec72000028)
 - permitted subclasses:     Array<T>(0x000001ec72000028)
 - java mirror:       a 'java/lang/Class'{0x00000000c16cc8f8} = 'org/eclipse/jdt/internal/compiler/ast/ASTNode'
 - vtable length      19  (start addr: 0x0000000100594140)
 - itable length      2 (start addr: 0x00000001005941d8)
 - ---- static fields (96 words):
 - public static final 'Bit1' 'I' @392 
 - public static final 'Bit2' 'I' @396 
 - public static final 'Bit3' 'I' @400 
 - public static final 'Bit4' 'I' @404 
 - public static final 'Bit5' 'I' @408 
 - public static final 'Bit6' 'I' @412 
 - public static final 'Bit7' 'I' @416 
 - public static final 'Bit8' 'I' @420 
 - public static final 'Bit9' 'I' @424 
 - public static final 'Bit10' 'I' @428 
 - public static final 'Bit11' 'I' @432 
 - public static final 'Bit12' 'I' @436 
 - public static final 'Bit13' 'I' @440 
 - public static final 'Bit14' 'I' @444 
 - public static final 'Bit15' 'I' @448 
 - public static final 'Bit16' 'I' @452 
 - public static final 'Bit17' 'I' @456 
 - public static final 'Bit18' 'I' @460 
 - public static final 'Bit19' 'I' @464 
 - public static final 'Bit20' 'I' @468 
 - public static final 'Bit21' 'I' @472 
 - public static final 'Bit22' 'I' @476 
 - public static final 'Bit23' 'I' @480 
 - public static final 'Bit24' 'I' @484 
 - public static final 'Bit25' 'I' @488 
 - public static final 'Bit26' 'I' @492 
 - public static final 'Bit27' 'I' @496 
 - public static final 'Bit28' 'I' @500 
 - public static final 'Bit29' 'I' @504 
 - public static final 'Bit30' 'I' @508 
 - public static final 'Bit31' 'I' @512 
 - public static final 'Bit32' 'I' @516 
 - public static final 'Bit32L' 'J' @128 
 - public static final 'Bit33L' 'J' @136 
 - public static final 'Bit34L' 'J' @144 
 - public static final 'Bit35L' 'J' @152 
 - public static final 'Bit36L' 'J' @160 
 - public static final 'Bit37L' 'J' @168 
 - public static final 'Bit38L' 'J' @176 
 - public static final 'Bit39L' 'J' @184 
 - public static final 'Bit40L' 'J' @192 
 - public static final 'Bit41L' 'J' @200 
 - public static final 'Bit42L' 'J' @208 
 - public static final 'Bit43L' 'J' @216 
 - public static final 'Bit44L' 'J' @224 
 - public static final 'Bit45L' 'J' @232 
 - public static final 'Bit46L' 'J' @240 
 - public static final 'Bit47L' 'J' @248 
 - public static final 'Bit48L' 'J' @256 
 - public static final 'Bit49L' 'J' @264 
 - public static final 'Bit50L' 'J' @272 
 - public static final 'Bit51L' 'J' @280 
 - public static final 'Bit52L' 'J' @288 
 - public static final 'Bit53L' 'J' @296 
 - public static final 'Bit54L' 'J' @304 
 - public static final 'Bit55L' 'J' @312 
 - public static final 'Bit56L' 'J' @320 
 - public static final 'Bit57L' 'J' @328 
 - public static final 'Bit58L' 'J' @336 
 - public static final 'Bit59L' 'J' @344 
 - public static final 'Bit60L' 'J' @352 
 - public static final 'Bit61L' 'J' @360 
 - public static final 'Bit62L' 'J' @368 
 - public static final 'Bit63L' 'J' @376 
 - public static final 'Bit64L' 'J' @384 
 - public static final 'ReturnTypeIDMASK' 'I' @520 
 - public static final 'OperatorSHIFT' 'I' @524 
 - public static final 'OperatorMASK' 'I' @528 
 - public static final 'IsReturnedValue' 'I' @532 
 - public static final 'UnnecessaryCast' 'I' @536 
 - public static final 'DisableUnnecessaryCastCheck' 'I' @540 
 - public static final 'GenerateCheckcast' 'I' @544 
 - public static final 'UnsafeCast' 'I' @548 
 - public static final 'RestrictiveFlagMASK' 'I' @552 
 - public static final 'IsTypeElided' 'I' @556 
 - public static final 'IsArgument' 'I' @560 
 - public static final 'IsLocalDeclarationReachable' 'I' @564 
 - public static final 'IsForeachElementVariable' 'I' @568 
 - public static final 'ShadowsOuterLocal' 'I' @572 
 - public static final 'IsAdditionalDeclarator' 'I' @576 
 - public static final 'FirstAssignmentToLocal' 'I' @580 
 - public static final 'NeedReceiverGenericCast' 'I' @584 
 - public static final 'IsImplicitThis' 'I' @588 
 - public static final 'DepthSHIFT' 'I' @592 
 - public static final 'DepthMASK' 'I' @596 
 - public static final 'IsCapturedOuterLocal' 'I' @600 
 - public static final 'IsUsedInPatternGuard' 'I' @604 
 - public static final 'IsSecretYieldValueUsage' 'I' @608 
 - public static final 'IsReachable' 'I' @612 
 - public static final 'LabelUsed' 'I' @616 
 - public static final 'DocumentedFallthrough' 'I' @620 
 - public static final 'DocumentedCasesOmitted' 'I' @624 
 - public static final 'IsSubRoutineEscaping' 'I' @628 
 - public static final 'IsTryBlockExiting' 'I' @632 
 - public static final 'ContainsAssertion' 'I' @636 
 - public static final 'IsLocalType' 'I' @640 
 - public static final 'IsAnonymousType' 'I' @644 
 - public static final 'IsMemberType' 'I' @648 
 - public static final 'HasAbstractMethods' 'I' @652 
 - public static final 'IsSecondaryType' 'I' @656 
 - public static final 'HasBeenGenerated' 'I' @660 
 - public static final 'HasLocalType' 'I' @664 
 - public static final 'HasBeenResolved' 'I' @668 
 - public static final 'ParenthesizedSHIFT' 'I' @672 
 - public static final 'ParenthesizedMASK' 'I' @676 
 - public static final 'IgnoreNoEffectAssignCheck' 'I' @680 
 - public static final 'IsStrictlyAssigned' 'I' @684 
 - public static final 'IsCompoundAssigned' 'I' @688 
 - public static final 'DiscardEnclosingInstance' 'I' @692 
 - public static final 'Unchecked' 'I' @696 
 - public static final 'ResolveJavadoc' 'I' @700 
 - public static final 'IsUsefulEmptyStatement' 'I' @704 
 - public static final 'UndocumentedEmptyBlock' 'I' @708 
 - public static final 'OverridingMethodWithSupercall' 'I' @712 
 - public static final 'CanBeStatic' 'I' @716 
 - public static final 'ErrorInSignature' 'I' @720 
 - public static final 'NeedFreeReturn' 'I' @724 
 - public static final 'IsDefaultConstructor' 'I' @728 
 - public static final 'IsCanonicalConstructor' 'I' @732 
 - public static final 'IsImplicit' 'I' @736 
 - public static final 'HasAllMethodBodies' 'I' @740 
 - public static final 'IsImplicitUnit' 'I' @744 
 - public static final 'InsideJavadoc' 'I' @748 
 - public static final 'SuperAccess' 'I' @752 
 - public static final 'Empty' 'I' @756 
 - public static final 'IsElseIfStatement' 'I' @760 
 - public static final 'ThenExit' 'I' @764 
 - public static final 'IsElseStatementUnreachable' 'I' @768 
 - public static final 'IsThenStatementUnreachable' 'I' @772 
 - public static final 'IsSuperType' 'I' @776 
 - public static final 'IsVarArgs' 'I' @780 
 - public static final 'IgnoreRawTypeCheck' 'I' @784 
 - public static final 'IsAnnotationDefaultValue' 'I' @788 
 - public static final 'IsNonNull' 'I' @792 
 - public static final 'NeededScope' 'I' @796 
 - public static final 'OnDemand' 'I' @800 
 - public static final 'Used' 'I' @804 
 - public static final 'inModule' 'I' @808 
 - public static final 'DidResolve' 'I' @812 
 - public static final 'IsAnySubRoutineEscaping' 'I' @816 
 - public static final 'IsSynchronized' 'I' @820 
 - public static final 'BlockExit' 'I' @824 
 - public static final 'IsRecovered' 'I' @828 
 - public static final 'HasSyntaxErrors' 'I' @832 
 - public static final 'INVOCATION_ARGUMENT_OK' 'I' @836 
 - public static final 'INVOCATION_ARGUMENT_UNCHECKED' 'I' @840 
 - public static final 'INVOCATION_ARGUMENT_WILDCARD' 'I' @844 
 - public static final 'HasTypeAnnotations' 'I' @848 
 - public static final 'IsUnionType' 'I' @852 
 - public static final 'IsDiamond' 'I' @856 
 - public static final 'InsideExpressionStatement' 'I' @860 
 - public static final 'IsSynthetic' 'I' @864 
 - public static final 'HasFunctionalInterfaceTypes' 'I' @868 
 - public static final 'NO_ARGUMENTS' '[Lorg/eclipse/jdt/internal/compiler/ast/Argument;' @112 
 - public static final 'NO_RECORD_COMPONENTS' '[Lorg/eclipse/jdt/internal/compiler/ast/RecordComponent;' @116 
 - public static final 'NO_TYPE_PATTERNS' '[Lorg/eclipse/jdt/internal/compiler/ast/TypePattern;' @120 
 - static final synthetic '$assertionsDisabled' 'Z' @872 
 - ---- non-static fields (3 words):
 - public 'sourceStart' 'I' @12 
 - public 'sourceEnd' 'I' @16 
 - public 'bits' 'I' @20 
 - non-static oop maps: 
stack at sp + 3 slots: 0x000001ec76089ab0 points into unknown readable memory: 0x0000000000000000 | 00 00 00 00 00 00 00 00
stack at sp + 4 slots: 0x000001ec76089e98 points into unknown readable memory: 0x8800070005d4d27c | 7c d2 d4 05 00 07 00 88
stack at sp + 5 slots: 0x000001ec76fde8e0 points into unknown readable memory: 0x6863002600000002 | 02 00 00 00 26 00 63 68
stack at sp + 6 slots: 0x000001ec76089ab0 points into unknown readable memory: 0x0000000000000000 | 00 00 00 00 00 00 00 00
stack at sp + 7 slots: 0x000001ec76089ac0 points into unknown readable memory: 0x696c63652e67726f | 6f 72 67 2e 65 63 6c 69


---------------  P R O C E S S  ---------------

Threads class SMR info:
_java_thread_list=0x000001ec78296e00, length=29, elements={
0x000001ec71fa9970, 0x000001ec71faaf90, 0x000001ec76058010, 0x000001ec76058e90,
0x000001ec7605d010, 0x000001ec7607e580, 0x000001ec76082c90, 0x000001ec760865e0,
0x000001ec7627b750, 0x000001ec7628b500, 0x000001ec779eebc0, 0x000001ec77a32000,
0x000001ec7795f880, 0x000001ec67189fc0, 0x000001ec77ba7d20, 0x000001ec77bc9810,
0x000001ec77be2f10, 0x000001ec77be5790, 0x000001ec77be4d70, 0x000001ec77be3930,
0x000001ec77be5280, 0x000001ec77be5ca0, 0x000001ec77be3e40, 0x000001ec76bda4c0,
0x000001ec76be0a00, 0x000001ec76bd9fb0, 0x000001ec76bdb3f0, 0x000001ec76bdd250,
0x000001ec76be0f10
}

Java Threads: ( => current thread )
  0x000001ec71fa9970 JavaThread "Reference Handler" daemon [_thread_blocked, id=8404, stack(0x0000000c30700000,0x0000000c30800000)]
  0x000001ec71faaf90 JavaThread "Finalizer" daemon [_thread_blocked, id=16312, stack(0x0000000c30800000,0x0000000c30900000)]
  0x000001ec76058010 JavaThread "Signal Dispatcher" daemon [_thread_blocked, id=13468, stack(0x0000000c30900000,0x0000000c30a00000)]
  0x000001ec76058e90 JavaThread "Attach Listener" daemon [_thread_blocked, id=10948, stack(0x0000000c30a00000,0x0000000c30b00000)]
  0x000001ec7605d010 JavaThread "Service Thread" daemon [_thread_blocked, id=7444, stack(0x0000000c30b00000,0x0000000c30c00000)]
  0x000001ec7607e580 JavaThread "Monitor Deflation Thread" daemon [_thread_blocked, id=5884, stack(0x0000000c30c00000,0x0000000c30d00000)]
  0x000001ec76082c90 JavaThread "C1 CompilerThread0" daemon [_thread_blocked, id=10528, stack(0x0000000c30d00000,0x0000000c30e00000)]
  0x000001ec760865e0 JavaThread "Sweeper thread" daemon [_thread_blocked, id=4288, stack(0x0000000c30e00000,0x0000000c30f00000)]
  0x000001ec7627b750 JavaThread "Notification Thread" daemon [_thread_blocked, id=3840, stack(0x0000000c30f00000,0x0000000c31000000)]
  0x000001ec7628b500 JavaThread "Common-Cleaner" daemon [_thread_blocked, id=9012, stack(0x0000000c31100000,0x0000000c31200000)]
  0x000001ec779eebc0 JavaThread "boundedElastic-evictor-1" daemon [_thread_blocked, id=15592, stack(0x0000000c31800000,0x0000000c31900000)]
  0x000001ec77a32000 JavaThread "pool-12-thread-1" [_thread_blocked, id=15988, stack(0x0000000c31e00000,0x0000000c31f00000)]
  0x000001ec7795f880 JavaThread "LanguageServerApp-lifecycle" [_thread_blocked, id=3184, stack(0x0000000c31f00000,0x0000000c32000000)]
  0x000001ec67189fc0 JavaThread "DestroyJavaVM" [_thread_blocked, id=11252, stack(0x0000000c30000000,0x0000000c30100000)]
  0x000001ec77ba7d20 JavaThread "pool-13-thread-1" [_thread_in_native, id=4588, stack(0x0000000c32000000,0x0000000c32100000)]
  0x000001ec77bc9810 JavaThread "Simple-Language-Server main thread" daemon [_thread_blocked, id=12480, stack(0x0000000c32100000,0x0000000c32200000)]
  0x000001ec77be2f10 JavaThread "parallel-1" daemon [_thread_blocked, id=14348, stack(0x0000000c32500000,0x0000000c32600000)]
  0x000001ec77be5790 JavaThread "pool-8-thread-1" [_thread_blocked, id=4360, stack(0x0000000c32600000,0x0000000c32700000)]
  0x000001ec77be4d70 JavaThread "parallel-2" daemon [_thread_blocked, id=840, stack(0x0000000c32700000,0x0000000c32800000)]
  0x000001ec77be3930 JavaThread "pool-6-thread-1" [_thread_blocked, id=10516, stack(0x0000000c32800000,0x0000000c32900000)]
  0x000001ec77be5280 JavaThread "parallel-3" daemon [_thread_blocked, id=9944, stack(0x0000000c32900000,0x0000000c32a00000)]
  0x000001ec77be5ca0 JavaThread "parallel-4" daemon [_thread_blocked, id=5560, stack(0x0000000c32a00000,0x0000000c32b00000)]
  0x000001ec77be3e40 JavaThread "parallel-5" daemon [_thread_blocked, id=3064, stack(0x0000000c32b00000,0x0000000c32c00000)]
  0x000001ec76bda4c0 JavaThread "parallel-6" daemon [_thread_blocked, id=16216, stack(0x0000000c33000000,0x0000000c33100000)]
  0x000001ec76be0a00 JavaThread "parallel-7" daemon [_thread_blocked, id=2700, stack(0x0000000c33100000,0x0000000c33200000)]
  0x000001ec76bd9fb0 JavaThread "parallel-8" daemon [_thread_blocked, id=8924, stack(0x0000000c33200000,0x0000000c33300000)]
  0x000001ec76bdb3f0 JavaThread "Reconciler-1" daemon [_thread_blocked, id=14740, stack(0x0000000c33300000,0x0000000c33400000)]
  0x000001ec76bdd250 JavaThread "pool-5-thread-10" [_thread_blocked, id=5520, stack(0x0000000c2fd00000,0x0000000c2fe00000)]
  0x000001ec76be0f10 JavaThread "ForkJoinPool.commonPool-worker-5" daemon [_thread_blocked, id=11600, stack(0x0000000c31200000,0x0000000c31300000)]

Other Threads:
  0x000001ec7600b0b0 VMThread "VM Thread" [stack: 0x0000000c30600000,0x0000000c30700000] [id=13984]
  0x000001ec7627bc30 WatcherThread [stack: 0x0000000c31000000,0x0000000c31100000] [id=3536]
  0x000001ec671c85d0 GCTaskThread "GC Thread#0" [stack: 0x0000000c30100000,0x0000000c30200000] [id=11272]
  0x000001ec76f9d4c0 GCTaskThread "GC Thread#1" [stack: 0x0000000c31300000,0x0000000c31400000] [id=14176]
=>0x000001ec76f9d780 GCTaskThread "GC Thread#2" [stack: 0x0000000c31400000,0x0000000c31500000] [id=9044]
  0x000001ec76f9da40 GCTaskThread "GC Thread#3" [stack: 0x0000000c31500000,0x0000000c31600000] [id=12664]
  0x000001ec76fc4080 GCTaskThread "GC Thread#4" [stack: 0x0000000c31600000,0x0000000c31700000] [id=15028]
  0x000001ec76fc4340 GCTaskThread "GC Thread#5" [stack: 0x0000000c31700000,0x0000000c31800000] [id=8700]
  0x000001ec772e8110 GCTaskThread "GC Thread#6" [stack: 0x0000000c31b00000,0x0000000c31c00000] [id=7608]
  0x000001ec773f30a0 GCTaskThread "GC Thread#7" [stack: 0x0000000c31c00000,0x0000000c31d00000] [id=860]
  0x000001ec671d1520 ConcurrentGCThread "G1 Main Marker" [stack: 0x0000000c30200000,0x0000000c30300000] [id=7216]
  0x000001ec671d26e0 ConcurrentGCThread "G1 Conc#0" [stack: 0x0000000c30300000,0x0000000c30400000] [id=7516]
  0x000001ec773332c0 ConcurrentGCThread "G1 Conc#1" [stack: 0x0000000c31d00000,0x0000000c31e00000] [id=6376]
  0x000001ec6723eaf0 ConcurrentGCThread "G1 Refine#0" [stack: 0x0000000c30400000,0x0000000c30500000] [id=6008]
  0x000001ec71e206a0 ConcurrentGCThread "G1 Service" [stack: 0x0000000c30500000,0x0000000c30600000] [id=9048]

Threads with active compile tasks:

VM state: at safepoint (normal execution)

VM Mutex/Monitor currently owned by a thread:  ([mutex/lock_event])
[0x000001ec64f7f3b0] Threads_lock - owner thread: 0x000001ec7600b0b0
[0x000001ec67187200] Heap_lock - owner thread: 0x000001ec77a32000

Heap address: 0x00000000c0000000, size: 1024 MB, Compressed Oops mode: 32-bit

CDS archive(s) not mapped
Compressed class space mapped at: 0x0000000100000000-0x0000000140000000, reserved size: 1073741824
Narrow klass base: 0x0000000000000000, Narrow klass shift: 3, Narrow klass range: 0x140000000

GC Precious Log:
 CPUs: 8 total, 8 available
 Memory: 16238M
 Large Page Support: Disabled
 NUMA Support: Disabled
 Compressed Oops: Enabled (32-bit)
 Heap Region Size: 1M
 Heap Min Capacity: 8M
 Heap Initial Capacity: 254M
 Heap Max Capacity: 1G
 Pre-touch: Disabled
 Parallel Workers: 8
 Concurrent Workers: 2
 Concurrent Refinement Workers: 8
 Periodic GC: Disabled

Heap:
 garbage-first heap   total 99328K, used 35138K [0x00000000c0000000, 0x0000000100000000)
  region size 1024K, 1 young (1024K), 0 survivors (0K)
 Metaspace       used 58582K, committed 59072K, reserved 1114112K
  class space    used 7267K, committed 7552K, reserved 1048576K

Heap Regions: E=young(eden), S=young(survivor), O=old, HS=humongous(starts), HC=humongous(continues), CS=collection set, F=free, OA=open archive, CA=closed archive, TAMS=top-at-mark-start (previous, next)
|   0|0x00000000c0000000, 0x00000000c0100000, 0x00000000c0100000|100%|HS|  |TAMS 0x00000000c0100000, 0x00000000c0000000| Untracked 
|   1|0x00000000c0100000, 0x00000000c0200000, 0x00000000c0200000|100%|HC|  |TAMS 0x00000000c0200000, 0x00000000c0100000| Untracked 
|   2|0x00000000c0200000, 0x00000000c0300000, 0x00000000c0300000|100%|HC|  |TAMS 0x00000000c0300000, 0x00000000c0200000| Untracked 
|   3|0x00000000c0300000, 0x00000000c0400000, 0x00000000c0400000|100%|HC|  |TAMS 0x00000000c0400000, 0x00000000c0300000| Untracked 
|   4|0x00000000c0400000, 0x00000000c0500000, 0x00000000c0500000|100%| O|  |TAMS 0x00000000c0500000, 0x00000000c0400000| Untracked 
|   5|0x00000000c0500000, 0x00000000c05ffe00, 0x00000000c0600000| 99%| O|  |TAMS 0x00000000c05ffe00, 0x00000000c0500000| Untracked 
|   6|0x00000000c0600000, 0x00000000c06fef30, 0x00000000c0700000| 99%| O|  |TAMS 0x00000000c06fef30, 0x00000000c0600000| Untracked 
|   7|0x00000000c0700000, 0x00000000c0800000, 0x00000000c0800000|100%| O|  |TAMS 0x00000000c0800000, 0x00000000c0700000| Untracked 
|   8|0x00000000c0800000, 0x00000000c0900000, 0x00000000c0900000|100%| O|  |TAMS 0x00000000c0900000, 0x00000000c0800000| Untracked 
|   9|0x00000000c0900000, 0x00000000c0a00000, 0x00000000c0a00000|100%| O|  |TAMS 0x00000000c0a00000, 0x00000000c0900000| Untracked 
|  10|0x00000000c0a00000, 0x00000000c0afffe8, 0x00000000c0b00000| 99%| O|  |TAMS 0x00000000c0afffe8, 0x00000000c0a00000| Untracked 
|  11|0x00000000c0b00000, 0x00000000c0bfffe8, 0x00000000c0c00000| 99%| O|  |TAMS 0x00000000c0bfffe8, 0x00000000c0b00000| Untracked 
|  12|0x00000000c0c00000, 0x00000000c0cfff68, 0x00000000c0d00000| 99%| O|  |TAMS 0x00000000c0cfff68, 0x00000000c0c00000| Untracked 
|  13|0x00000000c0d00000, 0x00000000c0dffff8, 0x00000000c0e00000| 99%| O|  |TAMS 0x00000000c0dffff8, 0x00000000c0d00000| Untracked 
|  14|0x00000000c0e00000, 0x00000000c0efff98, 0x00000000c0f00000| 99%| O|  |TAMS 0x00000000c0efff98, 0x00000000c0e00000| Untracked 
|  15|0x00000000c0f00000, 0x00000000c1000000, 0x00000000c1000000|100%| O|  |TAMS 0x00000000c1000000, 0x00000000c0f00000| Untracked 
|  16|0x00000000c1000000, 0x00000000c1100000, 0x00000000c1100000|100%| O|  |TAMS 0x00000000c1100000, 0x00000000c1000000| Untracked 
|  17|0x00000000c1100000, 0x00000000c11ffff8, 0x00000000c1200000| 99%| O|  |TAMS 0x00000000c11ffff8, 0x00000000c1100000| Untracked 
|  18|0x00000000c1200000, 0x00000000c12ffbe0, 0x00000000c1300000| 99%| O|  |TAMS 0x00000000c12ffbe0, 0x00000000c1200000| Untracked 
|  19|0x00000000c1300000, 0x00000000c13ffff8, 0x00000000c1400000| 99%| O|  |TAMS 0x00000000c13ffff8, 0x00000000c1300000| Untracked 
|  20|0x00000000c1400000, 0x00000000c14fffc8, 0x00000000c1500000| 99%| O|  |TAMS 0x00000000c14fffc8, 0x00000000c1400000| Untracked 
|  21|0x00000000c1500000, 0x00000000c15ffff8, 0x00000000c1600000| 99%| O|  |TAMS 0x00000000c15ffff8, 0x00000000c1500000| Untracked 
|  22|0x00000000c1600000, 0x00000000c16ffe08, 0x00000000c1700000| 99%| O|  |TAMS 0x00000000c16ffe08, 0x00000000c1600000| Untracked 
|  23|0x00000000c1700000, 0x00000000c17fff48, 0x00000000c1800000| 99%| O|  |TAMS 0x00000000c17fff48, 0x00000000c1700000| Untracked 
|  24|0x00000000c1800000, 0x00000000c18ffc70, 0x00000000c1900000| 99%| O|  |TAMS 0x00000000c18ffc70, 0x00000000c1800000| Untracked 
|  25|0x00000000c1900000, 0x00000000c19ff7b8, 0x00000000c1a00000| 99%| O|  |TAMS 0x00000000c1900000, 0x00000000c1900000| Untracked 
|  26|0x00000000c1a00000, 0x00000000c1aff288, 0x00000000c1b00000| 99%| O|  |TAMS 0x00000000c1a00000, 0x00000000c1a00000| Untracked 
|  27|0x00000000c1b00000, 0x00000000c1bfe150, 0x00000000c1c00000| 99%| O|  |TAMS 0x00000000c1b00000, 0x00000000c1b00000| Untracked 
|  28|0x00000000c1c00000, 0x00000000c1cfffe8, 0x00000000c1d00000| 99%| O|  |TAMS 0x00000000c1cfffe8, 0x00000000c1c00000| Untracked 
|  29|0x00000000c1d00000, 0x00000000c1e00000, 0x00000000c1e00000|100%|HS|  |TAMS 0x00000000c1e00000, 0x00000000c1d00000| Untracked 
|  30|0x00000000c1e00000, 0x00000000c1effff0, 0x00000000c1f00000| 99%| O|  |TAMS 0x00000000c1e00000, 0x00000000c1e00000| Untracked 
|  31|0x00000000c1f00000, 0x00000000c1f74cd0, 0x00000000c2000000| 45%| O|  |TAMS 0x00000000c1f00000, 0x00000000c1f00000| Untracked 
|  32|0x00000000c2000000, 0x00000000c2000000, 0x00000000c2100000|  0%| F|  |TAMS 0x00000000c2000000, 0x00000000c2000000| Untracked 
|  33|0x00000000c2100000, 0x00000000c2100000, 0x00000000c2200000|  0%| F|  |TAMS 0x00000000c2100000, 0x00000000c2100000| Untracked 
|  34|0x00000000c2200000, 0x00000000c2200000, 0x00000000c2300000|  0%| F|  |TAMS 0x00000000c2200000, 0x00000000c2200000| Untracked 
|  35|0x00000000c2300000, 0x00000000c2300000, 0x00000000c2400000|  0%| F|  |TAMS 0x00000000c2300000, 0x00000000c2300000| Untracked 
|  36|0x00000000c2400000, 0x00000000c2400000, 0x00000000c2500000|  0%| F|  |TAMS 0x00000000c2400000, 0x00000000c2400000| Untracked 
|  37|0x00000000c2500000, 0x00000000c2500000, 0x00000000c2600000|  0%| F|  |TAMS 0x00000000c2500000, 0x00000000c2500000| Untracked 
|  38|0x00000000c2600000, 0x00000000c2600000, 0x00000000c2700000|  0%| F|  |TAMS 0x00000000c2600000, 0x00000000c2600000| Untracked 
|  39|0x00000000c2700000, 0x00000000c2700000, 0x00000000c2800000|  0%| F|  |TAMS 0x00000000c2700000, 0x00000000c2700000| Untracked 
|  40|0x00000000c2800000, 0x00000000c2800000, 0x00000000c2900000|  0%| F|  |TAMS 0x00000000c2800000, 0x00000000c2800000| Untracked 
|  41|0x00000000c2900000, 0x00000000c2900000, 0x00000000c2a00000|  0%| F|  |TAMS 0x00000000c2900000, 0x00000000c2900000| Untracked 
|  42|0x00000000c2a00000, 0x00000000c2a00000, 0x00000000c2b00000|  0%| F|  |TAMS 0x00000000c2a00000, 0x00000000c2a00000| Untracked 
|  43|0x00000000c2b00000, 0x00000000c2b00000, 0x00000000c2c00000|  0%| F|  |TAMS 0x00000000c2b00000, 0x00000000c2b00000| Untracked 
|  44|0x00000000c2c00000, 0x00000000c2c00000, 0x00000000c2d00000|  0%| F|  |TAMS 0x00000000c2c00000, 0x00000000c2c00000| Untracked 
|  45|0x00000000c2d00000, 0x00000000c2d00000, 0x00000000c2e00000|  0%| F|  |TAMS 0x00000000c2d00000, 0x00000000c2d00000| Untracked 
|  46|0x00000000c2e00000, 0x00000000c2e00000, 0x00000000c2f00000|  0%| F|  |TAMS 0x00000000c2e00000, 0x00000000c2e00000| Untracked 
|  47|0x00000000c2f00000, 0x00000000c2f00000, 0x00000000c3000000|  0%| F|  |TAMS 0x00000000c2f00000, 0x00000000c2f00000| Untracked 
|  48|0x00000000c3000000, 0x00000000c3000000, 0x00000000c3100000|  0%| F|  |TAMS 0x00000000c3000000, 0x00000000c3000000| Untracked 
|  49|0x00000000c3100000, 0x00000000c3100000, 0x00000000c3200000|  0%| F|  |TAMS 0x00000000c3100000, 0x00000000c3100000| Untracked 
|  50|0x00000000c3200000, 0x00000000c32903c8, 0x00000000c3300000| 56%| O|  |TAMS 0x00000000c3200000, 0x00000000c3200000| Untracked 
|  51|0x00000000c3300000, 0x00000000c3300000, 0x00000000c3400000|  0%| F|  |TAMS 0x00000000c3300000, 0x00000000c3300000| Untracked 
|  52|0x00000000c3400000, 0x00000000c3400000, 0x00000000c3500000|  0%| F|  |TAMS 0x00000000c3400000, 0x00000000c3400000| Untracked 
|  53|0x00000000c3500000, 0x00000000c3500000, 0x00000000c3600000|  0%| F|  |TAMS 0x00000000c3500000, 0x00000000c3500000| Untracked 
|  54|0x00000000c3600000, 0x00000000c3600000, 0x00000000c3700000|  0%| F|  |TAMS 0x00000000c3600000, 0x00000000c3600000| Untracked 
|  55|0x00000000c3700000, 0x00000000c3700000, 0x00000000c3800000|  0%| F|  |TAMS 0x00000000c3700000, 0x00000000c3700000| Untracked 
|  56|0x00000000c3800000, 0x00000000c3800000, 0x00000000c3900000|  0%| F|  |TAMS 0x00000000c3800000, 0x00000000c3800000| Untracked 
|  57|0x00000000c3900000, 0x00000000c3900000, 0x00000000c3a00000|  0%| F|  |TAMS 0x00000000c3900000, 0x00000000c3900000| Untracked 
|  58|0x00000000c3a00000, 0x00000000c3a00000, 0x00000000c3b00000|  0%| F|  |TAMS 0x00000000c3a00000, 0x00000000c3a00000| Untracked 
|  59|0x00000000c3b00000, 0x00000000c3b00000, 0x00000000c3c00000|  0%| F|  |TAMS 0x00000000c3b00000, 0x00000000c3b00000| Untracked 
|  60|0x00000000c3c00000, 0x00000000c3c00000, 0x00000000c3d00000|  0%| F|  |TAMS 0x00000000c3c00000, 0x00000000c3c00000| Untracked 
|  61|0x00000000c3d00000, 0x00000000c3d00000, 0x00000000c3e00000|  0%| F|  |TAMS 0x00000000c3d00000, 0x00000000c3d00000| Untracked 
|  62|0x00000000c3e00000, 0x00000000c3e00000, 0x00000000c3f00000|  0%| F|  |TAMS 0x00000000c3e00000, 0x00000000c3e00000| Untracked 
|  63|0x00000000c3f00000, 0x00000000c3f00000, 0x00000000c4000000|  0%| F|  |TAMS 0x00000000c3f00000, 0x00000000c3f00000| Untracked 
|  64|0x00000000c4000000, 0x00000000c4000000, 0x00000000c4100000|  0%| F|  |TAMS 0x00000000c4000000, 0x00000000c4000000| Untracked 
|  65|0x00000000c4100000, 0x00000000c4100000, 0x00000000c4200000|  0%| F|  |TAMS 0x00000000c4100000, 0x00000000c4100000| Untracked 
|  66|0x00000000c4200000, 0x00000000c4200000, 0x00000000c4300000|  0%| F|  |TAMS 0x00000000c4200000, 0x00000000c4200000| Untracked 
|  67|0x00000000c4300000, 0x00000000c4300000, 0x00000000c4400000|  0%| F|  |TAMS 0x00000000c4300000, 0x00000000c4300000| Untracked 
|  68|0x00000000c4400000, 0x00000000c4400000, 0x00000000c4500000|  0%| F|  |TAMS 0x00000000c4400000, 0x00000000c4400000| Untracked 
|  69|0x00000000c4500000, 0x00000000c4500000, 0x00000000c4600000|  0%| F|  |TAMS 0x00000000c4500000, 0x00000000c4500000| Untracked 
|  70|0x00000000c4600000, 0x00000000c4600000, 0x00000000c4700000|  0%| F|  |TAMS 0x00000000c4600000, 0x00000000c4600000| Untracked 
|  71|0x00000000c4700000, 0x00000000c4700000, 0x00000000c4800000|  0%| F|  |TAMS 0x00000000c4700000, 0x00000000c4700000| Untracked 
|  72|0x00000000c4800000, 0x00000000c4800000, 0x00000000c4900000|  0%| F|  |TAMS 0x00000000c4800000, 0x00000000c4800000| Untracked 
|  73|0x00000000c4900000, 0x00000000c4900000, 0x00000000c4a00000|  0%| F|  |TAMS 0x00000000c4900000, 0x00000000c4900000| Untracked 
|  74|0x00000000c4a00000, 0x00000000c4a00000, 0x00000000c4b00000|  0%| F|  |TAMS 0x00000000c4a00000, 0x00000000c4a00000| Untracked 
|  75|0x00000000c4b00000, 0x00000000c4b00000, 0x00000000c4c00000|  0%| F|  |TAMS 0x00000000c4b00000, 0x00000000c4b00000| Untracked 
|  76|0x00000000c4c00000, 0x00000000c4c00000, 0x00000000c4d00000|  0%| F|  |TAMS 0x00000000c4c00000, 0x00000000c4c00000| Untracked 
|  77|0x00000000c4d00000, 0x00000000c4d00000, 0x00000000c4e00000|  0%| F|  |TAMS 0x00000000c4d00000, 0x00000000c4d00000| Untracked 
|  78|0x00000000c4e00000, 0x00000000c4e00000, 0x00000000c4f00000|  0%| F|  |TAMS 0x00000000c4e00000, 0x00000000c4e00000| Untracked 
|  79|0x00000000c4f00000, 0x00000000c4f477e8, 0x00000000c5000000| 27%| O|  |TAMS 0x00000000c4f00000, 0x00000000c4f00000| Untracked 
|  80|0x00000000c5000000, 0x00000000c5000000, 0x00000000c5100000|  0%| F|  |TAMS 0x00000000c5000000, 0x00000000c5000000| Untracked 
|  81|0x00000000c5100000, 0x00000000c5100000, 0x00000000c5200000|  0%| F|  |TAMS 0x00000000c5100000, 0x00000000c5100000| Untracked 
|  82|0x00000000c5200000, 0x00000000c5200000, 0x00000000c5300000|  0%| F|  |TAMS 0x00000000c5200000, 0x00000000c5200000| Untracked 
|  83|0x00000000c5300000, 0x00000000c5303ab8, 0x00000000c5400000|  1%| O|  |TAMS 0x00000000c5300000, 0x00000000c5300000| Untracked 
|  84|0x00000000c5400000, 0x00000000c5400000, 0x00000000c5500000|  0%| F|  |TAMS 0x00000000c5400000, 0x00000000c5400000| Untracked 
|  85|0x00000000c5500000, 0x00000000c5500000, 0x00000000c5600000|  0%| F|  |TAMS 0x00000000c5500000, 0x00000000c5500000| Untracked 
|  86|0x00000000c5600000, 0x00000000c5600000, 0x00000000c5700000|  0%| F|  |TAMS 0x00000000c5600000, 0x00000000c5600000| Untracked 
|  87|0x00000000c5700000, 0x00000000c5700000, 0x00000000c5800000|  0%| F|  |TAMS 0x00000000c5700000, 0x00000000c5700000| Untracked 
|  88|0x00000000c5800000, 0x00000000c5800000, 0x00000000c5900000|  0%| F|  |TAMS 0x00000000c5800000, 0x00000000c5800000| Untracked 
|  89|0x00000000c5900000, 0x00000000c5900000, 0x00000000c5a00000|  0%| F|  |TAMS 0x00000000c5900000, 0x00000000c5900000| Untracked 
|  90|0x00000000c5a00000, 0x00000000c5a00000, 0x00000000c5b00000|  0%| F|  |TAMS 0x00000000c5a00000, 0x00000000c5a00000| Untracked 
|  91|0x00000000c5b00000, 0x00000000c5b00000, 0x00000000c5c00000|  0%| F|  |TAMS 0x00000000c5b00000, 0x00000000c5b00000| Untracked 
|  92|0x00000000c5c00000, 0x00000000c5c00000, 0x00000000c5d00000|  0%| F|  |TAMS 0x00000000c5c00000, 0x00000000c5c00000| Untracked 
|  93|0x00000000c5d00000, 0x00000000c5e00000, 0x00000000c5e00000|100%| O|  |TAMS 0x00000000c5e00000, 0x00000000c5d00000| Untracked 
| 218|0x00000000cda00000, 0x00000000cdb00000, 0x00000000cdb00000|100%| O|  |TAMS 0x00000000cdb00000, 0x00000000cda00000| Untracked 
| 219|0x00000000cdb00000, 0x00000000cdb00000, 0x00000000cdc00000|  0%| F|  |TAMS 0x00000000cdb00000, 0x00000000cdb00000| Untracked 
| 220|0x00000000cdc00000, 0x00000000cdc058a8, 0x00000000cdd00000|  2%| E|  |TAMS 0x00000000cdc00000, 0x00000000cdc00000| Complete 

Card table byte_map: [0x000001ec6d130000,0x000001ec6d330000] _byte_map_base: 0x000001ec6cb30000

Marking Bits (Prev, Next): (CMBitMap*) 0x000001ec671c8c30, (CMBitMap*) 0x000001ec671c8bf0
 Prev Bits: [0x000001ec6e530000, 0x000001ec6f530000)
 Next Bits: [0x000001ec6d530000, 0x000001ec6e530000)

Polling page: 0x000001ec650f0000

Metaspace:

Usage:
  Non-class:     50.11 MB used.
      Class:      7.10 MB used.
       Both:     57.21 MB used.

Virtual space:
  Non-class space:       64.00 MB reserved,      50.31 MB ( 79%) committed,  1 nodes.
      Class space:        1.00 GB reserved,       7.38 MB ( <1%) committed,  1 nodes.
             Both:        1.06 GB reserved,      57.69 MB (  5%) committed. 

Chunk freelists:
   Non-Class:  12.85 MB
       Class:  8.68 MB
        Both:  21.53 MB

MaxMetaspaceSize: unlimited
CompressedClassSpaceSize: 1.00 GB
Initial GC threshold: 21.00 MB
Current GC threshold: 96.19 MB
CDS: off
MetaspaceReclaimPolicy: balanced
 - commit_granule_bytes: 65536.
 - commit_granule_words: 8192.
 - virtual_space_node_default_size: 8388608.
 - enlarge_chunks_in_place: 1.
 - new_chunks_are_fully_committed: 0.
 - uncommit_free_chunks: 1.
 - use_allocation_guard: 0.
 - handle_deallocations: 1.


Internal statistics:

num_allocs_failed_limit: 6.
num_arena_births: 728.
num_arena_deaths: 236.
num_vsnodes_births: 2.
num_vsnodes_deaths: 0.
num_space_committed: 923.
num_space_uncommitted: 0.
num_chunks_returned_to_freelist: 279.
num_chunks_taken_from_freelist: 2618.
num_chunk_merges: 92.
num_chunk_splits: 1772.
num_chunks_enlarged: 1337.
num_inconsistent_stats: 0.

CodeCache: size=49152Kb used=15390Kb max_used=15390Kb free=33761Kb
 bounds [0x000001ec69e20000, 0x000001ec6ad30000, 0x000001ec6ce20000]
 total_blobs=8751 nmethods=8077 adapters=599
 compilation: enabled
              stopped_count=0, restarted_count=0
 full_count=0

Compilation events (20 events):
Event: 1909.817 Thread 0x000001ec76082c90 8068       1       org.eclipse.lsp4j.jsonrpc.RemoteEndpoint$$Lambda$697/0x00000001005021f8::<init> (20 bytes)
Event: 1909.818 Thread 0x000001ec76082c90 nmethod 8068 0x000001ec6ac5d390 code [0x000001ec6ac5d520, 0x000001ec6ac5d6f8]
Event: 1909.818 Thread 0x000001ec76082c90 8069       1       java.util.concurrent.CompletableFuture::exceptionally (7 bytes)
Event: 1909.818 Thread 0x000001ec76082c90 nmethod 8069 0x000001ec6ac5ce10 code [0x000001ec6ac5cfa0, 0x000001ec6ac5d088]
Event: 1909.818 Thread 0x000001ec76082c90 8070   !   1       java.util.concurrent.CompletableFuture::uniExceptionallyStage (94 bytes)
Event: 1909.819 Thread 0x000001ec76082c90 nmethod 8070 0x000001ec6ad22590 code [0x000001ec6ad227c0, 0x000001ec6ad23008]
Event: 1909.819 Thread 0x000001ec76082c90 8071       1       org.eclipse.lsp4j.jsonrpc.RemoteEndpoint$$Lambda$698/0x0000000100502438::<init> (15 bytes)
Event: 1909.820 Thread 0x000001ec76082c90 nmethod 8071 0x000001ec6ad23210 code [0x000001ec6ad233a0, 0x000001ec6ad234f8]
Event: 1920.870 Thread 0x000001ec76082c90 8072       1       org.eclipse.lsp4j.jsonrpc.RemoteEndpoint::createResponseMessage (24 bytes)
Event: 1920.871 Thread 0x000001ec76082c90 nmethod 8072 0x000001ec6ad23590 code [0x000001ec6ad23740, 0x000001ec6ad23998]
Event: 1923.071 Thread 0x000001ec76082c90 8073       1       org.eclipse.lsp4j.jsonrpc.RemoteEndpoint$$Lambda$696/0x00000001004fb450::accept (13 bytes)
Event: 1923.071 Thread 0x000001ec76082c90 nmethod 8073 0x000001ec6ad23a90 code [0x000001ec6ad23c40, 0x000001ec6ad23f48]
Event: 1924.473 Thread 0x000001ec76082c90 8075   !   1       sun.security.provider.HashDrbg::hashGen (152 bytes)
Event: 1924.474 Thread 0x000001ec76082c90 nmethod 8075 0x000001ec6ad24090 code [0x000001ec6ad242a0, 0x000001ec6ad249a8]
Event: 1924.474 Thread 0x000001ec76082c90 8074  s    1       sun.security.provider.HashDrbg::generateAlgorithm (188 bytes)
Event: 1924.475 Thread 0x000001ec76082c90 nmethod 8074 0x000001ec6ad24e10 code [0x000001ec6ad25080, 0x000001ec6ad25ab8]
Event: 1925.487 Thread 0x000001ec76082c90 8076       1       java.util.concurrent.ForkJoinPool::scan (235 bytes)
Event: 1925.490 Thread 0x000001ec76082c90 nmethod 8076 0x000001ec6ad26090 code [0x000001ec6ad26320, 0x000001ec6ad26e38]
Event: 1927.876 Thread 0x000001ec76082c90 8077       1       java.util.concurrent.CompletableFuture$UniExceptionally::tryFire (82 bytes)
Event: 1927.876 Thread 0x000001ec76082c90 nmethod 8077 0x000001ec6ad27590 code [0x000001ec6ad27740, 0x000001ec6ad27998]

GC Heap History (20 events):
Event: 1840.851 GC heap after
{Heap after GC invocations=178 (full 149):
 garbage-first heap   total 99328K, used 36878K [0x00000000c0000000, 0x0000000100000000)
  region size 1024K, 0 young (0K), 0 survivors (0K)
 Metaspace       used 58314K, committed 59072K, reserved 1114112K
  class space    used 7229K, committed 7552K, reserved 1048576K
}
Event: 1850.954 GC heap before
{Heap before GC invocations=178 (full 149):
 garbage-first heap   total 99328K, used 36878K [0x00000000c0000000, 0x0000000100000000)
  region size 1024K, 1 young (1024K), 0 survivors (0K)
 Metaspace       used 58314K, committed 59072K, reserved 1114112K
  class space    used 7229K, committed 7552K, reserved 1048576K
}
Event: 1850.994 GC heap after
{Heap after GC invocations=179 (full 150):
 garbage-first heap   total 99328K, used 36878K [0x00000000c0000000, 0x0000000100000000)
  region size 1024K, 0 young (0K), 0 survivors (0K)
 Metaspace       used 58314K, committed 59072K, reserved 1114112K
  class space    used 7229K, committed 7552K, reserved 1048576K
}
Event: 1861.098 GC heap before
{Heap before GC invocations=179 (full 150):
 garbage-first heap   total 99328K, used 36878K [0x00000000c0000000, 0x0000000100000000)
  region size 1024K, 1 young (1024K), 0 survivors (0K)
 Metaspace       used 58314K, committed 59072K, reserved 1114112K
  class space    used 7229K, committed 7552K, reserved 1048576K
}
Event: 1861.131 GC heap after
{Heap after GC invocations=180 (full 151):
 garbage-first heap   total 99328K, used 36878K [0x00000000c0000000, 0x0000000100000000)
  region size 1024K, 0 young (0K), 0 survivors (0K)
 Metaspace       used 58314K, committed 59072K, reserved 1114112K
  class space    used 7229K, committed 7552K, reserved 1048576K
}
Event: 1871.232 GC heap before
{Heap before GC invocations=180 (full 151):
 garbage-first heap   total 99328K, used 36878K [0x00000000c0000000, 0x0000000100000000)
  region size 1024K, 1 young (1024K), 0 survivors (0K)
 Metaspace       used 58314K, committed 59072K, reserved 1114112K
  class space    used 7229K, committed 7552K, reserved 1048576K
}
Event: 1871.264 GC heap after
{Heap after GC invocations=181 (full 152):
 garbage-first heap   total 99328K, used 36876K [0x00000000c0000000, 0x0000000100000000)
  region size 1024K, 0 young (0K), 0 survivors (0K)
 Metaspace       used 58314K, committed 59072K, reserved 1114112K
  class space    used 7229K, committed 7552K, reserved 1048576K
}
Event: 1881.363 GC heap before
{Heap before GC invocations=181 (full 152):
 garbage-first heap   total 99328K, used 36876K [0x00000000c0000000, 0x0000000100000000)
  region size 1024K, 1 young (1024K), 0 survivors (0K)
 Metaspace       used 58314K, committed 59072K, reserved 1114112K
  class space    used 7229K, committed 7552K, reserved 1048576K
}
Event: 1881.396 GC heap after
{Heap after GC invocations=182 (full 153):
 garbage-first heap   total 99328K, used 36876K [0x00000000c0000000, 0x0000000100000000)
  region size 1024K, 0 young (0K), 0 survivors (0K)
 Metaspace       used 58314K, committed 59072K, reserved 1114112K
  class space    used 7229K, committed 7552K, reserved 1048576K
}
Event: 1887.577 GC heap before
{Heap before GC invocations=182 (full 153):
 garbage-first heap   total 99328K, used 82956K [0x00000000c0000000, 0x0000000100000000)
  region size 1024K, 45 young (46080K), 0 survivors (0K)
 Metaspace       used 58561K, committed 59072K, reserved 1114112K
  class space    used 7264K, committed 7552K, reserved 1048576K
}
Event: 1887.578 GC heap after
{Heap after GC invocations=183 (full 153):
 garbage-first heap   total 99328K, used 38501K [0x00000000c0000000, 0x0000000100000000)
  region size 1024K, 2 young (2048K), 2 survivors (2048K)
 Metaspace       used 58561K, committed 59072K, reserved 1114112K
  class space    used 7264K, committed 7552K, reserved 1048576K
}
Event: 1894.056 GC heap before
{Heap before GC invocations=183 (full 153):
 garbage-first heap   total 99328K, used 81509K [0x00000000c0000000, 0x0000000100000000)
  region size 1024K, 44 young (45056K), 2 survivors (2048K)
 Metaspace       used 58578K, committed 59072K, reserved 1114112K
  class space    used 7266K, committed 7552K, reserved 1048576K
}
Event: 1894.058 GC heap after
{Heap after GC invocations=184 (full 153):
 garbage-first heap   total 99328K, used 39361K [0x00000000c0000000, 0x0000000100000000)
  region size 1024K, 3 young (3072K), 3 survivors (3072K)
 Metaspace       used 58578K, committed 59072K, reserved 1114112K
  class space    used 7266K, committed 7552K, reserved 1048576K
}
Event: 1897.309 GC heap before
{Heap before GC invocations=184 (full 153):
 garbage-first heap   total 99328K, used 81345K [0x00000000c0000000, 0x0000000100000000)
  region size 1024K, 44 young (45056K), 3 survivors (3072K)
 Metaspace       used 58581K, committed 59072K, reserved 1114112K
  class space    used 7267K, committed 7552K, reserved 1048576K
}
Event: 1897.311 GC heap after
{Heap after GC invocations=185 (full 153):
 garbage-first heap   total 99328K, used 39553K [0x00000000c0000000, 0x0000000100000000)
  region size 1024K, 3 young (3072K), 3 survivors (3072K)
 Metaspace       used 58581K, committed 59072K, reserved 1114112K
  class space    used 7267K, committed 7552K, reserved 1048576K
}
Event: 1900.008 GC heap before
{Heap before GC invocations=185 (full 153):
 garbage-first heap   total 99328K, used 81537K [0x00000000c0000000, 0x0000000100000000)
  region size 1024K, 44 young (45056K), 3 survivors (3072K)
 Metaspace       used 58582K, committed 59072K, reserved 1114112K
  class space    used 7267K, committed 7552K, reserved 1048576K
}
Event: 1900.010 GC heap after
{Heap after GC invocations=186 (full 153):
 garbage-first heap   total 99328K, used 40506K [0x00000000c0000000, 0x0000000100000000)
  region size 1024K, 4 young (4096K), 4 survivors (4096K)
 Metaspace       used 58582K, committed 59072K, reserved 1114112K
  class space    used 7267K, committed 7552K, reserved 1048576K
}
Event: 1961.635 GC heap before
{Heap before GC invocations=186 (full 153):
 garbage-first heap   total 99328K, used 60986K [0x00000000c0000000, 0x0000000100000000)
  region size 1024K, 25 young (25600K), 4 survivors (4096K)
 Metaspace       used 58582K, committed 59072K, reserved 1114112K
  class space    used 7267K, committed 7552K, reserved 1048576K
}
Event: 1961.665 GC heap after
{Heap after GC invocations=187 (full 154):
 garbage-first heap   total 99328K, used 35115K [0x00000000c0000000, 0x0000000100000000)
  region size 1024K, 0 young (0K), 0 survivors (0K)
 Metaspace       used 58582K, committed 59072K, reserved 1114112K
  class space    used 7267K, committed 7552K, reserved 1048576K
}
Event: 1971.780 GC heap before
{Heap before GC invocations=187 (full 154):
 garbage-first heap   total 99328K, used 35115K [0x00000000c0000000, 0x0000000100000000)
  region size 1024K, 1 young (1024K), 0 survivors (0K)
 Metaspace       used 58582K, committed 59072K, reserved 1114112K
  class space    used 7267K, committed 7552K, reserved 1048576K
}

Dll operation events (9 events):
Event: 0.010 Loaded shared library c:\Users\vijay\.vscode\extensions\redhat.java-1.26.0-win32-x64\jre\17.0.9-win32-x86_64\bin\java.dll
Event: 0.405 Loaded shared library C:\Users\vijay\.vscode\extensions\redhat.java-1.26.0-win32-x64\jre\17.0.9-win32-x86_64\bin\net.dll
Event: 0.410 Loaded shared library C:\Users\vijay\.vscode\extensions\redhat.java-1.26.0-win32-x64\jre\17.0.9-win32-x86_64\bin\nio.dll
Event: 0.427 Loaded shared library C:\Users\vijay\.vscode\extensions\redhat.java-1.26.0-win32-x64\jre\17.0.9-win32-x86_64\bin\zip.dll
Event: 0.974 Loaded shared library C:\Users\vijay\.vscode\extensions\redhat.java-1.26.0-win32-x64\jre\17.0.9-win32-x86_64\bin\jimage.dll
Event: 4.802 Loaded shared library c:\Users\vijay\.vscode\extensions\redhat.java-1.26.0-win32-x64\jre\17.0.9-win32-x86_64\bin\verify.dll
Event: 5.105 Loaded shared library C:\Users\vijay\.vscode\extensions\redhat.java-1.26.0-win32-x64\jre\17.0.9-win32-x86_64\bin\management.dll
Event: 5.108 Loaded shared library C:\Users\vijay\.vscode\extensions\redhat.java-1.26.0-win32-x64\jre\17.0.9-win32-x86_64\bin\management_ext.dll
Event: 6.528 Loaded shared library C:\Users\vijay\.vscode\extensions\redhat.java-1.26.0-win32-x64\jre\17.0.9-win32-x86_64\bin\sunmscapi.dll

Deoptimization events (20 events):
Event: 6.928 Thread 0x000001ec77be3930 DEOPT PACKING pc=0x000001ec6a83ff84 sp=0x0000000c328fcb40
Event: 6.928 Thread 0x000001ec77be3930 DEOPT UNPACKING pc=0x000001ec69e77143 sp=0x0000000c328fc020 mode 3
Event: 7.176 Thread 0x000001ec77be3930 DEOPT PACKING pc=0x000001ec6a973d0c sp=0x0000000c328fe7d0
Event: 7.176 Thread 0x000001ec77be3930 DEOPT UNPACKING pc=0x000001ec69e77143 sp=0x0000000c328fdd50 mode 0
Event: 7.176 Thread 0x000001ec77be3930 DEOPT PACKING pc=0x000001ec6a973d0c sp=0x0000000c328fea30
Event: 7.176 Thread 0x000001ec77be3930 DEOPT UNPACKING pc=0x000001ec69e77143 sp=0x0000000c328fdfb0 mode 0
Event: 7.182 Thread 0x000001ec77be3930 DEOPT PACKING pc=0x000001ec6a973d0c sp=0x0000000c328feeb0
Event: 7.182 Thread 0x000001ec77be3930 DEOPT UNPACKING pc=0x000001ec69e77143 sp=0x0000000c328fe430 mode 0
Event: 30.139 Thread 0x000001ec77be4350 DEOPT PACKING pc=0x000001ec6a3538a0 sp=0x0000000c32ffd990
Event: 30.139 Thread 0x000001ec77be4350 DEOPT UNPACKING pc=0x000001ec69e77143 sp=0x0000000c32ffce10 mode 3
Event: 41.209 Thread 0x000001ec77be3930 DEOPT PACKING pc=0x000001ec6a2b25b6 sp=0x0000000c328fd910
Event: 41.209 Thread 0x000001ec77be3930 DEOPT UNPACKING pc=0x000001ec69e77143 sp=0x0000000c328fce08 mode 3
Event: 75.540 Thread 0x000001ec76be0f10 DEOPT PACKING pc=0x000001ec69f52195 sp=0x0000000c2fffdf40
Event: 75.540 Thread 0x000001ec76be0f10 DEOPT UNPACKING pc=0x000001ec69e77143 sp=0x0000000c2fffd450 mode 3
Event: 1412.948 Thread 0x000001ec77ba7d20 DEOPT PACKING pc=0x000001ec6a4a97d4 sp=0x0000000c320ff280
Event: 1412.948 Thread 0x000001ec77ba7d20 DEOPT UNPACKING pc=0x000001ec69e77143 sp=0x0000000c320fe708 mode 0
Event: 1517.658 Thread 0x000001ec76bda9d0 DEOPT PACKING pc=0x000001ec6ab176c0 sp=0x0000000c319fe2f0
Event: 1517.658 Thread 0x000001ec76bda9d0 DEOPT UNPACKING pc=0x000001ec69e77143 sp=0x0000000c319fd948 mode 3
Event: 1885.316 Thread 0x000001ec76bdc830 DEOPT PACKING pc=0x000001ec6a9420a4 sp=0x0000000c2fefdf40
Event: 1885.316 Thread 0x000001ec76bdc830 DEOPT UNPACKING pc=0x000001ec69e77143 sp=0x0000000c2fefd488 mode 0

Classes unloaded (20 events):
Event: 176.061 Thread 0x000001ec7600b0b0 Unloading class 0x0000000100761000 'jdk/internal/reflect/GeneratedMethodAccessor15'
Event: 176.061 Thread 0x000001ec7600b0b0 Unloading class 0x0000000100760c00 'jdk/internal/reflect/GeneratedConstructorAccessor44'
Event: 176.061 Thread 0x000001ec7600b0b0 Unloading class 0x0000000100760800 'jdk/internal/reflect/GeneratedMethodAccessor14'
Event: 176.061 Thread 0x000001ec7600b0b0 Unloading class 0x0000000100760400 'jdk/internal/reflect/GeneratedMethodAccessor13'
Event: 176.061 Thread 0x000001ec7600b0b0 Unloading class 0x0000000100760000 'jdk/internal/reflect/GeneratedMethodAccessor12'
Event: 176.061 Thread 0x000001ec7600b0b0 Unloading class 0x000000010075cc00 'jdk/internal/reflect/GeneratedConstructorAccessor37'
Event: 176.061 Thread 0x000001ec7600b0b0 Unloading class 0x000000010008e800 'java/lang/invoke/LambdaForm$MH+0x000000010008e800'
Event: 176.061 Thread 0x000001ec7600b0b0 Unloading class 0x000000010008e400 'java/lang/invoke/LambdaForm$MH+0x000000010008e400'
Event: 176.061 Thread 0x000001ec7600b0b0 Unloading class 0x000000010008e000 'java/lang/invoke/LambdaForm$MH+0x000000010008e000'
Event: 176.061 Thread 0x000001ec7600b0b0 Unloading class 0x000000010008dc00 'java/lang/invoke/LambdaForm$MH+0x000000010008dc00'
Event: 176.061 Thread 0x000001ec7600b0b0 Unloading class 0x000000010008d800 'java/lang/invoke/LambdaForm$MH+0x000000010008d800'
Event: 176.061 Thread 0x000001ec7600b0b0 Unloading class 0x000000010008d400 'java/lang/invoke/LambdaForm$MH+0x000000010008d400'
Event: 176.061 Thread 0x000001ec7600b0b0 Unloading class 0x000000010008bc00 'java/lang/invoke/LambdaForm$MH+0x000000010008bc00'
Event: 1971.789 Thread 0x000001ec7600b0b0 Unloading class 0x000000010047c400 'java/lang/invoke/LambdaForm$MH+0x000000010047c400'
Event: 1971.789 Thread 0x000001ec7600b0b0 Unloading class 0x0000000100509800 'java/lang/invoke/LambdaForm$MH+0x0000000100509800'
Event: 1971.789 Thread 0x000001ec7600b0b0 Unloading class 0x000000010053c000 'java/lang/invoke/LambdaForm$MH+0x000000010053c000'
Event: 1971.789 Thread 0x000001ec7600b0b0 Unloading class 0x0000000100629000 'java/lang/invoke/LambdaForm$MH+0x0000000100629000'
Event: 1971.789 Thread 0x000001ec7600b0b0 Unloading class 0x0000000100704000 'java/lang/invoke/LambdaForm$MH+0x0000000100704000'
Event: 1971.789 Thread 0x000001ec7600b0b0 Unloading class 0x0000000100746c00 'java/lang/invoke/LambdaForm$MH+0x0000000100746c00'
Event: 1971.789 Thread 0x000001ec7600b0b0 Unloading class 0x000000010074c000 'java/lang/invoke/LambdaForm$MH+0x000000010074c000'

Classes redefined (0 events):
No events

Internal exceptions (20 events):
Event: 75.216 Thread 0x000001ec77be3930 Exception <a 'sun/nio/fs/WindowsException'{0x00000000cdb23020}> (0x00000000cdb23020) 
thrown [s\src\hotspot\share\prims\jni.cpp, line 516]
Event: 75.540 Thread 0x000001ec76be0f10 Implicit null exception at 0x000001ec69f51925 to 0x000001ec69f52190
Event: 75.571 Thread 0x000001ec76be0f10 Exception <a 'java/lang/ClassCastException'{0x00000000c5011810}> (0x00000000c5011810) 
thrown [s\src\hotspot\share\runtime\sharedRuntime.cpp, line 631]
Event: 75.577 Thread 0x000001ec76be0f10 Exception <a 'java/lang/ClassCastException'{0x00000000c5016d30}> (0x00000000c5016d30) 
thrown [s\src\hotspot\share\runtime\sharedRuntime.cpp, line 631]
Event: 79.020 Thread 0x000001ec76be0f10 Exception <a 'java/lang/ClassCastException'{0x00000000c4f9de90}> (0x00000000c4f9de90) 
thrown [s\src\hotspot\share\runtime\sharedRuntime.cpp, line 631]
Event: 79.021 Thread 0x000001ec76be0f10 Exception <a 'java/lang/ClassCastException'{0x00000000c4fa33b0}> (0x00000000c4fa33b0) 
thrown [s\src\hotspot\share\runtime\sharedRuntime.cpp, line 631]
Event: 82.267 Thread 0x000001ec76be0f10 NullPointerException in IC check 0x000001ec6a331ac0
Event: 82.267 Thread 0x000001ec76be0f10 Exception <a 'java/lang/NullPointerException'{0x00000000c3e3d3b8}> (0x00000000c3e3d3b8) 
thrown [s\src\hotspot\share\runtime\sharedRuntime.cpp, line 631]
Event: 125.108 Thread 0x000001ec77a32000 Exception <a 'java/lang/NoSuchMethodError'{0x00000000c50a32a0}: 'void java.lang.invoke.DirectMethodHandle$Holder.invokeStatic(java.lang.Object, long)'> (0x00000000c50a32a0) 
thrown [s\src\hotspot\share\interpreter\linkResolver.cpp, line 759]
Event: 125.108 Thread 0x000001ec77a32000 Exception <a 'java/lang/NoSuchMethodError'{0x00000000c50a8700}: 'java.lang.Object java.lang.invoke.DirectMethodHandle$Holder.newInvokeSpecial(java.lang.Object, long)'> (0x00000000c50a8700) 
thrown [s\src\hotspot\share\interpreter\linkResolver.cpp, line 759]
Event: 307.551 Thread 0x000001ec76bdd760 Exception <a 'java/io/IOException'{0x00000000cfc95120}> (0x00000000cfc95120) 
thrown [s\src\hotspot\share\prims\jni.cpp, line 516]
Event: 307.752 Thread 0x000001ec76bdaee0 Exception <a 'java/io/IOException'{0x00000000cfca4dd8}> (0x00000000cfca4dd8) 
thrown [s\src\hotspot\share\prims\jni.cpp, line 516]
Event: 308.156 Thread 0x000001ec76bddc70 Exception <a 'java/io/IOException'{0x00000000cdc08528}> (0x00000000cdc08528) 
thrown [s\src\hotspot\share\prims\jni.cpp, line 516]
Event: 1445.176 Thread 0x000001ec76bdffe0 NullPointerException in IC check 0x000001ec6a331ac0
Event: 1445.176 Thread 0x000001ec76bdffe0 Exception <a 'java/lang/NullPointerException'{0x00000000c43120d8}> (0x00000000c43120d8) 
thrown [s\src\hotspot\share\runtime\sharedRuntime.cpp, line 631]
Event: 1445.176 Thread 0x000001ec76bdffe0 Exception <a 'java/lang/reflect/InvocationTargetException'{0x00000000c43181d0}> (0x00000000c43181d0) 
thrown [s\src\hotspot\share\runtime\reflection.cpp, line 1121]
Event: 1445.177 Thread 0x000001ec76bdffe0 Exception <a 'java/lang/reflect/InvocationTargetException'{0x00000000c4322320}> (0x00000000c4322320) 
thrown [s\src\hotspot\share\runtime\reflection.cpp, line 1121]
Event: 1517.657 Thread 0x000001ec76bda9d0 Implicit null exception at 0x000001ec6ab16577 to 0x000001ec6ab176bb
Event: 1885.277 Thread 0x000001ec76bdd250 Exception <a 'java/lang/NoSuchMethodError'{0x00000000c562a118}: 'java.lang.Object java.lang.invoke.DirectMethodHandle$Holder.newInvokeSpecial(java.lang.Object, java.lang.Object, int, java.lang.Object)'> (0x00000000c562a118) 
thrown [s\src\hotspot\share\interpreter\linkResolver.cpp, line 759]
Event: 1885.277 Thread 0x000001ec76bdd250 Exception <a 'java/lang/NoSuchMethodError'{0x00000000c562da38}: 'java.lang.Object java.lang.invoke.Invokers$Holder.linkToTargetMethod(java.lang.Object, int, java.lang.Object, java.lang.Object)'> (0x00000000c562da38) 
thrown [s\src\hotspot\share\interpreter\linkResolver.cpp, line 759]

VM Operations (20 events):
Event: 1896.080 Executing VM operation: Cleanup done
Event: 1897.081 Executing VM operation: Cleanup
Event: 1897.081 Executing VM operation: Cleanup done
Event: 1897.309 Executing VM operation: G1CollectForAllocation
Event: 1897.311 Executing VM operation: G1CollectForAllocation done
Event: 1898.323 Executing VM operation: HandshakeAllThreads
Event: 1898.323 Executing VM operation: HandshakeAllThreads done
Event: 1898.323 Executing VM operation: Cleanup
Event: 1898.323 Executing VM operation: Cleanup done
Event: 1899.329 Executing VM operation: Cleanup
Event: 1899.329 Executing VM operation: Cleanup done
Event: 1900.008 Executing VM operation: G1CollectForAllocation
Event: 1900.011 Executing VM operation: G1CollectForAllocation done
Event: 1901.022 Executing VM operation: Cleanup
Event: 1901.022 Executing VM operation: Cleanup done
Event: 1902.023 Executing VM operation: Cleanup
Event: 1902.023 Executing VM operation: Cleanup done
Event: 1961.635 Executing VM operation: G1CollectFull
Event: 1961.666 Executing VM operation: G1CollectFull done
Event: 1971.780 Executing VM operation: G1CollectFull

Events (20 events):
Event: 1870.375 Thread 0x000001ec76bdeba0 Thread exited: 0x000001ec76bdeba0
Event: 1870.375 Thread 0x000001ec76bdbe10 Thread exited: 0x000001ec76bdbe10
Event: 1883.018 Thread 0x000001ec76bdd250 Thread added: 0x000001ec76bdd250
Event: 1883.021 Thread 0x000001ec76bdc830 Thread added: 0x000001ec76bdc830
Event: 1883.023 loading class java/util/concurrent/CompletionException
Event: 1883.023 loading class java/util/concurrent/CompletionException done
Event: 1883.046 Thread 0x000001ec785c8900 Thread added: 0x000001ec785c8900
Event: 1883.587 Thread 0x000001ec76be0f10 Thread added: 0x000001ec76be0f10
Event: 1885.312 loading class java/util/Spliterators$IntArraySpliterator
Event: 1885.312 loading class java/util/Spliterators$IntArraySpliterator done
Event: 1885.313 loading class java/util/stream/Nodes$IntSpinedNodeBuilder
Event: 1885.313 loading class java/util/stream/SpinedBuffer$OfInt
Event: 1885.313 loading class java/util/stream/SpinedBuffer$OfPrimitive
Event: 1885.313 loading class java/util/stream/SpinedBuffer$OfPrimitive done
Event: 1885.314 loading class java/util/stream/SpinedBuffer$OfInt done
Event: 1885.314 loading class java/util/stream/Nodes$IntSpinedNodeBuilder done
Event: 1887.624 Thread 0x000001ec76be1930 Thread added: 0x000001ec76be1930
Event: 1891.457 Thread 0x000001ec785c8900 Thread exited: 0x000001ec785c8900
Event: 1960.882 Thread 0x000001ec76be1930 Thread exited: 0x000001ec76be1930
Event: 1961.132 Thread 0x000001ec76bdc830 Thread exited: 0x000001ec76bdc830


Dynamic libraries:
0x00007ff7132b0000 - 0x00007ff7132be000 	c:\Users\vijay\.vscode\extensions\redhat.java-1.26.0-win32-x64\jre\17.0.9-win32-x86_64\bin\java.exe
0x00007fff42350000 - 0x00007fff42548000 	C:\Windows\SYSTEM32\ntdll.dll
0x00007fff41090000 - 0x00007fff4114d000 	C:\Windows\System32\KERNEL32.DLL
0x00007fff3fb40000 - 0x00007fff3fe36000 	C:\Windows\System32\KERNELBASE.dll
0x00007fff401e0000 - 0x00007fff402e0000 	C:\Windows\System32\ucrtbase.dll
0x00007fff36f80000 - 0x00007fff36f9b000 	c:\Users\vijay\.vscode\extensions\redhat.java-1.26.0-win32-x64\jre\17.0.9-win32-x86_64\bin\VCRUNTIME140.dll
0x00007fff3ba10000 - 0x00007fff3ba27000 	c:\Users\vijay\.vscode\extensions\redhat.java-1.26.0-win32-x64\jre\17.0.9-win32-x86_64\bin\jli.dll
0x00007fff40a10000 - 0x00007fff40bae000 	C:\Windows\System32\USER32.dll
0x00007fff33490000 - 0x00007fff3372a000 	C:\Windows\WinSxS\amd64_microsoft.windows.common-controls_6595b64144ccf1df_6.0.19041.3636_none_60b6a03d71f818d5\COMCTL32.dll
0x00007fff3ff90000 - 0x00007fff3ffb2000 	C:\Windows\System32\win32u.dll
0x00007fff41530000 - 0x00007fff415ce000 	C:\Windows\System32\msvcrt.dll
0x00007fff41060000 - 0x00007fff4108c000 	C:\Windows\System32\GDI32.dll
0x00007fff3fa20000 - 0x00007fff3fb3a000 	C:\Windows\System32\gdi32full.dll
0x00007fff3fe40000 - 0x00007fff3fedd000 	C:\Windows\System32\msvcp_win.dll
0x00007fff40c30000 - 0x00007fff40c60000 	C:\Windows\System32\IMM32.DLL
0x00007fff36f30000 - 0x00007fff36f3c000 	c:\Users\vijay\.vscode\extensions\redhat.java-1.26.0-win32-x64\jre\17.0.9-win32-x86_64\bin\vcruntime140_1.dll
0x00007fff120d0000 - 0x00007fff1215d000 	c:\Users\vijay\.vscode\extensions\redhat.java-1.26.0-win32-x64\jre\17.0.9-win32-x86_64\bin\msvcp140.dll
0x00007ffedcf30000 - 0x00007ffeddb91000 	c:\Users\vijay\.vscode\extensions\redhat.java-1.26.0-win32-x64\jre\17.0.9-win32-x86_64\bin\server\jvm.dll
0x00007fff418b0000 - 0x00007fff41963000 	C:\Windows\System32\ADVAPI32.dll
0x00007fff40c60000 - 0x00007fff40cff000 	C:\Windows\System32\sechost.dll
0x00007fff421e0000 - 0x00007fff42306000 	C:\Windows\System32\RPCRT4.dll
0x00007fff40370000 - 0x00007fff40397000 	C:\Windows\System32\bcrypt.dll
0x00007fff24090000 - 0x00007fff24099000 	C:\Windows\SYSTEM32\WSOCK32.dll
0x00007fff326c0000 - 0x00007fff326e7000 	C:\Windows\SYSTEM32\WINMM.dll
0x00007fff3ef60000 - 0x00007fff3efab000 	C:\Windows\SYSTEM32\POWRPROF.dll
0x00007fff378d0000 - 0x00007fff378da000 	C:\Windows\SYSTEM32\VERSION.dll
0x00007fff403a0000 - 0x00007fff4040b000 	C:\Windows\System32\WS2_32.dll
0x00007fff3ee30000 - 0x00007fff3ee42000 	C:\Windows\SYSTEM32\UMPDC.dll
0x00007fff3e260000 - 0x00007fff3e272000 	C:\Windows\SYSTEM32\kernel.appcore.dll
0x00007fff36a70000 - 0x00007fff36a7a000 	c:\Users\vijay\.vscode\extensions\redhat.java-1.26.0-win32-x64\jre\17.0.9-win32-x86_64\bin\jimage.dll
0x00007fff3d7e0000 - 0x00007fff3d9c4000 	C:\Windows\SYSTEM32\DBGHELP.DLL
0x00007fff26970000 - 0x00007fff269a4000 	C:\Windows\SYSTEM32\dbgcore.DLL
0x00007fff402e0000 - 0x00007fff40362000 	C:\Windows\System32\bcryptPrimitives.dll
0x00007fff365e0000 - 0x00007fff36605000 	c:\Users\vijay\.vscode\extensions\redhat.java-1.26.0-win32-x64\jre\17.0.9-win32-x86_64\bin\java.dll
0x00007fff368b0000 - 0x00007fff368c8000 	c:\Users\vijay\.vscode\extensions\redhat.java-1.26.0-win32-x64\jre\17.0.9-win32-x86_64\bin\zip.dll
0x00007fff41a90000 - 0x00007fff421d5000 	C:\Windows\System32\SHELL32.dll
0x00007fff3dab0000 - 0x00007fff3e24b000 	C:\Windows\SYSTEM32\windows.storage.dll
0x00007fff40d00000 - 0x00007fff41054000 	C:\Windows\System32\combase.dll
0x00007fff3f450000 - 0x00007fff3f47d000 	C:\Windows\SYSTEM32\Wldp.dll
0x00007fff40410000 - 0x00007fff404bd000 	C:\Windows\System32\SHCORE.dll
0x00007fff41850000 - 0x00007fff418a5000 	C:\Windows\System32\shlwapi.dll
0x00007fff3f950000 - 0x00007fff3f975000 	C:\Windows\SYSTEM32\profapi.dll
0x00007fff365c0000 - 0x00007fff365d9000 	C:\Users\vijay\.vscode\extensions\redhat.java-1.26.0-win32-x64\jre\17.0.9-win32-x86_64\bin\net.dll
0x00007fff3c380000 - 0x00007fff3c48a000 	C:\Windows\SYSTEM32\WINHTTP.dll
0x00007fff3f1b0000 - 0x00007fff3f21a000 	C:\Windows\system32\mswsock.dll
0x00007fff32440000 - 0x00007fff32456000 	C:\Users\vijay\.vscode\extensions\redhat.java-1.26.0-win32-x64\jre\17.0.9-win32-x86_64\bin\nio.dll
0x00007fff3f3a0000 - 0x00007fff3f3b8000 	C:\Windows\SYSTEM32\CRYPTSP.dll
0x00007fff3ea70000 - 0x00007fff3eaa4000 	C:\Windows\system32\rsaenh.dll
0x00007fff3f910000 - 0x00007fff3f93e000 	C:\Windows\SYSTEM32\USERENV.dll
0x00007fff3f3c0000 - 0x00007fff3f3cc000 	C:\Windows\SYSTEM32\CRYPTBASE.dll
0x00007fff3ee50000 - 0x00007fff3ee8b000 	C:\Windows\SYSTEM32\IPHLPAPI.DLL
0x00007fff41330000 - 0x00007fff41338000 	C:\Windows\System32\NSI.dll
0x00007fff35210000 - 0x00007fff35227000 	C:\Windows\SYSTEM32\dhcpcsvc6.DLL
0x00007fff36020000 - 0x00007fff3603d000 	C:\Windows\SYSTEM32\dhcpcsvc.DLL
0x00007fff3ee90000 - 0x00007fff3ef5a000 	C:\Windows\SYSTEM32\DNSAPI.dll
0x00007fff367f0000 - 0x00007fff36800000 	c:\Users\vijay\.vscode\extensions\redhat.java-1.26.0-win32-x64\jre\17.0.9-win32-x86_64\bin\verify.dll
0x00007fff332a0000 - 0x00007fff332a9000 	C:\Users\vijay\.vscode\extensions\redhat.java-1.26.0-win32-x64\jre\17.0.9-win32-x86_64\bin\management.dll
0x00007fff2aed0000 - 0x00007fff2aedb000 	C:\Users\vijay\.vscode\extensions\redhat.java-1.26.0-win32-x64\jre\17.0.9-win32-x86_64\bin\management_ext.dll
0x00007fff41840000 - 0x00007fff41848000 	C:\Windows\System32\PSAPI.DLL
0x00007fff36740000 - 0x00007fff3674e000 	C:\Users\vijay\.vscode\extensions\redhat.java-1.26.0-win32-x64\jre\17.0.9-win32-x86_64\bin\sunmscapi.dll
0x00007fff40080000 - 0x00007fff401dd000 	C:\Windows\System32\CRYPT32.dll
0x00007fff3f4c0000 - 0x00007fff3f4e8000 	C:\Windows\SYSTEM32\ncrypt.dll
0x00007fff3f480000 - 0x00007fff3f4bb000 	C:\Windows\SYSTEM32\NTASN1.dll
0x00007fff2b2a0000 - 0x00007fff2b2aa000 	C:\Windows\System32\rasadhlp.dll
0x00007fff2b410000 - 0x00007fff2b490000 	C:\Windows\System32\fwpuclnt.dll

dbghelp: loaded successfully - version: 4.0.5 - missing functions: none
symbol engine: initialized successfully - sym options: 0x614 - pdb path: .;c:\Users\vijay\.vscode\extensions\redhat.java-1.26.0-win32-x64\jre\17.0.9-win32-x86_64\bin;C:\Windows\SYSTEM32;C:\Windows\WinSxS\amd64_microsoft.windows.common-controls_6595b64144ccf1df_6.0.19041.3636_none_60b6a03d71f818d5;c:\Users\vijay\.vscode\extensions\redhat.java-1.26.0-win32-x64\jre\17.0.9-win32-x86_64\bin\server

VM Arguments:
jvm_args: -XX:+HeapDumpOnOutOfMemoryError -Xmx1024m -Dsts.lsp.client=vscode -Dsts.log.file=/dev/null -XX:TieredStopAtLevel=1 -Xlog:jni+resolve=off -Dspring.config.location=file:c:\Users\vijay\.vscode\extensions\vmware.vscode-spring-boot-1.51.0\language-server\BOOT-INF\classes\application.properties 
java_command: org.springframework.ide.vscode.boot.app.BootLanguageServerBootApp
java_class_path (initial): c:\Users\vijay\.vscode\extensions\vmware.vscode-spring-boot-1.51.0\language-server\BOOT-INF\classes;c:\Users\vijay\.vscode\extensions\vmware.vscode-spring-boot-1.51.0\language-server\BOOT-INF\lib\annotations-24.1.0.jar;c:\Users\vijay\.vscode\extensions\vmware.vscode-spring-boot-1.51.0\language-server\BOOT-INF\lib\antlr-runtime-3.5.3.jar;c:\Users\vijay\.vscode\extensions\vmware.vscode-spring-boot-1.51.0\language-server\BOOT-INF\lib\antlr4-4.11.1.jar;c:\Users\vijay\.vscode\extensions\vmware.vscode-spring-boot-1.51.0\language-server\BOOT-INF\lib\antlr4-runtime-4.11.1.jar;c:\Users\vijay\.vscode\extensions\vmware.vscode-spring-boot-1.51.0\language-server\BOOT-INF\lib\asm-9.6.jar;c:\Users\vijay\.vscode\extensions\vmware.vscode-spring-boot-1.51.0\language-server\BOOT-INF\lib\asm-analysis-9.6.jar;c:\Users\vijay\.vscode\extensions\vmware.vscode-spring-boot-1.51.0\language-server\BOOT-INF\lib\asm-tree-9.6.jar;c:\Users\vijay\.vscode\extensions\vmware.vscode-spring-boot-1.51.0\language-server\BOOT-INF\lib\asm-util-9.6.jar;c:\Users\vijay\.vscode\extensions\vmware.vscode-spring-boot-1.51.0\language-server\BOOT-INF\lib\bosh-language-server-1.51.0-SNAPSHOT.jar;c:\Users\vijay\.vscode\extensions\vmware.vscode-spring-boot-1.51.0\language-server\BOOT-INF\lib\caffeine-3.1.8.jar;c:\Users\vijay\.vscode\extensions\vmware.vscode-spring-boot-1.51.0\language-server\BOOT-INF\lib\checker-qual-3.12.0.jar;c:\Users\vijay\.vscode\extensions\vmware.vscode-spring-boot-1.51.0\language-server\BOOT-INF\lib\classgraph-4.8.149.jar;c:\Users\vijay\.vscode\extensions\vmware.vscode-spring-boot-1.51.0\language-server\BOOT-INF\lib\commons-codec-1.15.jar;c:\Users\vijay\.vscode\extensions\vmware.vscode-spring-boot-1.51.0\language-server\BOOT-INF\lib\commons-compress-1.25.0.jar;c:\Users\vijay\.vscode\extensions\vmware.vscode-spring-boot-1.51.0\language-server\BOOT-INF\lib\commons-io-2.4.jar;c:\Users\vijay\.vscode\extensions\vmware.vscode-spring-boot-1.51.0\language-server\BOOT-INF\lib\
Launcher Type: SUN_STANDARD

[Global flags]
     intx CICompilerCount                          = 4                                         {product} {ergonomic}
     uint ConcGCThreads                            = 2                                         {product} {ergonomic}
     uint G1ConcRefinementThreads                  = 8                                         {product} {ergonomic}
   size_t G1HeapRegionSize                         = 1048576                                   {product} {ergonomic}
    uintx GCDrainStackTargetSize                   = 64                                        {product} {ergonomic}
     bool HeapDumpOnOutOfMemoryError               = true                                   {manageable} {command line}
   size_t InitialHeapSize                          = 266338304                                 {product} {ergonomic}
   size_t MarkStackSize                            = 4194304                                   {product} {ergonomic}
   size_t MaxHeapSize                              = 1073741824                                {product} {command line}
   size_t MaxNewSize                               = 643825664                                 {product} {ergonomic}
   size_t MinHeapDeltaBytes                        = 1048576                                   {product} {ergonomic}
   size_t MinHeapSize                              = 8388608                                   {product} {ergonomic}
    uintx NonProfiledCodeHeapSize                  = 0                                      {pd product} {ergonomic}
     bool ProfileInterpreter                       = false                                  {pd product} {command line}
    uintx ProfiledCodeHeapSize                     = 0                                      {pd product} {ergonomic}
   size_t SoftMaxHeapSize                          = 1073741824                             {manageable} {ergonomic}
     intx TieredStopAtLevel                        = 1                                         {product} {command line}
     bool UseCompressedClassPointers               = true                           {product lp64_product} {ergonomic}
     bool UseCompressedOops                        = true                           {product lp64_product} {ergonomic}
     bool UseG1GC                                  = true                                      {product} {ergonomic}
     bool UseLargePagesIndividualAllocation        = false                                  {pd product} {ergonomic}

Logging:
Log output configuration:
 #0: stdout all=warning,jni+resolve=off uptime,level,tags
 #1: stderr all=off uptime,level,tags

Environment Variables:
JAVA_HOME=C:\Program Files\Java\jdk-21\bin
PATH=C:\Program Files\Common Files\Oracle\Java\javapath;C:\Program Files (x86)\Common Files\Oracle\Java\javapath;C:\Windows\system32;C:\Windows;C:\Windows\System32\Wbem;C:\Windows\System32\WindowsPowerShell\v1.0\;C:\Windows\System32\OpenSSH\;C:\Program Files\Intel\WiFi\bin\;C:\Program Files\Common Files\Intel\WirelessCommon\;C:\Program Files\Git\cmd;C:\Program Files\nodejs\;C:\Program Files\Java\jdk1.8.0_202\bin;C:\Program Files\MySQL\mysql-connector-j-8.1.0;C:\Program Files\Java\jdk-21;C:\Program Files\MySQL\MySQL Shell 8.0\bin\;C:\Users\vijay\AppData\Local\Microsoft\WindowsApps;C:\Users\vijay\AppData\Local\Programs\Microsoft VS Code\bin;C:\Users\vijay\AppData\Roaming\npm;C:\Program Files\Java\jdk1.8.0_202\bin;C:\Program Files\Java\jdk-21;
USERNAME=vijay
OS=Windows_NT
PROCESSOR_IDENTIFIER=Intel64 Family 6 Model 142 Stepping 10, GenuineIntel
TMP=C:\Users\vijay\AppData\Local\Temp
TEMP=C:\Users\vijay\AppData\Local\Temp



Periodic native trim disabled


---------------  S Y S T E M  ---------------

OS:
 Windows 10 , 64 bit Build 19041 (10.0.19041.3636)
OS uptime: 4 days 17:33 hours

CPU: total 8 (initial active 8) (4 cores per cpu, 2 threads per core) family 6 model 142 stepping 10 microcode 0xf0, cx8, cmov, fxsr, ht, mmx, 3dnowpref, sse, sse2, sse3, ssse3, sse4.1, sse4.2, popcnt, lzcnt, tsc, tscinvbit, avx, avx2, aes, erms, clmul, bmi1, bmi2, adx, fma, vzeroupper, clflush, clflushopt
Processor Information for all 8 processors :
  Max Mhz: 1800, Current Mhz: 1600, Mhz Limit: 1584

Memory: 4k page, system-wide physical 16238M (9385M free)
TotalPageFile size 18670M (AvailPageFile size 10936M)
current process WorkingSet (physical memory assigned to process): 235M, peak: 236M
current process commit charge ("private bytes"): 276M, peak: 365M

vm_info: OpenJDK 64-Bit Server VM (17.0.9+9) for windows-amd64 JRE (17.0.9+9), built on Oct 26 2023 14:01:42 by "admin" with MS VC++ 16.10 / 16.11 (VS2019)

END.
