#
# A fatal error has been detected by the Java Runtime Environment:
#
#  EXCEPTION_ACCESS_VIOLATION (0xc0000005) at pc=0x00007ffb246acac8, pid=6440, tid=2476
#
# JRE version: OpenJDK Runtime Environment Temurin-17.0.9+9 (17.0.9+9) (build 17.0.9+9)
# Java VM: OpenJDK 64-Bit Server VM Temurin-17.0.9+9 (17.0.9+9, mixed mode, tiered, compressed oops, compressed class ptrs, parallel gc, windows-amd64)
# Problematic frame:
# V  [jvm.dll+0xcac8]
#
# No core dump will be written. Minidumps are not enabled by default on client versions of Windows
#
# If you would like to submit a bug report, please visit:
#   https://github.com/adoptium/adoptium-support/issues
#

---------------  S U M M A R Y ------------

Command Line: --add-modules=ALL-SYSTEM --add-opens=java.base/java.util=ALL-UNNAMED --add-opens=java.base/java.lang=ALL-UNNAMED --add-opens=java.base/sun.nio.fs=ALL-UNNAMED -Declipse.application=org.eclipse.jdt.ls.core.id1 -Dosgi.bundles.defaultStartLevel=4 -Declipse.product=org.eclipse.jdt.ls.core.product -Djava.import.generatesMetadataFilesAtProjectRoot=false -DDetectVMInstallationsJob.disabled=true -Dfile.encoding=utf8 -XX:+UseParallelGC -XX:GCTimeRatio=4 -XX:AdaptiveSizePolicyWeight=90 -Dsun.zip.disableMemoryMapping=true -Xmx1G -Xms100m -Xlog:disable -javaagent:c:\Users\vijay\.vscode\extensions\redhat.java-1.26.0-win32-x64\lombok\lombok-1.18.31-3454.jar -XX:+HeapDumpOnOutOfMemoryError -XX:HeapDumpPath=c:\Users\vijay\AppData\Roaming\Code\User\workspaceStorage\76c1107fe8591dd7646c0e0b73a37fb0\redhat.java -Daether.dependencyCollector.impl=bf c:\Users\vijay\.vscode\extensions\redhat.java-1.26.0-win32-x64\server\plugins\org.eclipse.equinox.launcher_1.6.700.v20231214-2017.jar -configuration c:\Users\vijay\AppData\Roaming\Code\User\globalStorage\redhat.java\1.26.0\config_win -data c:\Users\vijay\AppData\Roaming\Code\User\workspaceStorage\76c1107fe8591dd7646c0e0b73a37fb0\redhat.java\jdt_ws --stdio

Host: Intel(R) Core(TM) i5-8250U CPU @ 1.60GHz, 8 cores, 15G,  Windows 10 , 64 bit Build 19041 (10.0.19041.3636)
Time: Tue Jan 23 14:56:27 2024 India Standard Time elapsed time: 13307.931433 seconds (0d 3h 41m 47s)

---------------  T H R E A D  ---------------

Current thread (0x000001f3eef4d7a0):  GCTaskThread "GC Thread#0" [stack: 0x000000f282e00000,0x000000f282f00000] [id=2476]

Stack: [0x000000f282e00000,0x000000f282f00000],  sp=0x000000f282eff498,  free space=1021k
Native frames: (J=compiled Java code, j=interpreted, Vv=VM code, C=native code)
V  [jvm.dll+0xcac8]


siginfo: EXCEPTION_ACCESS_VIOLATION (0xc0000005), reading address 0x000000063210d948


Registers:
RAX=0x0000000000000001, RBX=0x00000000c6421b18, RCX=0x0000000000000003, RDX=0x00000000c6421b18
RSP=0x000000f282eff498, RBP=0x000000f282eff590, RSI=0x00000000c6521b18, RDI=0x000001f3f5cd1a10
R8 =0x000000063210d940, R9 =0x000000000003210d, R10=0x0000000000000077, R11=0x0000000000000003
R12=0x000000f282ffebf8, R13=0x0000000000000010, R14=0x000000010068f870, R15=0x00000000c6521ad0
RIP=0x00007ffb246acac8, EFLAGS=0x0000000000010202


Register to memory mapping:

RIP=0x00007ffb246acac8 jvm.dll
RAX=0x0000000000000001 is an unknown value
RBX=0x00000000c6421b18 is pointing into object: org.eclipse.jdt.internal.core.TypeParameter 
{0x00000000c6421b08} - klass: 'org/eclipse/jdt/internal/core/TypeParameter'
 - ---- fields (total size 4 words):
 - private 'parent' 'Lorg/eclipse/jdt/internal/core/JavaElement;' @12  a 'org/eclipse/jdt/internal/core/BinaryMethod'{0x00000000c64211c0} (c64211c0)
 - private 'project' 'Lorg/eclipse/jdt/internal/core/JavaProject;' @16  a 'org/eclipse/jdt/internal/core/JavaProject'{0x00000000c17864f0} (c17864f0)
 - public 'occurrenceCount' 'I' @20  1
 - protected 'name' 'Ljava/lang/String;' @24  "T"{0x00000000c6421b28} (c6421b28)
RCX=0x0000000000000003 is an unknown value
RDX=0x00000000c6421b18 is pointing into object: org.eclipse.jdt.internal.core.TypeParameter 
{0x00000000c6421b08} - klass: 'org/eclipse/jdt/internal/core/TypeParameter'
 - ---- fields (total size 4 words):
 - private 'parent' 'Lorg/eclipse/jdt/internal/core/JavaElement;' @12  a 'org/eclipse/jdt/internal/core/BinaryMethod'{0x00000000c64211c0} (c64211c0)
 - private 'project' 'Lorg/eclipse/jdt/internal/core/JavaProject;' @16  a 'org/eclipse/jdt/internal/core/JavaProject'{0x00000000c17864f0} (c17864f0)
 - public 'occurrenceCount' 'I' @20  1
 - protected 'name' 'Ljava/lang/String;' @24  "T"{0x00000000c6421b28} (c6421b28)
RSP=0x000000f282eff498 points into unknown readable memory: 0x00007ffb24d508e2 | e2 08 d5 24 fb 7f 00 00
RBP=0x000000f282eff590 points into unknown readable memory: 0x00007ffb25051018 | 18 10 05 25 fb 7f 00 00
RSI=0x00000000c6521b18 is an oop: [C 
{0x00000000c6521b18} - klass: {type array char}
 - length: 50
RDI=0x000001f3f5cd1a10 points into unknown readable memory: 0x000001f3eec70150 | 50 01 c7 ee f3 01 00 00
R8 =0x000000063210d940 is an unknown value
R9 =0x000000000003210d is an unknown value
R10=0x0000000000000077 is an unknown value
R11=0x0000000000000003 is an unknown value
R12=0x000000f282ffebf8 points into unknown readable memory: 0x0000000000000008 | 08 00 00 00 00 00 00 00
R13=0x0000000000000010 is an unknown value
R14=0x000000010068f870 is a pointer to class: 
R15=0x00000000c6521ad0 is an oop: org.eclipse.jdt.internal.compiler.classfmt.MethodInfo 
{0x00000000c6521ad0} - klass: 'org/eclipse/jdt/internal/compiler/classfmt/MethodInfo'
 - ---- fields (total size 9 words):
 - 'structOffset' 'I' @12  21906 (5592)
 - 'reference' '[B' @16  NULL (0)
 - 'constantPoolOffsets' '[I' @20  NULL (0)
 - protected 'tagBits' 'J' @24  0 (0 0)
 - protected 'version' 'J' @32  3407872 (340000 0)
 - protected 'accessFlags' 'I' @40  1
 - protected 'attributeBytes' 'I' @44  71 (47)
 - protected 'signatureUtf8Offset' 'I' @48  -1 (ffffffff)
 - protected 'descriptor' '[C' @52  
[error occurred during error reporting (printing register info), id 0xc0000005, EXCEPTION_ACCESS_VIOLATION (0xc0000005) at pc=0x00007ffb24d09513]

Top of Stack: (sp=0x000000f282eff498)
0x000000f282eff498:   00007ffb24d508e2 00000000c6521120
0x000000f282eff4a8:   0000000000000002 00000000c0e81c08
0x000000f282eff4b8:   00007ffb24d4f43f 000001f3f5cd1a10
0x000000f282eff4c8:   00007ffb24d4e192 00000000c6421b18
0x000000f282eff4d8:   00007ffb24d4ff7e 00007ffb251cc790
0x000000f282eff4e8:   00000000000003d8 000000010068f868
0x000000f282eff4f8:   00007ffb24d4ea0e 00000000c6521b04
0x000000f282eff508:   00007ffb24d4ff7e 00000000c69c1788
0x000000f282eff518:   00000000c69c1780 0000000000000000
0x000000f282eff528:   00007ffb251cc790 00000000000198de
0x000000f282eff538:   00007ffb24d502c4 00007ffb25051018
0x000000f282eff548:   000001f3f5cd1a10 00007ffb24fbbb90
0x000000f282eff558:   00000000000198e1 0000000000000000
0x000000f282eff568:   000000f200000000 000001f300000003
0x000000f282eff578:   000001f3f5cd1a10 0000000000000000
0x000000f282eff588:   0000000000000000 00007ffb25051018
0x000000f282eff598:   000001f3eef41180 000001f300000003
0x000000f282eff5a8:   000001f3f5cd1a10 0000000000000000
0x000000f282eff5b8:   0000000000000000 0000000000000006
0x000000f282eff5c8:   00000000c1cd7de8 00000000c1cd7de8
0x000000f282eff5d8:   000000000000000c 000001f3f5cd1a10
0x000000f282eff5e8:   00007ffb24d5891c 00000000c61b49f0
0x000000f282eff5f8:   00000000c1cd7ddc 000001f3f5cd1a10
0x000000f282eff608:   00000000c61b49f0 00000000c1c63dd8
0x000000f282eff618:   000000f20001c800 00007ffb25051808
0x000000f282eff628:   000000f282ffeab0 0000000000000000
0x000000f282eff638:   0000000000000000 0000000000000006
0x000000f282eff648:   000000f282ffebf0 000000f282ffebb8
0x000000f282eff658:   000000f282ffeab0 000000f282ffeab0
0x000000f282eff668:   00007ffb24d5991a 0000000000000005
0x000000f282eff678:   000000f282eff6f0 0000000000000000
0x000000f282eff688:   000001f3eef4d7a0 000000f282ffee50 

Instructions: (pc=0x00007ffb246acac8)
0x00007ffb246ac9c8:   48 83 c4 20 5e c3 cc cc 48 8b 01 c3 cc cc cc cc
0x00007ffb246ac9d8:   cc cc cc cc cc cc cc cc 4c 8b 01 4c 8b c9 48 8b
0x00007ffb246ac9e8:   0d a3 60 b6 00 ba 44 60 08 00 e9 d9 f1 ff ff cc
0x00007ffb246ac9f8:   cc cc cc cc cc cc cc cc 48 89 5c 24 08 57 48 83
0x00007ffb246aca08:   ec 20 48 8b 39 48 8b d9 48 85 3d 01 43 bb 00 75
0x00007ffb246aca18:   0e 48 8b c7 48 8b 5c 24 30 48 83 c4 20 5f c3 48
0x00007ffb246aca28:   8b cf e8 51 94 85 00 48 8b d0 48 85 c0 74 20 48
0x00007ffb246aca38:   8b c7 f0 48 0f b1 13 74 16 48 85 05 d0 42 bb 00
0x00007ffb246aca48:   74 0d 48 8b c8 f0 48 0f b1 13 48 3b c1 75 ea 48
0x00007ffb246aca58:   8b 5c 24 30 48 8b c2 48 83 c4 20 5f c3 cc cc cc
0x00007ffb246aca68:   cc cc cc cc cc cc cc cc 4c 8b 01 4c 8b c9 48 8b
0x00007ffb246aca78:   0d 13 60 b6 00 ba 64 60 08 00 e9 49 f1 ff ff cc
0x00007ffb246aca88:   cc cc cc cc cc cc cc cc 8b 05 62 a8 b0 00 c3 cc
0x00007ffb246aca98:   cc cc cc cc cc cc cc cc 0f b6 05 3d 68 b7 00 48
0x00007ffb246acaa8:   8b d1 84 c0 74 16 44 8b 41 08 8b 0d 40 a8 b0 00
0x00007ffb246acab8:   49 d3 e0 4c 03 05 2e a8 b0 00 eb 04 4c 8b 41 08
0x00007ffb246acac8:   45 8b 50 08 45 85 d2 7e 0e 41 f6 c2 01 75 53 41
0x00007ffb246acad8:   c1 fa 03 41 8b c2 c3 79 49 84 c0 b9 10 00 00 00
0x00007ffb246acae8:   8b 05 46 b7 b0 00 41 b8 0c 00 00 00 41 0f 45 c8
0x00007ffb246acaf8:   ff c8 4c 63 c8 48 63 14 11 41 8b ca 83 e1 3f 48
0x00007ffb246acb08:   d3 e2 41 8b ca 48 c1 f9 10 0f b6 c1 49 8d 0c 11
0x00007ffb246acb18:   49 f7 d1 48 03 c1 49 c1 e9 03 48 c1 e8 03 41 23
0x00007ffb246acb28:   c1 c3 49 8b 00 49 8b c8 48 ff a0 00 01 00 00 cc
0x00007ffb246acb38:   cc cc cc cc cc cc cc cc 8b 44 24 30 45 03 c9 44
0x00007ffb246acb48:   2b 4c 24 28 83 c0 0b 44 03 ca 45 03 c8 41 03 c1
0x00007ffb246acb58:   c3 cc cc cc cc cc cc cc 4c 8b ca 48 8b d1 45 8b
0x00007ffb246acb68:   41 08 45 85 c0 7e 0e 41 f6 c0 01 75 56 41 c1 f8
0x00007ffb246acb78:   03 41 8b c0 c3 79 4c 80 3d 5e 67 b7 00 00 b8 0c
0x00007ffb246acb88:   00 00 00 b9 10 00 00 00 0f 45 c8 8b 05 9b b6 b0
0x00007ffb246acb98:   00 ff c8 4c 63 c8 48 63 14 11 41 8b c8 83 e1 3f
0x00007ffb246acba8:   48 d3 e2 41 8b c8 48 c1 f9 10 0f b6 c1 49 8d 0c
0x00007ffb246acbb8:   11 49 f7 d1 48 03 c1 49 c1 e9 03 48 c1 e8 03 41 


Stack slot to memory mapping:
stack at sp + 0 slots: 0x00007ffb24d508e2 jvm.dll
stack at sp + 1 slots: 0x00000000c6521120 is an oop: [[C 
{0x00000000c6521120} - klass: {type array char}[]
 - length: 0
stack at sp + 2 slots: 0x0000000000000002 is an unknown value
stack at sp + 3 slots: 0x00000000c0e81c08 is an oop: java.lang.ref.SoftReference 
{0x00000000c0e81c08} - klass: 'java/lang/ref/SoftReference'
 - ---- fields (total size 5 words):
 - private 'referent' 'Ljava/lang/Object;' @12  NULL (0)
 - volatile 'queue' 'Ljava/lang/ref/ReferenceQueue;' @16  a 'java/lang/ref/ReferenceQueue$Null'{0x00000000c0000c10} (c0000c10)
 - volatile 'next' 'Ljava/lang/ref/Reference;' @20  NULL (0)
 - private transient 'discovered' 'Ljava/lang/ref/Reference;' @24  NULL (0)
 - private 'timestamp' 'J' @32  345996885 (149f7e55 0)
stack at sp + 4 slots: 0x00007ffb24d4f43f jvm.dll
stack at sp + 5 slots: 0x000001f3f5cd1a10 points into unknown readable memory: 0x000001f3eec70150 | 50 01 c7 ee f3 01 00 00
stack at sp + 6 slots: 0x00007ffb24d4e192 jvm.dll
stack at sp + 7 slots: 0x00000000c6421b18 is pointing into object: org.eclipse.jdt.internal.core.TypeParameter 
{0x00000000c6421b08} - klass: 'org/eclipse/jdt/internal/core/TypeParameter'
 - ---- fields (total size 4 words):
 - private 'parent' 'Lorg/eclipse/jdt/internal/core/JavaElement;' @12  a 'org/eclipse/jdt/internal/core/BinaryMethod'{0x00000000c64211c0} (c64211c0)
 - private 'project' 'Lorg/eclipse/jdt/internal/core/JavaProject;' @16  a 'org/eclipse/jdt/internal/core/JavaProject'{0x00000000c17864f0} (c17864f0)
 - public 'occurrenceCount' 'I' @20  1
 - protected 'name' 'Ljava/lang/String;' @24  "T"{0x00000000c6421b28} (c6421b28)


---------------  P R O C E S S  ---------------

Threads class SMR info:
_java_thread_list=0x000001f3fdb907c0, length=45, elements={
0x000001f3eef35610, 0x000001f3f5d1c2c0, 0x000001f3f5d1d2d0, 0x000001f3fb067020,
0x000001f3fb068550, 0x000001f3fb0693d0, 0x000001f3fb06c420, 0x000001f3fb072dc0,
0x000001f3fb074010, 0x000001f3fb07d980, 0x000001f3fb1fb0e0, 0x000001f3fb3b6d70,
0x000001f3fc893ae0, 0x000001f3fca63370, 0x000001f3fc8e46e0, 0x000001f3fce2f570,
0x000001f3fc9ff510, 0x000001f3fcdc0c30, 0x000001f3fcdc1140, 0x000001f3fcdc0720,
0x000001f3fcdbe3b0, 0x000001f38ffc9cc0, 0x000001f38ffc7e60, 0x000001f38ffc6a20,
0x000001f38ffcb100, 0x000001f38ffc4bc0, 0x000001f3fcdbf2e0, 0x000001f38f71f6e0,
0x000001f38ffc8370, 0x000001f38ffc6f30, 0x000001f38ffcabf0, 0x000001f3fc032150,
0x000001f38f721540, 0x000001f3fc033080, 0x000001f3fc037c70, 0x000001f3fc038180,
0x000001f3fc031c40, 0x000001f3fc032660, 0x000001f3fc036320, 0x000001f3fc0353f0,
0x000001f3fc032b70, 0x000001f3fc0344c0, 0x000001f3fc038690, 0x000001f3fc033aa0,
0x000001f3fc035900
}

Java Threads: ( => current thread )
  0x000001f3eef35610 JavaThread "main" [_thread_blocked, id=15756, stack(0x000000f282d00000,0x000000f282e00000)]
  0x000001f3f5d1c2c0 JavaThread "Reference Handler" daemon [_thread_blocked, id=5276, stack(0x000000f283000000,0x000000f283100000)]
  0x000001f3f5d1d2d0 JavaThread "Finalizer" daemon [_thread_blocked, id=14212, stack(0x000000f283100000,0x000000f283200000)]
  0x000001f3fb067020 JavaThread "Signal Dispatcher" daemon [_thread_blocked, id=6432, stack(0x000000f283200000,0x000000f283300000)]
  0x000001f3fb068550 JavaThread "Attach Listener" daemon [_thread_blocked, id=13804, stack(0x000000f283300000,0x000000f283400000)]
  0x000001f3fb0693d0 JavaThread "Service Thread" daemon [_thread_blocked, id=9952, stack(0x000000f283400000,0x000000f283500000)]
  0x000001f3fb06c420 JavaThread "Monitor Deflation Thread" daemon [_thread_blocked, id=16064, stack(0x000000f283500000,0x000000f283600000)]
  0x000001f3fb072dc0 JavaThread "C2 CompilerThread0" daemon [_thread_blocked, id=16112, stack(0x000000f283600000,0x000000f283700000)]
  0x000001f3fb074010 JavaThread "C1 CompilerThread0" daemon [_thread_blocked, id=12132, stack(0x000000f283700000,0x000000f283800000)]
  0x000001f3fb07d980 JavaThread "Sweeper thread" daemon [_thread_blocked, id=7912, stack(0x000000f283800000,0x000000f283900000)]
  0x000001f3fb1fb0e0 JavaThread "Common-Cleaner" daemon [_thread_blocked, id=3048, stack(0x000000f283900000,0x000000f283a00000)]
  0x000001f3fb3b6d70 JavaThread "Notification Thread" daemon [_thread_blocked, id=4252, stack(0x000000f283b00000,0x000000f283c00000)]
  0x000001f3fc893ae0 JavaThread "Active Thread: Equinox Container: 854c843e-880b-4d7d-9431-96799b3023d2" [_thread_blocked, id=12708, stack(0x000000f284300000,0x000000f284400000)]
  0x000001f3fca63370 JavaThread "Framework Event Dispatcher: Equinox Container: 854c843e-880b-4d7d-9431-96799b3023d2" daemon [_thread_blocked, id=15340, stack(0x000000f284400000,0x000000f284500000)]
  0x000001f3fc8e46e0 JavaThread "Start Level: Equinox Container: 854c843e-880b-4d7d-9431-96799b3023d2" daemon [_thread_blocked, id=6992, stack(0x000000f284500000,0x000000f284600000)]
  0x000001f3fce2f570 JavaThread "Bundle File Closer" daemon [_thread_blocked, id=8188, stack(0x000000f284800000,0x000000f284900000)]
  0x000001f3fc9ff510 JavaThread "SCR Component Actor" daemon [_thread_blocked, id=16228, stack(0x000000f283a00000,0x000000f283b00000)]
  0x000001f3fcdc0c30 JavaThread "Worker-JM" [_thread_blocked, id=9432, stack(0x000000f284900000,0x000000f284a00000)]
  0x000001f3fcdc1140 JavaThread "Java indexing" daemon [_thread_blocked, id=14928, stack(0x000000f284d00000,0x000000f284e00000)]
  0x000001f3fcdc0720 JavaThread "JNA Cleaner" daemon [_thread_blocked, id=3856, stack(0x000000f285000000,0x000000f285100000)]
  0x000001f3fcdbe3b0 JavaThread "pool-2-thread-1" [_thread_blocked, id=14996, stack(0x000000f285300000,0x000000f285400000)]
  0x000001f38ffc9cc0 JavaThread "WorkspaceEventsHandler" [_thread_blocked, id=1460, stack(0x000000f285400000,0x000000f285500000)]
  0x000001f38ffc7e60 JavaThread "pool-1-thread-1" [_thread_blocked, id=10956, stack(0x000000f285500000,0x000000f285600000)]
  0x000001f38ffc6a20 JavaThread "Java Debug Server" daemon [_thread_in_native, id=11648, stack(0x000000f282a00000,0x000000f282b00000)]
  0x000001f38ffcb100 JavaThread "RxSchedulerPurge-1" daemon [_thread_blocked, id=4228, stack(0x000000f282c00000,0x000000f282d00000)]
  0x000001f38ffc4bc0 JavaThread "RxCachedWorkerPoolEvictor-1" daemon [_thread_blocked, id=9924, stack(0x000000f284700000,0x000000f284800000)]
  0x000001f3fcdbf2e0 JavaThread "pool-5-thread-2" [_thread_in_native, id=13552, stack(0x000000f284a00000,0x000000f284b00000)]
  0x000001f38f71f6e0 JavaThread "RxNewThreadScheduler-13" daemon [_thread_blocked, id=6668, stack(0x000000f284c00000,0x000000f284d00000)]
  0x000001f38ffc8370 JavaThread "Packet Receive Manager" daemon [_thread_in_native, id=1088, stack(0x000000f285100000,0x000000f285200000)]
  0x000001f38ffc6f30 JavaThread "Packet Send Manager" daemon [_thread_blocked, id=4536, stack(0x000000f285800000,0x000000f285900000)]
  0x000001f38ffcabf0 JavaThread "Event Hub" daemon [_thread_blocked, id=13604, stack(0x000000f285600000,0x000000f285700000)]
  0x000001f3fc032150 JavaThread "Worker-40" [_thread_blocked, id=11780, stack(0x000000f285c00000,0x000000f285d00000)]
  0x000001f38f721540 JavaThread "Worker-44" [_thread_blocked, id=9204, stack(0x000000f282b00000,0x000000f282c00000)]
  0x000001f3fc033080 JavaThread "ForkJoinPool.commonPool-worker-52" daemon [_thread_blocked, id=15608, stack(0x000000f284b00000,0x000000f284c00000)]
  0x000001f3fc037c70 JavaThread "Worker-45" [_thread_blocked, id=14140, stack(0x000000f284e00000,0x000000f284f00000)]
  0x000001f3fc038180 JavaThread "ForkJoinPool.commonPool-worker-53" daemon [_thread_blocked, id=13656, stack(0x000000f284f00000,0x000000f285000000)]
  0x000001f3fc031c40 JavaThread "ForkJoinPool.commonPool-worker-54" daemon [_thread_blocked, id=14520, stack(0x000000f285200000,0x000000f285300000)]
  0x000001f3fc032660 JavaThread "ForkJoinPool.commonPool-worker-55" daemon [_thread_blocked, id=14396, stack(0x000000f285700000,0x000000f285800000)]
  0x000001f3fc036320 JavaThread "ForkJoinPool.commonPool-worker-56" daemon [_thread_blocked, id=1020, stack(0x000000f285900000,0x000000f285a00000)]
  0x000001f3fc0353f0 JavaThread "ForkJoinPool.commonPool-worker-57" daemon [_thread_blocked, id=8580, stack(0x000000f285a00000,0x000000f285b00000)]
  0x000001f3fc032b70 JavaThread "ForkJoinPool.commonPool-worker-58" daemon [_thread_blocked, id=10208, stack(0x000000f285b00000,0x000000f285c00000)]
  0x000001f3fc0344c0 JavaThread "ForkJoinPool.commonPool-worker-59" daemon [_thread_blocked, id=2284, stack(0x000000f285d00000,0x000000f285e00000)]
  0x000001f3fc038690 JavaThread "ForkJoinPool.commonPool-worker-60" daemon [_thread_blocked, id=10776, stack(0x000000f285e00000,0x000000f285f00000)]
  0x000001f3fc033aa0 JavaThread "ForkJoinPool.commonPool-worker-61" daemon [_thread_blocked, id=3564, stack(0x000000f285f00000,0x000000f286000000)]
  0x000001f3fc035900 JavaThread "ForkJoinPool.commonPool-worker-62" daemon [_thread_blocked, id=7828, stack(0x000000f286000000,0x000000f286100000)]

Other Threads:
  0x000001f3fb030c20 VMThread "VM Thread" [stack: 0x000000f282f00000,0x000000f283000000] [id=11488]
  0x000001f3fb3b6330 WatcherThread [stack: 0x000000f283c00000,0x000000f283d00000] [id=15084]
=>0x000001f3eef4d7a0 GCTaskThread "GC Thread#0" [stack: 0x000000f282e00000,0x000000f282f00000] [id=2476]
  0x000001f3fc5c56a0 GCTaskThread "GC Thread#1" [stack: 0x000000f283d00000,0x000000f283e00000] [id=14304]
  0x000001f3fc75b890 GCTaskThread "GC Thread#2" [stack: 0x000000f283e00000,0x000000f283f00000] [id=4792]
  0x000001f3fc75bb50 GCTaskThread "GC Thread#3" [stack: 0x000000f283f00000,0x000000f284000000] [id=15548]
  0x000001f3fc75be10 GCTaskThread "GC Thread#4" [stack: 0x000000f284000000,0x000000f284100000] [id=5604]
  0x000001f3fc75c0d0 GCTaskThread "GC Thread#5" [stack: 0x000000f284100000,0x000000f284200000] [id=3008]
  0x000001f3fc75c390 GCTaskThread "GC Thread#6" [stack: 0x000000f284200000,0x000000f284300000] [id=5516]
  0x000001f3fc954070 GCTaskThread "GC Thread#7" [stack: 0x000000f284600000,0x000000f284700000] [id=14672]

Threads with active compile tasks:

VM state: at safepoint (normal execution)

VM Mutex/Monitor currently owned by a thread:  ([mutex/lock_event])
[0x000001f3eef316e0] Threads_lock - owner thread: 0x000001f3fb030c20
[0x000001f3eef2fe20] Heap_lock - owner thread: 0x000001f3fc038180

Heap address: 0x00000000c0000000, size: 1024 MB, Compressed Oops mode: 32-bit

CDS archive(s) not mapped
Compressed class space mapped at: 0x0000000100000000-0x0000000140000000, reserved size: 1073741824
Narrow klass base: 0x0000000000000000, Narrow klass shift: 3, Narrow klass range: 0x140000000

GC Precious Log:
 CPUs: 8 total, 8 available
 Memory: 16238M
 Large Page Support: Disabled
 NUMA Support: Disabled
 Compressed Oops: Enabled (32-bit)
 Alignments: Space 512K, Generation 512K, Heap 2M
 Heap Min Capacity: 100M
 Heap Initial Capacity: 100M
 Heap Max Capacity: 1G
 Pre-touch: Disabled
 Parallel Workers: 8

Heap:
 PSYoungGen      total 4096K, used 634K [0x00000000eab00000, 0x00000000eb100000, 0x0000000100000000)
  eden space 3072K, 0% used [0x00000000eab00000,0x00000000eab00000,0x00000000eae00000)
  from space 1024K, 61% used [0x00000000eae00000,0x00000000eae9e900,0x00000000eaf00000)
  to   space 1024K, 0% used [0x00000000eb000000,0x00000000eb000000,0x00000000eb100000)
 ParOldGen       total 177152K, used 176648K [0x00000000c0000000, 0x00000000cad00000, 0x00000000eab00000)
  object space 177152K, 99% used [0x00000000c0000000,0x00000000cac82260,0x00000000cad00000)
 Metaspace       used 97469K, committed 98816K, reserved 1179648K
  class space    used 10108K, committed 10752K, reserved 1048576K

Card table byte_map: [0x000001f3f3590000,0x000001f3f37a0000] _byte_map_base: 0x000001f3f2f90000

Marking Bits: (ParMarkBitMap*) 0x00007ffb2523d0b0
 Begin Bits: [0x000001f3f3900000, 0x000001f3f4900000)
 End Bits:   [0x000001f3f4900000, 0x000001f3f5900000)

Polling page: 0x000001f3eeff0000

Metaspace:

Usage:
  Non-class:     85.31 MB used.
      Class:      9.87 MB used.
       Both:     95.19 MB used.

Virtual space:
  Non-class space:      128.00 MB reserved,      86.00 MB ( 67%) committed,  2 nodes.
      Class space:        1.00 GB reserved,      10.50 MB (  1%) committed,  1 nodes.
             Both:        1.12 GB reserved,      96.50 MB (  8%) committed. 

Chunk freelists:
   Non-Class:  9.34 MB
       Class:  5.48 MB
        Both:  14.82 MB

MaxMetaspaceSize: unlimited
CompressedClassSpaceSize: 1.00 GB
Initial GC threshold: 21.00 MB
Current GC threshold: 160.56 MB
CDS: off
MetaspaceReclaimPolicy: balanced
 - commit_granule_bytes: 65536.
 - commit_granule_words: 8192.
 - virtual_space_node_default_size: 8388608.
 - enlarge_chunks_in_place: 1.
 - new_chunks_are_fully_committed: 0.
 - uncommit_free_chunks: 1.
 - use_allocation_guard: 0.
 - handle_deallocations: 1.


Internal statistics:

num_allocs_failed_limit: 9.
num_arena_births: 1582.
num_arena_deaths: 672.
num_vsnodes_births: 3.
num_vsnodes_deaths: 0.
num_space_committed: 1545.
num_space_uncommitted: 1.
num_chunks_returned_to_freelist: 845.
num_chunks_taken_from_freelist: 6270.
num_chunk_merges: 325.
num_chunk_splits: 3521.
num_chunks_enlarged: 1769.
num_inconsistent_stats: 0.

CodeHeap 'non-profiled nmethods': size=120000Kb used=20546Kb max_used=20625Kb free=99454Kb
 bounds [0x000001f387ad0000, 0x000001f388f00000, 0x000001f38f000000]
CodeHeap 'profiled nmethods': size=120000Kb used=38376Kb max_used=38376Kb free=81623Kb
 bounds [0x000001f380000000, 0x000001f382590000, 0x000001f387530000]
CodeHeap 'non-nmethods': size=5760Kb used=1459Kb max_used=1585Kb free=4300Kb
 bounds [0x000001f387530000, 0x000001f3877a0000, 0x000001f387ad0000]
 total_blobs=19157 nmethods=18337 adapters=726
 compilation: enabled
              stopped_count=0, restarted_count=0
 full_count=0

Compilation events (20 events):
Event: 11815.271 Thread 0x000001f3fb074010 24383       1       com.microsoft.java.debug.core.adapter.DebugAdapterContext::getLaunchMode (5 bytes)
Event: 11815.271 Thread 0x000001f3fb074010 nmethod 24383 0x000001f38827b390 code [0x000001f38827b520, 0x000001f38827b5f8]
Event: 11822.783 Thread 0x000001f3fb074010 24384       1       org.eclipse.core.internal.jobs.InternalJob::internalSetPriority (6 bytes)
Event: 11822.783 Thread 0x000001f3fb074010 nmethod 24384 0x000001f38827ae10 code [0x000001f38827afa0, 0x000001f38827b078]
Event: 11831.598 Thread 0x000001f3fb072dc0 24385       4       java.lang.ref.WeakReference::<init> (7 bytes)
Event: 11831.599 Thread 0x000001f3fb072dc0 nmethod 24385 0x000001f388299110 code [0x000001f388299280, 0x000001f388299338]
Event: 12722.785 Thread 0x000001f3fb074010 24386       3       org.eclipse.core.internal.resources.MarkerAttributeMap::shareStrings (92 bytes)
Event: 12722.787 Thread 0x000001f3fb074010 nmethod 24386 0x000001f382582190 code [0x000001f382582400, 0x000001f382583258]
Event: 13305.761 Thread 0x000001f3fb072dc0 24387       4       org.eclipse.jdt.internal.core.SourceRefElement::getOpenableParent (33 bytes)
Event: 13305.763 Thread 0x000001f3fb072dc0 nmethod 24387 0x000001f388298c90 code [0x000001f388298e20, 0x000001f388298f78]
Event: 13307.545 Thread 0x000001f3fb072dc0 24388       4       org.eclipse.core.runtime.NullProgressMonitor::beginTask (1 bytes)
Event: 13307.545 Thread 0x000001f3fb072dc0 nmethod 24388 0x000001f388298990 code [0x000001f388298b00, 0x000001f388298b78]
Event: 13307.554 Thread 0x000001f3fb072dc0 24389       4       org.eclipse.jdt.internal.compiler.ast.NormalAnnotation::computeElementValuePairs (57 bytes)
Event: 13307.557 Thread 0x000001f3fb072dc0 nmethod 24389 0x000001f388298410 code [0x000001f3882985a0, 0x000001f3882987f8]
Event: 13307.557 Thread 0x000001f3fb072dc0 24390       4       org.eclipse.jdt.internal.compiler.lookup.InferenceVariable::hashCode (55 bytes)
Event: 13307.562 Thread 0x000001f3fb072dc0 nmethod 24390 0x000001f388297c90 code [0x000001f388297e40, 0x000001f388298168]
Event: 13307.795 Thread 0x000001f3fb072dc0 24391       4       org.eclipse.jdt.internal.compiler.util.SimpleSet::remove (106 bytes)
Event: 13307.838 Thread 0x000001f3fb072dc0 nmethod 24391 0x000001f388296210 code [0x000001f388296400, 0x000001f388297448]
Event: 13307.860 Thread 0x000001f3fb072dc0 24392       4       org.eclipse.jdt.internal.compiler.parser.Parser::consumePrimaryNoNewArrayThis (32 bytes)
Event: 13307.862 Thread 0x000001f3fb072dc0 nmethod 24392 0x000001f388295a90 code [0x000001f388295c20, 0x000001f388295e98]

GC Heap History (20 events):
Event: 13307.831 GC heap after
{Heap after GC invocations=2478 (full 73):
 PSYoungGen      total 4608K, used 4096K [0x00000000eab00000, 0x00000000ec280000, 0x0000000100000000)
  eden space 512K, 0% used [0x00000000eab00000,0x00000000eab00000,0x00000000eab80000)
  from space 4096K, 100% used [0x00000000eb400000,0x00000000eb800000,0x00000000eb800000)
  to   space 8704K, 0% used [0x00000000eab80000,0x00000000eab80000,0x00000000eb400000)
 ParOldGen       total 176640K, used 166921K [0x00000000c0000000, 0x00000000cac80000, 0x00000000eab00000)
  object space 176640K, 94% used [0x00000000c0000000,0x00000000ca302740,0x00000000cac80000)
 Metaspace       used 97469K, committed 98816K, reserved 1179648K
  class space    used 10108K, committed 10752K, reserved 1048576K
}
Event: 13307.833 GC heap before
{Heap before GC invocations=2479 (full 73):
 PSYoungGen      total 4608K, used 4607K [0x00000000eab00000, 0x00000000ec280000, 0x0000000100000000)
  eden space 512K, 99% used [0x00000000eab00000,0x00000000eab7ffc0,0x00000000eab80000)
  from space 4096K, 100% used [0x00000000eb400000,0x00000000eb800000,0x00000000eb800000)
  to   space 8704K, 0% used [0x00000000eab80000,0x00000000eab80000,0x00000000eb400000)
 ParOldGen       total 176640K, used 166921K [0x00000000c0000000, 0x00000000cac80000, 0x00000000eab00000)
  object space 176640K, 94% used [0x00000000c0000000,0x00000000ca302740,0x00000000cac80000)
 Metaspace       used 97469K, committed 98816K, reserved 1179648K
  class space    used 10108K, committed 10752K, reserved 1048576K
}
Event: 13307.837 GC heap after
{Heap after GC invocations=2479 (full 73):
 PSYoungGen      total 1024K, used 512K [0x00000000eab00000, 0x00000000eb480000, 0x0000000100000000)
  eden space 512K, 0% used [0x00000000eab00000,0x00000000eab00000,0x00000000eab80000)
  from space 512K, 100% used [0x00000000eab80000,0x00000000eac00000,0x00000000eac00000)
  to   space 3584K, 0% used [0x00000000eb100000,0x00000000eb100000,0x00000000eb480000)
 ParOldGen       total 176640K, used 171081K [0x00000000c0000000, 0x00000000cac80000, 0x00000000eab00000)
  object space 176640K, 96% used [0x00000000c0000000,0x00000000ca712740,0x00000000cac80000)
 Metaspace       used 97469K, committed 98816K, reserved 1179648K
  class space    used 10108K, committed 10752K, reserved 1048576K
}
Event: 13307.838 GC heap before
{Heap before GC invocations=2480 (full 73):
 PSYoungGen      total 1024K, used 1024K [0x00000000eab00000, 0x00000000eb480000, 0x0000000100000000)
  eden space 512K, 100% used [0x00000000eab00000,0x00000000eab80000,0x00000000eab80000)
  from space 512K, 100% used [0x00000000eab80000,0x00000000eac00000,0x00000000eac00000)
  to   space 3584K, 0% used [0x00000000eb100000,0x00000000eb100000,0x00000000eb480000)
 ParOldGen       total 176640K, used 171081K [0x00000000c0000000, 0x00000000cac80000, 0x00000000eab00000)
  object space 176640K, 96% used [0x00000000c0000000,0x00000000ca712740,0x00000000cac80000)
 Metaspace       used 97469K, committed 98816K, reserved 1179648K
  class space    used 10108K, committed 10752K, reserved 1048576K
}
Event: 13307.839 GC heap after
{Heap after GC invocations=2480 (full 73):
 PSYoungGen      total 2048K, used 608K [0x00000000eab00000, 0x00000000eb200000, 0x0000000100000000)
  eden space 1024K, 0% used [0x00000000eab00000,0x00000000eab00000,0x00000000eac00000)
  from space 1024K, 59% used [0x00000000eb100000,0x00000000eb198000,0x00000000eb200000)
  to   space 1536K, 0% used [0x00000000eaf00000,0x00000000eaf00000,0x00000000eb080000)
 ParOldGen       total 176640K, used 171537K [0x00000000c0000000, 0x00000000cac80000, 0x00000000eab00000)
  object space 176640K, 97% used [0x00000000c0000000,0x00000000ca784740,0x00000000cac80000)
 Metaspace       used 97469K, committed 98816K, reserved 1179648K
  class space    used 10108K, committed 10752K, reserved 1048576K
}
Event: 13307.842 GC heap before
{Heap before GC invocations=2481 (full 73):
 PSYoungGen      total 2048K, used 1632K [0x00000000eab00000, 0x00000000eb200000, 0x0000000100000000)
  eden space 1024K, 100% used [0x00000000eab00000,0x00000000eac00000,0x00000000eac00000)
  from space 1024K, 59% used [0x00000000eb100000,0x00000000eb198000,0x00000000eb200000)
  to   space 1536K, 0% used [0x00000000eaf00000,0x00000000eaf00000,0x00000000eb080000)
 ParOldGen       total 176640K, used 171537K [0x00000000c0000000, 0x00000000cac80000, 0x00000000eab00000)
  object space 176640K, 97% used [0x00000000c0000000,0x00000000ca784740,0x00000000cac80000)
 Metaspace       used 97469K, committed 98816K, reserved 1179648K
  class space    used 10108K, committed 10752K, reserved 1048576K
}
Event: 13307.844 GC heap after
{Heap after GC invocations=2481 (full 73):
 PSYoungGen      total 2560K, used 1024K [0x00000000eab00000, 0x00000000eb180000, 0x0000000100000000)
  eden space 1536K, 0% used [0x00000000eab00000,0x00000000eab00000,0x00000000eac80000)
  from space 1024K, 100% used [0x00000000eaf00000,0x00000000eb000000,0x00000000eb000000)
  to   space 1536K, 0% used [0x00000000eb000000,0x00000000eb000000,0x00000000eb180000)
 ParOldGen       total 176640K, used 172001K [0x00000000c0000000, 0x00000000cac80000, 0x00000000eab00000)
  object space 176640K, 97% used [0x00000000c0000000,0x00000000ca7f8740,0x00000000cac80000)
 Metaspace       used 97469K, committed 98816K, reserved 1179648K
  class space    used 10108K, committed 10752K, reserved 1048576K
}
Event: 13307.848 GC heap before
{Heap before GC invocations=2482 (full 73):
 PSYoungGen      total 2560K, used 2560K [0x00000000eab00000, 0x00000000eb180000, 0x0000000100000000)
  eden space 1536K, 100% used [0x00000000eab00000,0x00000000eac80000,0x00000000eac80000)
  from space 1024K, 100% used [0x00000000eaf00000,0x00000000eb000000,0x00000000eb000000)
  to   space 1536K, 0% used [0x00000000eb000000,0x00000000eb000000,0x00000000eb180000)
 ParOldGen       total 176640K, used 172001K [0x00000000c0000000, 0x00000000cac80000, 0x00000000eab00000)
  object space 176640K, 97% used [0x00000000c0000000,0x00000000ca7f8740,0x00000000cac80000)
 Metaspace       used 97469K, committed 98816K, reserved 1179648K
  class space    used 10108K, committed 10752K, reserved 1048576K
}
Event: 13307.850 GC heap after
{Heap after GC invocations=2482 (full 73):
 PSYoungGen      total 3584K, used 1536K [0x00000000eab00000, 0x00000000eb300000, 0x0000000100000000)
  eden space 2048K, 0% used [0x00000000eab00000,0x00000000eab00000,0x00000000ead00000)
  from space 1536K, 100% used [0x00000000eb000000,0x00000000eb180000,0x00000000eb180000)
  to   space 3072K, 0% used [0x00000000ead00000,0x00000000ead00000,0x00000000eb000000)
 ParOldGen       total 176640K, used 172929K [0x00000000c0000000, 0x00000000cac80000, 0x00000000eab00000)
  object space 176640K, 97% used [0x00000000c0000000,0x00000000ca8e0740,0x00000000cac80000)
 Metaspace       used 97469K, committed 98816K, reserved 1179648K
  class space    used 10108K, committed 10752K, reserved 1048576K
}
Event: 13307.857 GC heap before
{Heap before GC invocations=2483 (full 73):
 PSYoungGen      total 3584K, used 3584K [0x00000000eab00000, 0x00000000eb300000, 0x0000000100000000)
  eden space 2048K, 100% used [0x00000000eab00000,0x00000000ead00000,0x00000000ead00000)
  from space 1536K, 100% used [0x00000000eb000000,0x00000000eb180000,0x00000000eb180000)
  to   space 3072K, 0% used [0x00000000ead00000,0x00000000ead00000,0x00000000eb000000)
 ParOldGen       total 176640K, used 172929K [0x00000000c0000000, 0x00000000cac80000, 0x00000000eab00000)
  object space 176640K, 97% used [0x00000000c0000000,0x00000000ca8e0740,0x00000000cac80000)
 Metaspace       used 97469K, committed 98816K, reserved 1179648K
  class space    used 10108K, committed 10752K, reserved 1048576K
}
Event: 13307.859 GC heap after
{Heap after GC invocations=2483 (full 73):
 PSYoungGen      total 3072K, used 980K [0x00000000eab00000, 0x00000000eb080000, 0x0000000100000000)
  eden space 2048K, 0% used [0x00000000eab00000,0x00000000eab00000,0x00000000ead00000)
  from space 1024K, 95% used [0x00000000ead00000,0x00000000eadf5220,0x00000000eae00000)
  to   space 1536K, 0% used [0x00000000eaf00000,0x00000000eaf00000,0x00000000eb080000)
 ParOldGen       total 176640K, used 174441K [0x00000000c0000000, 0x00000000cac80000, 0x00000000eab00000)
  object space 176640K, 98% used [0x00000000c0000000,0x00000000caa5a740,0x00000000cac80000)
 Metaspace       used 97469K, committed 98816K, reserved 1179648K
  class space    used 10108K, committed 10752K, reserved 1048576K
}
Event: 13307.864 GC heap before
{Heap before GC invocations=2484 (full 73):
 PSYoungGen      total 3072K, used 3028K [0x00000000eab00000, 0x00000000eb080000, 0x0000000100000000)
  eden space 2048K, 100% used [0x00000000eab00000,0x00000000ead00000,0x00000000ead00000)
  from space 1024K, 95% used [0x00000000ead00000,0x00000000eadf5220,0x00000000eae00000)
  to   space 1536K, 0% used [0x00000000eaf00000,0x00000000eaf00000,0x00000000eb080000)
 ParOldGen       total 176640K, used 174441K [0x00000000c0000000, 0x00000000cac80000, 0x00000000eab00000)
  object space 176640K, 98% used [0x00000000c0000000,0x00000000caa5a740,0x00000000cac80000)
 Metaspace       used 97469K, committed 98816K, reserved 1179648K
  class space    used 10108K, committed 10752K, reserved 1048576K
}
Event: 13307.865 GC heap after
{Heap after GC invocations=2484 (full 73):
 PSYoungGen      total 3584K, used 544K [0x00000000eab00000, 0x00000000eb000000, 0x0000000100000000)
  eden space 2560K, 0% used [0x00000000eab00000,0x00000000eab00000,0x00000000ead80000)
  from space 1024K, 53% used [0x00000000eaf00000,0x00000000eaf88000,0x00000000eb000000)
  to   space 1024K, 0% used [0x00000000eae00000,0x00000000eae00000,0x00000000eaf00000)
 ParOldGen       total 176640K, used 175298K [0x00000000c0000000, 0x00000000cac80000, 0x00000000eab00000)
  object space 176640K, 99% used [0x00000000c0000000,0x00000000cab30ba0,0x00000000cac80000)
 Metaspace       used 97469K, committed 98816K, reserved 1179648K
  class space    used 10108K, committed 10752K, reserved 1048576K
}
Event: 13307.874 GC heap before
{Heap before GC invocations=2485 (full 73):
 PSYoungGen      total 3584K, used 3104K [0x00000000eab00000, 0x00000000eb000000, 0x0000000100000000)
  eden space 2560K, 100% used [0x00000000eab00000,0x00000000ead80000,0x00000000ead80000)
  from space 1024K, 53% used [0x00000000eaf00000,0x00000000eaf88000,0x00000000eb000000)
  to   space 1024K, 0% used [0x00000000eae00000,0x00000000eae00000,0x00000000eaf00000)
 ParOldGen       total 176640K, used 175298K [0x00000000c0000000, 0x00000000cac80000, 0x00000000eab00000)
  object space 176640K, 99% used [0x00000000c0000000,0x00000000cab30ba0,0x00000000cac80000)
 Metaspace       used 97469K, committed 98816K, reserved 1179648K
  class space    used 10108K, committed 10752K, reserved 1048576K
}
Event: 13307.876 GC heap after
{Heap after GC invocations=2485 (full 73):
 PSYoungGen      total 4096K, used 544K [0x00000000eab00000, 0x00000000eb000000, 0x0000000100000000)
  eden space 3072K, 0% used [0x00000000eab00000,0x00000000eab00000,0x00000000eae00000)
  from space 1024K, 53% used [0x00000000eae00000,0x00000000eae88000,0x00000000eaf00000)
  to   space 1024K, 0% used [0x00000000eaf00000,0x00000000eaf00000,0x00000000eb000000)
 ParOldGen       total 176640K, used 175690K [0x00000000c0000000, 0x00000000cac80000, 0x00000000eab00000)
  object space 176640K, 99% used [0x00000000c0000000,0x00000000cab92ba0,0x00000000cac80000)
 Metaspace       used 97469K, committed 98816K, reserved 1179648K
  class space    used 10108K, committed 10752K, reserved 1048576K
}
Event: 13307.887 GC heap before
{Heap before GC invocations=2486 (full 73):
 PSYoungGen      total 4096K, used 3616K [0x00000000eab00000, 0x00000000eb000000, 0x0000000100000000)
  eden space 3072K, 100% used [0x00000000eab00000,0x00000000eae00000,0x00000000eae00000)
  from space 1024K, 53% used [0x00000000eae00000,0x00000000eae88000,0x00000000eaf00000)
  to   space 1024K, 0% used [0x00000000eaf00000,0x00000000eaf00000,0x00000000eb000000)
 ParOldGen       total 176640K, used 175690K [0x00000000c0000000, 0x00000000cac80000, 0x00000000eab00000)
  object space 176640K, 99% used [0x00000000c0000000,0x00000000cab92ba0,0x00000000cac80000)
 Metaspace       used 97469K, committed 98816K, reserved 1179648K
  class space    used 10108K, committed 10752K, reserved 1048576K
}
Event: 13307.889 GC heap after
{Heap after GC invocations=2486 (full 73):
 PSYoungGen      total 4096K, used 820K [0x00000000eab00000, 0x00000000eb100000, 0x0000000100000000)
  eden space 3072K, 0% used [0x00000000eab00000,0x00000000eab00000,0x00000000eae00000)
  from space 1024K, 80% used [0x00000000eaf00000,0x00000000eafcd200,0x00000000eb000000)
  to   space 1024K, 0% used [0x00000000eae00000,0x00000000eae00000,0x00000000eaf00000)
 ParOldGen       total 176640K, used 176082K [0x00000000c0000000, 0x00000000cac80000, 0x00000000eab00000)
  object space 176640K, 99% used [0x00000000c0000000,0x00000000cabf4ba0,0x00000000cac80000)
 Metaspace       used 97469K, committed 98816K, reserved 1179648K
  class space    used 10108K, committed 10752K, reserved 1048576K
}
Event: 13307.893 GC heap before
{Heap before GC invocations=2487 (full 73):
 PSYoungGen      total 4096K, used 3892K [0x00000000eab00000, 0x00000000eb100000, 0x0000000100000000)
  eden space 3072K, 100% used [0x00000000eab00000,0x00000000eae00000,0x00000000eae00000)
  from space 1024K, 80% used [0x00000000eaf00000,0x00000000eafcd200,0x00000000eb000000)
  to   space 1024K, 0% used [0x00000000eae00000,0x00000000eae00000,0x00000000eaf00000)
 ParOldGen       total 176640K, used 176082K [0x00000000c0000000, 0x00000000cac80000, 0x00000000eab00000)
  object space 176640K, 99% used [0x00000000c0000000,0x00000000cabf4ba0,0x00000000cac80000)
 Metaspace       used 97469K, committed 98816K, reserved 1179648K
  class space    used 10108K, committed 10752K, reserved 1048576K
}
Event: 13307.895 GC heap after
{Heap after GC invocations=2487 (full 73):
 PSYoungGen      total 4096K, used 634K [0x00000000eab00000, 0x00000000eb100000, 0x0000000100000000)
  eden space 3072K, 0% used [0x00000000eab00000,0x00000000eab00000,0x00000000eae00000)
  from space 1024K, 61% used [0x00000000eae00000,0x00000000eae9e900,0x00000000eaf00000)
  to   space 1024K, 0% used [0x00000000eb000000,0x00000000eb000000,0x00000000eb100000)
 ParOldGen       total 177152K, used 176648K [0x00000000c0000000, 0x00000000cad00000, 0x00000000eab00000)
  object space 177152K, 99% used [0x00000000c0000000,0x00000000cac82260,0x00000000cad00000)
 Metaspace       used 97469K, committed 98816K, reserved 1179648K
  class space    used 10108K, committed 10752K, reserved 1048576K
}
Event: 13307.895 GC heap before
{Heap before GC invocations=2488 (full 74):
 PSYoungGen      total 4096K, used 634K [0x00000000eab00000, 0x00000000eb100000, 0x0000000100000000)
  eden space 3072K, 0% used [0x00000000eab00000,0x00000000eab00000,0x00000000eae00000)
  from space 1024K, 61% used [0x00000000eae00000,0x00000000eae9e900,0x00000000eaf00000)
  to   space 1024K, 0% used [0x00000000eb000000,0x00000000eb000000,0x00000000eb100000)
 ParOldGen       total 177152K, used 176648K [0x00000000c0000000, 0x00000000cad00000, 0x00000000eab00000)
  object space 177152K, 99% used [0x00000000c0000000,0x00000000cac82260,0x00000000cad00000)
 Metaspace       used 97469K, committed 98816K, reserved 1179648K
  class space    used 10108K, committed 10752K, reserved 1048576K
}

Dll operation events (11 events):
Event: 0.034 Loaded shared library c:\Users\vijay\.vscode\extensions\redhat.java-1.26.0-win32-x64\jre\17.0.9-win32-x86_64\bin\java.dll
Event: 0.267 Loaded shared library c:\Users\vijay\.vscode\extensions\redhat.java-1.26.0-win32-x64\jre\17.0.9-win32-x86_64\bin\zip.dll
Event: 0.272 Loaded shared library C:\Users\vijay\.vscode\extensions\redhat.java-1.26.0-win32-x64\jre\17.0.9-win32-x86_64\bin\instrument.dll
Event: 0.290 Loaded shared library C:\Users\vijay\.vscode\extensions\redhat.java-1.26.0-win32-x64\jre\17.0.9-win32-x86_64\bin\net.dll
Event: 0.293 Loaded shared library C:\Users\vijay\.vscode\extensions\redhat.java-1.26.0-win32-x64\jre\17.0.9-win32-x86_64\bin\nio.dll
Event: 0.303 Loaded shared library C:\Users\vijay\.vscode\extensions\redhat.java-1.26.0-win32-x64\jre\17.0.9-win32-x86_64\bin\zip.dll
Event: 0.327 Loaded shared library C:\Users\vijay\.vscode\extensions\redhat.java-1.26.0-win32-x64\jre\17.0.9-win32-x86_64\bin\jimage.dll
Event: 0.430 Loaded shared library c:\Users\vijay\.vscode\extensions\redhat.java-1.26.0-win32-x64\jre\17.0.9-win32-x86_64\bin\verify.dll
Event: 1.864 Loaded shared library C:\Users\vijay\AppData\Roaming\Code\User\globalStorage\redhat.java\1.26.0\config_win\org.eclipse.equinox.launcher\org.eclipse.equinox.launcher.win32.win32.x86_64_1.2.800.v20231003-1442\eclipse_11802.dll
Event: 9.384 Loaded shared library C:\Users\vijay\AppData\Local\Temp\jna-112208527\jna15450473638856280839.dll
Event: 10.236 Loaded shared library C:\Users\vijay\.vscode\extensions\redhat.java-1.26.0-win32-x64\jre\17.0.9-win32-x86_64\bin\sunmscapi.dll

Deoptimization events (20 events):
Event: 5341.029 Thread 0x000001f38f71ecc0 Uncommon trap: trap_request=0xffffffde fr.pc=0x000001f388339c50 relative=0x00000000000002f0
Event: 5341.029 Thread 0x000001f38f71ecc0 Uncommon trap: reason=class_check action=maybe_recompile pc=0x000001f388339c50 method=org.eclipse.jdt.internal.compiler.ast.ASTNode.resolvePolyExpressionArguments0(Lorg/eclipse/jdt/internal/compiler/ast/Invocation;Lorg/eclipse/jdt/internal/compiler/lookup
Event: 5341.029 Thread 0x000001f38f71ecc0 DEOPT PACKING pc=0x000001f388339c50 sp=0x000000f284bfe0d0
Event: 5341.029 Thread 0x000001f38f71ecc0 DEOPT UNPACKING pc=0x000001f3875866a3 sp=0x000000f284bfe030 mode 2
Event: 5341.033 Thread 0x000001f38f71ecc0 Uncommon trap: trap_request=0xffffff45 fr.pc=0x000001f3883346a0 relative=0x00000000000008a0
Event: 5341.033 Thread 0x000001f38f71ecc0 Uncommon trap: reason=unstable_if action=reinterpret pc=0x000001f3883346a0 method=org.eclipse.jdt.internal.compiler.parser.TypeConverter.decodeType3([CIIIIIIILjava/util/ArrayList;)Lorg/eclipse/jdt/internal/compiler/ast/TypeReference; @ 36 c2
Event: 5341.033 Thread 0x000001f38f71ecc0 DEOPT PACKING pc=0x000001f3883346a0 sp=0x000000f284bfd8f0
Event: 5341.033 Thread 0x000001f38f71ecc0 DEOPT UNPACKING pc=0x000001f3875866a3 sp=0x000000f284bfd828 mode 2
Event: 5341.056 Thread 0x000001f38f71ecc0 Uncommon trap: trap_request=0xffffffde fr.pc=0x000001f388339c50 relative=0x00000000000002f0
Event: 5341.056 Thread 0x000001f38f71ecc0 Uncommon trap: reason=class_check action=maybe_recompile pc=0x000001f388339c50 method=org.eclipse.jdt.internal.compiler.ast.ASTNode.resolvePolyExpressionArguments0(Lorg/eclipse/jdt/internal/compiler/ast/Invocation;Lorg/eclipse/jdt/internal/compiler/lookup
Event: 5341.056 Thread 0x000001f38f71ecc0 DEOPT PACKING pc=0x000001f388339c50 sp=0x000000f284bfe180
Event: 5341.056 Thread 0x000001f38f71ecc0 DEOPT UNPACKING pc=0x000001f3875866a3 sp=0x000000f284bfe0e0 mode 2
Event: 5346.474 Thread 0x000001f38f71ecc0 Uncommon trap: trap_request=0xffffffc6 fr.pc=0x000001f38852773c relative=0x000000000000075c
Event: 5346.474 Thread 0x000001f38f71ecc0 Uncommon trap: reason=bimorphic_or_optimized_type_check action=maybe_recompile pc=0x000001f38852773c method=org.eclipse.jdt.internal.core.Openable.getBuffer()Lorg/eclipse/jdt/core/IBuffer; @ 1 c2
Event: 5346.474 Thread 0x000001f38f71ecc0 DEOPT PACKING pc=0x000001f38852773c sp=0x000000f284bfe880
Event: 5346.474 Thread 0x000001f38f71ecc0 DEOPT UNPACKING pc=0x000001f3875866a3 sp=0x000000f284bfe890 mode 2
Event: 5350.649 Thread 0x000001f38f71ecc0 Uncommon trap: trap_request=0xffffffc6 fr.pc=0x000001f38852773c relative=0x000000000000075c
Event: 5350.649 Thread 0x000001f38f71ecc0 Uncommon trap: reason=bimorphic_or_optimized_type_check action=maybe_recompile pc=0x000001f38852773c method=org.eclipse.jdt.internal.core.Openable.getBuffer()Lorg/eclipse/jdt/core/IBuffer; @ 1 c2
Event: 5350.649 Thread 0x000001f38f71ecc0 DEOPT PACKING pc=0x000001f38852773c sp=0x000000f284bfe880
Event: 5350.649 Thread 0x000001f38f71ecc0 DEOPT UNPACKING pc=0x000001f3875866a3 sp=0x000000f284bfe890 mode 2

Classes unloaded (20 events):
Event: 3392.429 Thread 0x000001f3fb030c20 Unloading class 0x00000001009b8400 'jdk/internal/reflect/GeneratedMethodAccessor43'
Event: 3392.429 Thread 0x000001f3fb030c20 Unloading class 0x000000010030b400 'java/lang/invoke/LambdaForm$MH+0x000000010030b400'
Event: 3392.429 Thread 0x000001f3fb030c20 Unloading class 0x000000010030d000 'java/lang/invoke/LambdaForm$MH+0x000000010030d000'
Event: 3392.429 Thread 0x000001f3fb030c20 Unloading class 0x000000010030dc00 'java/lang/invoke/LambdaForm$MH+0x000000010030dc00'
Event: 3392.429 Thread 0x000001f3fb030c20 Unloading class 0x000000010030e800 'java/lang/invoke/LambdaForm$MH+0x000000010030e800'
Event: 3392.429 Thread 0x000001f3fb030c20 Unloading class 0x000000010030fc00 'java/lang/invoke/LambdaForm$MH+0x000000010030fc00'
Event: 3392.429 Thread 0x000001f3fb030c20 Unloading class 0x0000000100311000 'java/lang/invoke/LambdaForm$MH+0x0000000100311000'
Event: 3392.429 Thread 0x000001f3fb030c20 Unloading class 0x000000010090c400 'java/lang/invoke/LambdaForm$MH+0x000000010090c400'
Event: 3392.429 Thread 0x000001f3fb030c20 Unloading class 0x000000010090e000 'java/lang/invoke/LambdaForm$MH+0x000000010090e000'
Event: 3392.429 Thread 0x000001f3fb030c20 Unloading class 0x0000000100929800 'java/lang/invoke/LambdaForm$MH+0x0000000100929800'
Event: 3392.429 Thread 0x000001f3fb030c20 Unloading class 0x0000000100951c00 'java/lang/invoke/LambdaForm$MH+0x0000000100951c00'
Event: 4343.150 Thread 0x000001f3fb030c20 Unloading class 0x0000000100a07400 'java/lang/invoke/LambdaForm$MH+0x0000000100a07400'
Event: 4343.150 Thread 0x000001f3fb030c20 Unloading class 0x0000000100a07000 'java/lang/invoke/LambdaForm$MH+0x0000000100a07000'
Event: 4343.150 Thread 0x000001f3fb030c20 Unloading class 0x0000000100a32400 'java/lang/invoke/LambdaForm$MH+0x0000000100a32400'
Event: 4404.730 Thread 0x000001f3fb030c20 Unloading class 0x00000001009d9400 'jdk/internal/reflect/GeneratedMethodAccessor85'
Event: 4404.730 Thread 0x000001f3fb030c20 Unloading class 0x00000001009d9000 'jdk/internal/reflect/GeneratedMethodAccessor84'
Event: 4404.730 Thread 0x000001f3fb030c20 Unloading class 0x00000001009dac00 'jdk/internal/reflect/GeneratedMethodAccessor83'
Event: 4404.730 Thread 0x000001f3fb030c20 Unloading class 0x00000001009da800 'jdk/internal/reflect/GeneratedMethodAccessor82'
Event: 4404.730 Thread 0x000001f3fb030c20 Unloading class 0x00000001009fec00 'jdk/internal/reflect/GeneratedMethodAccessor81'
Event: 4404.730 Thread 0x000001f3fb030c20 Unloading class 0x0000000100929800 'jdk/internal/reflect/GeneratedMethodAccessor78'

Classes redefined (0 events):
No events

Internal exceptions (20 events):
Event: 4433.811 Thread 0x000001f3fcdc1140 Exception <a 'sun/nio/fs/WindowsException'{0x00000000eabc25c8}> (0x00000000eabc25c8) 
thrown [s\src\hotspot\share\prims\jni.cpp, line 516]
Event: 4434.006 Thread 0x000001f3fcdc1140 Exception <a 'sun/nio/fs/WindowsException'{0x00000000ead6f548}> (0x00000000ead6f548) 
thrown [s\src\hotspot\share\prims\jni.cpp, line 516]
Event: 4437.952 Thread 0x000001f38ffc7e60 Exception <a 'java/lang/ClassCastException'{0x00000000eaf84260}> (0x00000000eaf84260) 
thrown [s\src\hotspot\share\runtime\sharedRuntime.cpp, line 631]
Event: 4437.952 Thread 0x000001f38ffc7e60 Exception <a 'java/lang/ClassCastException'{0x00000000eaf846d8}> (0x00000000eaf846d8) 
thrown [s\src\hotspot\share\runtime\sharedRuntime.cpp, line 631]
Event: 4437.997 Thread 0x000001f38f71fbf0 Exception <a 'java/lang/ClassNotFoundException'{0x00000000eae9eb00}: sun/net/www/protocol/jdt/Handler> (0x00000000eae9eb00) 
thrown [s\src\hotspot\share\classfile\systemDictionary.cpp, line 256]
Event: 4437.997 Thread 0x000001f38f71fbf0 Exception <a 'java/lang/ClassNotFoundException'{0x00000000eaea11c8}: sun/net/www/protocol/jdt/Handler> (0x00000000eaea11c8) 
thrown [s\src\hotspot\share\classfile\systemDictionary.cpp, line 256]
Event: 4438.184 Thread 0x000001f3fc036320 Implicit null exception at 0x000001f388afba74 to 0x000001f388afc3f0
Event: 4440.306 Thread 0x000001f3fcdc1140 Exception <a 'sun/nio/fs/WindowsException'{0x00000000eadcb158}> (0x00000000eadcb158) 
thrown [s\src\hotspot\share\prims\jni.cpp, line 516]
Event: 4440.373 Thread 0x000001f3fcdc1140 Exception <a 'sun/nio/fs/WindowsException'{0x00000000eb224d70}> (0x00000000eb224d70) 
thrown [s\src\hotspot\share\prims\jni.cpp, line 516]
Event: 4450.409 Thread 0x000001f3fcdc1140 Exception <a 'sun/nio/fs/WindowsException'{0x00000000eae5ea60}> (0x00000000eae5ea60) 
thrown [s\src\hotspot\share\prims\jni.cpp, line 516]
Event: 4450.498 Thread 0x000001f3fcdc1140 Exception <a 'sun/nio/fs/WindowsException'{0x00000000eab915e0}> (0x00000000eab915e0) 
thrown [s\src\hotspot\share\prims\jni.cpp, line 516]
Event: 4452.272 Thread 0x000001f38ffc7e60 Exception <a 'java/lang/ClassCastException'{0x00000000ead6c698}> (0x00000000ead6c698) 
thrown [s\src\hotspot\share\runtime\sharedRuntime.cpp, line 631]
Event: 4452.272 Thread 0x000001f38ffc7e60 Exception <a 'java/lang/ClassCastException'{0x00000000ead6cb10}> (0x00000000ead6cb10) 
thrown [s\src\hotspot\share\runtime\sharedRuntime.cpp, line 631]
Event: 4452.327 Thread 0x000001f38f71fbf0 Exception <a 'java/lang/ClassNotFoundException'{0x00000000eab148a8}: sun/net/www/protocol/jdt/Handler> (0x00000000eab148a8) 
thrown [s\src\hotspot\share\classfile\systemDictionary.cpp, line 256]
Event: 4452.327 Thread 0x000001f38f71fbf0 Exception <a 'java/lang/ClassNotFoundException'{0x00000000eab16f70}: sun/net/www/protocol/jdt/Handler> (0x00000000eab16f70) 
thrown [s\src\hotspot\share\classfile\systemDictionary.cpp, line 256]
Event: 4454.139 Thread 0x000001f3fcdc1140 Exception <a 'sun/nio/fs/WindowsException'{0x00000000eaf4f918}> (0x00000000eaf4f918) 
thrown [s\src\hotspot\share\prims\jni.cpp, line 516]
Event: 4454.349 Thread 0x000001f3fcdc1140 Exception <a 'sun/nio/fs/WindowsException'{0x00000000eab30210}> (0x00000000eab30210) 
thrown [s\src\hotspot\share\prims\jni.cpp, line 516]
Event: 5262.305 Thread 0x000001f38f71fbf0 Exception <a 'java/lang/ClassNotFoundException'{0x00000000ead0aeb8}: sun/net/www/protocol/jdt/Handler> (0x00000000ead0aeb8) 
thrown [s\src\hotspot\share\classfile\systemDictionary.cpp, line 256]
Event: 5262.306 Thread 0x000001f38f71fbf0 Exception <a 'java/lang/ClassNotFoundException'{0x00000000ead0dad0}: sun/net/www/protocol/jdt/Handler> (0x00000000ead0dad0) 
thrown [s\src\hotspot\share\classfile\systemDictionary.cpp, line 256]
Event: 5341.044 Thread 0x000001f38f71ecc0 Exception <a 'java/lang/ClassNotFoundException'{0x00000000eabc30b8}: sun/net/www/protocol/jdt/Handler> (0x00000000eabc30b8) 
thrown [s\src\hotspot\share\classfile\systemDictionary.cpp, line 256]

VM Operations (20 events):
Event: 13307.821 Executing VM operation: ParallelGCFailedAllocation done
Event: 13307.828 Executing VM operation: ParallelGCFailedAllocation
Event: 13307.831 Executing VM operation: ParallelGCFailedAllocation done
Event: 13307.833 Executing VM operation: ParallelGCFailedAllocation
Event: 13307.837 Executing VM operation: ParallelGCFailedAllocation done
Event: 13307.838 Executing VM operation: ParallelGCFailedAllocation
Event: 13307.839 Executing VM operation: ParallelGCFailedAllocation done
Event: 13307.842 Executing VM operation: ParallelGCFailedAllocation
Event: 13307.844 Executing VM operation: ParallelGCFailedAllocation done
Event: 13307.848 Executing VM operation: ParallelGCFailedAllocation
Event: 13307.850 Executing VM operation: ParallelGCFailedAllocation done
Event: 13307.857 Executing VM operation: ParallelGCFailedAllocation
Event: 13307.859 Executing VM operation: ParallelGCFailedAllocation done
Event: 13307.864 Executing VM operation: ParallelGCFailedAllocation
Event: 13307.865 Executing VM operation: ParallelGCFailedAllocation done
Event: 13307.874 Executing VM operation: ParallelGCFailedAllocation
Event: 13307.876 Executing VM operation: ParallelGCFailedAllocation done
Event: 13307.887 Executing VM operation: ParallelGCFailedAllocation
Event: 13307.889 Executing VM operation: ParallelGCFailedAllocation done
Event: 13307.893 Executing VM operation: ParallelGCFailedAllocation

Events (20 events):
Event: 5470.692 Thread 0x000001f3fc038180 Thread exited: 0x000001f3fc038180
Event: 5530.704 Thread 0x000001f3fc037c70 Thread exited: 0x000001f3fc037c70
Event: 5590.719 Thread 0x000001f38f721a50 Thread exited: 0x000001f38f721a50
Event: 5650.729 Thread 0x000001f3fc033080 Thread exited: 0x000001f3fc033080
Event: 11807.590 Thread 0x000001f3fc033aa0 Thread added: 0x000001f3fc033aa0
Event: 11867.595 Thread 0x000001f3fc033aa0 Thread exited: 0x000001f3fc033aa0
Event: 12590.118 Thread 0x000001f3fc0353f0 Thread added: 0x000001f3fc0353f0
Event: 12650.242 Thread 0x000001f3fc0353f0 Thread exited: 0x000001f3fc0353f0
Event: 13304.094 Thread 0x000001f3fc033080 Thread added: 0x000001f3fc033080
Event: 13307.533 Thread 0x000001f3fc037c70 Thread added: 0x000001f3fc037c70
Event: 13307.537 Thread 0x000001f3fc038180 Thread added: 0x000001f3fc038180
Event: 13307.538 Thread 0x000001f3fc031c40 Thread added: 0x000001f3fc031c40
Event: 13307.543 Thread 0x000001f3fc032660 Thread added: 0x000001f3fc032660
Event: 13307.790 Thread 0x000001f3fc036320 Thread added: 0x000001f3fc036320
Event: 13307.805 Thread 0x000001f3fc0353f0 Thread added: 0x000001f3fc0353f0
Event: 13307.805 Thread 0x000001f3fc032b70 Thread added: 0x000001f3fc032b70
Event: 13307.806 Thread 0x000001f3fc0344c0 Thread added: 0x000001f3fc0344c0
Event: 13307.806 Thread 0x000001f3fc038690 Thread added: 0x000001f3fc038690
Event: 13307.807 Thread 0x000001f3fc033aa0 Thread added: 0x000001f3fc033aa0
Event: 13307.807 Thread 0x000001f3fc035900 Thread added: 0x000001f3fc035900


Dynamic libraries:
0x00007ff7751d0000 - 0x00007ff7751de000 	c:\Users\vijay\.vscode\extensions\redhat.java-1.26.0-win32-x64\jre\17.0.9-win32-x86_64\bin\java.exe
0x00007ffb841d0000 - 0x00007ffb843c8000 	C:\Windows\SYSTEM32\ntdll.dll
0x00007ffb833b0000 - 0x00007ffb8346d000 	C:\Windows\System32\KERNEL32.DLL
0x00007ffb81a60000 - 0x00007ffb81d56000 	C:\Windows\System32\KERNELBASE.dll
0x00007ffb82070000 - 0x00007ffb82170000 	C:\Windows\System32\ucrtbase.dll
0x00007ffb7a9b0000 - 0x00007ffb7a9cb000 	c:\Users\vijay\.vscode\extensions\redhat.java-1.26.0-win32-x64\jre\17.0.9-win32-x86_64\bin\VCRUNTIME140.dll
0x00007ffb7c510000 - 0x00007ffb7c527000 	c:\Users\vijay\.vscode\extensions\redhat.java-1.26.0-win32-x64\jre\17.0.9-win32-x86_64\bin\jli.dll
0x00007ffb82280000 - 0x00007ffb8241e000 	C:\Windows\System32\USER32.dll
0x00007ffb79120000 - 0x00007ffb793ba000 	C:\Windows\WinSxS\amd64_microsoft.windows.common-controls_6595b64144ccf1df_6.0.19041.3636_none_60b6a03d71f818d5\COMCTL32.dll
0x00007ffb82040000 - 0x00007ffb82062000 	C:\Windows\System32\win32u.dll
0x00007ffb83620000 - 0x00007ffb836be000 	C:\Windows\System32\msvcrt.dll
0x00007ffb84160000 - 0x00007ffb8418c000 	C:\Windows\System32\GDI32.dll
0x00007ffb818a0000 - 0x00007ffb819ba000 	C:\Windows\System32\gdi32full.dll
0x00007ffb819c0000 - 0x00007ffb81a5d000 	C:\Windows\System32\msvcp_win.dll
0x00007ffb83520000 - 0x00007ffb83550000 	C:\Windows\System32\IMM32.DLL
0x00007ffb7e0d0000 - 0x00007ffb7e0dc000 	c:\Users\vijay\.vscode\extensions\redhat.java-1.26.0-win32-x64\jre\17.0.9-win32-x86_64\bin\vcruntime140_1.dll
0x00007ffb58120000 - 0x00007ffb581ad000 	c:\Users\vijay\.vscode\extensions\redhat.java-1.26.0-win32-x64\jre\17.0.9-win32-x86_64\bin\msvcp140.dll
0x00007ffb246a0000 - 0x00007ffb25301000 	c:\Users\vijay\.vscode\extensions\redhat.java-1.26.0-win32-x64\jre\17.0.9-win32-x86_64\bin\server\jvm.dll
0x00007ffb82420000 - 0x00007ffb824d3000 	C:\Windows\System32\ADVAPI32.dll
0x00007ffb83ff0000 - 0x00007ffb8408f000 	C:\Windows\System32\sechost.dll
0x00007ffb82c50000 - 0x00007ffb82d76000 	C:\Windows\System32\RPCRT4.dll
0x00007ffb81fc0000 - 0x00007ffb81fe7000 	C:\Windows\System32\bcrypt.dll
0x00007ffb80de0000 - 0x00007ffb80e2b000 	C:\Windows\SYSTEM32\POWRPROF.dll
0x00007ffb68130000 - 0x00007ffb68139000 	C:\Windows\SYSTEM32\WSOCK32.dll
0x00007ffb7ec60000 - 0x00007ffb7ec87000 	C:\Windows\SYSTEM32\WINMM.dll
0x00007ffb83550000 - 0x00007ffb835bb000 	C:\Windows\System32\WS2_32.dll
0x00007ffb7b630000 - 0x00007ffb7b63a000 	C:\Windows\SYSTEM32\VERSION.dll
0x00007ffb80cb0000 - 0x00007ffb80cc2000 	C:\Windows\SYSTEM32\UMPDC.dll
0x00007ffb7f750000 - 0x00007ffb7f762000 	C:\Windows\SYSTEM32\kernel.appcore.dll
0x00007ffb7d830000 - 0x00007ffb7d83a000 	c:\Users\vijay\.vscode\extensions\redhat.java-1.26.0-win32-x64\jre\17.0.9-win32-x86_64\bin\jimage.dll
0x00007ffb7f020000 - 0x00007ffb7f204000 	C:\Windows\SYSTEM32\DBGHELP.DLL
0x00007ffb6a280000 - 0x00007ffb6a2b4000 	C:\Windows\SYSTEM32\dbgcore.DLL
0x00007ffb81f30000 - 0x00007ffb81fb2000 	C:\Windows\System32\bcryptPrimitives.dll
0x00007ffb7d800000 - 0x00007ffb7d80e000 	c:\Users\vijay\.vscode\extensions\redhat.java-1.26.0-win32-x64\jre\17.0.9-win32-x86_64\bin\instrument.dll
0x00007ffb5bd30000 - 0x00007ffb5bd55000 	c:\Users\vijay\.vscode\extensions\redhat.java-1.26.0-win32-x64\jre\17.0.9-win32-x86_64\bin\java.dll
0x00007ffb7a8d0000 - 0x00007ffb7a8e8000 	c:\Users\vijay\.vscode\extensions\redhat.java-1.26.0-win32-x64\jre\17.0.9-win32-x86_64\bin\zip.dll
0x00007ffb836d0000 - 0x00007ffb83e15000 	C:\Windows\System32\SHELL32.dll
0x00007ffb7f950000 - 0x00007ffb800eb000 	C:\Windows\SYSTEM32\windows.storage.dll
0x00007ffb83050000 - 0x00007ffb833a4000 	C:\Windows\System32\combase.dll
0x00007ffb812d0000 - 0x00007ffb812fd000 	C:\Windows\SYSTEM32\Wldp.dll
0x00007ffb83470000 - 0x00007ffb8351d000 	C:\Windows\System32\SHCORE.dll
0x00007ffb82220000 - 0x00007ffb82275000 	C:\Windows\System32\shlwapi.dll
0x00007ffb817d0000 - 0x00007ffb817f5000 	C:\Windows\SYSTEM32\profapi.dll
0x00007ffb78d80000 - 0x00007ffb78d99000 	C:\Users\vijay\.vscode\extensions\redhat.java-1.26.0-win32-x64\jre\17.0.9-win32-x86_64\bin\net.dll
0x00007ffb77f80000 - 0x00007ffb7808a000 	C:\Windows\SYSTEM32\WINHTTP.dll
0x00007ffb81030000 - 0x00007ffb8109a000 	C:\Windows\system32\mswsock.dll
0x00007ffb67d50000 - 0x00007ffb67d66000 	C:\Users\vijay\.vscode\extensions\redhat.java-1.26.0-win32-x64\jre\17.0.9-win32-x86_64\bin\nio.dll
0x00007ffb79600000 - 0x00007ffb79610000 	c:\Users\vijay\.vscode\extensions\redhat.java-1.26.0-win32-x64\jre\17.0.9-win32-x86_64\bin\verify.dll
0x00007ffb57cc0000 - 0x00007ffb57cfe000 	C:\Users\vijay\AppData\Roaming\Code\User\globalStorage\redhat.java\1.26.0\config_win\org.eclipse.equinox.launcher\org.eclipse.equinox.launcher.win32.win32.x86_64_1.2.800.v20231003-1442\eclipse_11802.dll
0x00007ffb82a80000 - 0x00007ffb82bab000 	C:\Windows\System32\ole32.dll
0x00007ffb81230000 - 0x00007ffb81248000 	C:\Windows\SYSTEM32\CRYPTSP.dll
0x00007ffb808f0000 - 0x00007ffb80924000 	C:\Windows\system32\rsaenh.dll
0x00007ffb81750000 - 0x00007ffb8177e000 	C:\Windows\SYSTEM32\USERENV.dll
0x00007ffb81220000 - 0x00007ffb8122c000 	C:\Windows\SYSTEM32\CRYPTBASE.dll
0x00007ffb80cd0000 - 0x00007ffb80d0b000 	C:\Windows\SYSTEM32\IPHLPAPI.DLL
0x00007ffb836c0000 - 0x00007ffb836c8000 	C:\Windows\System32\NSI.dll
0x00007ffb77550000 - 0x00007ffb77567000 	C:\Windows\SYSTEM32\dhcpcsvc6.DLL
0x00007ffb77b80000 - 0x00007ffb77b9d000 	C:\Windows\SYSTEM32\dhcpcsvc.DLL
0x00007ffb80d10000 - 0x00007ffb80dda000 	C:\Windows\SYSTEM32\DNSAPI.dll
0x00007ffb52760000 - 0x00007ffb527a5000 	C:\Users\vijay\AppData\Local\Temp\jna-112208527\jna15450473638856280839.dll
0x00007ffb83f60000 - 0x00007ffb83f68000 	C:\Windows\System32\PSAPI.DLL
0x00007ffb78ee0000 - 0x00007ffb78eee000 	C:\Users\vijay\.vscode\extensions\redhat.java-1.26.0-win32-x64\jre\17.0.9-win32-x86_64\bin\sunmscapi.dll
0x00007ffb81d60000 - 0x00007ffb81ebd000 	C:\Windows\System32\CRYPT32.dll
0x00007ffb81340000 - 0x00007ffb81368000 	C:\Windows\SYSTEM32\ncrypt.dll
0x00007ffb81300000 - 0x00007ffb8133b000 	C:\Windows\SYSTEM32\NTASN1.dll
0x00007ffb77bb0000 - 0x00007ffb77bba000 	C:\Windows\System32\rasadhlp.dll
0x00007ffb70000000 - 0x00007ffb70080000 	C:\Windows\System32\fwpuclnt.dll

dbghelp: loaded successfully - version: 4.0.5 - missing functions: none
symbol engine: initialized successfully - sym options: 0x614 - pdb path: .;c:\Users\vijay\.vscode\extensions\redhat.java-1.26.0-win32-x64\jre\17.0.9-win32-x86_64\bin;C:\Windows\SYSTEM32;C:\Windows\WinSxS\amd64_microsoft.windows.common-controls_6595b64144ccf1df_6.0.19041.3636_none_60b6a03d71f818d5;c:\Users\vijay\.vscode\extensions\redhat.java-1.26.0-win32-x64\jre\17.0.9-win32-x86_64\bin\server;C:\Users\vijay\AppData\Roaming\Code\User\globalStorage\redhat.java\1.26.0\config_win\org.eclipse.equinox.launcher\org.eclipse.equinox.launcher.win32.win32.x86_64_1.2.800.v20231003-1442;C:\Users\vijay\AppData\Local\Temp\jna-112208527

VM Arguments:
jvm_args: --add-modules=ALL-SYSTEM --add-opens=java.base/java.util=ALL-UNNAMED --add-opens=java.base/java.lang=ALL-UNNAMED --add-opens=java.base/sun.nio.fs=ALL-UNNAMED -Declipse.application=org.eclipse.jdt.ls.core.id1 -Dosgi.bundles.defaultStartLevel=4 -Declipse.product=org.eclipse.jdt.ls.core.product -Djava.import.generatesMetadataFilesAtProjectRoot=false -DDetectVMInstallationsJob.disabled=true -Dfile.encoding=utf8 -XX:+UseParallelGC -XX:GCTimeRatio=4 -XX:AdaptiveSizePolicyWeight=90 -Dsun.zip.disableMemoryMapping=true -Xmx1G -Xms100m -Xlog:disable -javaagent:c:\Users\vijay\.vscode\extensions\redhat.java-1.26.0-win32-x64\lombok\lombok-1.18.31-3454.jar -XX:+HeapDumpOnOutOfMemoryError -XX:HeapDumpPath=c:\Users\vijay\AppData\Roaming\Code\User\workspaceStorage\76c1107fe8591dd7646c0e0b73a37fb0\redhat.java -Daether.dependencyCollector.impl=bf 
java_command: c:\Users\vijay\.vscode\extensions\redhat.java-1.26.0-win32-x64\server\plugins\org.eclipse.equinox.launcher_1.6.700.v20231214-2017.jar -configuration c:\Users\vijay\AppData\Roaming\Code\User\globalStorage\redhat.java\1.26.0\config_win -data c:\Users\vijay\AppData\Roaming\Code\User\workspaceStorage\76c1107fe8591dd7646c0e0b73a37fb0\redhat.java\jdt_ws --stdio
java_class_path (initial): c:\Users\vijay\.vscode\extensions\redhat.java-1.26.0-win32-x64\server\plugins\org.eclipse.equinox.launcher_1.6.700.v20231214-2017.jar
Launcher Type: SUN_STANDARD

[Global flags]
    uintx AdaptiveSizePolicyWeight                 = 90                                        {product} {command line}
     intx CICompilerCount                          = 4                                         {product} {ergonomic}
    uintx GCTimeRatio                              = 4                                         {product} {command line}
     bool HeapDumpOnOutOfMemoryError               = true                                   {manageable} {command line}
    ccstr HeapDumpPath                             = c:\Users\vijay\AppData\Roaming\Code\User\workspaceStorage\76c1107fe8591dd7646c0e0b73a37fb0\redhat.java         {manageable} {command line}
   size_t InitialHeapSize                          = 104857600                                 {product} {command line}
   size_t MaxHeapSize                              = 1073741824                                {product} {command line}
   size_t MaxNewSize                               = 357564416                                 {product} {ergonomic}
   size_t MinHeapDeltaBytes                        = 524288                                    {product} {ergonomic}
   size_t MinHeapSize                              = 104857600                                 {product} {command line}
   size_t NewSize                                  = 34603008                                  {product} {ergonomic}
    uintx NonNMethodCodeHeapSize                   = 5839372                                {pd product} {ergonomic}
    uintx NonProfiledCodeHeapSize                  = 122909434                              {pd product} {ergonomic}
   size_t OldSize                                  = 70254592                                  {product} {ergonomic}
    uintx ProfiledCodeHeapSize                     = 122909434                              {pd product} {ergonomic}
    uintx ReservedCodeCacheSize                    = 251658240                              {pd product} {ergonomic}
     bool SegmentedCodeCache                       = true                                      {product} {ergonomic}
   size_t SoftMaxHeapSize                          = 1073741824                             {manageable} {ergonomic}
     bool UseCompressedClassPointers               = true                           {product lp64_product} {ergonomic}
     bool UseCompressedOops                        = true                           {product lp64_product} {ergonomic}
     bool UseLargePagesIndividualAllocation        = false                                  {pd product} {ergonomic}
     bool UseParallelGC                            = true                                      {product} {command line}

Logging:
Log output configuration:
 #0: stdout all=off uptime,level,tags
 #1: stderr all=off uptime,level,tags

Environment Variables:
JAVA_HOME=C:\Program Files\Java\jdk-21\bin
PATH=C:\Program Files\Common Files\Oracle\Java\javapath;C:\Program Files (x86)\Common Files\Oracle\Java\javapath;C:\Windows\system32;C:\Windows;C:\Windows\System32\Wbem;C:\Windows\System32\WindowsPowerShell\v1.0\;C:\Windows\System32\OpenSSH\;C:\Program Files\Intel\WiFi\bin\;C:\Program Files\Common Files\Intel\WirelessCommon\;C:\Program Files\Git\cmd;C:\Program Files\nodejs\;C:\Program Files\Java\jdk1.8.0_202\bin;C:\Program Files\MySQL\mysql-connector-j-8.1.0;C:\Program Files\Java\jdk-21;C:\Program Files\MySQL\MySQL Shell 8.0\bin\;C:\Users\vijay\AppData\Local\Microsoft\WindowsApps;C:\Users\vijay\AppData\Local\Programs\Microsoft VS Code\bin;C:\Users\vijay\AppData\Roaming\npm;C:\Program Files\Java\jdk1.8.0_202\bin;C:\Program Files\Java\jdk-21;
USERNAME=vijay
OS=Windows_NT
PROCESSOR_IDENTIFIER=Intel64 Family 6 Model 142 Stepping 10, GenuineIntel
TMP=C:\Users\vijay\AppData\Local\Temp
TEMP=C:\Users\vijay\AppData\Local\Temp



Periodic native trim disabled


---------------  S Y S T E M  ---------------

OS:
 Windows 10 , 64 bit Build 19041 (10.0.19041.3636)
OS uptime: 4 days 3:48 hours

CPU: total 8 (initial active 8) (4 cores per cpu, 2 threads per core) family 6 model 142 stepping 10 microcode 0xf0, cx8, cmov, fxsr, ht, mmx, 3dnowpref, sse, sse2, sse3, ssse3, sse4.1, sse4.2, popcnt, lzcnt, tsc, tscinvbit, avx, avx2, aes, erms, clmul, bmi1, bmi2, adx, fma, vzeroupper, clflush, clflushopt
Processor Information for all 8 processors :
  Max Mhz: 1800, Current Mhz: 1600, Mhz Limit: 1584

Memory: 4k page, system-wide physical 16238M (8823M free)
TotalPageFile size 18670M (AvailPageFile size 10180M)
current process WorkingSet (physical memory assigned to process): 486M, peak: 515M
current process commit charge ("private bytes"): 512M, peak: 553M

vm_info: OpenJDK 64-Bit Server VM (17.0.9+9) for windows-amd64 JRE (17.0.9+9), built on Oct 26 2023 14:01:42 by "admin" with MS VC++ 16.10 / 16.11 (VS2019)

END.
