#
# A fatal error has been detected by the Java Runtime Environment:
#
#  EXCEPTION_ACCESS_VIOLATION (0xc0000005) at pc=0x00007ffb8787e180, pid=3368, tid=5508
#
# JRE version: OpenJDK Runtime Environment Temurin-17.0.9+9 (17.0.9+9) (build 17.0.9+9)
# Java VM: OpenJDK 64-Bit Server VM Temurin-17.0.9+9 (17.0.9+9, mixed mode, tiered, compressed oops, compressed class ptrs, parallel gc, windows-amd64)
# Problematic frame:
# V  [jvm.dll+0x6ae180]
#
# No core dump will be written. Minidumps are not enabled by default on client versions of Windows
#
# If you would like to submit a bug report, please visit:
#   https://github.com/adoptium/adoptium-support/issues
#

---------------  S U M M A R Y ------------

Command Line: --add-modules=ALL-SYSTEM --add-opens=java.base/java.util=ALL-UNNAMED --add-opens=java.base/java.lang=ALL-UNNAMED --add-opens=java.base/sun.nio.fs=ALL-UNNAMED -Declipse.application=org.eclipse.jdt.ls.core.id1 -Dosgi.bundles.defaultStartLevel=4 -Declipse.product=org.eclipse.jdt.ls.core.product -Djava.import.generatesMetadataFilesAtProjectRoot=false -DDetectVMInstallationsJob.disabled=true -Dfile.encoding=utf8 -XX:+UseParallelGC -XX:GCTimeRatio=4 -XX:AdaptiveSizePolicyWeight=90 -Dsun.zip.disableMemoryMapping=true -Xmx1G -Xms100m -Xlog:disable -javaagent:c:\Users\vijay\.vscode\extensions\redhat.java-1.25.1-win32-x64\lombok\lombok-1.18.30.jar -XX:+HeapDumpOnOutOfMemoryError -XX:HeapDumpPath=c:\Users\vijay\AppData\Roaming\Code\User\workspaceStorage\76c1107fe8591dd7646c0e0b73a37fb0\redhat.java -Daether.dependencyCollector.impl=bf c:\Users\vijay\.vscode\extensions\redhat.java-1.25.1-win32-x64\server\plugins\org.eclipse.equinox.launcher_1.6.600.v20231106-1826.jar -configuration c:\Users\vijay\AppData\Roaming\Code\User\globalStorage\redhat.java\1.25.1\config_win -data c:\Users\vijay\AppData\Roaming\Code\User\workspaceStorage\76c1107fe8591dd7646c0e0b73a37fb0\redhat.java\jdt_ws --stdio

Host: Intel(R) Core(TM) i5-8250U CPU @ 1.60GHz, 8 cores, 15G,  Windows 10 , 64 bit Build 19041 (10.0.19041.3636)
Time: Mon Jan  8 19:44:12 2024 India Standard Time elapsed time: 21.717723 seconds (0d 0h 0m 21s)

---------------  T H R E A D  ---------------

Current thread (0x000001a433254cc0):  GCTaskThread "GC Thread#0" [stack: 0x0000004c3bd00000,0x0000004c3be00000] [id=5508]

Stack: [0x0000004c3bd00000,0x0000004c3be00000],  sp=0x0000004c3bdff720,  free space=1021k
Native frames: (J=compiled Java code, j=interpreted, Vv=VM code, C=native code)
V  [jvm.dll+0x6ae180]
V  [jvm.dll+0x6aea0e]
V  [jvm.dll+0x6b02c4]
V  [jvm.dll+0x6b4e38]
V  [jvm.dll+0x7e7e98]
V  [jvm.dll+0x6b982d]
V  [jvm.dll+0x861e7b]
V  [jvm.dll+0x861ec6]
V  [jvm.dll+0x7e3c3a]
V  [jvm.dll+0x67be35]
C  [ucrtbase.dll+0x21bb2]
C  [KERNEL32.DLL+0x17344]
C  [ntdll.dll+0x526b1]


siginfo: EXCEPTION_ACCESS_VIOLATION (0xc0000005), reading address 0xffffffffffffffff


Registers:
RAX=0x1fffffffe8008000, RBX=0x0000000000040000, RCX=0x0000000000000000, RDX=0x00000000c531bdcc
RSP=0x0000004c3bdff720, RBP=0x0000004c3bdff7e0, RSI=0x00000000c531bde0, RDI=0x000001a448eeefe0
R8 =0x000001a446bf0000, R9 =0x007fffffffa00200, R10=0x0000000000000047, R11=0x0000000000000003
R12=0x00000000000003d8, R13=0x0000004c3bdff940, R14=0x00000001004bc240, R15=0x00000000c531bdb0
RIP=0x00007ffb8787e180, EFLAGS=0x0000000000010206


Register to memory mapping:

RIP=0x00007ffb8787e180 jvm.dll
RAX=0x1fffffffe8008000 is an unknown value
RBX=0x0000000000040000 is an unknown value
RCX=0x0 is NULL
RDX=0x00000000c531bdcc is pointing into object: com.google.gson.internal.LinkedTreeMap$Node 
{0x00000000c531bdb0} - klass: 'com/google/gson/internal/LinkedTreeMap$Node'
 - ---- fields (total size 6 words):
 - 'height' 'I' @12  1
 - final 'allowNullValue' 'Z' @16  true
 - 'parent' 'Lcom/google/gson/internal/LinkedTreeMap$Node;' @20  a 'com/google/gson/internal/LinkedTreeMap$Node'{0x00000000c531bb88} (c531bb88)
 - 'left' 'Lcom/google/gson/internal/LinkedTreeMap$Node;' @24  NULL (0)
 - 'right' 'Lcom/google/gson/internal/LinkedTreeMap$Node;' @28  
[error occurred during error reporting (printing register info), id 0xc0000005, EXCEPTION_ACCESS_VIOLATION (0xc0000005) at pc=0x00007ffb8756487e]

Top of Stack: (sp=0x0000004c3bdff720)
0x0000004c3bdff720:   00000000c531c6b8 0000000100878800
0x0000004c3bdff730:   00000000c121e4a8 00007ffb8787f43f
0x0000004c3bdff740:   00000001004bc238 00007ffb8787ea0e
0x0000004c3bdff750:   00000000c531bdcc 00007ffb8787ff7e
0x0000004c3bdff760:   00000000c531c720 00000000c531c718
0x0000004c3bdff770:   0000000000000000 00007ffb87cfc790
0x0000004c3bdff780:   0000000000002258 00007ffb878802c4
0x0000004c3bdff790:   00007ffb87b81018 000001a448eeefe0
0x0000004c3bdff7a0:   00007ffb87aebb90 000000000000225a
0x0000004c3bdff7b0:   0000000000000000 0000000000000000
0x0000004c3bdff7c0:   000001a43323cd10 00007ffb879b0001
0x0000004c3bdff7d0:   0000004c3bdff801 00000000c0cece70
0x0000004c3bdff7e0:   00007ffb87b81018 000001a43324cd10
0x0000004c3bdff7f0:   000001a400000003 000001a448eeefe0
0x0000004c3bdff800:   0000000000000000 0000000000000000
0x0000004c3bdff810:   000001a43323cd10 000001a43324f368
0x0000004c3bdff820:   000001a43313e710 000001a43324ef90
0x0000004c3bdff830:   000001a43324ef80 00007ffb87884e38
0x0000004c3bdff840:   000001a448eeefe0 000001a43324ef80
0x0000004c3bdff850:   000001a43324ef90 000001a448eeefe0
0x0000004c3bdff860:   00007ffb87b81808 000001a448eeefe0
0x0000004c3bdff870:   00007ffb87b24a10 0000004c3bdff860
0x0000004c3bdff880:   0000000000000000 00000000000000eb
0x0000004c3bdff890:   0000000000000001 0000000000000001
0x0000004c3bdff8a0:   00007ffb87b81808 0000004c3beff1c0
0x0000004c3bdff8b0:   000001a4540ba8a0 00007ffb879b7e98
0x0000004c3bdff8c0:   0000000000000072 000001a4540ba9f0
0x0000004c3bdff8d0:   0000004c3bdff940 000001a448eeefe0
0x0000004c3bdff8e0:   0000004c3beff300 00007ffb8788982d
0x0000004c3bdff8f0:   0000000000000000 0000004c3bdff970
0x0000004c3bdff900:   000001a448eeefe0 0000000000000001
0x0000004c3bdff910:   0000004c3beff560 000001a43324ef80 

Instructions: (pc=0x00007ffb8787e180)
0x00007ffb8787e080:   e6 47 00 49 3b c2 74 03 48 ff e0 c3 cc cc cc cc
0x00007ffb8787e090:   80 3d 4c 52 4d 00 00 4c 8d 15 22 be 95 ff 49 8b
0x00007ffb8787e0a0:   c2 4c 8d 0d 18 be 95 ff 49 0f 45 c1 48 89 05 fd
0x00007ffb8787e0b0:   e6 47 00 49 3b c2 74 03 48 ff e0 c3 cc cc cc cc
0x00007ffb8787e0c0:   48 89 5c 24 08 57 48 83 ec 20 48 8b 1a 48 8b f9
0x00007ffb8787e0d0:   48 85 db 74 4b 4c 8b 05 04 ee 4e 00 48 8b c3 8b
0x00007ffb8787e0e0:   0d 53 a1 46 00 49 2b 00 4d 8b 40 10 48 c1 e8 03
0x00007ffb8787e0f0:   48 d3 e8 4c 8b c8 24 3f 49 c1 e9 06 0f b6 c8 4b
0x00007ffb8787e100:   8b 04 c8 48 0f a3 c8 72 17 48 8b cb e8 bf 27 00
0x00007ffb8787e110:   00 84 c0 74 0b 48 8b d3 48 8b cf e8 a0 28 00 00
0x00007ffb8787e120:   48 8b 5c 24 30 48 83 c4 20 5f c3 cc cc cc cc cc
0x00007ffb8787e130:   40 57 48 83 ec 20 8b 02 48 8b f9 85 c0 74 67 8b
0x00007ffb8787e140:   0d a3 91 46 00 4c 8b 05 94 ed 4e 00 48 89 5c 24
0x00007ffb8787e150:   30 8b d8 48 d3 e3 48 03 1d 83 91 46 00 8b 0d d5
0x00007ffb8787e160:   a0 46 00 48 8b c3 49 2b 00 4d 8b 40 10 48 c1 e8
0x00007ffb8787e170:   03 48 d3 e8 4c 8b c8 24 3f 49 c1 e9 06 0f b6 c8
0x00007ffb8787e180:   4b 8b 04 c8 48 0f a3 c8 72 17 48 8b cb e8 3e 27
0x00007ffb8787e190:   00 00 84 c0 74 0b 48 8b d3 48 8b cf e8 1f 28 00
0x00007ffb8787e1a0:   00 48 8b 5c 24 30 48 83 c4 20 5f c3 cc cc cc cc
0x00007ffb8787e1b0:   48 89 5c 24 20 56 57 41 55 41 56 41 57 48 83 ec
0x00007ffb8787e1c0:   20 4c 63 91 a0 00 00 00 4d 8b f0 4c 63 89 24 01
0x00007ffb8787e1d0:   00 00 49 83 c2 39 8b 81 20 01 00 00 4d 03 d1 48
0x00007ffb8787e1e0:   89 6c 24 58 49 03 c2 4c 89 64 24 60 4c 8b fa 4c
0x00007ffb8787e1f0:   8b e9 4a 8d 2c d5 00 00 00 00 4c 8d 24 c5 00 00
0x00007ffb8787e200:   00 00 48 03 e9 4c 03 e1 49 3b ec 73 4b 0f 1f 00
0x00007ffb8787e210:   48 63 5d 00 8b 45 04 49 03 df 48 8d 34 c3 48 3b
0x00007ffb8787e220:   de 73 2c 48 8b 3b 48 85 ff 74 1b 4d 8b 46 10 48
0x00007ffb8787e230:   8d 0d ba ee 4e 00 48 8b d7 e8 c2 4f 00 00 48 3b
0x00007ffb8787e240:   c7 74 03 48 89 03 48 83 c3 08 48 3b de 72 d4 48
0x00007ffb8787e250:   83 c5 08 49 3b ec 72 b8 49 8b 06 49 8b ce ff 50
0x00007ffb8787e260:   10 4c 8b 64 24 60 48 8b 6c 24 58 85 c0 0f 84 dc
0x00007ffb8787e270:   00 00 00 83 e8 01 0f 84 9b 00 00 00 83 e8 01 74 


Stack slot to memory mapping:
stack at sp + 0 slots: 0x00000000c531c6b8 is an oop: [B 
{0x00000000c531c6b8} - klass: {type array byte}
 - length: 34
stack at sp + 1 slots: 0x0000000100878800 is a pointer to class: 
jdk.internal.reflect.GeneratedConstructorAccessor20 {0x0000000100878808}
 - instance size:     2
 - klass size:        68
 - access:            public 
 - state:             fully_initialized
 - name:              'jdk/internal/reflect/GeneratedConstructorAccessor20'
 - super:             'jdk/internal/reflect/ConstructorAccessorImpl'
 - sub:               
 - arrays:            NULL
 - methods:           Array<T>(0x000001a461364520)
 - method ordering:   Array<T>(0x000001a449000018)
 - default_methods:   Array<T>(0x0000000000000000)
 - local interfaces:  Array<T>(0x000001a449000058)
 - trans. interfaces: Array<T>(0x000001a449060c70)
 - constants:         constant pool [118] {0x000001a461364088} for 'jdk/internal/reflect/GeneratedConstructorAccessor20' cache=0x000001a461364800
 - class loader data:  loader data: 0x000001a4513a7f20 for instance a 'jdk/internal/reflect/DelegatingClassLoader'{0x00000000c73c2528}
 - class annotations:       Array<T>(0x0000000000000000)
 - class type annotations:  Array<T>(0x0000000000000000)
 - field annotations:       Array<T>(0x0000000000000000)
 - field type annotations:  Array<T>(0x0000000000000000)
 - inner classes:     Array<T>(0x000001a449000028)
 - nest members:     Array<T>(0x000001a449000028)
 - permitted subclasses:     Array<T>(0x000001a449000028)
 - java mirror:       a 'java/lang/Class'{0x00000000c73c25b0} = 'jdk/internal/reflect/GeneratedConstructorAccessor20'
 - vtable length      6  (start addr: 0x00000001008789c8)
 - itable length      5 (start addr: 0x00000001008789f8)
 - ---- static fields (0 words):
 - ---- non-static fields (0 words):
 - non-static oop maps: 
stack at sp + 2 slots: 0x00000000c121e4a8 is an oop: java.lang.ref.SoftReference 
{0x00000000c121e4a8} - klass: 'java/lang/ref/SoftReference'
 - ---- fields (total size 5 words):
 - private 'referent' 'Ljava/lang/Object;' @12  a 'java/lang/Class$ReflectionData'{0x00000000c121e4d0} (c121e4d0)
 - volatile 'queue' 'Ljava/lang/ref/ReferenceQueue;' @16  a 'java/lang/ref/ReferenceQueue$Null'{0x00000000c00006c8} (c00006c8)
 - volatile 'next' 'Ljava/lang/ref/Reference;' @20  NULL (0)
 - private transient 'discovered' 'Ljava/lang/ref/Reference;' @24  NULL (0)
 - private 'timestamp' 'J' @32  279622603 (10aab3cb 0)
stack at sp + 3 slots: 0x00007ffb8787f43f jvm.dll
stack at sp + 4 slots: 0x00000001004bc238 is pointing into metadata
stack at sp + 5 slots: 0x00007ffb8787ea0e jvm.dll
stack at sp + 6 slots: 0x00000000c531bdcc is pointing into object: com.google.gson.internal.LinkedTreeMap$Node 
{0x00000000c531bdb0} - klass: 'com/google/gson/internal/LinkedTreeMap$Node'
 - ---- fields (total size 6 words):
 - 'height' 'I' @12  1
 - final 'allowNullValue' 'Z' @16  true
 - 'parent' 'Lcom/google/gson/internal/LinkedTreeMap$Node;' @20  a 'com/google/gson/internal/LinkedTreeMap$Node'{0x00000000c531bb88} (c531bb88)
 - 'left' 'Lcom/google/gson/internal/LinkedTreeMap$Node;' @24  NULL (0)
 - 'right' 'Lcom/google/gson/internal/LinkedTreeMap$Node;' @28  
[error occurred during error reporting (inspecting top of stack), id 0xc0000005, EXCEPTION_ACCESS_VIOLATION (0xc0000005) at pc=0x00007ffb8756487e]


---------------  P R O C E S S  ---------------

Threads class SMR info:
_java_thread_list=0x000001a454239c30, length=42, elements={
0x000001a43323cd10, 0x000001a44e2543f0, 0x000001a44e255680, 0x000001a448febbd0,
0x000001a448fec960, 0x000001a448fed6f0, 0x000001a448fee220, 0x000001a44e287360,
0x000001a44e2ea120, 0x000001a44e2ecdf0, 0x000001a44e3aed30, 0x000001a44e5e70f0,
0x000001a44fb1e970, 0x000001a44fd5a9c0, 0x000001a44fd7d4e0, 0x000001a44fd7ee30,
0x000001a44fd7f340, 0x000001a44fd7c0a0, 0x000001a44fd7cac0, 0x000001a44fd7c5b0,
0x000001a45040a070, 0x000001a44fd7e920, 0x000001a44fd7bb90, 0x000001a44fd7e410,
0x000001a44fd7d9f0, 0x000001a451c796b0, 0x000001a451c77d60, 0x000001a451c7a5e0,
0x000001a451c78270, 0x000001a451c7c950, 0x000001a451c7c440, 0x000001a451c77850,
0x000001a451c78c90, 0x000001a44e550c80, 0x000001a451c7d370, 0x000001a451c79bc0,
0x000001a451c7ce60, 0x000001a451c7a0d0, 0x000001a451c791a0, 0x000001a451c7b510,
0x000001a451c7ba20, 0x000001a451c7b000
}

Java Threads: ( => current thread )
  0x000001a43323cd10 JavaThread "main" [_thread_blocked, id=4548, stack(0x0000004c3bc00000,0x0000004c3bd00000)]
  0x000001a44e2543f0 JavaThread "Reference Handler" daemon [_thread_blocked, id=6572, stack(0x0000004c3bf00000,0x0000004c3c000000)]
  0x000001a44e255680 JavaThread "Finalizer" daemon [_thread_blocked, id=524, stack(0x0000004c3c000000,0x0000004c3c100000)]
  0x000001a448febbd0 JavaThread "Signal Dispatcher" daemon [_thread_blocked, id=7428, stack(0x0000004c3c100000,0x0000004c3c200000)]
  0x000001a448fec960 JavaThread "Attach Listener" daemon [_thread_blocked, id=15536, stack(0x0000004c3c200000,0x0000004c3c300000)]
  0x000001a448fed6f0 JavaThread "Service Thread" daemon [_thread_blocked, id=15068, stack(0x0000004c3c300000,0x0000004c3c400000)]
  0x000001a448fee220 JavaThread "Monitor Deflation Thread" daemon [_thread_blocked, id=10048, stack(0x0000004c3c400000,0x0000004c3c500000)]
  0x000001a44e287360 JavaThread "C2 CompilerThread0" daemon [_thread_blocked, id=3540, stack(0x0000004c3c500000,0x0000004c3c600000)]
  0x000001a44e2ea120 JavaThread "C1 CompilerThread0" daemon [_thread_blocked, id=15520, stack(0x0000004c3c600000,0x0000004c3c700000)]
  0x000001a44e2ecdf0 JavaThread "Sweeper thread" daemon [_thread_blocked, id=4632, stack(0x0000004c3c700000,0x0000004c3c800000)]
  0x000001a44e3aed30 JavaThread "Common-Cleaner" daemon [_thread_blocked, id=15840, stack(0x0000004c3c800000,0x0000004c3c900000)]
  0x000001a44e5e70f0 JavaThread "Notification Thread" daemon [_thread_blocked, id=7588, stack(0x0000004c3ca00000,0x0000004c3cb00000)]
  0x000001a44fb1e970 JavaThread "Active Thread: Equinox Container: 2cc90e91-ae06-4f5f-9ec8-492776b15dc6" [_thread_blocked, id=11692, stack(0x0000004c3d200000,0x0000004c3d300000)]
  0x000001a44fd5a9c0 JavaThread "Framework Event Dispatcher: Equinox Container: 2cc90e91-ae06-4f5f-9ec8-492776b15dc6" daemon [_thread_blocked, id=10092, stack(0x0000004c3d400000,0x0000004c3d500000)]
  0x000001a44fd7d4e0 JavaThread "Start Level: Equinox Container: 2cc90e91-ae06-4f5f-9ec8-492776b15dc6" daemon [_thread_blocked, id=10096, stack(0x0000004c3d500000,0x0000004c3d600000)]
  0x000001a44fd7ee30 JavaThread "Bundle File Closer" daemon [_thread_blocked, id=16244, stack(0x0000004c3d300000,0x0000004c3d400000)]
  0x000001a44fd7f340 JavaThread "SCR Component Actor" daemon [_thread_blocked, id=15888, stack(0x0000004c3d700000,0x0000004c3d800000)]
  0x000001a44fd7c0a0 JavaThread "Worker-JM" [_thread_blocked, id=2908, stack(0x0000004c3d100000,0x0000004c3d200000)]
  0x000001a44fd7cac0 JavaThread "Worker-0" [_thread_blocked, id=9152, stack(0x0000004c3d900000,0x0000004c3da00000)]
  0x000001a44fd7c5b0 JavaThread "Worker-1" [_thread_blocked, id=11760, stack(0x0000004c3da00000,0x0000004c3db00000)]
  0x000001a45040a070 JavaThread "C2 CompilerThread1" daemon [_thread_blocked, id=6400, stack(0x0000004c3db00000,0x0000004c3dc00000)]
  0x000001a44fd7e920 JavaThread "Java indexing" daemon [_thread_blocked, id=12604, stack(0x0000004c3dd00000,0x0000004c3de00000)]
  0x000001a44fd7bb90 JavaThread "JNA Cleaner" daemon [_thread_blocked, id=14060, stack(0x0000004c3dc00000,0x0000004c3dd00000)]
  0x000001a44fd7e410 JavaThread "Worker-2" [_thread_blocked, id=2756, stack(0x0000004c3e100000,0x0000004c3e200000)]
  0x000001a44fd7d9f0 JavaThread "pool-2-thread-1" [_thread_blocked, id=8648, stack(0x0000004c3e200000,0x0000004c3e300000)]
  0x000001a451c796b0 JavaThread "WorkspaceEventsHandler" [_thread_blocked, id=3724, stack(0x0000004c3e300000,0x0000004c3e400000)]
  0x000001a451c77d60 JavaThread "pool-1-thread-1" [_thread_in_native, id=4320, stack(0x0000004c3e400000,0x0000004c3e500000)]
  0x000001a451c7a5e0 JavaThread "Worker-3" [_thread_blocked, id=14872, stack(0x0000004c3e500000,0x0000004c3e600000)]
  0x000001a451c78270 JavaThread "Worker-4" [_thread_blocked, id=12024, stack(0x0000004c3e000000,0x0000004c3e100000)]
  0x000001a451c7c950 JavaThread "Worker-5" [_thread_blocked, id=13788, stack(0x0000004c3e600000,0x0000004c3e700000)]
  0x000001a451c7c440 JavaThread "ForkJoinPool.commonPool-worker-1" daemon [_thread_blocked, id=11204, stack(0x0000004c3e700000,0x0000004c3e800000)]
  0x000001a451c77850 JavaThread "ForkJoinPool.commonPool-worker-2" daemon [_thread_blocked, id=15060, stack(0x0000004c3e800000,0x0000004c3e900000)]
  0x000001a451c78c90 JavaThread "ForkJoinPool.commonPool-worker-3" daemon [_thread_blocked, id=6080, stack(0x0000004c3e900000,0x0000004c3ea00000)]
  0x000001a44e550c80 JavaThread "C2 CompilerThread2" daemon [_thread_blocked, id=3480, stack(0x0000004c3d800000,0x0000004c3d900000)]
  0x000001a451c7d370 JavaThread "ForkJoinPool.commonPool-worker-4" daemon [_thread_blocked, id=12420, stack(0x0000004c3ea00000,0x0000004c3eb00000)]
  0x000001a451c79bc0 JavaThread "ForkJoinPool.commonPool-worker-5" daemon [_thread_blocked, id=15664, stack(0x0000004c3eb00000,0x0000004c3ec00000)]
  0x000001a451c7ce60 JavaThread "ForkJoinPool.commonPool-worker-6" daemon [_thread_blocked, id=2344, stack(0x0000004c3ec00000,0x0000004c3ed00000)]
  0x000001a451c7a0d0 JavaThread "ForkJoinPool.commonPool-worker-7" daemon [_thread_blocked, id=10276, stack(0x0000004c3ed00000,0x0000004c3ee00000)]
  0x000001a451c791a0 JavaThread "Worker-6" [_thread_blocked, id=10436, stack(0x0000004c3ee00000,0x0000004c3ef00000)]
  0x000001a451c7b510 JavaThread "Worker-7" [_thread_blocked, id=3448, stack(0x0000004c3ef00000,0x0000004c3f000000)]
  0x000001a451c7ba20 JavaThread "pool-1-thread-2" [_thread_blocked, id=15156, stack(0x0000004c3f100000,0x0000004c3f200000)]
  0x000001a451c7b000 JavaThread "SCR Component Registry" daemon [_thread_blocked, id=11324, stack(0x0000004c3f000000,0x0000004c3f100000)]

Other Threads:
  0x000001a4332fecd0 VMThread "VM Thread" [stack: 0x0000004c3be00000,0x0000004c3bf00000] [id=8408]
  0x000001a44e5e75d0 WatcherThread [stack: 0x0000004c3cb00000,0x0000004c3cc00000] [id=15316]
=>0x000001a433254cc0 GCTaskThread "GC Thread#0" [stack: 0x0000004c3bd00000,0x0000004c3be00000] [id=5508]
  0x000001a44f3bc870 GCTaskThread "GC Thread#1" [stack: 0x0000004c3c900000,0x0000004c3ca00000] [id=8976]
  0x000001a44e462f30 GCTaskThread "GC Thread#2" [stack: 0x0000004c3cc00000,0x0000004c3cd00000] [id=11452]
  0x000001a44f373210 GCTaskThread "GC Thread#3" [stack: 0x0000004c3cd00000,0x0000004c3ce00000] [id=11700]
  0x000001a44f37f4a0 GCTaskThread "GC Thread#4" [stack: 0x0000004c3ce00000,0x0000004c3cf00000] [id=7888]
  0x000001a44f37f760 GCTaskThread "GC Thread#5" [stack: 0x0000004c3cf00000,0x0000004c3d000000] [id=16320]
  0x000001a44f8c7fd0 GCTaskThread "GC Thread#6" [stack: 0x0000004c3d000000,0x0000004c3d100000] [id=8544]
  0x000001a45007ec90 GCTaskThread "GC Thread#7" [stack: 0x0000004c3d600000,0x0000004c3d700000] [id=14420]

Threads with active compile tasks:
C2 CompilerThread0    21758 12171       4       org.eclipse.core.internal.resources.Workspace::newResource (168 bytes)
C2 CompilerThread1    21758 12193   !   4       org.eclipse.core.internal.resources.ProjectPreferences::silentLoad (65 bytes)
C2 CompilerThread2    21758 12200   !   4       org.eclipse.jdt.internal.compiler.parser.Scanner::getNextToken0 (2517 bytes)

VM state: at safepoint (normal execution)

VM Mutex/Monitor currently owned by a thread:  ([mutex/lock_event])
[0x000001a43322e990] Threads_lock - owner thread: 0x000001a4332fecd0
[0x000001a43322fd40] Heap_lock - owner thread: 0x000001a451c7ce60

Heap address: 0x00000000c0000000, size: 1024 MB, Compressed Oops mode: 32-bit

CDS archive(s) not mapped
Compressed class space mapped at: 0x0000000100000000-0x0000000140000000, reserved size: 1073741824
Narrow klass base: 0x0000000000000000, Narrow klass shift: 3, Narrow klass range: 0x140000000

GC Precious Log:
 CPUs: 8 total, 8 available
 Memory: 16238M
 Large Page Support: Disabled
 NUMA Support: Disabled
 Compressed Oops: Enabled (32-bit)
 Alignments: Space 512K, Generation 512K, Heap 2M
 Heap Min Capacity: 100M
 Heap Initial Capacity: 100M
 Heap Max Capacity: 1G
 Pre-touch: Disabled
 Parallel Workers: 8

Heap:
 PSYoungGen      total 7168K, used 493K [0x00000000eab00000, 0x00000000eb880000, 0x0000000100000000)
  eden space 6656K, 0% used [0x00000000eab00000,0x00000000eab00000,0x00000000eb180000)
  from space 512K, 96% used [0x00000000eb180000,0x00000000eb1fb5a0,0x00000000eb200000)
  to   space 3584K, 0% used [0x00000000eb500000,0x00000000eb500000,0x00000000eb880000)
 ParOldGen       total 142848K, used 141676K [0x00000000c0000000, 0x00000000c8b80000, 0x00000000eab00000)
  object space 142848K, 99% used [0x00000000c0000000,0x00000000c8a5b288,0x00000000c8b80000)
 Metaspace       used 77100K, committed 78464K, reserved 1179648K
  class space    used 8129K, committed 8704K, reserved 1048576K

Card table byte_map: [0x000001a446880000,0x000001a446a90000] _byte_map_base: 0x000001a446280000

Marking Bits: (ParMarkBitMap*) 0x00007ffb87d6d0b0
 Begin Bits: [0x000001a446bf0000, 0x000001a447bf0000)
 End Bits:   [0x000001a447bf0000, 0x000001a448bf0000)

Polling page: 0x000001a4330b0000

Metaspace:

Usage:
  Non-class:     67.35 MB used.
      Class:      7.94 MB used.
       Both:     75.29 MB used.

Virtual space:
  Non-class space:      128.00 MB reserved,      68.12 MB ( 53%) committed,  2 nodes.
      Class space:        1.00 GB reserved,       8.50 MB ( <1%) committed,  1 nodes.
             Both:        1.12 GB reserved,      76.62 MB (  7%) committed. 

Chunk freelists:
   Non-Class:  11.91 MB
       Class:  7.33 MB
        Both:  19.24 MB

MaxMetaspaceSize: unlimited
CompressedClassSpaceSize: 1.00 GB
Initial GC threshold: 21.00 MB
Current GC threshold: 124.06 MB
CDS: off
MetaspaceReclaimPolicy: balanced
 - commit_granule_bytes: 65536.
 - commit_granule_words: 8192.
 - virtual_space_node_default_size: 8388608.
 - enlarge_chunks_in_place: 1.
 - new_chunks_are_fully_committed: 0.
 - uncommit_free_chunks: 1.
 - use_allocation_guard: 0.
 - handle_deallocations: 1.


Internal statistics:

num_allocs_failed_limit: 9.
num_arena_births: 974.
num_arena_deaths: 26.
num_vsnodes_births: 3.
num_vsnodes_deaths: 0.
num_space_committed: 1226.
num_space_uncommitted: 0.
num_chunks_returned_to_freelist: 40.
num_chunks_taken_from_freelist: 4359.
num_chunk_merges: 16.
num_chunk_splits: 2635.
num_chunks_enlarged: 1407.
num_inconsistent_stats: 0.

CodeHeap 'non-profiled nmethods': size=120000Kb used=6208Kb max_used=6208Kb free=113791Kb
 bounds [0x000001a43f170000, 0x000001a43f790000, 0x000001a4466a0000]
CodeHeap 'profiled nmethods': size=120000Kb used=20608Kb max_used=21273Kb free=99391Kb
 bounds [0x000001a4376a0000, 0x000001a438b70000, 0x000001a43ebd0000]
CodeHeap 'non-nmethods': size=5760Kb used=1384Kb max_used=1542Kb free=4375Kb
 bounds [0x000001a43ebd0000, 0x000001a43ee40000, 0x000001a43f170000]
 total_blobs=10744 nmethods=10012 adapters=643
 compilation: enabled
              stopped_count=0, restarted_count=0
 full_count=0

Compilation events (20 events):
Event: 21.661 Thread 0x000001a44e2ea120 12226       3       org.eclipse.jdt.core.dom.TypeBinding::isAnonymous (36 bytes)
Event: 21.662 Thread 0x000001a44e2ea120 nmethod 12226 0x000001a4384eee10 code [0x000001a4384ef000, 0x000001a4384ef688]
Event: 21.662 Thread 0x000001a44e2ea120 12227       3       org.eclipse.jdt.core.dom.TypeBinding::isPrimitive (21 bytes)
Event: 21.662 Thread 0x000001a44e2ea120 nmethod 12227 0x000001a4384ee790 code [0x000001a4384ee940, 0x000001a4384eecd8]
Event: 21.663 Thread 0x000001a44e2ea120 12228       3       org.eclipse.jdt.internal.core.JavaElementDeltaBuilder::recordElementInfo (196 bytes)
Event: 21.664 Thread 0x000001a44e2ea120 nmethod 12228 0x000001a438185910 code [0x000001a438185ba0, 0x000001a438186b08]
Event: 21.665 Thread 0x000001a44e550c80 nmethod 12161 0x000001a43f77bc90 code [0x000001a43f77c020, 0x000001a43f77e720]
Event: 21.665 Thread 0x000001a44e550c80 12200   !   4       org.eclipse.jdt.internal.compiler.parser.Scanner::getNextToken0 (2517 bytes)
Event: 21.667 Thread 0x000001a44e2ea120 12229       3       org.eclipse.jdt.internal.core.JavaElement::newDoesNotExistStatus (12 bytes)
Event: 21.667 Thread 0x000001a44e2ea120 nmethod 12229 0x000001a4384ee290 code [0x000001a4384ee440, 0x000001a4384ee5e8]
Event: 21.667 Thread 0x000001a44e2ea120 12230       3       org.eclipse.core.runtime.CoreException::<init> (16 bytes)
Event: 21.668 Thread 0x000001a44e2ea120 nmethod 12230 0x000001a438185390 code [0x000001a438185540, 0x000001a4381857d8]
Event: 21.668 Thread 0x000001a44e2ea120 12231       3       org.eclipse.jdt.internal.core.JavaModel::getJavaProject (23 bytes)
Event: 21.669 Thread 0x000001a44e2ea120 nmethod 12231 0x000001a437a6b910 code [0x000001a437a6bb00, 0x000001a437a6c158]
Event: 21.669 Thread 0x000001a44e2ea120 12232       3       org.eclipse.core.internal.dtree.DataTreeLookup::newLookup (12 bytes)
Event: 21.669 Thread 0x000001a44e2ea120 nmethod 12232 0x000001a437a6b410 code [0x000001a437a6b5c0, 0x000001a437a6b7f8]
Event: 21.669 Thread 0x000001a44e2ea120 12233       3       org.eclipse.jdt.internal.core.JavaModel::getJavaProject (6 bytes)
Event: 21.670 Thread 0x000001a44e2ea120 nmethod 12233 0x000001a437a6a990 code [0x000001a437a6ab80, 0x000001a437a6b148]
Event: 21.670 Thread 0x000001a44e2ea120 12235 %     3       org.eclipse.jdt.internal.compiler.util.SimpleSet::rehash @ 23 (72 bytes)
Event: 21.670 Thread 0x000001a44e2ea120 nmethod 12235% 0x000001a437f4ff90 code [0x000001a437f50160, 0x000001a437f50538]

GC Heap History (20 events):
Event: 21.039 GC heap after
{Heap after GC invocations=96 (full 7):
 PSYoungGen      total 8192K, used 6132K [0x00000000eab00000, 0x00000000ec900000, 0x0000000100000000)
  eden space 2048K, 0% used [0x00000000eab00000,0x00000000eab00000,0x00000000ead00000)
  from space 6144K, 99% used [0x00000000eb800000,0x00000000ebdfd308,0x00000000ebe00000)
  to   space 11264K, 0% used [0x00000000ead00000,0x00000000ead00000,0x00000000eb800000)
 ParOldGen       total 142848K, used 124456K [0x00000000c0000000, 0x00000000c8b80000, 0x00000000eab00000)
  object space 142848K, 87% used [0x00000000c0000000,0x00000000c798a170,0x00000000c8b80000)
 Metaspace       used 76794K, committed 78080K, reserved 1179648K
  class space    used 8096K, committed 8640K, reserved 1048576K
}
Event: 21.081 GC heap before
{Heap before GC invocations=97 (full 7):
 PSYoungGen      total 8192K, used 8180K [0x00000000eab00000, 0x00000000ec900000, 0x0000000100000000)
  eden space 2048K, 100% used [0x00000000eab00000,0x00000000ead00000,0x00000000ead00000)
  from space 6144K, 99% used [0x00000000eb800000,0x00000000ebdfd308,0x00000000ebe00000)
  to   space 11264K, 0% used [0x00000000ead00000,0x00000000ead00000,0x00000000eb800000)
 ParOldGen       total 142848K, used 124456K [0x00000000c0000000, 0x00000000c8b80000, 0x00000000eab00000)
  object space 142848K, 87% used [0x00000000c0000000,0x00000000c798a170,0x00000000c8b80000)
 Metaspace       used 76832K, committed 78144K, reserved 1179648K
  class space    used 8099K, committed 8640K, reserved 1048576K
}
Event: 21.084 GC heap after
{Heap after GC invocations=97 (full 7):
 PSYoungGen      total 8704K, used 6424K [0x00000000eab00000, 0x00000000ebd80000, 0x0000000100000000)
  eden space 2048K, 0% used [0x00000000eab00000,0x00000000eab00000,0x00000000ead00000)
  from space 6656K, 96% used [0x00000000ead00000,0x00000000eb3461d8,0x00000000eb380000)
  to   space 8192K, 0% used [0x00000000eb580000,0x00000000eb580000,0x00000000ebd80000)
 ParOldGen       total 142848K, used 125775K [0x00000000c0000000, 0x00000000c8b80000, 0x00000000eab00000)
  object space 142848K, 88% used [0x00000000c0000000,0x00000000c7ad3e68,0x00000000c8b80000)
 Metaspace       used 76832K, committed 78144K, reserved 1179648K
  class space    used 8099K, committed 8640K, reserved 1048576K
}
Event: 21.088 GC heap before
{Heap before GC invocations=98 (full 7):
 PSYoungGen      total 8704K, used 8472K [0x00000000eab00000, 0x00000000ebd80000, 0x0000000100000000)
  eden space 2048K, 100% used [0x00000000eab00000,0x00000000ead00000,0x00000000ead00000)
  from space 6656K, 96% used [0x00000000ead00000,0x00000000eb3461d8,0x00000000eb380000)
  to   space 8192K, 0% used [0x00000000eb580000,0x00000000eb580000,0x00000000ebd80000)
 ParOldGen       total 142848K, used 125775K [0x00000000c0000000, 0x00000000c8b80000, 0x00000000eab00000)
  object space 142848K, 88% used [0x00000000c0000000,0x00000000c7ad3e68,0x00000000c8b80000)
 Metaspace       used 76832K, committed 78144K, reserved 1179648K
  class space    used 8099K, committed 8640K, reserved 1048576K
}
Event: 21.092 GC heap after
{Heap after GC invocations=98 (full 7):
 PSYoungGen      total 10240K, used 8184K [0x00000000eab00000, 0x00000000ebe80000, 0x0000000100000000)
  eden space 2048K, 0% used [0x00000000eab00000,0x00000000eab00000,0x00000000ead00000)
  from space 8192K, 99% used [0x00000000eb580000,0x00000000ebd7e1c8,0x00000000ebd80000)
  to   space 8704K, 0% used [0x00000000ead00000,0x00000000ead00000,0x00000000eb580000)
 ParOldGen       total 142848K, used 125815K [0x00000000c0000000, 0x00000000c8b80000, 0x00000000eab00000)
  object space 142848K, 88% used [0x00000000c0000000,0x00000000c7adde68,0x00000000c8b80000)
 Metaspace       used 76832K, committed 78144K, reserved 1179648K
  class space    used 8099K, committed 8640K, reserved 1048576K
}
Event: 21.095 GC heap before
{Heap before GC invocations=99 (full 7):
 PSYoungGen      total 10240K, used 10232K [0x00000000eab00000, 0x00000000ebe80000, 0x0000000100000000)
  eden space 2048K, 100% used [0x00000000eab00000,0x00000000ead00000,0x00000000ead00000)
  from space 8192K, 99% used [0x00000000eb580000,0x00000000ebd7e1c8,0x00000000ebd80000)
  to   space 8704K, 0% used [0x00000000ead00000,0x00000000ead00000,0x00000000eb580000)
 ParOldGen       total 142848K, used 125815K [0x00000000c0000000, 0x00000000c8b80000, 0x00000000eab00000)
  object space 142848K, 88% used [0x00000000c0000000,0x00000000c7adde68,0x00000000c8b80000)
 Metaspace       used 76832K, committed 78144K, reserved 1179648K
  class space    used 8099K, committed 8640K, reserved 1048576K
}
Event: 21.100 GC heap after
{Heap after GC invocations=99 (full 7):
 PSYoungGen      total 10752K, used 8502K [0x00000000eab00000, 0x00000000ebe80000, 0x0000000100000000)
  eden space 2048K, 0% used [0x00000000eab00000,0x00000000eab00000,0x00000000ead00000)
  from space 8704K, 97% used [0x00000000ead00000,0x00000000eb54db60,0x00000000eb580000)
  to   space 8704K, 0% used [0x00000000eb600000,0x00000000eb600000,0x00000000ebe80000)
 ParOldGen       total 142848K, used 127512K [0x00000000c0000000, 0x00000000c8b80000, 0x00000000eab00000)
  object space 142848K, 89% used [0x00000000c0000000,0x00000000c7c862f8,0x00000000c8b80000)
 Metaspace       used 76832K, committed 78144K, reserved 1179648K
  class space    used 8099K, committed 8640K, reserved 1048576K
}
Event: 21.106 GC heap before
{Heap before GC invocations=100 (full 7):
 PSYoungGen      total 10752K, used 10550K [0x00000000eab00000, 0x00000000ebe80000, 0x0000000100000000)
  eden space 2048K, 99% used [0x00000000eab00000,0x00000000eacfffe0,0x00000000ead00000)
  from space 8704K, 97% used [0x00000000ead00000,0x00000000eb54db60,0x00000000eb580000)
  to   space 8704K, 0% used [0x00000000eb600000,0x00000000eb600000,0x00000000ebe80000)
 ParOldGen       total 142848K, used 127512K [0x00000000c0000000, 0x00000000c8b80000, 0x00000000eab00000)
  object space 142848K, 89% used [0x00000000c0000000,0x00000000c7c862f8,0x00000000c8b80000)
 Metaspace       used 76832K, committed 78144K, reserved 1179648K
  class space    used 8099K, committed 8640K, reserved 1048576K
}
Event: 21.111 GC heap after
{Heap after GC invocations=100 (full 7):
 PSYoungGen      total 8704K, used 5812K [0x00000000eab00000, 0x00000000ebc00000, 0x0000000100000000)
  eden space 2560K, 0% used [0x00000000eab00000,0x00000000eab00000,0x00000000ead80000)
  from space 6144K, 94% used [0x00000000eb600000,0x00000000ebbad050,0x00000000ebc00000)
  to   space 7168K, 0% used [0x00000000eae00000,0x00000000eae00000,0x00000000eb500000)
 ParOldGen       total 142848K, used 132203K [0x00000000c0000000, 0x00000000c8b80000, 0x00000000eab00000)
  object space 142848K, 92% used [0x00000000c0000000,0x00000000c811ad28,0x00000000c8b80000)
 Metaspace       used 76832K, committed 78144K, reserved 1179648K
  class space    used 8099K, committed 8640K, reserved 1048576K
}
Event: 21.139 GC heap before
{Heap before GC invocations=101 (full 7):
 PSYoungGen      total 8704K, used 8372K [0x00000000eab00000, 0x00000000ebc00000, 0x0000000100000000)
  eden space 2560K, 100% used [0x00000000eab00000,0x00000000ead80000,0x00000000ead80000)
  from space 6144K, 94% used [0x00000000eb600000,0x00000000ebbad050,0x00000000ebc00000)
  to   space 7168K, 0% used [0x00000000eae00000,0x00000000eae00000,0x00000000eb500000)
 ParOldGen       total 142848K, used 132203K [0x00000000c0000000, 0x00000000c8b80000, 0x00000000eab00000)
  object space 142848K, 92% used [0x00000000c0000000,0x00000000c811ad28,0x00000000c8b80000)
 Metaspace       used 76876K, committed 78144K, reserved 1179648K
  class space    used 8103K, committed 8640K, reserved 1048576K
}
Event: 21.147 GC heap after
{Heap after GC invocations=101 (full 7):
 PSYoungGen      total 6144K, used 2900K [0x00000000eab00000, 0x00000000eb700000, 0x0000000100000000)
  eden space 3072K, 0% used [0x00000000eab00000,0x00000000eab00000,0x00000000eae00000)
  from space 3072K, 94% used [0x00000000eae00000,0x00000000eb0d5200,0x00000000eb100000)
  to   space 4608K, 0% used [0x00000000eb280000,0x00000000eb280000,0x00000000eb700000)
 ParOldGen       total 142848K, used 135977K [0x00000000c0000000, 0x00000000c8b80000, 0x00000000eab00000)
  object space 142848K, 95% used [0x00000000c0000000,0x00000000c84ca778,0x00000000c8b80000)
 Metaspace       used 76876K, committed 78144K, reserved 1179648K
  class space    used 8103K, committed 8640K, reserved 1048576K
}
Event: 21.175 GC heap before
{Heap before GC invocations=102 (full 7):
 PSYoungGen      total 6144K, used 5874K [0x00000000eab00000, 0x00000000eb700000, 0x0000000100000000)
  eden space 3072K, 96% used [0x00000000eab00000,0x00000000eade7890,0x00000000eae00000)
  from space 3072K, 94% used [0x00000000eae00000,0x00000000eb0d5200,0x00000000eb100000)
  to   space 4608K, 0% used [0x00000000eb280000,0x00000000eb280000,0x00000000eb700000)
 ParOldGen       total 142848K, used 135977K [0x00000000c0000000, 0x00000000c8b80000, 0x00000000eab00000)
  object space 142848K, 95% used [0x00000000c0000000,0x00000000c84ca778,0x00000000c8b80000)
 Metaspace       used 76888K, committed 78144K, reserved 1179648K
  class space    used 8103K, committed 8640K, reserved 1048576K
}
Event: 21.178 GC heap after
{Heap after GC invocations=102 (full 7):
 PSYoungGen      total 5120K, used 775K [0x00000000eab00000, 0x00000000eb380000, 0x0000000100000000)
  eden space 4096K, 0% used [0x00000000eab00000,0x00000000eab00000,0x00000000eaf00000)
  from space 1024K, 75% used [0x00000000eb280000,0x00000000eb341dc8,0x00000000eb380000)
  to   space 2048K, 0% used [0x00000000eaf80000,0x00000000eaf80000,0x00000000eb180000)
 ParOldGen       total 142848K, used 138806K [0x00000000c0000000, 0x00000000c8b80000, 0x00000000eab00000)
  object space 142848K, 97% used [0x00000000c0000000,0x00000000c878d978,0x00000000c8b80000)
 Metaspace       used 76888K, committed 78144K, reserved 1179648K
  class space    used 8103K, committed 8640K, reserved 1048576K
}
Event: 21.198 GC heap before
{Heap before GC invocations=103 (full 7):
 PSYoungGen      total 5120K, used 4738K [0x00000000eab00000, 0x00000000eb380000, 0x0000000100000000)
  eden space 4096K, 96% used [0x00000000eab00000,0x00000000eaedea78,0x00000000eaf00000)
  from space 1024K, 75% used [0x00000000eb280000,0x00000000eb341dc8,0x00000000eb380000)
  to   space 2048K, 0% used [0x00000000eaf80000,0x00000000eaf80000,0x00000000eb180000)
 ParOldGen       total 142848K, used 138806K [0x00000000c0000000, 0x00000000c8b80000, 0x00000000eab00000)
  object space 142848K, 97% used [0x00000000c0000000,0x00000000c878d978,0x00000000c8b80000)
 Metaspace       used 76909K, committed 78208K, reserved 1179648K
  class space    used 8103K, committed 8640K, reserved 1048576K
}
Event: 21.200 GC heap after
{Heap after GC invocations=103 (full 7):
 PSYoungGen      total 6656K, used 295K [0x00000000eab00000, 0x00000000eb300000, 0x0000000100000000)
  eden space 4608K, 0% used [0x00000000eab00000,0x00000000eab00000,0x00000000eaf80000)
  from space 2048K, 14% used [0x00000000eaf80000,0x00000000eafc9dc8,0x00000000eb180000)
  to   space 1024K, 0% used [0x00000000eb200000,0x00000000eb200000,0x00000000eb300000)
 ParOldGen       total 142848K, used 139338K [0x00000000c0000000, 0x00000000c8b80000, 0x00000000eab00000)
  object space 142848K, 97% used [0x00000000c0000000,0x00000000c8812988,0x00000000c8b80000)
 Metaspace       used 76909K, committed 78208K, reserved 1179648K
  class space    used 8103K, committed 8640K, reserved 1048576K
}
Event: 21.608 GC heap before
{Heap before GC invocations=104 (full 7):
 PSYoungGen      total 6656K, used 4903K [0x00000000eab00000, 0x00000000eb300000, 0x0000000100000000)
  eden space 4608K, 100% used [0x00000000eab00000,0x00000000eaf80000,0x00000000eaf80000)
  from space 2048K, 14% used [0x00000000eaf80000,0x00000000eafc9dc8,0x00000000eb180000)
  to   space 1024K, 0% used [0x00000000eb200000,0x00000000eb200000,0x00000000eb300000)
 ParOldGen       total 142848K, used 139338K [0x00000000c0000000, 0x00000000c8b80000, 0x00000000eab00000)
  object space 142848K, 97% used [0x00000000c0000000,0x00000000c8812988,0x00000000c8b80000)
 Metaspace       used 76950K, committed 78208K, reserved 1179648K
  class space    used 8107K, committed 8640K, reserved 1048576K
}
Event: 21.609 GC heap after
{Heap after GC invocations=104 (full 7):
 PSYoungGen      total 6144K, used 192K [0x00000000eab00000, 0x00000000eb280000, 0x0000000100000000)
  eden space 5632K, 0% used [0x00000000eab00000,0x00000000eab00000,0x00000000eb080000)
  from space 512K, 37% used [0x00000000eb200000,0x00000000eb230000,0x00000000eb280000)
  to   space 512K, 0% used [0x00000000eb180000,0x00000000eb180000,0x00000000eb200000)
 ParOldGen       total 142848K, used 139346K [0x00000000c0000000, 0x00000000c8b80000, 0x00000000eab00000)
  object space 142848K, 97% used [0x00000000c0000000,0x00000000c8814988,0x00000000c8b80000)
 Metaspace       used 76950K, committed 78208K, reserved 1179648K
  class space    used 8107K, committed 8640K, reserved 1048576K
}
Event: 21.679 GC heap before
{Heap before GC invocations=105 (full 7):
 PSYoungGen      total 6144K, used 5824K [0x00000000eab00000, 0x00000000eb280000, 0x0000000100000000)
  eden space 5632K, 100% used [0x00000000eab00000,0x00000000eb080000,0x00000000eb080000)
  from space 512K, 37% used [0x00000000eb200000,0x00000000eb230000,0x00000000eb280000)
  to   space 512K, 0% used [0x00000000eb180000,0x00000000eb180000,0x00000000eb200000)
 ParOldGen       total 142848K, used 139346K [0x00000000c0000000, 0x00000000c8b80000, 0x00000000eab00000)
  object space 142848K, 97% used [0x00000000c0000000,0x00000000c8814988,0x00000000c8b80000)
 Metaspace       used 77100K, committed 78464K, reserved 1179648K
  class space    used 8129K, committed 8704K, reserved 1048576K
}
Event: 21.681 GC heap after
{Heap after GC invocations=105 (full 7):
 PSYoungGen      total 7168K, used 493K [0x00000000eab00000, 0x00000000eb880000, 0x0000000100000000)
  eden space 6656K, 0% used [0x00000000eab00000,0x00000000eab00000,0x00000000eb180000)
  from space 512K, 96% used [0x00000000eb180000,0x00000000eb1fb5a0,0x00000000eb200000)
  to   space 3584K, 0% used [0x00000000eb500000,0x00000000eb500000,0x00000000eb880000)
 ParOldGen       total 142848K, used 141676K [0x00000000c0000000, 0x00000000c8b80000, 0x00000000eab00000)
  object space 142848K, 99% used [0x00000000c0000000,0x00000000c8a5b288,0x00000000c8b80000)
 Metaspace       used 77100K, committed 78464K, reserved 1179648K
  class space    used 8129K, committed 8704K, reserved 1048576K
}
Event: 21.681 GC heap before
{Heap before GC invocations=106 (full 8):
 PSYoungGen      total 7168K, used 493K [0x00000000eab00000, 0x00000000eb880000, 0x0000000100000000)
  eden space 6656K, 0% used [0x00000000eab00000,0x00000000eab00000,0x00000000eb180000)
  from space 512K, 96% used [0x00000000eb180000,0x00000000eb1fb5a0,0x00000000eb200000)
  to   space 3584K, 0% used [0x00000000eb500000,0x00000000eb500000,0x00000000eb880000)
 ParOldGen       total 142848K, used 141676K [0x00000000c0000000, 0x00000000c8b80000, 0x00000000eab00000)
  object space 142848K, 99% used [0x00000000c0000000,0x00000000c8a5b288,0x00000000c8b80000)
 Metaspace       used 77100K, committed 78464K, reserved 1179648K
  class space    used 8129K, committed 8704K, reserved 1048576K
}

Dll operation events (10 events):
Event: 0.013 Loaded shared library c:\Users\vijay\.vscode\extensions\redhat.java-1.25.1-win32-x64\jre\17.0.9-win32-x86_64\bin\java.dll
Event: 0.331 Loaded shared library c:\Users\vijay\.vscode\extensions\redhat.java-1.25.1-win32-x64\jre\17.0.9-win32-x86_64\bin\zip.dll
Event: 0.339 Loaded shared library C:\Users\vijay\.vscode\extensions\redhat.java-1.25.1-win32-x64\jre\17.0.9-win32-x86_64\bin\instrument.dll
Event: 0.373 Loaded shared library C:\Users\vijay\.vscode\extensions\redhat.java-1.25.1-win32-x64\jre\17.0.9-win32-x86_64\bin\net.dll
Event: 0.378 Loaded shared library C:\Users\vijay\.vscode\extensions\redhat.java-1.25.1-win32-x64\jre\17.0.9-win32-x86_64\bin\nio.dll
Event: 0.401 Loaded shared library C:\Users\vijay\.vscode\extensions\redhat.java-1.25.1-win32-x64\jre\17.0.9-win32-x86_64\bin\zip.dll
Event: 0.435 Loaded shared library C:\Users\vijay\.vscode\extensions\redhat.java-1.25.1-win32-x64\jre\17.0.9-win32-x86_64\bin\jimage.dll
Event: 0.627 Loaded shared library c:\Users\vijay\.vscode\extensions\redhat.java-1.25.1-win32-x64\jre\17.0.9-win32-x86_64\bin\verify.dll
Event: 2.311 Loaded shared library C:\Users\vijay\AppData\Roaming\Code\User\globalStorage\redhat.java\1.25.1\config_win\org.eclipse.equinox.launcher\org.eclipse.equinox.launcher.win32.win32.x86_64_1.2.800.v20231003-1442\eclipse_11802.dll
Event: 5.355 Loaded shared library C:\Users\vijay\AppData\Local\Temp\jna-112208527\jna11422271581030897832.dll

Deoptimization events (20 events):
Event: 21.196 Thread 0x000001a451c7a0d0 DEOPT PACKING pc=0x000001a438b3e6be sp=0x0000004c3edfe690
Event: 21.196 Thread 0x000001a451c7a0d0 DEOPT UNPACKING pc=0x000001a43ec26e43 sp=0x0000004c3edfdc18 mode 0
Event: 21.197 Thread 0x000001a451c79bc0 DEOPT PACKING pc=0x000001a438b3e6be sp=0x0000004c3ebfe490
Event: 21.197 Thread 0x000001a451c79bc0 DEOPT UNPACKING pc=0x000001a43ec26e43 sp=0x0000004c3ebfda18 mode 0
Event: 21.197 Thread 0x000001a451c7a0d0 DEOPT PACKING pc=0x000001a438b3e6be sp=0x0000004c3edfe690
Event: 21.197 Thread 0x000001a451c7a0d0 DEOPT UNPACKING pc=0x000001a43ec26e43 sp=0x0000004c3edfdc18 mode 0
Event: 21.197 Thread 0x000001a451c79bc0 DEOPT PACKING pc=0x000001a438b3e6be sp=0x0000004c3ebfe490
Event: 21.197 Thread 0x000001a451c79bc0 DEOPT UNPACKING pc=0x000001a43ec26e43 sp=0x0000004c3ebfda18 mode 0
Event: 21.198 Thread 0x000001a451c7a0d0 DEOPT PACKING pc=0x000001a438b3e6be sp=0x0000004c3edfe690
Event: 21.198 Thread 0x000001a451c7a0d0 DEOPT UNPACKING pc=0x000001a43ec26e43 sp=0x0000004c3edfdc18 mode 0
Event: 21.211 Thread 0x000001a451c7ce60 DEOPT PACKING pc=0x000001a438b3e6be sp=0x0000004c3ecfe450
Event: 21.211 Thread 0x000001a451c7ce60 DEOPT UNPACKING pc=0x000001a43ec26e43 sp=0x0000004c3ecfd9d8 mode 0
Event: 21.582 Thread 0x000001a451c7c440 Uncommon trap: trap_request=0xffffff45 fr.pc=0x000001a43f1a8d6c relative=0x00000000000004ac
Event: 21.582 Thread 0x000001a451c7c440 Uncommon trap: reason=unstable_if action=reinterpret pc=0x000001a43f1a8d6c method=java.util.HashMap$HashIterator.<init>(Ljava/util/HashMap;)V @ 45 c2
Event: 21.582 Thread 0x000001a451c7c440 DEOPT PACKING pc=0x000001a43f1a8d6c sp=0x0000004c3e7fed90
Event: 21.582 Thread 0x000001a451c7c440 DEOPT UNPACKING pc=0x000001a43ec266a3 sp=0x0000004c3e7fec00 mode 2
Event: 21.670 Thread 0x000001a451c7ce60 Uncommon trap: trap_request=0xffffff45 fr.pc=0x000001a43f4106d0 relative=0x0000000000000f10
Event: 21.670 Thread 0x000001a451c7ce60 Uncommon trap: reason=unstable_if action=reinterpret pc=0x000001a43f4106d0 method=org.eclipse.jdt.internal.core.index.DiskIndex.addQueryResults([[C[CILorg/eclipse/jdt/internal/core/index/MemoryIndex;)Lorg/eclipse/jdt/internal/compiler/util/HashtableOfObje
Event: 21.670 Thread 0x000001a451c7ce60 DEOPT PACKING pc=0x000001a43f4106d0 sp=0x0000004c3ecfd740
Event: 21.670 Thread 0x000001a451c7ce60 DEOPT UNPACKING pc=0x000001a43ec266a3 sp=0x0000004c3ecfd700 mode 2

Classes unloaded (13 events):
Event: 3.809 Thread 0x000001a4332fecd0 Unloading class 0x000000010024c000 'java/lang/invoke/LambdaForm$MH+0x000000010024c000'
Event: 3.809 Thread 0x000001a4332fecd0 Unloading class 0x000000010024bc00 'java/lang/invoke/LambdaForm$MH+0x000000010024bc00'
Event: 3.809 Thread 0x000001a4332fecd0 Unloading class 0x000000010024b800 'java/lang/invoke/LambdaForm$MH+0x000000010024b800'
Event: 3.809 Thread 0x000001a4332fecd0 Unloading class 0x000000010024b400 'java/lang/invoke/LambdaForm$MH+0x000000010024b400'
Event: 3.809 Thread 0x000001a4332fecd0 Unloading class 0x000000010024b000 'java/lang/invoke/LambdaForm$BMH+0x000000010024b000'
Event: 3.809 Thread 0x000001a4332fecd0 Unloading class 0x000000010024ac00 'java/lang/invoke/LambdaForm$DMH+0x000000010024ac00'
Event: 3.809 Thread 0x000001a4332fecd0 Unloading class 0x0000000100248000 'java/lang/invoke/LambdaForm$DMH+0x0000000100248000'
Event: 16.929 Thread 0x000001a4332fecd0 Unloading class 0x0000000100839400 'java/lang/invoke/LambdaForm$MH+0x0000000100839400'
Event: 16.929 Thread 0x000001a4332fecd0 Unloading class 0x0000000100839000 'java/lang/invoke/LambdaForm$MH+0x0000000100839000'
Event: 16.929 Thread 0x000001a4332fecd0 Unloading class 0x0000000100838c00 'java/lang/invoke/LambdaForm$MH+0x0000000100838c00'
Event: 16.929 Thread 0x000001a4332fecd0 Unloading class 0x0000000100838400 'java/lang/invoke/LambdaForm$DMH+0x0000000100838400'
Event: 16.929 Thread 0x000001a4332fecd0 Unloading class 0x0000000100838000 'java/lang/invoke/LambdaForm$DMH+0x0000000100838000'
Event: 16.929 Thread 0x000001a4332fecd0 Unloading class 0x0000000100831800 'java/lang/invoke/LambdaForm$DMH+0x0000000100831800'

Classes redefined (0 events):
No events

Internal exceptions (20 events):
Event: 16.880 Thread 0x000001a451c76920 Exception <a 'java/lang/NoSuchMethodError'{0x00000000eb002778}: 'java.lang.Object java.lang.invoke.Invokers$Holder.linkToTargetMethod(java.lang.Object, java.lang.Object, java.lang.Object, java.lang.Object, java.lang.Object, java.lang.Object, java.lang.Object)'> (0x00000000eb002778) 
thrown [s\src\hotspot\share\interpreter\linkResolver.cpp, line 759]
Event: 16.880 Thread 0x000001a44fd7df00 Exception <a 'java/lang/NoSuchMethodError'{0x00000000eb009498}: 'java.lang.Object java.lang.invoke.Invokers$Holder.linkToTargetMethod(java.lang.Object, java.lang.Object, java.lang.Object, java.lang.Object, java.lang.Object, java.lang.Object, java.lang.Object)'> (0x00000000eb009498) 
thrown [s\src\hotspot\share\interpreter\linkResolver.cpp, line 759]
Event: 17.053 Thread 0x000001a451c7d370 Exception <a 'java/lang/ArrayIndexOutOfBoundsException'{0x00000000eac0fd50}: Index 2643 out of bounds for length 2643> (0x00000000eac0fd50) 
thrown [s\src\hotspot\share\interpreter\interpreterRuntime.cpp, line 428]
Event: 17.060 Thread 0x000001a451c77850 Exception <a 'java/lang/ArrayIndexOutOfBoundsException'{0x00000000eae61b30}> (0x00000000eae61b30) 
thrown [s\src\hotspot\share\runtime\sharedRuntime.cpp, line 631]
Event: 17.395 Thread 0x000001a451c78c90 Implicit null exception at 0x000001a43f491ea9 to 0x000001a43f492364
Event: 17.645 Thread 0x000001a451c78c90 Exception <a 'java/lang/NoSuchMethodError'{0x00000000eab9eef8}: 'java.lang.Object java.lang.invoke.DirectMethodHandle$Holder.newInvokeSpecial(java.lang.Object, java.lang.Object, int, java.lang.Object, java.lang.Object)'> (0x00000000eab9eef8) 
thrown [s\src\hotspot\share\interpreter\linkResolver.cpp, line 759]
Event: 17.662 Thread 0x000001a451c78c90 Exception <a 'java/lang/NoSuchMethodError'{0x00000000eabe43d8}: 'java.lang.Object java.lang.invoke.DirectMethodHandle$Holder.invokeStatic(java.lang.Object, int, java.lang.Object, java.lang.Object)'> (0x00000000eabe43d8) 
thrown [s\src\hotspot\share\interpreter\linkResolver.cpp, line 759]
Event: 17.662 Thread 0x000001a451c78c90 Exception <a 'java/lang/NoSuchMethodError'{0x00000000eabe86e8}: 'java.lang.Object java.lang.invoke.DelegatingMethodHandle$Holder.delegate(java.lang.Object, int, java.lang.Object, java.lang.Object)'> (0x00000000eabe86e8) 
thrown [s\src\hotspot\share\interpreter\linkResolver.cpp, line 759]
Event: 17.665 Thread 0x000001a451c78c90 Exception <a 'java/lang/NoSuchMethodError'{0x00000000eabfdfa0}: 'int java.lang.invoke.Invokers$Holder.linkToTargetMethod(java.lang.Object, java.lang.Object, java.lang.Object)'> (0x00000000eabfdfa0) 
thrown [s\src\hotspot\share\interpreter\linkResolver.cpp, line 759]
Event: 17.725 Thread 0x000001a451c78c90 Exception <a 'java/lang/NoSuchMethodError'{0x00000000eadeee10}: 'java.lang.Object java.lang.invoke.DirectMethodHandle$Holder.invokeStatic(java.lang.Object, java.lang.Object, int, java.lang.Object, java.lang.Object)'> (0x00000000eadeee10) 
thrown [s\src\hotspot\share\interpreter\linkResolver.cpp, line 759]
Event: 17.755 Thread 0x000001a451c78c90 Exception <a 'java/lang/NoSuchMethodError'{0x00000000eae61480}: 'void java.lang.invoke.DirectMethodHandle$Holder.invokeStatic(java.lang.Object, int)'> (0x00000000eae61480) 
thrown [s\src\hotspot\share\interpreter\linkResolver.cpp, line 759]
Event: 17.885 Thread 0x000001a451c78c90 Exception <a 'java/io/FileNotFoundException'{0x00000000eb472b68}> (0x00000000eb472b68) 
thrown [s\src\hotspot\share\prims\jni.cpp, line 516]
Event: 17.886 Thread 0x000001a451c78c90 Exception <a 'java/io/FileNotFoundException'{0x00000000eb473ea0}> (0x00000000eb473ea0) 
thrown [s\src\hotspot\share\prims\jni.cpp, line 516]
Event: 18.074 Thread 0x000001a44fd7e920 Exception <a 'sun/nio/fs/WindowsException'{0x00000000eb2f3a70}> (0x00000000eb2f3a70) 
thrown [s\src\hotspot\share\prims\jni.cpp, line 516]
Event: 18.154 Thread 0x000001a451c78c90 Exception <a 'java/lang/NoSuchMethodError'{0x00000000eaf697d0}: 'java.lang.Object java.lang.invoke.DirectMethodHandle$Holder.invokeVirtual(java.lang.Object, java.lang.Object, java.lang.Object)'> (0x00000000eaf697d0) 
thrown [s\src\hotspot\share\interpreter\linkResolver.cpp, line 759]
Event: 18.394 Thread 0x000001a44fd7e920 Exception <a 'sun/nio/fs/WindowsException'{0x00000000eaead898}> (0x00000000eaead898) 
thrown [s\src\hotspot\share\prims\jni.cpp, line 516]
Event: 18.575 Thread 0x000001a451c78270 Exception <a 'java/io/FileNotFoundException'{0x00000000eb1c3418}> (0x00000000eb1c3418) 
thrown [s\src\hotspot\share\prims\jni.cpp, line 516]
Event: 18.624 Thread 0x000001a451c78270 Exception <a 'java/lang/NoSuchMethodError'{0x00000000eb516358}: 'void java.lang.invoke.DirectMethodHandle$Holder.invokeSpecial(java.lang.Object, java.lang.Object, java.lang.Object, java.lang.Object, java.lang.Object)'> (0x00000000eb516358) 
thrown [s\src\hotspot\share\interpreter\linkResolver.cpp, line 759]
Event: 19.976 Thread 0x000001a44fd7e920 Exception <a 'sun/nio/fs/WindowsException'{0x00000000eaf2e2c8}> (0x00000000eaf2e2c8) 
thrown [s\src\hotspot\share\prims\jni.cpp, line 516]
Event: 20.294 Thread 0x000001a44fd7e920 Exception <a 'sun/nio/fs/WindowsException'{0x00000000eae904e8}> (0x00000000eae904e8) 
thrown [s\src\hotspot\share\prims\jni.cpp, line 516]

VM Operations (20 events):
Event: 21.013 Executing VM operation: ParallelGCFailedAllocation done
Event: 21.032 Executing VM operation: ParallelGCFailedAllocation
Event: 21.040 Executing VM operation: ParallelGCFailedAllocation done
Event: 21.081 Executing VM operation: ParallelGCFailedAllocation
Event: 21.086 Executing VM operation: ParallelGCFailedAllocation done
Event: 21.088 Executing VM operation: ParallelGCFailedAllocation
Event: 21.092 Executing VM operation: ParallelGCFailedAllocation done
Event: 21.095 Executing VM operation: ParallelGCFailedAllocation
Event: 21.100 Executing VM operation: ParallelGCFailedAllocation done
Event: 21.106 Executing VM operation: ParallelGCFailedAllocation
Event: 21.111 Executing VM operation: ParallelGCFailedAllocation done
Event: 21.139 Executing VM operation: ParallelGCFailedAllocation
Event: 21.147 Executing VM operation: ParallelGCFailedAllocation done
Event: 21.175 Executing VM operation: ParallelGCFailedAllocation
Event: 21.179 Executing VM operation: ParallelGCFailedAllocation done
Event: 21.198 Executing VM operation: ParallelGCFailedAllocation
Event: 21.200 Executing VM operation: ParallelGCFailedAllocation done
Event: 21.608 Executing VM operation: ParallelGCFailedAllocation
Event: 21.609 Executing VM operation: ParallelGCFailedAllocation done
Event: 21.679 Executing VM operation: ParallelGCFailedAllocation

Events (20 events):
Event: 19.349 Thread 0x000001a44e2ecdf0 flushing nmethod 0x000001a438a2e490
Event: 19.349 Thread 0x000001a44e2ecdf0 flushing nmethod 0x000001a438a2e890
Event: 19.349 Thread 0x000001a44e2ecdf0 flushing nmethod 0x000001a438a2f510
Event: 19.349 Thread 0x000001a44e2ecdf0 flushing nmethod 0x000001a438a2fb10
Event: 19.349 Thread 0x000001a44e2ecdf0 flushing nmethod 0x000001a438a2fe90
Event: 19.349 Thread 0x000001a44e2ecdf0 flushing nmethod 0x000001a438a45010
Event: 19.349 Thread 0x000001a44e2ecdf0 flushing nmethod 0x000001a438a45b90
Event: 19.349 Thread 0x000001a44e2ecdf0 flushing nmethod 0x000001a438a51b10
Event: 19.349 Thread 0x000001a44e2ecdf0 flushing nmethod 0x000001a438a7f010
Event: 19.349 Thread 0x000001a44e2ecdf0 flushing nmethod 0x000001a438a8b610
Event: 19.349 Thread 0x000001a44e2ecdf0 flushing nmethod 0x000001a438a90a10
Event: 19.350 Thread 0x000001a44e2ecdf0 flushing nmethod 0x000001a438b10990
Event: 19.350 Thread 0x000001a44e2ecdf0 flushing nmethod 0x000001a438b28390
Event: 19.350 Thread 0x000001a44e2ecdf0 flushing nmethod 0x000001a438b29e10
Event: 19.857 Thread 0x000001a451c7bf30 Thread added: 0x000001a451c7bf30
Event: 19.903 Thread 0x000001a451c7bf30 Thread exited: 0x000001a451c7bf30
Event: 20.082 loading class java/util/stream/ReduceOps$1
Event: 20.082 loading class java/util/stream/ReduceOps$1 done
Event: 20.082 loading class java/util/stream/ReduceOps$1ReducingSink
Event: 20.082 loading class java/util/stream/ReduceOps$1ReducingSink done


Dynamic libraries:
0x00007ff7ea230000 - 0x00007ff7ea23e000 	c:\Users\vijay\.vscode\extensions\redhat.java-1.25.1-win32-x64\jre\17.0.9-win32-x86_64\bin\java.exe
0x00007ffbd8bb0000 - 0x00007ffbd8da8000 	C:\Windows\SYSTEM32\ntdll.dll
0x00007ffbd8830000 - 0x00007ffbd88ed000 	C:\Windows\System32\KERNEL32.DLL
0x00007ffbd62c0000 - 0x00007ffbd65b6000 	C:\Windows\System32\KERNELBASE.dll
0x00007ffbd6650000 - 0x00007ffbd6750000 	C:\Windows\System32\ucrtbase.dll
0x00007ffbd1800000 - 0x00007ffbd1817000 	c:\Users\vijay\.vscode\extensions\redhat.java-1.25.1-win32-x64\jre\17.0.9-win32-x86_64\bin\jli.dll
0x00007ffbd88f0000 - 0x00007ffbd8a8e000 	C:\Windows\System32\USER32.dll
0x00007ffbd6a30000 - 0x00007ffbd6a52000 	C:\Windows\System32\win32u.dll
0x00007ffbd5890000 - 0x00007ffbd58ab000 	c:\Users\vijay\.vscode\extensions\redhat.java-1.25.1-win32-x64\jre\17.0.9-win32-x86_64\bin\VCRUNTIME140.dll
0x00007ffbd7170000 - 0x00007ffbd719c000 	C:\Windows\System32\GDI32.dll
0x00007ffbd6750000 - 0x00007ffbd686a000 	C:\Windows\System32\gdi32full.dll
0x00007ffbc3070000 - 0x00007ffbc330a000 	C:\Windows\WinSxS\amd64_microsoft.windows.common-controls_6595b64144ccf1df_6.0.19041.3636_none_60b6a03d71f818d5\COMCTL32.dll
0x00007ffbd6990000 - 0x00007ffbd6a2d000 	C:\Windows\System32\msvcp_win.dll
0x00007ffbd8790000 - 0x00007ffbd882e000 	C:\Windows\System32\msvcrt.dll
0x00007ffbd6c10000 - 0x00007ffbd6c40000 	C:\Windows\System32\IMM32.DLL
0x00007ffbd58c0000 - 0x00007ffbd58cc000 	c:\Users\vijay\.vscode\extensions\redhat.java-1.25.1-win32-x64\jre\17.0.9-win32-x86_64\bin\vcruntime140_1.dll
0x00007ffbc8e90000 - 0x00007ffbc8f1d000 	c:\Users\vijay\.vscode\extensions\redhat.java-1.25.1-win32-x64\jre\17.0.9-win32-x86_64\bin\msvcp140.dll
0x00007ffb871d0000 - 0x00007ffb87e31000 	c:\Users\vijay\.vscode\extensions\redhat.java-1.25.1-win32-x64\jre\17.0.9-win32-x86_64\bin\server\jvm.dll
0x00007ffbd80a0000 - 0x00007ffbd814f000 	C:\Windows\System32\ADVAPI32.dll
0x00007ffbd71a0000 - 0x00007ffbd723c000 	C:\Windows\System32\sechost.dll
0x00007ffbd8150000 - 0x00007ffbd8276000 	C:\Windows\System32\RPCRT4.dll
0x00007ffbd5e90000 - 0x00007ffbd5edb000 	C:\Windows\SYSTEM32\POWRPROF.dll
0x00007ffbb9030000 - 0x00007ffbb9039000 	C:\Windows\SYSTEM32\WSOCK32.dll
0x00007ffbd3dd0000 - 0x00007ffbd3df7000 	C:\Windows\SYSTEM32\WINMM.dll
0x00007ffbd8280000 - 0x00007ffbd82eb000 	C:\Windows\System32\WS2_32.dll
0x00007ffbd2fc0000 - 0x00007ffbd2fca000 	C:\Windows\SYSTEM32\VERSION.dll
0x00007ffbd5910000 - 0x00007ffbd5922000 	C:\Windows\SYSTEM32\UMPDC.dll
0x00007ffbd3350000 - 0x00007ffbd3362000 	C:\Windows\SYSTEM32\kernel.appcore.dll
0x00007ffbd57d0000 - 0x00007ffbd57da000 	c:\Users\vijay\.vscode\extensions\redhat.java-1.25.1-win32-x64\jre\17.0.9-win32-x86_64\bin\jimage.dll
0x00007ffbd5ca0000 - 0x00007ffbd5e84000 	C:\Windows\SYSTEM32\DBGHELP.DLL
0x00007ffbd5a40000 - 0x00007ffbd5a74000 	C:\Windows\SYSTEM32\dbgcore.DLL
0x00007ffbd65c0000 - 0x00007ffbd6642000 	C:\Windows\System32\bcryptPrimitives.dll
0x00007ffbd4250000 - 0x00007ffbd425e000 	c:\Users\vijay\.vscode\extensions\redhat.java-1.25.1-win32-x64\jre\17.0.9-win32-x86_64\bin\instrument.dll
0x00007ffbcd660000 - 0x00007ffbcd685000 	c:\Users\vijay\.vscode\extensions\redhat.java-1.25.1-win32-x64\jre\17.0.9-win32-x86_64\bin\java.dll
0x00007ffbce9b0000 - 0x00007ffbce9c8000 	c:\Users\vijay\.vscode\extensions\redhat.java-1.25.1-win32-x64\jre\17.0.9-win32-x86_64\bin\zip.dll
0x00007ffbd7450000 - 0x00007ffbd7b95000 	C:\Windows\System32\SHELL32.dll
0x00007ffbd3550000 - 0x00007ffbd3ceb000 	C:\Windows\SYSTEM32\windows.storage.dll
0x00007ffbd82f0000 - 0x00007ffbd8644000 	C:\Windows\System32\combase.dll
0x00007ffbd55d0000 - 0x00007ffbd55fd000 	C:\Windows\SYSTEM32\Wldp.dll
0x00007ffbd6fa0000 - 0x00007ffbd704d000 	C:\Windows\System32\SHCORE.dll
0x00007ffbd8650000 - 0x00007ffbd86a5000 	C:\Windows\System32\shlwapi.dll
0x00007ffbd61c0000 - 0x00007ffbd61e5000 	C:\Windows\SYSTEM32\profapi.dll
0x00007ffbcd720000 - 0x00007ffbcd739000 	C:\Users\vijay\.vscode\extensions\redhat.java-1.25.1-win32-x64\jre\17.0.9-win32-x86_64\bin\net.dll
0x00007ffbcc6f0000 - 0x00007ffbcc7fa000 	C:\Windows\SYSTEM32\WINHTTP.dll
0x00007ffbd54d0000 - 0x00007ffbd553a000 	C:\Windows\system32\mswsock.dll
0x00007ffbcb850000 - 0x00007ffbcb866000 	C:\Users\vijay\.vscode\extensions\redhat.java-1.25.1-win32-x64\jre\17.0.9-win32-x86_64\bin\nio.dll
0x00007ffbd3d30000 - 0x00007ffbd3d40000 	c:\Users\vijay\.vscode\extensions\redhat.java-1.25.1-win32-x64\jre\17.0.9-win32-x86_64\bin\verify.dll
0x00007ffbcb810000 - 0x00007ffbcb84e000 	C:\Users\vijay\AppData\Roaming\Code\User\globalStorage\redhat.java\1.25.1\config_win\org.eclipse.equinox.launcher\org.eclipse.equinox.launcher.win32.win32.x86_64_1.2.800.v20231003-1442\eclipse_11802.dll
0x00007ffbd7310000 - 0x00007ffbd743b000 	C:\Windows\System32\ole32.dll
0x00007ffbd6000000 - 0x00007ffbd6018000 	C:\Windows\SYSTEM32\CRYPTSP.dll
0x00007ffbd4cc0000 - 0x00007ffbd4cf4000 	C:\Windows\system32\rsaenh.dll
0x00007ffbd6290000 - 0x00007ffbd62b7000 	C:\Windows\System32\bcrypt.dll
0x00007ffbd6180000 - 0x00007ffbd61ae000 	C:\Windows\SYSTEM32\USERENV.dll
0x00007ffbd55c0000 - 0x00007ffbd55cc000 	C:\Windows\SYSTEM32\CRYPTBASE.dll
0x00007ffbd5020000 - 0x00007ffbd505b000 	C:\Windows\SYSTEM32\IPHLPAPI.DLL
0x00007ffbd6cb0000 - 0x00007ffbd6cb8000 	C:\Windows\System32\NSI.dll
0x00007ffbcb490000 - 0x00007ffbcb4a7000 	C:\Windows\SYSTEM32\dhcpcsvc6.DLL
0x00007ffbce030000 - 0x00007ffbce04d000 	C:\Windows\SYSTEM32\dhcpcsvc.DLL
0x00007ffbd5060000 - 0x00007ffbd512a000 	C:\Windows\SYSTEM32\DNSAPI.dll
0x00007ffbc8cf0000 - 0x00007ffbc8d35000 	C:\Users\vijay\AppData\Local\Temp\jna-112208527\jna11422271581030897832.dll
0x00007ffbd7440000 - 0x00007ffbd7448000 	C:\Windows\System32\PSAPI.DLL

dbghelp: loaded successfully - version: 4.0.5 - missing functions: none
symbol engine: initialized successfully - sym options: 0x614 - pdb path: .;c:\Users\vijay\.vscode\extensions\redhat.java-1.25.1-win32-x64\jre\17.0.9-win32-x86_64\bin;C:\Windows\SYSTEM32;C:\Windows\WinSxS\amd64_microsoft.windows.common-controls_6595b64144ccf1df_6.0.19041.3636_none_60b6a03d71f818d5;c:\Users\vijay\.vscode\extensions\redhat.java-1.25.1-win32-x64\jre\17.0.9-win32-x86_64\bin\server;C:\Users\vijay\AppData\Roaming\Code\User\globalStorage\redhat.java\1.25.1\config_win\org.eclipse.equinox.launcher\org.eclipse.equinox.launcher.win32.win32.x86_64_1.2.800.v20231003-1442;C:\Users\vijay\AppData\Local\Temp\jna-112208527

VM Arguments:
jvm_args: --add-modules=ALL-SYSTEM --add-opens=java.base/java.util=ALL-UNNAMED --add-opens=java.base/java.lang=ALL-UNNAMED --add-opens=java.base/sun.nio.fs=ALL-UNNAMED -Declipse.application=org.eclipse.jdt.ls.core.id1 -Dosgi.bundles.defaultStartLevel=4 -Declipse.product=org.eclipse.jdt.ls.core.product -Djava.import.generatesMetadataFilesAtProjectRoot=false -DDetectVMInstallationsJob.disabled=true -Dfile.encoding=utf8 -XX:+UseParallelGC -XX:GCTimeRatio=4 -XX:AdaptiveSizePolicyWeight=90 -Dsun.zip.disableMemoryMapping=true -Xmx1G -Xms100m -Xlog:disable -javaagent:c:\Users\vijay\.vscode\extensions\redhat.java-1.25.1-win32-x64\lombok\lombok-1.18.30.jar -XX:+HeapDumpOnOutOfMemoryError -XX:HeapDumpPath=c:\Users\vijay\AppData\Roaming\Code\User\workspaceStorage\76c1107fe8591dd7646c0e0b73a37fb0\redhat.java -Daether.dependencyCollector.impl=bf 
java_command: c:\Users\vijay\.vscode\extensions\redhat.java-1.25.1-win32-x64\server\plugins\org.eclipse.equinox.launcher_1.6.600.v20231106-1826.jar -configuration c:\Users\vijay\AppData\Roaming\Code\User\globalStorage\redhat.java\1.25.1\config_win -data c:\Users\vijay\AppData\Roaming\Code\User\workspaceStorage\76c1107fe8591dd7646c0e0b73a37fb0\redhat.java\jdt_ws --stdio
java_class_path (initial): c:\Users\vijay\.vscode\extensions\redhat.java-1.25.1-win32-x64\server\plugins\org.eclipse.equinox.launcher_1.6.600.v20231106-1826.jar
Launcher Type: SUN_STANDARD

[Global flags]
    uintx AdaptiveSizePolicyWeight                 = 90                                        {product} {command line}
     intx CICompilerCount                          = 4                                         {product} {ergonomic}
    uintx GCTimeRatio                              = 4                                         {product} {command line}
     bool HeapDumpOnOutOfMemoryError               = true                                   {manageable} {command line}
    ccstr HeapDumpPath                             = c:\Users\vijay\AppData\Roaming\Code\User\workspaceStorage\76c1107fe8591dd7646c0e0b73a37fb0\redhat.java         {manageable} {command line}
   size_t InitialHeapSize                          = 104857600                                 {product} {command line}
   size_t MaxHeapSize                              = 1073741824                                {product} {command line}
   size_t MaxNewSize                               = 357564416                                 {product} {ergonomic}
   size_t MinHeapDeltaBytes                        = 524288                                    {product} {ergonomic}
   size_t MinHeapSize                              = 104857600                                 {product} {command line}
   size_t NewSize                                  = 34603008                                  {product} {ergonomic}
    uintx NonNMethodCodeHeapSize                   = 5839372                                {pd product} {ergonomic}
    uintx NonProfiledCodeHeapSize                  = 122909434                              {pd product} {ergonomic}
   size_t OldSize                                  = 70254592                                  {product} {ergonomic}
    uintx ProfiledCodeHeapSize                     = 122909434                              {pd product} {ergonomic}
    uintx ReservedCodeCacheSize                    = 251658240                              {pd product} {ergonomic}
     bool SegmentedCodeCache                       = true                                      {product} {ergonomic}
   size_t SoftMaxHeapSize                          = 1073741824                             {manageable} {ergonomic}
     bool UseCompressedClassPointers               = true                           {product lp64_product} {ergonomic}
     bool UseCompressedOops                        = true                           {product lp64_product} {ergonomic}
     bool UseLargePagesIndividualAllocation        = false                                  {pd product} {ergonomic}
     bool UseParallelGC                            = true                                      {product} {command line}

Logging:
Log output configuration:
 #0: stdout all=off uptime,level,tags
 #1: stderr all=off uptime,level,tags

Environment Variables:
JAVA_HOME=C:\Program Files\Java\jdk1.8.0_202\bin
PATH=C:\Program Files\Common Files\Oracle\Java\javapath;C:\Program Files (x86)\Common Files\Oracle\Java\javapath;C:\Windows\system32;C:\Windows;C:\Windows\System32\Wbem;C:\Windows\System32\WindowsPowerShell\v1.0\;C:\Windows\System32\OpenSSH\;C:\Program Files\Intel\WiFi\bin\;C:\Program Files\Common Files\Intel\WirelessCommon\;C:\Program Files\Git\cmd;C:\Program Files\nodejs\;C:\Program Files\Java\jdk1.8.0_202\bin;C:\Program Files\MySQL\mysql-connector-j-8.1.0;C:\Program Files\Java\jdk-21;C:\Program Files\MySQL\MySQL Shell 8.0\bin\;C:\Users\vijay\AppData\Local\Microsoft\WindowsApps;C:\Users\vijay\AppData\Local\Programs\Microsoft VS Code\bin;C:\Users\vijay\AppData\Roaming\npm;C:\Program Files\Java\jdk1.8.0_202\bin;C:\Program Files\Java\jdk-21;
USERNAME=vijay
OS=Windows_NT
PROCESSOR_IDENTIFIER=Intel64 Family 6 Model 142 Stepping 10, GenuineIntel
TMP=C:\Users\vijay\AppData\Local\Temp
TEMP=C:\Users\vijay\AppData\Local\Temp



Periodic native trim disabled


---------------  S Y S T E M  ---------------

OS:
 Windows 10 , 64 bit Build 19041 (10.0.19041.3636)
OS uptime: 3 days 5:40 hours

CPU: total 8 (initial active 8) (4 cores per cpu, 2 threads per core) family 6 model 142 stepping 10 microcode 0xf0, cx8, cmov, fxsr, ht, mmx, 3dnowpref, sse, sse2, sse3, ssse3, sse4.1, sse4.2, popcnt, lzcnt, tsc, tscinvbit, avx, avx2, aes, erms, clmul, bmi1, bmi2, adx, fma, vzeroupper, clflush, clflushopt
Processor Information for all 8 processors :
  Max Mhz: 1800, Current Mhz: 1600, Mhz Limit: 1584

Memory: 4k page, system-wide physical 16238M (8353M free)
TotalPageFile size 18670M (AvailPageFile size 9311M)
current process WorkingSet (physical memory assigned to process): 389M, peak: 423M
current process commit charge ("private bytes"): 429M, peak: 468M

vm_info: OpenJDK 64-Bit Server VM (17.0.9+9) for windows-amd64 JRE (17.0.9+9), built on Oct 26 2023 14:01:42 by "admin" with MS VC++ 16.10 / 16.11 (VS2019)

END.
